[DEBUG] 2023-02-10 13:55:15.317 [http-nio-8080-exec-3] IntegratorServiceImpl - Adding Integrator [org.hibernate.cfg.beanvalidation.BeanValidationIntegrator].
[DEBUG] 2023-02-10 13:55:15.340 [http-nio-8080-exec-3] IntegratorServiceImpl - Adding Integrator [org.hibernate.secure.spi.JaccIntegrator].
[DEBUG] 2023-02-10 13:55:15.356 [http-nio-8080-exec-3] IntegratorServiceImpl - Adding Integrator [org.hibernate.cache.internal.CollectionCacheInvalidator].
[INFO ] 2023-02-10 13:55:15.599 [http-nio-8080-exec-3] Version - HHH000412: Hibernate Core {5.4.4.Final}
[DEBUG] 2023-02-10 13:55:15.617 [http-nio-8080-exec-3] Environment - HHH000206: hibernate.properties not found
[DEBUG] 2023-02-10 13:55:15.943 [http-nio-8080-exec-3] JaxbCfgProcessor - cfg.xml document did not define namespaces; wrapping in custom event reader to introduce namespace information
[DEBUG] 2023-02-10 13:55:16.529 [http-nio-8080-exec-3] ServiceBinding - Overriding existing service binding [org.hibernate.secure.spi.JaccService]
[DEBUG] 2023-02-10 13:55:16.581 [http-nio-8080-exec-3] RegionFactoryInitiator - Cannot default RegionFactory based on registered strategies as `[]` RegionFactory strategies were registered
[DEBUG] 2023-02-10 13:55:16.582 [http-nio-8080-exec-3] RegionFactoryInitiator - Cache region factory : org.hibernate.cache.internal.NoCachingRegionFactory
[INFO ] 2023-02-10 13:55:16.629 [http-nio-8080-exec-3] Version - HCANN000001: Hibernate Commons Annotations {5.1.0.Final}
[DEBUG] 2023-02-10 13:55:16.715 [http-nio-8080-exec-3] BasicTypeRegistry - Adding type registration boolean -> org.hibernate.type.BooleanType@1a6b0129
[DEBUG] 2023-02-10 13:55:16.716 [http-nio-8080-exec-3] BasicTypeRegistry - Adding type registration boolean -> org.hibernate.type.BooleanType@1a6b0129
[DEBUG] 2023-02-10 13:55:16.725 [http-nio-8080-exec-3] BasicTypeRegistry - Adding type registration java.lang.Boolean -> org.hibernate.type.BooleanType@1a6b0129
[DEBUG] 2023-02-10 13:55:16.726 [http-nio-8080-exec-3] BasicTypeRegistry - Adding type registration numeric_boolean -> org.hibernate.type.NumericBooleanType@46892450
[DEBUG] 2023-02-10 13:55:16.727 [http-nio-8080-exec-3] BasicTypeRegistry - Adding type registration true_false -> org.hibernate.type.TrueFalseType@729f0ac5
[DEBUG] 2023-02-10 13:55:16.727 [http-nio-8080-exec-3] BasicTypeRegistry - Adding type registration yes_no -> org.hibernate.type.YesNoType@31fc7436
[DEBUG] 2023-02-10 13:55:16.728 [http-nio-8080-exec-3] BasicTypeRegistry - Adding type registration byte -> org.hibernate.type.ByteType@ac3fa94
[DEBUG] 2023-02-10 13:55:16.728 [http-nio-8080-exec-3] BasicTypeRegistry - Adding type registration byte -> org.hibernate.type.ByteType@ac3fa94
[DEBUG] 2023-02-10 13:55:16.728 [http-nio-8080-exec-3] BasicTypeRegistry - Adding type registration java.lang.Byte -> org.hibernate.type.ByteType@ac3fa94
[DEBUG] 2023-02-10 13:55:16.729 [http-nio-8080-exec-3] BasicTypeRegistry - Adding type registration character -> org.hibernate.type.CharacterType@22947eec
[DEBUG] 2023-02-10 13:55:16.730 [http-nio-8080-exec-3] BasicTypeRegistry - Adding type registration char -> org.hibernate.type.CharacterType@22947eec
[DEBUG] 2023-02-10 13:55:16.730 [http-nio-8080-exec-3] BasicTypeRegistry - Adding type registration java.lang.Character -> org.hibernate.type.CharacterType@22947eec
[DEBUG] 2023-02-10 13:55:16.731 [http-nio-8080-exec-3] BasicTypeRegistry - Adding type registration short -> org.hibernate.type.ShortType@1a5e8499
[DEBUG] 2023-02-10 13:55:16.737 [http-nio-8080-exec-3] BasicTypeRegistry - Adding type registration short -> org.hibernate.type.ShortType@1a5e8499
[DEBUG] 2023-02-10 13:55:16.738 [http-nio-8080-exec-3] BasicTypeRegistry - Adding type registration java.lang.Short -> org.hibernate.type.ShortType@1a5e8499
[DEBUG] 2023-02-10 13:55:16.739 [http-nio-8080-exec-3] BasicTypeRegistry - Adding type registration integer -> org.hibernate.type.IntegerType@5855c197
[DEBUG] 2023-02-10 13:55:16.739 [http-nio-8080-exec-3] BasicTypeRegistry - Adding type registration int -> org.hibernate.type.IntegerType@5855c197
[DEBUG] 2023-02-10 13:55:16.740 [http-nio-8080-exec-3] BasicTypeRegistry - Adding type registration java.lang.Integer -> org.hibernate.type.IntegerType@5855c197
[DEBUG] 2023-02-10 13:55:16.745 [http-nio-8080-exec-3] BasicTypeRegistry - Adding type registration long -> org.hibernate.type.LongType@73b9dd36
[DEBUG] 2023-02-10 13:55:16.745 [http-nio-8080-exec-3] BasicTypeRegistry - Adding type registration long -> org.hibernate.type.LongType@73b9dd36
[DEBUG] 2023-02-10 13:55:16.754 [http-nio-8080-exec-3] BasicTypeRegistry - Adding type registration java.lang.Long -> org.hibernate.type.LongType@73b9dd36
[DEBUG] 2023-02-10 13:55:16.756 [http-nio-8080-exec-3] BasicTypeRegistry - Adding type registration float -> org.hibernate.type.FloatType@33bc03eb
[DEBUG] 2023-02-10 13:55:16.757 [http-nio-8080-exec-3] BasicTypeRegistry - Adding type registration float -> org.hibernate.type.FloatType@33bc03eb
[DEBUG] 2023-02-10 13:55:16.757 [http-nio-8080-exec-3] BasicTypeRegistry - Adding type registration java.lang.Float -> org.hibernate.type.FloatType@33bc03eb
[DEBUG] 2023-02-10 13:55:16.758 [http-nio-8080-exec-3] BasicTypeRegistry - Adding type registration double -> org.hibernate.type.DoubleType@1f034fba
[DEBUG] 2023-02-10 13:55:16.758 [http-nio-8080-exec-3] BasicTypeRegistry - Adding type registration double -> org.hibernate.type.DoubleType@1f034fba
[DEBUG] 2023-02-10 13:55:16.758 [http-nio-8080-exec-3] BasicTypeRegistry - Adding type registration java.lang.Double -> org.hibernate.type.DoubleType@1f034fba
[DEBUG] 2023-02-10 13:55:16.760 [http-nio-8080-exec-3] BasicTypeRegistry - Adding type registration big_decimal -> org.hibernate.type.BigDecimalType@45e6280b
[DEBUG] 2023-02-10 13:55:16.760 [http-nio-8080-exec-3] BasicTypeRegistry - Adding type registration java.math.BigDecimal -> org.hibernate.type.BigDecimalType@45e6280b
[DEBUG] 2023-02-10 13:55:16.761 [http-nio-8080-exec-3] BasicTypeRegistry - Adding type registration big_integer -> org.hibernate.type.BigIntegerType@43def757
[DEBUG] 2023-02-10 13:55:16.761 [http-nio-8080-exec-3] BasicTypeRegistry - Adding type registration java.math.BigInteger -> org.hibernate.type.BigIntegerType@43def757
[DEBUG] 2023-02-10 13:55:16.762 [http-nio-8080-exec-3] BasicTypeRegistry - Adding type registration string -> org.hibernate.type.StringType@196233e3
[DEBUG] 2023-02-10 13:55:16.762 [http-nio-8080-exec-3] BasicTypeRegistry - Adding type registration java.lang.String -> org.hibernate.type.StringType@196233e3
[DEBUG] 2023-02-10 13:55:16.762 [http-nio-8080-exec-3] BasicTypeRegistry - Adding type registration nstring -> org.hibernate.type.StringNVarcharType@3a415bb3
[DEBUG] 2023-02-10 13:55:16.763 [http-nio-8080-exec-3] BasicTypeRegistry - Adding type registration ncharacter -> org.hibernate.type.CharacterNCharType@1100c267
[DEBUG] 2023-02-10 13:55:16.764 [http-nio-8080-exec-3] BasicTypeRegistry - Adding type registration url -> org.hibernate.type.UrlType@3e3614f4
[DEBUG] 2023-02-10 13:55:16.764 [http-nio-8080-exec-3] BasicTypeRegistry - Adding type registration java.net.URL -> org.hibernate.type.UrlType@3e3614f4
[DEBUG] 2023-02-10 13:55:16.764 [http-nio-8080-exec-3] BasicTypeRegistry - Adding type registration Duration -> org.hibernate.type.DurationType@1f17a11d
[DEBUG] 2023-02-10 13:55:16.765 [http-nio-8080-exec-3] BasicTypeRegistry - Adding type registration java.time.Duration -> org.hibernate.type.DurationType@1f17a11d
[DEBUG] 2023-02-10 13:55:16.799 [http-nio-8080-exec-3] BasicTypeRegistry - Adding type registration Instant -> org.hibernate.type.InstantType@6d270c9a
[DEBUG] 2023-02-10 13:55:16.799 [http-nio-8080-exec-3] BasicTypeRegistry - Adding type registration java.time.Instant -> org.hibernate.type.InstantType@6d270c9a
[DEBUG] 2023-02-10 13:55:16.801 [http-nio-8080-exec-3] BasicTypeRegistry - Adding type registration LocalDateTime -> org.hibernate.type.LocalDateTimeType@399e48ee
[DEBUG] 2023-02-10 13:55:16.801 [http-nio-8080-exec-3] BasicTypeRegistry - Adding type registration java.time.LocalDateTime -> org.hibernate.type.LocalDateTimeType@399e48ee
[DEBUG] 2023-02-10 13:55:16.802 [http-nio-8080-exec-3] BasicTypeRegistry - Adding type registration LocalDate -> org.hibernate.type.LocalDateType@4f95f4b1
[DEBUG] 2023-02-10 13:55:16.803 [http-nio-8080-exec-3] BasicTypeRegistry - Adding type registration java.time.LocalDate -> org.hibernate.type.LocalDateType@4f95f4b1
[DEBUG] 2023-02-10 13:55:16.804 [http-nio-8080-exec-3] BasicTypeRegistry - Adding type registration LocalTime -> org.hibernate.type.LocalTimeType@6e38be
[DEBUG] 2023-02-10 13:55:16.804 [http-nio-8080-exec-3] BasicTypeRegistry - Adding type registration java.time.LocalTime -> org.hibernate.type.LocalTimeType@6e38be
[DEBUG] 2023-02-10 13:55:16.806 [http-nio-8080-exec-3] BasicTypeRegistry - Adding type registration OffsetDateTime -> org.hibernate.type.OffsetDateTimeType@5f48208
[DEBUG] 2023-02-10 13:55:16.806 [http-nio-8080-exec-3] BasicTypeRegistry - Adding type registration java.time.OffsetDateTime -> org.hibernate.type.OffsetDateTimeType@5f48208
[DEBUG] 2023-02-10 13:55:16.807 [http-nio-8080-exec-3] BasicTypeRegistry - Adding type registration OffsetTime -> org.hibernate.type.OffsetTimeType@446ac1a7
[DEBUG] 2023-02-10 13:55:16.807 [http-nio-8080-exec-3] BasicTypeRegistry - Adding type registration java.time.OffsetTime -> org.hibernate.type.OffsetTimeType@446ac1a7
[DEBUG] 2023-02-10 13:55:16.809 [http-nio-8080-exec-3] BasicTypeRegistry - Adding type registration ZonedDateTime -> org.hibernate.type.ZonedDateTimeType@7bf3497
[DEBUG] 2023-02-10 13:55:16.809 [http-nio-8080-exec-3] BasicTypeRegistry - Adding type registration java.time.ZonedDateTime -> org.hibernate.type.ZonedDateTimeType@7bf3497
[DEBUG] 2023-02-10 13:55:16.821 [http-nio-8080-exec-3] BasicTypeRegistry - Adding type registration date -> org.hibernate.type.DateType@123af963
[DEBUG] 2023-02-10 13:55:16.821 [http-nio-8080-exec-3] BasicTypeRegistry - Adding type registration java.sql.Date -> org.hibernate.type.DateType@123af963
[DEBUG] 2023-02-10 13:55:16.822 [http-nio-8080-exec-3] BasicTypeRegistry - Adding type registration time -> org.hibernate.type.TimeType@1c858bcc
[DEBUG] 2023-02-10 13:55:16.822 [http-nio-8080-exec-3] BasicTypeRegistry - Adding type registration java.sql.Time -> org.hibernate.type.TimeType@1c858bcc
[DEBUG] 2023-02-10 13:55:16.823 [http-nio-8080-exec-3] BasicTypeRegistry - Adding type registration timestamp -> org.hibernate.type.TimestampType@bcfe8fc
[DEBUG] 2023-02-10 13:55:16.823 [http-nio-8080-exec-3] BasicTypeRegistry - Adding type registration java.sql.Timestamp -> org.hibernate.type.TimestampType@bcfe8fc
[DEBUG] 2023-02-10 13:55:16.823 [http-nio-8080-exec-3] BasicTypeRegistry - Adding type registration java.util.Date -> org.hibernate.type.TimestampType@bcfe8fc
[DEBUG] 2023-02-10 13:55:16.826 [http-nio-8080-exec-3] BasicTypeRegistry - Adding type registration dbtimestamp -> org.hibernate.type.DbTimestampType@3ce23e62
[DEBUG] 2023-02-10 13:55:16.827 [http-nio-8080-exec-3] BasicTypeRegistry - Adding type registration calendar -> org.hibernate.type.CalendarType@45d03a96
[DEBUG] 2023-02-10 13:55:16.827 [http-nio-8080-exec-3] BasicTypeRegistry - Adding type registration java.util.Calendar -> org.hibernate.type.CalendarType@45d03a96
[DEBUG] 2023-02-10 13:55:16.827 [http-nio-8080-exec-3] BasicTypeRegistry - Adding type registration java.util.GregorianCalendar -> org.hibernate.type.CalendarType@45d03a96
[DEBUG] 2023-02-10 13:55:16.827 [http-nio-8080-exec-3] BasicTypeRegistry - Adding type registration calendar_date -> org.hibernate.type.CalendarDateType@44a2e4df
[DEBUG] 2023-02-10 13:55:16.828 [http-nio-8080-exec-3] BasicTypeRegistry - Adding type registration locale -> org.hibernate.type.LocaleType@ea549b3
[DEBUG] 2023-02-10 13:55:16.828 [http-nio-8080-exec-3] BasicTypeRegistry - Adding type registration java.util.Locale -> org.hibernate.type.LocaleType@ea549b3
[DEBUG] 2023-02-10 13:55:16.830 [http-nio-8080-exec-3] BasicTypeRegistry - Adding type registration currency -> org.hibernate.type.CurrencyType@74778f56
[DEBUG] 2023-02-10 13:55:16.830 [http-nio-8080-exec-3] BasicTypeRegistry - Adding type registration java.util.Currency -> org.hibernate.type.CurrencyType@74778f56
[DEBUG] 2023-02-10 13:55:16.831 [http-nio-8080-exec-3] BasicTypeRegistry - Adding type registration timezone -> org.hibernate.type.TimeZoneType@834aca
[DEBUG] 2023-02-10 13:55:16.831 [http-nio-8080-exec-3] BasicTypeRegistry - Adding type registration java.util.TimeZone -> org.hibernate.type.TimeZoneType@834aca
[DEBUG] 2023-02-10 13:55:16.832 [http-nio-8080-exec-3] BasicTypeRegistry - Adding type registration class -> org.hibernate.type.ClassType@4daa5652
[DEBUG] 2023-02-10 13:55:16.832 [http-nio-8080-exec-3] BasicTypeRegistry - Adding type registration java.lang.Class -> org.hibernate.type.ClassType@4daa5652
[DEBUG] 2023-02-10 13:55:16.834 [http-nio-8080-exec-3] BasicTypeRegistry - Adding type registration uuid-binary -> org.hibernate.type.UUIDBinaryType@45407af5
[DEBUG] 2023-02-10 13:55:16.835 [http-nio-8080-exec-3] BasicTypeRegistry - Adding type registration java.util.UUID -> org.hibernate.type.UUIDBinaryType@45407af5
[DEBUG] 2023-02-10 13:55:16.835 [http-nio-8080-exec-3] BasicTypeRegistry - Adding type registration uuid-char -> org.hibernate.type.UUIDCharType@2e0287b0
[DEBUG] 2023-02-10 13:55:16.836 [http-nio-8080-exec-3] BasicTypeRegistry - Adding type registration binary -> org.hibernate.type.BinaryType@147f33b5
[DEBUG] 2023-02-10 13:55:16.836 [http-nio-8080-exec-3] BasicTypeRegistry - Adding type registration byte[] -> org.hibernate.type.BinaryType@147f33b5
[DEBUG] 2023-02-10 13:55:16.836 [http-nio-8080-exec-3] BasicTypeRegistry - Adding type registration [B -> org.hibernate.type.BinaryType@147f33b5
[DEBUG] 2023-02-10 13:55:16.837 [http-nio-8080-exec-3] BasicTypeRegistry - Adding type registration wrapper-binary -> org.hibernate.type.WrapperBinaryType@74a56eae
[DEBUG] 2023-02-10 13:55:16.837 [http-nio-8080-exec-3] BasicTypeRegistry - Adding type registration Byte[] -> org.hibernate.type.WrapperBinaryType@74a56eae
[DEBUG] 2023-02-10 13:55:16.837 [http-nio-8080-exec-3] BasicTypeRegistry - Adding type registration [Ljava.lang.Byte; -> org.hibernate.type.WrapperBinaryType@74a56eae
[DEBUG] 2023-02-10 13:55:16.838 [http-nio-8080-exec-3] BasicTypeRegistry - Adding type registration row_version -> org.hibernate.type.RowVersionType@66cc8da3
[DEBUG] 2023-02-10 13:55:16.838 [http-nio-8080-exec-3] BasicTypeRegistry - Adding type registration image -> org.hibernate.type.ImageType@4291b80
[DEBUG] 2023-02-10 13:55:16.841 [http-nio-8080-exec-3] BasicTypeRegistry - Adding type registration characters -> org.hibernate.type.CharArrayType@109eb8b4
[DEBUG] 2023-02-10 13:55:16.842 [http-nio-8080-exec-3] BasicTypeRegistry - Adding type registration char[] -> org.hibernate.type.CharArrayType@109eb8b4
[DEBUG] 2023-02-10 13:55:16.842 [http-nio-8080-exec-3] BasicTypeRegistry - Adding type registration [C -> org.hibernate.type.CharArrayType@109eb8b4
[DEBUG] 2023-02-10 13:55:16.842 [http-nio-8080-exec-3] BasicTypeRegistry - Adding type registration wrapper-characters -> org.hibernate.type.CharacterArrayType@38fb1e9c
[DEBUG] 2023-02-10 13:55:16.842 [http-nio-8080-exec-3] BasicTypeRegistry - Adding type registration [Ljava.lang.Character; -> org.hibernate.type.CharacterArrayType@38fb1e9c
[DEBUG] 2023-02-10 13:55:16.845 [http-nio-8080-exec-3] BasicTypeRegistry - Adding type registration Character[] -> org.hibernate.type.CharacterArrayType@38fb1e9c
[DEBUG] 2023-02-10 13:55:16.846 [http-nio-8080-exec-3] BasicTypeRegistry - Adding type registration text -> org.hibernate.type.TextType@47d33106
[DEBUG] 2023-02-10 13:55:16.846 [http-nio-8080-exec-3] BasicTypeRegistry - Adding type registration ntext -> org.hibernate.type.NTextType@43cd7a1d
[DEBUG] 2023-02-10 13:55:16.847 [http-nio-8080-exec-3] BasicTypeRegistry - Adding type registration blob -> org.hibernate.type.BlobType@71b50c13
[DEBUG] 2023-02-10 13:55:16.847 [http-nio-8080-exec-3] BasicTypeRegistry - Adding type registration java.sql.Blob -> org.hibernate.type.BlobType@71b50c13
[DEBUG] 2023-02-10 13:55:16.848 [http-nio-8080-exec-3] BasicTypeRegistry - Adding type registration materialized_blob -> org.hibernate.type.MaterializedBlobType@5088828c
[DEBUG] 2023-02-10 13:55:16.861 [http-nio-8080-exec-3] BasicTypeRegistry - Adding type registration clob -> org.hibernate.type.ClobType@1cc73012
[DEBUG] 2023-02-10 13:55:16.861 [http-nio-8080-exec-3] BasicTypeRegistry - Adding type registration java.sql.Clob -> org.hibernate.type.ClobType@1cc73012
[DEBUG] 2023-02-10 13:55:16.864 [http-nio-8080-exec-3] BasicTypeRegistry - Adding type registration nclob -> org.hibernate.type.NClobType@38b2c620
[DEBUG] 2023-02-10 13:55:16.864 [http-nio-8080-exec-3] BasicTypeRegistry - Adding type registration java.sql.NClob -> org.hibernate.type.NClobType@38b2c620
[DEBUG] 2023-02-10 13:55:16.864 [http-nio-8080-exec-3] BasicTypeRegistry - Adding type registration materialized_clob -> org.hibernate.type.MaterializedClobType@9832386
[DEBUG] 2023-02-10 13:55:16.864 [http-nio-8080-exec-3] BasicTypeRegistry - Adding type registration materialized_nclob -> org.hibernate.type.MaterializedNClobType@3507bb2c
[DEBUG] 2023-02-10 13:55:16.866 [http-nio-8080-exec-3] BasicTypeRegistry - Adding type registration serializable -> org.hibernate.type.SerializableType@36e00f0b
[DEBUG] 2023-02-10 13:55:16.868 [http-nio-8080-exec-3] BasicTypeRegistry - Adding type registration object -> org.hibernate.type.ObjectType@5504bc1c
[DEBUG] 2023-02-10 13:55:16.869 [http-nio-8080-exec-3] BasicTypeRegistry - Adding type registration java.lang.Object -> org.hibernate.type.ObjectType@5504bc1c
[DEBUG] 2023-02-10 13:55:16.870 [http-nio-8080-exec-3] BasicTypeRegistry - Adding type registration imm_date -> org.hibernate.type.AdaptedImmutableType@40d608f9
[DEBUG] 2023-02-10 13:55:16.870 [http-nio-8080-exec-3] BasicTypeRegistry - Adding type registration imm_time -> org.hibernate.type.AdaptedImmutableType@5a712bfb
[DEBUG] 2023-02-10 13:55:16.870 [http-nio-8080-exec-3] BasicTypeRegistry - Adding type registration imm_timestamp -> org.hibernate.type.AdaptedImmutableType@234e39c2
[DEBUG] 2023-02-10 13:55:16.870 [http-nio-8080-exec-3] BasicTypeRegistry - Adding type registration imm_dbtimestamp -> org.hibernate.type.AdaptedImmutableType@69ce424
[DEBUG] 2023-02-10 13:55:16.870 [http-nio-8080-exec-3] BasicTypeRegistry - Adding type registration imm_calendar -> org.hibernate.type.AdaptedImmutableType@76fda5ce
[DEBUG] 2023-02-10 13:55:16.872 [http-nio-8080-exec-3] BasicTypeRegistry - Adding type registration imm_calendar_date -> org.hibernate.type.AdaptedImmutableType@25807619
[DEBUG] 2023-02-10 13:55:16.873 [http-nio-8080-exec-3] BasicTypeRegistry - Adding type registration imm_binary -> org.hibernate.type.AdaptedImmutableType@77d2db42
[DEBUG] 2023-02-10 13:55:16.873 [http-nio-8080-exec-3] BasicTypeRegistry - Adding type registration imm_serializable -> org.hibernate.type.AdaptedImmutableType@160ebc58
[DEBUG] 2023-02-10 13:55:16.950 [http-nio-8080-exec-3] DefaultIdentifierGeneratorFactory - Registering IdentifierGenerator strategy [uuid2] -> [org.hibernate.id.UUIDGenerator]
[DEBUG] 2023-02-10 13:55:16.951 [http-nio-8080-exec-3] DefaultIdentifierGeneratorFactory - Registering IdentifierGenerator strategy [guid] -> [org.hibernate.id.GUIDGenerator]
[DEBUG] 2023-02-10 13:55:16.952 [http-nio-8080-exec-3] DefaultIdentifierGeneratorFactory - Registering IdentifierGenerator strategy [uuid] -> [org.hibernate.id.UUIDHexGenerator]
[DEBUG] 2023-02-10 13:55:16.952 [http-nio-8080-exec-3] DefaultIdentifierGeneratorFactory - Registering IdentifierGenerator strategy [uuid.hex] -> [org.hibernate.id.UUIDHexGenerator]
[DEBUG] 2023-02-10 13:55:16.952 [http-nio-8080-exec-3] DefaultIdentifierGeneratorFactory - Registering IdentifierGenerator strategy [assigned] -> [org.hibernate.id.Assigned]
[DEBUG] 2023-02-10 13:55:16.955 [http-nio-8080-exec-3] DefaultIdentifierGeneratorFactory - Registering IdentifierGenerator strategy [identity] -> [org.hibernate.id.IdentityGenerator]
[DEBUG] 2023-02-10 13:55:16.957 [http-nio-8080-exec-3] DefaultIdentifierGeneratorFactory - Registering IdentifierGenerator strategy [select] -> [org.hibernate.id.SelectGenerator]
[DEBUG] 2023-02-10 13:55:16.959 [http-nio-8080-exec-3] DefaultIdentifierGeneratorFactory - Registering IdentifierGenerator strategy [sequence] -> [org.hibernate.id.enhanced.SequenceStyleGenerator]
[DEBUG] 2023-02-10 13:55:16.960 [http-nio-8080-exec-3] DefaultIdentifierGeneratorFactory - Registering IdentifierGenerator strategy [seqhilo] -> [org.hibernate.id.SequenceHiLoGenerator]
[DEBUG] 2023-02-10 13:55:16.960 [http-nio-8080-exec-3] DefaultIdentifierGeneratorFactory - Registering IdentifierGenerator strategy [increment] -> [org.hibernate.id.IncrementGenerator]
[DEBUG] 2023-02-10 13:55:16.960 [http-nio-8080-exec-3] DefaultIdentifierGeneratorFactory - Registering IdentifierGenerator strategy [foreign] -> [org.hibernate.id.ForeignGenerator]
[DEBUG] 2023-02-10 13:55:16.961 [http-nio-8080-exec-3] DefaultIdentifierGeneratorFactory - Registering IdentifierGenerator strategy [sequence-identity] -> [org.hibernate.id.SequenceIdentityGenerator]
[DEBUG] 2023-02-10 13:55:16.961 [http-nio-8080-exec-3] DefaultIdentifierGeneratorFactory - Registering IdentifierGenerator strategy [enhanced-sequence] -> [org.hibernate.id.enhanced.SequenceStyleGenerator]
[DEBUG] 2023-02-10 13:55:16.962 [http-nio-8080-exec-3] DefaultIdentifierGeneratorFactory - Registering IdentifierGenerator strategy [enhanced-table] -> [org.hibernate.id.enhanced.TableGenerator]
[INFO ] 2023-02-10 13:55:16.976 [http-nio-8080-exec-3] C3P0ConnectionProvider - HHH010002: C3P0 using driver: com.mysql.cj.jdbc.Driver at URL: jdbc:mysql://localhost:3306/sample
[INFO ] 2023-02-10 13:55:16.976 [http-nio-8080-exec-3] C3P0ConnectionProvider - HHH10001001: Connection properties: {password=****, user=root}
[INFO ] 2023-02-10 13:55:16.976 [http-nio-8080-exec-3] C3P0ConnectionProvider - HHH10001003: Autocommit mode: false
[INFO ] 2023-02-10 13:55:17.306 [http-nio-8080-exec-3] C3P0ConnectionProvider - HHH10001007: JDBC isolation level: <unknown>
[DEBUG] 2023-02-10 13:55:18.456 [http-nio-8080-exec-3] JdbcEnvironmentInitiator - Database ->
       name : MySQL
    version : 8.0.22
      major : 8
      minor : 0
[DEBUG] 2023-02-10 13:55:18.457 [http-nio-8080-exec-3] JdbcEnvironmentInitiator - Driver ->
       name : MySQL Connector/J
    version : mysql-connector-java-8.0.16 (Revision: 34cbc6bc61f72836e26327537a432d6db7c77de6)
      major : 8
      minor : 0
[DEBUG] 2023-02-10 13:55:18.457 [http-nio-8080-exec-3] JdbcEnvironmentInitiator - JDBC version : 4.2
[INFO ] 2023-02-10 13:55:18.533 [http-nio-8080-exec-3] Dialect - HHH000400: Using dialect: org.hibernate.dialect.MySQL8Dialect
[DEBUG] 2023-02-10 13:55:18.579 [http-nio-8080-exec-3] IdentifierHelperBuilder - JDBC driver metadata reported database stores quoted identifiers in more than one case
[DEBUG] 2023-02-10 13:55:18.649 [http-nio-8080-exec-3] IdentifierHelperBuilder - IdentifierCaseStrategy for both quoted and unquoted identifiers was set to the same strategy [MIXED]; that will likely lead to problems in schema update and validation if using quoted identifiers
[DEBUG] 2023-02-10 13:55:18.726 [http-nio-8080-exec-3] Namespace - Created database namespace [logicalName=Name{catalog=null, schema=null}, physicalName=Name{catalog=null, schema=null}]
[DEBUG] 2023-02-10 13:55:18.738 [http-nio-8080-exec-3] TypeConfiguration$Scope - Scoping TypeConfiguration [org.hibernate.type.spi.TypeConfiguration@5290d257] to MetadataBuildingContext [org.hibernate.boot.internal.MetadataBuildingContextRootImpl@35c8812d]
[DEBUG] 2023-02-10 13:55:18.846 [http-nio-8080-exec-3] AnnotationMetadataSourceProcessorImpl - Encountered a non-categorized annotated class [questie.entity.Quest]; ignoring
[DEBUG] 2023-02-10 13:55:18.892 [http-nio-8080-exec-3] AnnotationBinder - Binding entity from annotated class: questie.entity.User
[DEBUG] 2023-02-10 13:55:18.953 [http-nio-8080-exec-3] Ejb3Column - Binding column: Ejb3DiscriminatorColumn{logicalColumnName'DTYPE', discriminatorTypeName='string'}
[DEBUG] 2023-02-10 13:55:18.959 [http-nio-8080-exec-3] EntityBinder - Import with entity name User
[DEBUG] 2023-02-10 13:55:18.962 [http-nio-8080-exec-3] EntityBinder - Bind entity questie.entity.User on table User
[DEBUG] 2023-02-10 13:55:19.050 [http-nio-8080-exec-3] Ejb3Column - Binding column: Ejb3Column{table=org.hibernate.mapping.Table(User), mappingColumn=id, insertable=true, updatable=true, unique=false}
[DEBUG] 2023-02-10 13:55:19.053 [http-nio-8080-exec-3] PropertyBinder - MetadataSourceProcessor property id with lazy=false
[DEBUG] 2023-02-10 13:55:19.059 [http-nio-8080-exec-3] AbstractPropertyHolder - Attempting to locate auto-apply AttributeConverter for property [questie.entity.User:id]
[DEBUG] 2023-02-10 13:55:19.080 [http-nio-8080-exec-3] SimpleValueBinder - building SimpleValue for id
[DEBUG] 2023-02-10 13:55:19.083 [http-nio-8080-exec-3] PropertyBinder - Building property id
[DEBUG] 2023-02-10 13:55:19.086 [http-nio-8080-exec-3] BinderHelper - #makeIdGenerator(org.hibernate.mapping.SimpleValue([org.hibernate.mapping.Column(id)]), id, org.hibernate.id.enhanced.SequenceStyleGenerator, native, ...)
[DEBUG] 2023-02-10 13:55:19.087 [http-nio-8080-exec-3] Ejb3Column - Binding column: Ejb3Column{table=org.hibernate.mapping.Table(User), mappingColumn=first_name, insertable=true, updatable=true, unique=false}
[DEBUG] 2023-02-10 13:55:19.087 [http-nio-8080-exec-3] PropertyBinder - MetadataSourceProcessor property firstName with lazy=false
[DEBUG] 2023-02-10 13:55:19.097 [http-nio-8080-exec-3] AbstractPropertyHolder - Attempting to locate auto-apply AttributeConverter for property [questie.entity.User:firstName]
[DEBUG] 2023-02-10 13:55:19.098 [http-nio-8080-exec-3] SimpleValueBinder - building SimpleValue for firstName
[DEBUG] 2023-02-10 13:55:19.098 [http-nio-8080-exec-3] PropertyBinder - Building property firstName
[DEBUG] 2023-02-10 13:55:19.098 [http-nio-8080-exec-3] Ejb3Column - Binding column: Ejb3Column{table=org.hibernate.mapping.Table(User), mappingColumn=gamertag, insertable=true, updatable=true, unique=false}
[DEBUG] 2023-02-10 13:55:19.099 [http-nio-8080-exec-3] PropertyBinder - MetadataSourceProcessor property gamertag with lazy=false
[DEBUG] 2023-02-10 13:55:19.099 [http-nio-8080-exec-3] AbstractPropertyHolder - Attempting to locate auto-apply AttributeConverter for property [questie.entity.User:gamertag]
[DEBUG] 2023-02-10 13:55:19.099 [http-nio-8080-exec-3] SimpleValueBinder - building SimpleValue for gamertag
[DEBUG] 2023-02-10 13:55:19.099 [http-nio-8080-exec-3] PropertyBinder - Building property gamertag
[DEBUG] 2023-02-10 13:55:19.100 [http-nio-8080-exec-3] Ejb3Column - Binding column: Ejb3Column{table=org.hibernate.mapping.Table(User), mappingColumn=last_name, insertable=true, updatable=true, unique=false}
[DEBUG] 2023-02-10 13:55:19.100 [http-nio-8080-exec-3] PropertyBinder - MetadataSourceProcessor property lastName with lazy=false
[DEBUG] 2023-02-10 13:55:19.102 [http-nio-8080-exec-3] AbstractPropertyHolder - Attempting to locate auto-apply AttributeConverter for property [questie.entity.User:lastName]
[DEBUG] 2023-02-10 13:55:19.102 [http-nio-8080-exec-3] SimpleValueBinder - building SimpleValue for lastName
[DEBUG] 2023-02-10 13:55:19.102 [http-nio-8080-exec-3] PropertyBinder - Building property lastName
[DEBUG] 2023-02-10 13:55:19.109 [http-nio-8080-exec-3] SimpleValueBinder - Starting fillSimpleValue for id
[DEBUG] 2023-02-10 13:55:19.115 [http-nio-8080-exec-3] SimpleValueBinder - Starting fillSimpleValue for firstName
[DEBUG] 2023-02-10 13:55:19.115 [http-nio-8080-exec-3] SimpleValueBinder - Starting fillSimpleValue for gamertag
[DEBUG] 2023-02-10 13:55:19.115 [http-nio-8080-exec-3] SimpleValueBinder - Starting fillSimpleValue for lastName
[DEBUG] 2023-02-10 13:55:19.116 [http-nio-8080-exec-3] PrimaryKey - Forcing column [id] to be non-null as it is part of the primary key for table [user]
[DEBUG] 2023-02-10 13:55:19.191 [http-nio-8080-exec-3] SessionFactoryImpl - Building session factory
[DEBUG] 2023-02-10 13:55:19.193 [http-nio-8080-exec-3] Settings - SessionFactory name : null
[DEBUG] 2023-02-10 13:55:19.194 [http-nio-8080-exec-3] Settings - Automatic flush during beforeCompletion(): enabled
[DEBUG] 2023-02-10 13:55:19.194 [http-nio-8080-exec-3] Settings - Automatic session close at end of transaction: disabled
[DEBUG] 2023-02-10 13:55:19.194 [http-nio-8080-exec-3] Settings - Statistics: disabled
[DEBUG] 2023-02-10 13:55:19.194 [http-nio-8080-exec-3] Settings - Deleted entity synthetic identifier rollback: disabled
[DEBUG] 2023-02-10 13:55:19.194 [http-nio-8080-exec-3] Settings - Default entity-mode: pojo
[DEBUG] 2023-02-10 13:55:19.194 [http-nio-8080-exec-3] Settings - Check Nullability in Core (should be disabled when Bean Validation is on): enabled
[DEBUG] 2023-02-10 13:55:19.194 [http-nio-8080-exec-3] Settings - Allow initialization of lazy state outside session : disabled
[DEBUG] 2023-02-10 13:55:19.194 [http-nio-8080-exec-3] Settings - Using BatchFetchStyle : LEGACY
[DEBUG] 2023-02-10 13:55:19.194 [http-nio-8080-exec-3] Settings - Default batch fetch size: -1
[DEBUG] 2023-02-10 13:55:19.194 [http-nio-8080-exec-3] Settings - Maximum outer join fetch depth: 2
[DEBUG] 2023-02-10 13:55:19.194 [http-nio-8080-exec-3] Settings - Default null ordering: NONE
[DEBUG] 2023-02-10 13:55:19.194 [http-nio-8080-exec-3] Settings - Order SQL updates by primary key: disabled
[DEBUG] 2023-02-10 13:55:19.194 [http-nio-8080-exec-3] Settings - Order SQL inserts for batching: disabled
[DEBUG] 2023-02-10 13:55:19.194 [http-nio-8080-exec-3] Settings - multi-tenancy strategy : NONE
[DEBUG] 2023-02-10 13:55:19.194 [http-nio-8080-exec-3] Settings - JTA Track by Thread: enabled
[DEBUG] 2023-02-10 13:55:19.194 [http-nio-8080-exec-3] Settings - Query language substitutions: {}
[DEBUG] 2023-02-10 13:55:19.194 [http-nio-8080-exec-3] Settings - Named query checking : enabled
[DEBUG] 2023-02-10 13:55:19.195 [http-nio-8080-exec-3] Settings - Second-level cache: disabled
[DEBUG] 2023-02-10 13:55:19.195 [http-nio-8080-exec-3] Settings - Second-level query cache: disabled
[DEBUG] 2023-02-10 13:55:19.195 [http-nio-8080-exec-3] Settings - Second-level query cache factory: null
[DEBUG] 2023-02-10 13:55:19.195 [http-nio-8080-exec-3] Settings - Second-level cache region prefix: null
[DEBUG] 2023-02-10 13:55:19.195 [http-nio-8080-exec-3] Settings - Optimize second-level cache for minimal puts: disabled
[DEBUG] 2023-02-10 13:55:19.195 [http-nio-8080-exec-3] Settings - Structured second-level cache entries: disabled
[DEBUG] 2023-02-10 13:55:19.195 [http-nio-8080-exec-3] Settings - Second-level cache direct-reference entries: disabled
[DEBUG] 2023-02-10 13:55:19.195 [http-nio-8080-exec-3] Settings - Automatic eviction of collection cache: disabled
[DEBUG] 2023-02-10 13:55:19.195 [http-nio-8080-exec-3] Settings - JDBC batch size: 15
[DEBUG] 2023-02-10 13:55:19.195 [http-nio-8080-exec-3] Settings - JDBC batch updates for versioned data: enabled
[DEBUG] 2023-02-10 13:55:19.195 [http-nio-8080-exec-3] Settings - Scrollable result sets: enabled
[DEBUG] 2023-02-10 13:55:19.195 [http-nio-8080-exec-3] Settings - Wrap result sets: disabled
[DEBUG] 2023-02-10 13:55:19.195 [http-nio-8080-exec-3] Settings - JDBC3 getGeneratedKeys(): enabled
[DEBUG] 2023-02-10 13:55:19.206 [http-nio-8080-exec-3] Settings - JDBC result set fetch size: null
[DEBUG] 2023-02-10 13:55:19.206 [http-nio-8080-exec-3] Settings - Connection release mode: AFTER_TRANSACTION
[DEBUG] 2023-02-10 13:55:19.206 [http-nio-8080-exec-3] Settings - Generate SQL with comments: disabled
[DEBUG] 2023-02-10 13:55:19.206 [http-nio-8080-exec-3] Settings - JPA compliance - query : 
[DEBUG] 2023-02-10 13:55:19.207 [http-nio-8080-exec-3] Settings - JPA compliance - closed-handling : 
[DEBUG] 2023-02-10 13:55:19.207 [http-nio-8080-exec-3] Settings - JPA compliance - lists : 
[DEBUG] 2023-02-10 13:55:19.207 [http-nio-8080-exec-3] Settings - JPA compliance - transactions : 
[INFO ] 2023-02-10 13:55:19.278 [http-nio-8080-exec-3] beans - HHH10005002: No explicit CDI BeanManager reference was passed to Hibernate, but CDI is available on the Hibernate ClassLoader.
[DEBUG] 2023-02-10 13:55:19.302 [http-nio-8080-exec-3] SessionFactoryImpl - Session factory constructed with filter configurations : {}
[DEBUG] 2023-02-10 13:55:19.316 [http-nio-8080-exec-3] SessionFactoryImpl - Instantiating session factory with properties: {awt.toolkit=sun.awt.X11.XToolkit, java.specification.version=11, sun.cpu.isalist=, hibernate.c3p0.idle_test_period=3000, sun.jnu.encoding=UTF-8, hibernate.c3p0.min_size=5, sun.arch.data.model=64, java.vendor.url=https://ubuntu.com/, catalina.useNaming=true, openejb.provider.default=org.apache.tomee, sun.boot.library.path=/usr/lib/jvm/java-11-openjdk-amd64/lib, com.sun.management.jmxremote.ssl=false, sun.java.command=org.apache.catalina.startup.Bootstrap start, jdk.debug=release, java.specification.vendor=Oracle Corporation, java.naming.factory.url.pkgs=org.apache.naming:org.apache.openejb.core.ivm.naming, openejb.embedder.source=ServerListener, java.version.date=2022-10-18, java.home=/usr/lib/jvm/java-11-openjdk-amd64, ignore.endorsed.dirs=, file.separator=/, java.vm.compressedOopsMode=32-bit, line.separator=
, hibernate.c3p0.timeout=300, java.specification.name=Java Platform API Specification, java.vm.specification.vendor=Oracle Corporation, openejb.scan.webapp.container=true, com.sun.management.jmxremote.password.file=/home/student/.cache/JetBrains/IntelliJIdea2022.3/tomcat/0598cdfc-dce2-42d8-92ba-2285e44cdc51/jmxremote.password, package.definition=sun.,java.,org.apache.catalina.,org.apache.coyote.,org.apache.jasper.,org.apache.naming.,org.apache.tomcat., openejb.deployments.classpath.filter.systemapps=false, jdk.tls.ephemeralDHKeySize=2048, java.util.logging.config.file=/home/student/.cache/JetBrains/IntelliJIdea2022.3/tomcat/0598cdfc-dce2-42d8-92ba-2285e44cdc51/conf/logging.properties, java.protocol.handler.pkgs=org.apache.catalina.webresources, connection.password=student, sun.management.compiler=HotSpot 64-Bit Tiered Compilers, openejb.scan.webapp.container.excludes=, java.runtime.version=11.0.17+8-post-Ubuntu-1ubuntu220.04, user.name=student, org.apache.johnzon.max-string-length=8192, file.encoding=UTF-8, derby.system.home=/home/student/tomcat/bin, org.apache.catalina.security.SecurityListener.UMASK=0027, hibernate.connection.driver_class=com.mysql.cj.jdbc.Driver, java.io.tmpdir=/home/student/tomcat/temp, tomcat.util.scan.StandardJarScanFilter.jarsToScan=log4j-taglib*.jar,log4j-web*.jar,log4javascript*.jar,slf4j-taglib*.jar, java.version=11.0.17, com.sun.management.jmxremote.port=1099, tomcat.util.scan.StandardJarScanFilter.jarsToSkip=annotations-api.jar,ant-junit*.jar,ant-launcher.jar,ant.jar,asm-*.jar,aspectj*.jar,bootstrap.jar,catalina-ant.jar,catalina-ha.jar,catalina-jmx-remote.jar,catalina-storeconfig.jar,catalina-tribes.jar,catalina-ws.jar,catalina.jar,cglib-*.jar,cobertura-*.jar,commons-beanutils*.jar,commons-codec*.jar,commons-collections*.jar,commons-daemon.jar,commons-dbcp*.jar,commons-digester*.jar,commons-fileupload*.jar,commons-httpclient*.jar,commons-io*.jar,commons-lang*.jar,commons-logging*.jar,commons-math*.jar,commons-pool*.jar,dom4j-*.jar,easymock-*.jar,ecj-*.jar,el-api.jar,geronimo-spec-jaxrpc*.jar,h2*.jar,hamcrest-*.jar,hibernate*.jar,httpclient*.jar,icu4j-*.jar,jasper-el.jar,jasper.jar,jaspic-api.jar,jaxb-*.jar,jaxen-*.jar,jdom-*.jar,jetty-*.jar,jmx-tools.jar,jmx.jar,jsp-api.jar,jstl.jar,jta*.jar,junit-*.jar,junit.jar,log4j*.jar,mail*.jar,objenesis-*.jar,oraclepki.jar,oro-*.jar,servlet-api-*.jar,servlet-api.jar,slf4j*.jar,taglibs-standard-spec-*.jar,tagsoup-*.jar,tomcat-api.jar,tomcat-coyote.jar,tomcat-dbcp.jar,tomcat-i18n-*.jar,tomcat-jdbc.jar,tomcat-jni.jar,tomcat-juli-adapters.jar,tomcat-juli.jar,tomcat-util-scan.jar,tomcat-util.jar,tomcat-websocket.jar,tools.jar,websocket-api.jar,wsdl4j*.jar,xercesImpl.jar,xml-apis.jar,xmlParserAPIs-*.jar,xmlParserAPIs.jar,xom-*.jar, connection.username=root, java.vm.specification.name=Java Virtual Machine Specification, java.awt.printerjob=sun.print.PSPrinterJob, sun.os.patch.level=unknown, connection.driver_class=com.mysql.cj.jdbc.Driver, tomcat.built=May 4 2019 09:17:16 UTC, java.library.path=/usr/java/packages/lib:/usr/lib/x86_64-linux-gnu/jni:/lib/x86_64-linux-gnu:/usr/lib/x86_64-linux-gnu:/usr/lib/jni:/lib:/usr/lib, java.vendor=Ubuntu, tomee.version=7.1.1, java.rmi.server.randomIDs=true, sun.io.unicode.encoding=UnicodeLittle, tomcat.util.buf.StringCache.byte.enabled=true, sun.desktop=gnome, java.class.path=/home/student/tomcat/bin/bootstrap.jar:/home/student/tomcat/bin/tomcat-juli.jar, tomcat.version=8.5.41.0, java.vm.vendor=Ubuntu, openejb.home=/home/student/tomcat, openejb.system.apps=true, user.timezone=America/Chicago, os.name=Linux, java.vm.specification.version=11, sun.java.launcher=SUN_STANDARD, user.country=US, openejb.base=/home/student/.cache/JetBrains/IntelliJIdea2022.3/tomcat/0598cdfc-dce2-42d8-92ba-2285e44cdc51, com.sun.management.jmxremote=, sun.cpu.endian=little, user.home=/home/student, hibernate.c3p0.max_statements=50, user.language=en, openejb.deployments.classpath=false, java.awt.graphicsenv=sun.awt.X11GraphicsEnvironment, package.access=sun.,org.apache.catalina.,org.apache.coyote.,org.apache.jasper.,org.apache.tomcat., openejb.loader=tomcat-system, server.loader=, com.sun.management.jmxremote.access.file=/home/student/.cache/JetBrains/IntelliJIdea2022.3/tomcat/0598cdfc-dce2-42d8-92ba-2285e44cdc51/jmxremote.access, hibernate.c3p0.max_size=20, java.naming.factory.initial=org.apache.naming.java.javaURLContextFactory, path.separator=:, org.apache.openejb.core.security.JaccProvider=org.apache.openejb.core.security.jacc.BasicJaccProvider, common.loader="/home/student/tomcat/lib","/home/student/tomcat/lib/*.jar","/home/student/tomcat/lib","/home/student/tomcat/lib/*.jar", hibernate.connection.username=****, os.version=5.4.0-137-generic, openejb.version=7.1.1, org.apache.security.jacc.EJBMethodPermission.methodInterfaces=BusinessLocalHome,BusinessRemoteHome,BusinessRemote,BusinessLocal, java.runtime.name=OpenJDK Runtime Environment, hibernate.connection.url=jdbc:mysql://localhost:3306/sample, java.vm.name=OpenJDK 64-Bit Server VM, openejb.scan.webapp.container.includes=.*(geronimo|mp-jwt|failsafe).*, tomee.remote.support=true, java.vendor.url.bug=https://bugs.launchpad.net/ubuntu/+source/openjdk-lts, catalina.home=/home/student/tomcat, user.dir=/home/student/tomcat/bin, bval.in-container=true, os.arch=amd64, openjpa.Log=org.apache.openejb.openjpa.JULOpenJPALogFactory, hibernate.connection.password=****, tomee.serialization.class.blacklist=-, tomee.serialization.class.whitelist=, shared.loader=, catalina.base=/home/student/.cache/JetBrains/IntelliJIdea2022.3/tomcat/0598cdfc-dce2-42d8-92ba-2285e44cdc51, hibernate.boot.CfgXmlAccessService.key=org.hibernate.boot.cfgxml.spi.LoadedConfig@8784c76, noBanner=true, java.util.logging.manager=org.apache.juli.ClassLoaderLogManager, org.apache.webbeans.logger.WebBeansLoggerFacade=org.apache.openejb.cdi.logging.ContainerJULLoggerFactory, java.vm.info=mixed mode, sharing, java.vm.version=11.0.17+8-post-Ubuntu-1ubuntu220.04, hibernate.bytecode.use_reflection_optimizer=false, java.rmi.server.hostname=127.0.0.1, javax.security.jacc.PolicyConfigurationFactory.provider=org.apache.openejb.core.security.JaccProvider$Factory, connection.url=jdbc:mysql://localhost:3306/sample, java.class.version=55.0, authconfigprovider.factory=false}
[DEBUG] 2023-02-10 13:55:19.362 [http-nio-8080-exec-3] ClassLoaderAccessImpl - Not known whether passed class name [questie.entity.User] is safe
[DEBUG] 2023-02-10 13:55:19.362 [http-nio-8080-exec-3] ClassLoaderAccessImpl - No temp ClassLoader provided; using live ClassLoader for loading potentially unsafe class : questie.entity.User
[DEBUG] 2023-02-10 13:55:19.394 [http-nio-8080-exec-3] JaccIntegrator - Skipping JACC integration as it was not enabled
[DEBUG] 2023-02-10 13:55:19.398 [http-nio-8080-exec-3] SessionFactoryImpl - Instantiated session factory
[DEBUG] 2023-02-10 13:55:19.399 [http-nio-8080-exec-3] TypeConfiguration$Scope - Scoping TypeConfiguration [org.hibernate.type.spi.TypeConfiguration@5290d257] to SessionFactoryImpl [org.hibernate.internal.SessionFactoryImpl@66e94613]
[DEBUG] 2023-02-10 13:55:19.527 [http-nio-8080-exec-3] ClassLoaderAccessImpl - Not known whether passed class name [questie.entity.User] is safe
[DEBUG] 2023-02-10 13:55:19.527 [http-nio-8080-exec-3] ClassLoaderAccessImpl - No temp ClassLoader provided; using live ClassLoader for loading potentially unsafe class : questie.entity.User
[DEBUG] 2023-02-10 13:55:19.541 [http-nio-8080-exec-3] ClassLoaderAccessImpl - Not known whether passed class name [questie.entity.User] is safe
[DEBUG] 2023-02-10 13:55:19.541 [http-nio-8080-exec-3] ClassLoaderAccessImpl - No temp ClassLoader provided; using live ClassLoader for loading potentially unsafe class : questie.entity.User
[DEBUG] 2023-02-10 13:55:19.939 [http-nio-8080-exec-3] AbstractEntityPersister - Static SQL for entity: questie.entity.User
[DEBUG] 2023-02-10 13:55:19.939 [http-nio-8080-exec-3] AbstractEntityPersister -  Version select: select id from User where id =?
[DEBUG] 2023-02-10 13:55:19.939 [http-nio-8080-exec-3] AbstractEntityPersister -  Snapshot select: select user_.id, user_.first_name as first_na2_0_, user_.gamertag as gamertag3_0_, user_.last_name as last_nam4_0_ from User user_ where user_.id=?
[DEBUG] 2023-02-10 13:55:19.939 [http-nio-8080-exec-3] AbstractEntityPersister -  Insert 0: insert into User (first_name, gamertag, last_name, id) values (?, ?, ?, ?)
[DEBUG] 2023-02-10 13:55:19.939 [http-nio-8080-exec-3] AbstractEntityPersister -  Update 0: update User set first_name=?, gamertag=?, last_name=? where id=?
[DEBUG] 2023-02-10 13:55:19.939 [http-nio-8080-exec-3] AbstractEntityPersister -  Delete 0: delete from User where id=?
[DEBUG] 2023-02-10 13:55:19.939 [http-nio-8080-exec-3] AbstractEntityPersister -  Identity insert: insert into User (first_name, gamertag, last_name) values (?, ?, ?)
[DEBUG] 2023-02-10 13:55:20.003 [http-nio-8080-exec-3] QuerySpacesImpl - Adding QuerySpace : uid = <gen:0> -> org.hibernate.loader.plan.build.internal.spaces.EntityQuerySpaceImpl@7ff35787]
[DEBUG] 2023-02-10 13:55:20.005 [http-nio-8080-exec-3] MetamodelGraphWalker - Visiting attribute path : firstName
[DEBUG] 2023-02-10 13:55:20.005 [http-nio-8080-exec-3] MetamodelGraphWalker - Visiting attribute path : gamertag
[DEBUG] 2023-02-10 13:55:20.005 [http-nio-8080-exec-3] MetamodelGraphWalker - Visiting attribute path : lastName
[DEBUG] 2023-02-10 13:55:20.005 [http-nio-8080-exec-3] FetchStyleLoadPlanBuildingAssociationVisitationStrategy - Building LoadPlan...
[DEBUG] 2023-02-10 13:55:20.037 [http-nio-8080-exec-3] LoadQueryJoinAndFetchProcessor - processing queryspace <gen:0>
[DEBUG] 2023-02-10 13:55:20.041 [http-nio-8080-exec-3] LoadPlanTreePrinter - LoadPlan(entity=questie.entity.User)
    - Returns
       - EntityReturnImpl(entity=questie.entity.User, querySpaceUid=<gen:0>, path=questie.entity.User)
    - QuerySpaces
       - EntityQuerySpaceImpl(uid=<gen:0>, entity=questie.entity.User)
          - SQL table alias mapping - user0_
          - alias suffix - 0_
          - suffixed key columns - {id1_0_0_}

[DEBUG] 2023-02-10 13:55:20.045 [http-nio-8080-exec-3] EntityLoader - Static select for entity questie.entity.User [NONE]: select user0_.id as id1_0_0_, user0_.first_name as first_na2_0_0_, user0_.gamertag as gamertag3_0_0_, user0_.last_name as last_nam4_0_0_ from User user0_ where user0_.id=?
[DEBUG] 2023-02-10 13:55:20.045 [http-nio-8080-exec-3] QuerySpacesImpl - Adding QuerySpace : uid = <gen:0> -> org.hibernate.loader.plan.build.internal.spaces.EntityQuerySpaceImpl@af40406]
[DEBUG] 2023-02-10 13:55:20.046 [http-nio-8080-exec-3] MetamodelGraphWalker - Visiting attribute path : firstName
[DEBUG] 2023-02-10 13:55:20.046 [http-nio-8080-exec-3] MetamodelGraphWalker - Visiting attribute path : gamertag
[DEBUG] 2023-02-10 13:55:20.046 [http-nio-8080-exec-3] MetamodelGraphWalker - Visiting attribute path : lastName
[DEBUG] 2023-02-10 13:55:20.046 [http-nio-8080-exec-3] FetchStyleLoadPlanBuildingAssociationVisitationStrategy - Building LoadPlan...
[DEBUG] 2023-02-10 13:55:20.046 [http-nio-8080-exec-3] LoadQueryJoinAndFetchProcessor - processing queryspace <gen:0>
[DEBUG] 2023-02-10 13:55:20.048 [http-nio-8080-exec-3] LoadPlanTreePrinter - LoadPlan(entity=questie.entity.User)
    - Returns
       - EntityReturnImpl(entity=questie.entity.User, querySpaceUid=<gen:0>, path=questie.entity.User)
    - QuerySpaces
       - EntityQuerySpaceImpl(uid=<gen:0>, entity=questie.entity.User)
          - SQL table alias mapping - user0_
          - alias suffix - 0_
          - suffixed key columns - {id1_0_0_}

[DEBUG] 2023-02-10 13:55:20.049 [http-nio-8080-exec-3] EntityLoader - Static select for entity questie.entity.User [READ]: select user0_.id as id1_0_0_, user0_.first_name as first_na2_0_0_, user0_.gamertag as gamertag3_0_0_, user0_.last_name as last_nam4_0_0_ from User user0_ where user0_.id=?
[DEBUG] 2023-02-10 13:55:20.067 [http-nio-8080-exec-3] Loader - Static select for action ACTION_MERGE on entity questie.entity.User: select user0_.id as id1_0_0_, user0_.first_name as first_na2_0_0_, user0_.gamertag as gamertag3_0_0_, user0_.last_name as last_nam4_0_0_ from User user0_ where user0_.id=?
[DEBUG] 2023-02-10 13:55:20.067 [http-nio-8080-exec-3] Loader - Static select for action ACTION_REFRESH on entity questie.entity.User: select user0_.id as id1_0_0_, user0_.first_name as first_na2_0_0_, user0_.gamertag as gamertag3_0_0_, user0_.last_name as last_nam4_0_0_ from User user0_ where user0_.id=?
[DEBUG] 2023-02-10 13:55:20.099 [http-nio-8080-exec-3] SchemaManagementToolCoordinator - No actions specified; doing nothing
[DEBUG] 2023-02-10 13:55:20.101 [http-nio-8080-exec-3] JtaPlatformInitiator - No JtaPlatform was specified, checking resolver
[DEBUG] 2023-02-10 13:55:20.101 [http-nio-8080-exec-3] JtaPlatformResolverInitiator - No JtaPlatformResolver was specified, using default [org.hibernate.engine.transaction.jta.platform.internal.StandardJtaPlatformResolver]
[DEBUG] 2023-02-10 13:55:20.114 [http-nio-8080-exec-3] StandardJtaPlatformResolver - Could not resolve JtaPlatform, using default [org.hibernate.engine.transaction.jta.platform.internal.NoJtaPlatform]
[INFO ] 2023-02-10 13:55:20.115 [http-nio-8080-exec-3] JtaPlatformInitiator - HHH000490: Using JtaPlatform implementation: [org.hibernate.engine.transaction.jta.platform.internal.NoJtaPlatform]
[DEBUG] 2023-02-10 13:55:20.116 [http-nio-8080-exec-3] NamedQueryRepository - Checking 0 named HQL queries
[DEBUG] 2023-02-10 13:55:20.116 [http-nio-8080-exec-3] NamedQueryRepository - Checking 0 named SQL queries
[DEBUG] 2023-02-10 13:55:20.117 [http-nio-8080-exec-3] SessionFactoryRegistry - Initializing SessionFactoryRegistry : org.hibernate.internal.SessionFactoryRegistry@ca16dea
[DEBUG] 2023-02-10 13:55:20.119 [http-nio-8080-exec-3] SessionFactoryRegistry - Registering SessionFactory: 7fca3859-362b-47da-93b8-0430daa1b533 (<unnamed>)
[DEBUG] 2023-02-10 13:55:20.119 [http-nio-8080-exec-3] SessionFactoryRegistry - Not binding SessionFactory to JNDI, no JNDI name configured
[DEBUG] 2023-02-10 13:55:20.393 [http-nio-8080-exec-3] StatisticsInitiator - Statistics initialized [enabled=false]
[DEBUG] 2023-02-10 13:55:20.465 [http-nio-8080-exec-3] CriteriaQueryImpl - Rendered criteria query -> select generatedAlias0 from User as generatedAlias0
[DEBUG] 2023-02-10 13:55:20.502 [http-nio-8080-exec-3] QueryTranslatorFactoryInitiator - QueryTranslatorFactory: org.hibernate.hql.internal.ast.ASTQueryTranslatorFactory@3c3a1bca
[DEBUG] 2023-02-10 13:55:20.561 [http-nio-8080-exec-3] QueryTranslatorImpl - parse() - HQL: select generatedAlias0 from questie.entity.User as generatedAlias0
[DEBUG] 2023-02-10 13:55:20.573 [http-nio-8080-exec-3] ErrorTracker - throwQueryException() : no errors
[DEBUG] 2023-02-10 13:55:20.589 [http-nio-8080-exec-3] QueryTranslatorImpl - --- HQL AST ---
 \-[QUERY] Node: 'query'
    \-[SELECT_FROM] Node: 'SELECT_FROM'
       +-[FROM] Node: 'from'
       |  \-[RANGE] Node: 'RANGE'
       |     +-[DOT] Node: '.'
       |     |  +-[DOT] Node: '.'
       |     |  |  +-[IDENT] Node: 'questie'
       |     |  |  \-[IDENT] Node: 'entity'
       |     |  \-[IDENT] Node: 'User'
       |     \-[ALIAS] Node: 'generatedAlias0'
       \-[SELECT] Node: 'select'
          \-[IDENT] Node: 'generatedAlias0'

[DEBUG] 2023-02-10 13:55:20.665 [http-nio-8080-exec-3] HqlSqlBaseWalker - select << begin [level=1, statement=select]
[DEBUG] 2023-02-10 13:55:20.686 [http-nio-8080-exec-3] FromElement - FromClause{level=1} : questie.entity.User (generatedAlias0) -> user0_
[DEBUG] 2023-02-10 13:55:20.687 [http-nio-8080-exec-3] FromReferenceNode - Resolved : generatedAlias0 -> user0_.id
[DEBUG] 2023-02-10 13:55:20.689 [http-nio-8080-exec-3] HqlSqlBaseWalker - select : finishing up [level=1, statement=select]
[DEBUG] 2023-02-10 13:55:20.689 [http-nio-8080-exec-3] HqlSqlWalker - processQuery() :  ( SELECT ( {select clause} user0_.id ) ( FromClause{level=1} User user0_ ) )
[DEBUG] 2023-02-10 13:55:20.702 [http-nio-8080-exec-3] JoinProcessor - Using FROM fragment [User user0_]
[DEBUG] 2023-02-10 13:55:20.703 [http-nio-8080-exec-3] HqlSqlBaseWalker - select >> end [level=1, statement=select]
[DEBUG] 2023-02-10 13:55:20.705 [http-nio-8080-exec-3] QueryTranslatorImpl - --- SQL AST ---
 \-[SELECT] QueryNode: 'SELECT'  querySpaces (User)
    +-[SELECT_CLAUSE] SelectClause: '{select clause}'
    |  +-[ALIAS_REF] IdentNode: 'user0_.id as id1_0_' {alias=generatedAlias0, className=questie.entity.User, tableAlias=user0_}
    |  \-[SQL_TOKEN] SqlFragment: 'user0_.first_name as first_na2_0_, user0_.gamertag as gamertag3_0_, user0_.last_name as last_nam4_0_'
    \-[FROM] FromClause: 'from' FromClause{level=1, fromElementCounter=1, fromElements=1, fromElementByClassAlias=[generatedAlias0], fromElementByTableAlias=[user0_], fromElementsByPath=[], collectionJoinFromElementsByPath=[], impliedElements=[]}
       \-[FROM_FRAGMENT] FromElement: 'User user0_' FromElement{explicit,not a collection join,not a fetch join,fetch non-lazy properties,classAlias=generatedAlias0,role=null,tableName=User,tableAlias=user0_,origin=null,columns={,className=questie.entity.User}}

[DEBUG] 2023-02-10 13:55:20.705 [http-nio-8080-exec-3] ErrorTracker - throwQueryException() : no errors
[DEBUG] 2023-02-10 13:55:20.716 [http-nio-8080-exec-3] QueryTranslatorImpl - HQL: select generatedAlias0 from questie.entity.User as generatedAlias0
[DEBUG] 2023-02-10 13:55:20.717 [http-nio-8080-exec-3] QueryTranslatorImpl - SQL: select user0_.id as id1_0_, user0_.first_name as first_na2_0_, user0_.gamertag as gamertag3_0_, user0_.last_name as last_nam4_0_ from User user0_
[DEBUG] 2023-02-10 13:55:20.717 [http-nio-8080-exec-3] ErrorTracker - throwQueryException() : no errors
[DEBUG] 2023-02-10 13:55:20.753 [http-nio-8080-exec-3] SQL - select user0_.id as id1_0_, user0_.first_name as first_na2_0_, user0_.gamertag as gamertag3_0_, user0_.last_name as last_nam4_0_ from User user0_
[DEBUG] 2023-02-10 13:55:20.824 [http-nio-8080-exec-3] SqlExceptionHelper - could not extract ResultSet [n/a]
java.sql.SQLSyntaxErrorException: Table 'sample.User' doesn't exist
	at com.mysql.cj.jdbc.exceptions.SQLError.createSQLException(SQLError.java:120) ~[mysql-connector-java-8.0.16.jar:8.0.16]
	at com.mysql.cj.jdbc.exceptions.SQLError.createSQLException(SQLError.java:97) ~[mysql-connector-java-8.0.16.jar:8.0.16]
	at com.mysql.cj.jdbc.exceptions.SQLExceptionsMapping.translateException(SQLExceptionsMapping.java:122) ~[mysql-connector-java-8.0.16.jar:8.0.16]
	at com.mysql.cj.jdbc.ClientPreparedStatement.executeInternal(ClientPreparedStatement.java:955) ~[mysql-connector-java-8.0.16.jar:8.0.16]
	at com.mysql.cj.jdbc.ClientPreparedStatement.executeQuery(ClientPreparedStatement.java:1005) ~[mysql-connector-java-8.0.16.jar:8.0.16]
	at com.mchange.v2.c3p0.impl.NewProxyPreparedStatement.executeQuery(NewProxyPreparedStatement.java:379) ~[c3p0-0.9.5.3.jar:0.9.5.3]
	at org.hibernate.engine.jdbc.internal.ResultSetReturnImpl.extract(ResultSetReturnImpl.java:60) [hibernate-core-5.4.4.Final.jar:5.4.4.Final]
	at org.hibernate.loader.Loader.getResultSet(Loader.java:2287) [hibernate-core-5.4.4.Final.jar:5.4.4.Final]
	at org.hibernate.loader.Loader.executeQueryStatement(Loader.java:2045) [hibernate-core-5.4.4.Final.jar:5.4.4.Final]
	at org.hibernate.loader.Loader.executeQueryStatement(Loader.java:2007) [hibernate-core-5.4.4.Final.jar:5.4.4.Final]
	at org.hibernate.loader.Loader.doQuery(Loader.java:953) [hibernate-core-5.4.4.Final.jar:5.4.4.Final]
	at org.hibernate.loader.Loader.doQueryAndInitializeNonLazyCollections(Loader.java:354) [hibernate-core-5.4.4.Final.jar:5.4.4.Final]
	at org.hibernate.loader.Loader.doList(Loader.java:2810) [hibernate-core-5.4.4.Final.jar:5.4.4.Final]
	at org.hibernate.loader.Loader.doList(Loader.java:2792) [hibernate-core-5.4.4.Final.jar:5.4.4.Final]
	at org.hibernate.loader.Loader.listIgnoreQueryCache(Loader.java:2624) [hibernate-core-5.4.4.Final.jar:5.4.4.Final]
	at org.hibernate.loader.Loader.list(Loader.java:2619) [hibernate-core-5.4.4.Final.jar:5.4.4.Final]
	at org.hibernate.loader.hql.QueryLoader.list(QueryLoader.java:506) [hibernate-core-5.4.4.Final.jar:5.4.4.Final]
	at org.hibernate.hql.internal.ast.QueryTranslatorImpl.list(QueryTranslatorImpl.java:396) [hibernate-core-5.4.4.Final.jar:5.4.4.Final]
	at org.hibernate.engine.query.spi.HQLQueryPlan.performList(HQLQueryPlan.java:219) [hibernate-core-5.4.4.Final.jar:5.4.4.Final]
	at org.hibernate.internal.SessionImpl.list(SessionImpl.java:1547) [hibernate-core-5.4.4.Final.jar:5.4.4.Final]
	at org.hibernate.query.internal.AbstractProducedQuery.doList(AbstractProducedQuery.java:1557) [hibernate-core-5.4.4.Final.jar:5.4.4.Final]
	at org.hibernate.query.internal.AbstractProducedQuery.list(AbstractProducedQuery.java:1525) [hibernate-core-5.4.4.Final.jar:5.4.4.Final]
	at org.hibernate.query.Query.getResultList(Query.java:165) [hibernate-core-5.4.4.Final.jar:5.4.4.Final]
	at org.hibernate.query.criteria.internal.compile.CriteriaQueryTypeQueryAdapter.getResultList(CriteriaQueryTypeQueryAdapter.java:76) [hibernate-core-5.4.4.Final.jar:5.4.4.Final]
	at questie.persistence.UserDAO.getAll(UserDAO.java:32) [classes/:?]
	at questie.controller.SearchUser.doGet(SearchUser.java:31) [classes/:?]
	at javax.servlet.http.HttpServlet.service(HttpServlet.java:635) [servlet-api.jar:?]
	at javax.servlet.http.HttpServlet.service(HttpServlet.java:742) [servlet-api.jar:?]
	at org.apache.catalina.core.ApplicationFilterChain.internalDoFilter(ApplicationFilterChain.java:231) [catalina.jar:8.5.41]
	at org.apache.catalina.core.ApplicationFilterChain.doFilter(ApplicationFilterChain.java:166) [catalina.jar:8.5.41]
	at org.apache.tomcat.websocket.server.WsFilter.doFilter(WsFilter.java:52) [tomcat-websocket.jar:8.5.41]
	at org.apache.catalina.core.ApplicationFilterChain.internalDoFilter(ApplicationFilterChain.java:193) [catalina.jar:8.5.41]
	at org.apache.catalina.core.ApplicationFilterChain.doFilter(ApplicationFilterChain.java:166) [catalina.jar:8.5.41]
	at org.apache.catalina.core.StandardWrapperValve.invoke(StandardWrapperValve.java:199) [catalina.jar:8.5.41]
	at org.apache.catalina.core.StandardContextValve.invoke(StandardContextValve.java:96) [catalina.jar:8.5.41]
	at org.apache.tomee.catalina.OpenEJBValve.invoke(OpenEJBValve.java:44) [tomee-catalina-7.1.1.jar:7.1.1]
	at org.apache.catalina.authenticator.AuthenticatorBase.invoke(AuthenticatorBase.java:493) [catalina.jar:8.5.41]
	at org.apache.catalina.core.StandardHostValve.invoke(StandardHostValve.java:137) [catalina.jar:8.5.41]
	at org.apache.catalina.valves.ErrorReportValve.invoke(ErrorReportValve.java:81) [catalina.jar:8.5.41]
	at org.apache.tomee.catalina.OpenEJBSecurityListener$RequestCapturer.invoke(OpenEJBSecurityListener.java:97) [tomee-catalina-7.1.1.jar:7.1.1]
	at org.apache.catalina.valves.AbstractAccessLogValve.invoke(AbstractAccessLogValve.java:660) [catalina.jar:8.5.41]
	at org.apache.catalina.core.StandardEngineValve.invoke(StandardEngineValve.java:87) [catalina.jar:8.5.41]
	at org.apache.catalina.connector.CoyoteAdapter.service(CoyoteAdapter.java:343) [catalina.jar:8.5.41]
	at org.apache.coyote.http11.Http11Processor.service(Http11Processor.java:798) [tomcat-coyote.jar:8.5.41]
	at org.apache.coyote.AbstractProcessorLight.process(AbstractProcessorLight.java:66) [tomcat-coyote.jar:8.5.41]
	at org.apache.coyote.AbstractProtocol$ConnectionHandler.process(AbstractProtocol.java:808) [tomcat-coyote.jar:8.5.41]
	at org.apache.tomcat.util.net.NioEndpoint$SocketProcessor.doRun(NioEndpoint.java:1498) [tomcat-coyote.jar:8.5.41]
	at org.apache.tomcat.util.net.SocketProcessorBase.run(SocketProcessorBase.java:49) [tomcat-coyote.jar:8.5.41]
	at java.util.concurrent.ThreadPoolExecutor.runWorker(ThreadPoolExecutor.java:1128) [?:?]
	at java.util.concurrent.ThreadPoolExecutor$Worker.run(ThreadPoolExecutor.java:628) [?:?]
	at org.apache.tomcat.util.threads.TaskThread$WrappingRunnable.run(TaskThread.java:61) [tomcat-util.jar:8.5.41]
	at java.lang.Thread.run(Thread.java:829) [?:?]
[WARN ] 2023-02-10 13:55:20.830 [http-nio-8080-exec-3] SqlExceptionHelper - SQL Error: 1146, SQLState: 42S02
[ERROR] 2023-02-10 13:55:20.830 [http-nio-8080-exec-3] SqlExceptionHelper - Table 'sample.User' doesn't exist
[DEBUG] 2023-02-10 13:55:20.831 [http-nio-8080-exec-3] LogicalConnectionManagedImpl - Initiating JDBC connection release from afterTransaction
[DEBUG] 2023-02-10 13:55:20.834 [http-nio-8080-exec-3] TransactionImpl - On TransactionImpl creation, JpaCompliance#isJpaTransactionComplianceEnabled == false
