[DEBUG] 2023-02-10 14:07:32.862 [main] IntegratorServiceImpl - Adding Integrator [org.hibernate.cfg.beanvalidation.BeanValidationIntegrator].
[DEBUG] 2023-02-10 14:07:32.876 [main] IntegratorServiceImpl - Adding Integrator [org.hibernate.secure.spi.JaccIntegrator].
[DEBUG] 2023-02-10 14:07:32.879 [main] IntegratorServiceImpl - Adding Integrator [org.hibernate.cache.internal.CollectionCacheInvalidator].
[INFO ] 2023-02-10 14:07:33.009 [main] Version - HHH000412: Hibernate Core {5.4.4.Final}
[DEBUG] 2023-02-10 14:07:33.010 [main] Environment - HHH000206: hibernate.properties not found
[DEBUG] 2023-02-10 14:07:33.293 [main] JaxbCfgProcessor - cfg.xml document did not define namespaces; wrapping in custom event reader to introduce namespace information
[DEBUG] 2023-02-10 14:07:33.736 [main] ServiceBinding - Overriding existing service binding [org.hibernate.secure.spi.JaccService]
[DEBUG] 2023-02-10 14:07:33.760 [main] RegionFactoryInitiator - Cannot default RegionFactory based on registered strategies as `[]` RegionFactory strategies were registered
[DEBUG] 2023-02-10 14:07:33.761 [main] RegionFactoryInitiator - Cache region factory : org.hibernate.cache.internal.NoCachingRegionFactory
[INFO ] 2023-02-10 14:07:33.786 [main] Version - HCANN000001: Hibernate Commons Annotations {5.1.0.Final}
[DEBUG] 2023-02-10 14:07:33.833 [main] BasicTypeRegistry - Adding type registration boolean -> org.hibernate.type.BooleanType@5c8e67b9
[DEBUG] 2023-02-10 14:07:33.834 [main] BasicTypeRegistry - Adding type registration boolean -> org.hibernate.type.BooleanType@5c8e67b9
[DEBUG] 2023-02-10 14:07:33.834 [main] BasicTypeRegistry - Adding type registration java.lang.Boolean -> org.hibernate.type.BooleanType@5c8e67b9
[DEBUG] 2023-02-10 14:07:33.834 [main] BasicTypeRegistry - Adding type registration numeric_boolean -> org.hibernate.type.NumericBooleanType@1317b708
[DEBUG] 2023-02-10 14:07:33.835 [main] BasicTypeRegistry - Adding type registration true_false -> org.hibernate.type.TrueFalseType@615e3f51
[DEBUG] 2023-02-10 14:07:33.835 [main] BasicTypeRegistry - Adding type registration yes_no -> org.hibernate.type.YesNoType@44a6a68e
[DEBUG] 2023-02-10 14:07:33.836 [main] BasicTypeRegistry - Adding type registration byte -> org.hibernate.type.ByteType@a565cbd
[DEBUG] 2023-02-10 14:07:33.836 [main] BasicTypeRegistry - Adding type registration byte -> org.hibernate.type.ByteType@a565cbd
[DEBUG] 2023-02-10 14:07:33.836 [main] BasicTypeRegistry - Adding type registration java.lang.Byte -> org.hibernate.type.ByteType@a565cbd
[DEBUG] 2023-02-10 14:07:33.837 [main] BasicTypeRegistry - Adding type registration character -> org.hibernate.type.CharacterType@4cdb8504
[DEBUG] 2023-02-10 14:07:33.837 [main] BasicTypeRegistry - Adding type registration char -> org.hibernate.type.CharacterType@4cdb8504
[DEBUG] 2023-02-10 14:07:33.837 [main] BasicTypeRegistry - Adding type registration java.lang.Character -> org.hibernate.type.CharacterType@4cdb8504
[DEBUG] 2023-02-10 14:07:33.841 [main] BasicTypeRegistry - Adding type registration short -> org.hibernate.type.ShortType@2042ccce
[DEBUG] 2023-02-10 14:07:33.841 [main] BasicTypeRegistry - Adding type registration short -> org.hibernate.type.ShortType@2042ccce
[DEBUG] 2023-02-10 14:07:33.851 [main] BasicTypeRegistry - Adding type registration java.lang.Short -> org.hibernate.type.ShortType@2042ccce
[DEBUG] 2023-02-10 14:07:33.852 [main] BasicTypeRegistry - Adding type registration integer -> org.hibernate.type.IntegerType@28737371
[DEBUG] 2023-02-10 14:07:33.852 [main] BasicTypeRegistry - Adding type registration int -> org.hibernate.type.IntegerType@28737371
[DEBUG] 2023-02-10 14:07:33.852 [main] BasicTypeRegistry - Adding type registration java.lang.Integer -> org.hibernate.type.IntegerType@28737371
[DEBUG] 2023-02-10 14:07:33.853 [main] BasicTypeRegistry - Adding type registration long -> org.hibernate.type.LongType@2b289ac9
[DEBUG] 2023-02-10 14:07:33.853 [main] BasicTypeRegistry - Adding type registration long -> org.hibernate.type.LongType@2b289ac9
[DEBUG] 2023-02-10 14:07:33.853 [main] BasicTypeRegistry - Adding type registration java.lang.Long -> org.hibernate.type.LongType@2b289ac9
[DEBUG] 2023-02-10 14:07:33.854 [main] BasicTypeRegistry - Adding type registration float -> org.hibernate.type.FloatType@4487c0c2
[DEBUG] 2023-02-10 14:07:33.855 [main] BasicTypeRegistry - Adding type registration float -> org.hibernate.type.FloatType@4487c0c2
[DEBUG] 2023-02-10 14:07:33.855 [main] BasicTypeRegistry - Adding type registration java.lang.Float -> org.hibernate.type.FloatType@4487c0c2
[DEBUG] 2023-02-10 14:07:33.855 [main] BasicTypeRegistry - Adding type registration double -> org.hibernate.type.DoubleType@72825400
[DEBUG] 2023-02-10 14:07:33.857 [main] BasicTypeRegistry - Adding type registration double -> org.hibernate.type.DoubleType@72825400
[DEBUG] 2023-02-10 14:07:33.857 [main] BasicTypeRegistry - Adding type registration java.lang.Double -> org.hibernate.type.DoubleType@72825400
[DEBUG] 2023-02-10 14:07:33.858 [main] BasicTypeRegistry - Adding type registration big_decimal -> org.hibernate.type.BigDecimalType@78226c36
[DEBUG] 2023-02-10 14:07:33.859 [main] BasicTypeRegistry - Adding type registration java.math.BigDecimal -> org.hibernate.type.BigDecimalType@78226c36
[DEBUG] 2023-02-10 14:07:33.860 [main] BasicTypeRegistry - Adding type registration big_integer -> org.hibernate.type.BigIntegerType@1d5d5621
[DEBUG] 2023-02-10 14:07:33.862 [main] BasicTypeRegistry - Adding type registration java.math.BigInteger -> org.hibernate.type.BigIntegerType@1d5d5621
[DEBUG] 2023-02-10 14:07:33.863 [main] BasicTypeRegistry - Adding type registration string -> org.hibernate.type.StringType@a7ad6e5
[DEBUG] 2023-02-10 14:07:33.868 [main] BasicTypeRegistry - Adding type registration java.lang.String -> org.hibernate.type.StringType@a7ad6e5
[DEBUG] 2023-02-10 14:07:33.869 [main] BasicTypeRegistry - Adding type registration nstring -> org.hibernate.type.StringNVarcharType@475646d4
[DEBUG] 2023-02-10 14:07:33.869 [main] BasicTypeRegistry - Adding type registration ncharacter -> org.hibernate.type.CharacterNCharType@687e4c93
[DEBUG] 2023-02-10 14:07:33.870 [main] BasicTypeRegistry - Adding type registration url -> org.hibernate.type.UrlType@1b5c3e5f
[DEBUG] 2023-02-10 14:07:33.870 [main] BasicTypeRegistry - Adding type registration java.net.URL -> org.hibernate.type.UrlType@1b5c3e5f
[DEBUG] 2023-02-10 14:07:33.871 [main] BasicTypeRegistry - Adding type registration Duration -> org.hibernate.type.DurationType@5aaaa446
[DEBUG] 2023-02-10 14:07:33.871 [main] BasicTypeRegistry - Adding type registration java.time.Duration -> org.hibernate.type.DurationType@5aaaa446
[DEBUG] 2023-02-10 14:07:33.883 [main] BasicTypeRegistry - Adding type registration Instant -> org.hibernate.type.InstantType@3f4f5330
[DEBUG] 2023-02-10 14:07:33.883 [main] BasicTypeRegistry - Adding type registration java.time.Instant -> org.hibernate.type.InstantType@3f4f5330
[DEBUG] 2023-02-10 14:07:33.884 [main] BasicTypeRegistry - Adding type registration LocalDateTime -> org.hibernate.type.LocalDateTimeType@a0db585
[DEBUG] 2023-02-10 14:07:33.885 [main] BasicTypeRegistry - Adding type registration java.time.LocalDateTime -> org.hibernate.type.LocalDateTimeType@a0db585
[DEBUG] 2023-02-10 14:07:33.885 [main] BasicTypeRegistry - Adding type registration LocalDate -> org.hibernate.type.LocalDateType@7cea0110
[DEBUG] 2023-02-10 14:07:33.885 [main] BasicTypeRegistry - Adding type registration java.time.LocalDate -> org.hibernate.type.LocalDateType@7cea0110
[DEBUG] 2023-02-10 14:07:33.886 [main] BasicTypeRegistry - Adding type registration LocalTime -> org.hibernate.type.LocalTimeType@1729ec00
[DEBUG] 2023-02-10 14:07:33.886 [main] BasicTypeRegistry - Adding type registration java.time.LocalTime -> org.hibernate.type.LocalTimeType@1729ec00
[DEBUG] 2023-02-10 14:07:33.887 [main] BasicTypeRegistry - Adding type registration OffsetDateTime -> org.hibernate.type.OffsetDateTimeType@459b187a
[DEBUG] 2023-02-10 14:07:33.887 [main] BasicTypeRegistry - Adding type registration java.time.OffsetDateTime -> org.hibernate.type.OffsetDateTimeType@459b187a
[DEBUG] 2023-02-10 14:07:33.888 [main] BasicTypeRegistry - Adding type registration OffsetTime -> org.hibernate.type.OffsetTimeType@716e431d
[DEBUG] 2023-02-10 14:07:33.888 [main] BasicTypeRegistry - Adding type registration java.time.OffsetTime -> org.hibernate.type.OffsetTimeType@716e431d
[DEBUG] 2023-02-10 14:07:33.889 [main] BasicTypeRegistry - Adding type registration ZonedDateTime -> org.hibernate.type.ZonedDateTimeType@6884f0d9
[DEBUG] 2023-02-10 14:07:33.890 [main] BasicTypeRegistry - Adding type registration java.time.ZonedDateTime -> org.hibernate.type.ZonedDateTimeType@6884f0d9
[DEBUG] 2023-02-10 14:07:33.891 [main] BasicTypeRegistry - Adding type registration date -> org.hibernate.type.DateType@67efd2c2
[DEBUG] 2023-02-10 14:07:33.891 [main] BasicTypeRegistry - Adding type registration java.sql.Date -> org.hibernate.type.DateType@67efd2c2
[DEBUG] 2023-02-10 14:07:33.892 [main] BasicTypeRegistry - Adding type registration time -> org.hibernate.type.TimeType@38792286
[DEBUG] 2023-02-10 14:07:33.892 [main] BasicTypeRegistry - Adding type registration java.sql.Time -> org.hibernate.type.TimeType@38792286
[DEBUG] 2023-02-10 14:07:33.892 [main] BasicTypeRegistry - Adding type registration timestamp -> org.hibernate.type.TimestampType@7d2998d8
[DEBUG] 2023-02-10 14:07:33.892 [main] BasicTypeRegistry - Adding type registration java.sql.Timestamp -> org.hibernate.type.TimestampType@7d2998d8
[DEBUG] 2023-02-10 14:07:33.902 [main] BasicTypeRegistry - Adding type registration java.util.Date -> org.hibernate.type.TimestampType@7d2998d8
[DEBUG] 2023-02-10 14:07:33.903 [main] BasicTypeRegistry - Adding type registration dbtimestamp -> org.hibernate.type.DbTimestampType@2123064f
[DEBUG] 2023-02-10 14:07:33.905 [main] BasicTypeRegistry - Adding type registration calendar -> org.hibernate.type.CalendarType@73d4066e
[DEBUG] 2023-02-10 14:07:33.905 [main] BasicTypeRegistry - Adding type registration java.util.Calendar -> org.hibernate.type.CalendarType@73d4066e
[DEBUG] 2023-02-10 14:07:33.905 [main] BasicTypeRegistry - Adding type registration java.util.GregorianCalendar -> org.hibernate.type.CalendarType@73d4066e
[DEBUG] 2023-02-10 14:07:33.906 [main] BasicTypeRegistry - Adding type registration calendar_date -> org.hibernate.type.CalendarDateType@49ede9c7
[DEBUG] 2023-02-10 14:07:33.907 [main] BasicTypeRegistry - Adding type registration locale -> org.hibernate.type.LocaleType@45404d5
[DEBUG] 2023-02-10 14:07:33.907 [main] BasicTypeRegistry - Adding type registration java.util.Locale -> org.hibernate.type.LocaleType@45404d5
[DEBUG] 2023-02-10 14:07:33.911 [main] BasicTypeRegistry - Adding type registration currency -> org.hibernate.type.CurrencyType@5ba26eb0
[DEBUG] 2023-02-10 14:07:33.911 [main] BasicTypeRegistry - Adding type registration java.util.Currency -> org.hibernate.type.CurrencyType@5ba26eb0
[DEBUG] 2023-02-10 14:07:33.912 [main] BasicTypeRegistry - Adding type registration timezone -> org.hibernate.type.TimeZoneType@741f8dbe
[DEBUG] 2023-02-10 14:07:33.912 [main] BasicTypeRegistry - Adding type registration java.util.TimeZone -> org.hibernate.type.TimeZoneType@741f8dbe
[DEBUG] 2023-02-10 14:07:33.912 [main] BasicTypeRegistry - Adding type registration class -> org.hibernate.type.ClassType@9fc9f91
[DEBUG] 2023-02-10 14:07:33.913 [main] BasicTypeRegistry - Adding type registration java.lang.Class -> org.hibernate.type.ClassType@9fc9f91
[DEBUG] 2023-02-10 14:07:33.913 [main] BasicTypeRegistry - Adding type registration uuid-binary -> org.hibernate.type.UUIDBinaryType@704641e3
[DEBUG] 2023-02-10 14:07:33.913 [main] BasicTypeRegistry - Adding type registration java.util.UUID -> org.hibernate.type.UUIDBinaryType@704641e3
[DEBUG] 2023-02-10 14:07:33.914 [main] BasicTypeRegistry - Adding type registration uuid-char -> org.hibernate.type.UUIDCharType@5d7ca698
[DEBUG] 2023-02-10 14:07:33.914 [main] BasicTypeRegistry - Adding type registration binary -> org.hibernate.type.BinaryType@24db6ce
[DEBUG] 2023-02-10 14:07:33.914 [main] BasicTypeRegistry - Adding type registration byte[] -> org.hibernate.type.BinaryType@24db6ce
[DEBUG] 2023-02-10 14:07:33.915 [main] BasicTypeRegistry - Adding type registration [B -> org.hibernate.type.BinaryType@24db6ce
[DEBUG] 2023-02-10 14:07:33.915 [main] BasicTypeRegistry - Adding type registration wrapper-binary -> org.hibernate.type.WrapperBinaryType@6a638c79
[DEBUG] 2023-02-10 14:07:33.915 [main] BasicTypeRegistry - Adding type registration Byte[] -> org.hibernate.type.WrapperBinaryType@6a638c79
[DEBUG] 2023-02-10 14:07:33.915 [main] BasicTypeRegistry - Adding type registration [Ljava.lang.Byte; -> org.hibernate.type.WrapperBinaryType@6a638c79
[DEBUG] 2023-02-10 14:07:33.916 [main] BasicTypeRegistry - Adding type registration row_version -> org.hibernate.type.RowVersionType@5b22d8a1
[DEBUG] 2023-02-10 14:07:33.916 [main] BasicTypeRegistry - Adding type registration image -> org.hibernate.type.ImageType@317e9c3c
[DEBUG] 2023-02-10 14:07:33.917 [main] BasicTypeRegistry - Adding type registration characters -> org.hibernate.type.CharArrayType@47ffe971
[DEBUG] 2023-02-10 14:07:33.917 [main] BasicTypeRegistry - Adding type registration char[] -> org.hibernate.type.CharArrayType@47ffe971
[DEBUG] 2023-02-10 14:07:33.917 [main] BasicTypeRegistry - Adding type registration [C -> org.hibernate.type.CharArrayType@47ffe971
[DEBUG] 2023-02-10 14:07:33.934 [main] BasicTypeRegistry - Adding type registration wrapper-characters -> org.hibernate.type.CharacterArrayType@10c07b8d
[DEBUG] 2023-02-10 14:07:33.934 [main] BasicTypeRegistry - Adding type registration [Ljava.lang.Character; -> org.hibernate.type.CharacterArrayType@10c07b8d
[DEBUG] 2023-02-10 14:07:33.934 [main] BasicTypeRegistry - Adding type registration Character[] -> org.hibernate.type.CharacterArrayType@10c07b8d
[DEBUG] 2023-02-10 14:07:33.934 [main] BasicTypeRegistry - Adding type registration text -> org.hibernate.type.TextType@5d51e129
[DEBUG] 2023-02-10 14:07:33.934 [main] BasicTypeRegistry - Adding type registration ntext -> org.hibernate.type.NTextType@7342e05d
[DEBUG] 2023-02-10 14:07:33.935 [main] BasicTypeRegistry - Adding type registration blob -> org.hibernate.type.BlobType@2133661d
[DEBUG] 2023-02-10 14:07:33.935 [main] BasicTypeRegistry - Adding type registration java.sql.Blob -> org.hibernate.type.BlobType@2133661d
[DEBUG] 2023-02-10 14:07:33.936 [main] BasicTypeRegistry - Adding type registration materialized_blob -> org.hibernate.type.MaterializedBlobType@cf518cf
[DEBUG] 2023-02-10 14:07:33.937 [main] BasicTypeRegistry - Adding type registration clob -> org.hibernate.type.ClobType@48840594
[DEBUG] 2023-02-10 14:07:33.937 [main] BasicTypeRegistry - Adding type registration java.sql.Clob -> org.hibernate.type.ClobType@48840594
[DEBUG] 2023-02-10 14:07:33.938 [main] BasicTypeRegistry - Adding type registration nclob -> org.hibernate.type.NClobType@1bc49bc5
[DEBUG] 2023-02-10 14:07:33.938 [main] BasicTypeRegistry - Adding type registration java.sql.NClob -> org.hibernate.type.NClobType@1bc49bc5
[DEBUG] 2023-02-10 14:07:33.938 [main] BasicTypeRegistry - Adding type registration materialized_clob -> org.hibernate.type.MaterializedClobType@2def7a7a
[DEBUG] 2023-02-10 14:07:33.939 [main] BasicTypeRegistry - Adding type registration materialized_nclob -> org.hibernate.type.MaterializedNClobType@4ee6291f
[DEBUG] 2023-02-10 14:07:33.939 [main] BasicTypeRegistry - Adding type registration serializable -> org.hibernate.type.SerializableType@a62c7cd
[DEBUG] 2023-02-10 14:07:33.941 [main] BasicTypeRegistry - Adding type registration object -> org.hibernate.type.ObjectType@7efd28bd
[DEBUG] 2023-02-10 14:07:33.941 [main] BasicTypeRegistry - Adding type registration java.lang.Object -> org.hibernate.type.ObjectType@7efd28bd
[DEBUG] 2023-02-10 14:07:33.941 [main] BasicTypeRegistry - Adding type registration imm_date -> org.hibernate.type.AdaptedImmutableType@26844abb
[DEBUG] 2023-02-10 14:07:33.941 [main] BasicTypeRegistry - Adding type registration imm_time -> org.hibernate.type.AdaptedImmutableType@1a865273
[DEBUG] 2023-02-10 14:07:33.941 [main] BasicTypeRegistry - Adding type registration imm_timestamp -> org.hibernate.type.AdaptedImmutableType@288ca5f0
[DEBUG] 2023-02-10 14:07:33.942 [main] BasicTypeRegistry - Adding type registration imm_dbtimestamp -> org.hibernate.type.AdaptedImmutableType@4068102e
[DEBUG] 2023-02-10 14:07:33.942 [main] BasicTypeRegistry - Adding type registration imm_calendar -> org.hibernate.type.AdaptedImmutableType@44bd4b0a
[DEBUG] 2023-02-10 14:07:33.942 [main] BasicTypeRegistry - Adding type registration imm_calendar_date -> org.hibernate.type.AdaptedImmutableType@6c008c24
[DEBUG] 2023-02-10 14:07:33.942 [main] BasicTypeRegistry - Adding type registration imm_binary -> org.hibernate.type.AdaptedImmutableType@216e0771
[DEBUG] 2023-02-10 14:07:33.942 [main] BasicTypeRegistry - Adding type registration imm_serializable -> org.hibernate.type.AdaptedImmutableType@21079a12
[DEBUG] 2023-02-10 14:07:33.980 [main] DefaultIdentifierGeneratorFactory - Registering IdentifierGenerator strategy [uuid2] -> [org.hibernate.id.UUIDGenerator]
[DEBUG] 2023-02-10 14:07:33.981 [main] DefaultIdentifierGeneratorFactory - Registering IdentifierGenerator strategy [guid] -> [org.hibernate.id.GUIDGenerator]
[DEBUG] 2023-02-10 14:07:33.981 [main] DefaultIdentifierGeneratorFactory - Registering IdentifierGenerator strategy [uuid] -> [org.hibernate.id.UUIDHexGenerator]
[DEBUG] 2023-02-10 14:07:33.982 [main] DefaultIdentifierGeneratorFactory - Registering IdentifierGenerator strategy [uuid.hex] -> [org.hibernate.id.UUIDHexGenerator]
[DEBUG] 2023-02-10 14:07:33.982 [main] DefaultIdentifierGeneratorFactory - Registering IdentifierGenerator strategy [assigned] -> [org.hibernate.id.Assigned]
[DEBUG] 2023-02-10 14:07:33.983 [main] DefaultIdentifierGeneratorFactory - Registering IdentifierGenerator strategy [identity] -> [org.hibernate.id.IdentityGenerator]
[DEBUG] 2023-02-10 14:07:33.985 [main] DefaultIdentifierGeneratorFactory - Registering IdentifierGenerator strategy [select] -> [org.hibernate.id.SelectGenerator]
[DEBUG] 2023-02-10 14:07:33.985 [main] DefaultIdentifierGeneratorFactory - Registering IdentifierGenerator strategy [sequence] -> [org.hibernate.id.enhanced.SequenceStyleGenerator]
[DEBUG] 2023-02-10 14:07:33.986 [main] DefaultIdentifierGeneratorFactory - Registering IdentifierGenerator strategy [seqhilo] -> [org.hibernate.id.SequenceHiLoGenerator]
[DEBUG] 2023-02-10 14:07:33.986 [main] DefaultIdentifierGeneratorFactory - Registering IdentifierGenerator strategy [increment] -> [org.hibernate.id.IncrementGenerator]
[DEBUG] 2023-02-10 14:07:33.986 [main] DefaultIdentifierGeneratorFactory - Registering IdentifierGenerator strategy [foreign] -> [org.hibernate.id.ForeignGenerator]
[DEBUG] 2023-02-10 14:07:33.987 [main] DefaultIdentifierGeneratorFactory - Registering IdentifierGenerator strategy [sequence-identity] -> [org.hibernate.id.SequenceIdentityGenerator]
[DEBUG] 2023-02-10 14:07:33.987 [main] DefaultIdentifierGeneratorFactory - Registering IdentifierGenerator strategy [enhanced-sequence] -> [org.hibernate.id.enhanced.SequenceStyleGenerator]
[DEBUG] 2023-02-10 14:07:33.988 [main] DefaultIdentifierGeneratorFactory - Registering IdentifierGenerator strategy [enhanced-table] -> [org.hibernate.id.enhanced.TableGenerator]
[INFO ] 2023-02-10 14:07:33.999 [main] C3P0ConnectionProvider - HHH010002: C3P0 using driver: com.mysql.cj.jdbc.Driver at URL: jdbc:mysql://localhost:3306/questie_test
[INFO ] 2023-02-10 14:07:33.999 [main] C3P0ConnectionProvider - HHH10001001: Connection properties: {password=****, user=root}
[INFO ] 2023-02-10 14:07:33.999 [main] C3P0ConnectionProvider - HHH10001003: Autocommit mode: false
[INFO ] 2023-02-10 14:07:34.202 [main] C3P0ConnectionProvider - HHH10001007: JDBC isolation level: <unknown>
[DEBUG] 2023-02-10 14:07:34.427 [main] JdbcEnvironmentInitiator - Database ->
       name : MySQL
    version : 8.0.22
      major : 8
      minor : 0
[DEBUG] 2023-02-10 14:07:34.434 [main] JdbcEnvironmentInitiator - Driver ->
       name : MySQL Connector/J
    version : mysql-connector-java-8.0.16 (Revision: 34cbc6bc61f72836e26327537a432d6db7c77de6)
      major : 8
      minor : 0
[DEBUG] 2023-02-10 14:07:34.439 [main] JdbcEnvironmentInitiator - JDBC version : 4.2
[INFO ] 2023-02-10 14:07:34.483 [main] Dialect - HHH000400: Using dialect: org.hibernate.dialect.MySQL8Dialect
[DEBUG] 2023-02-10 14:07:34.517 [main] IdentifierHelperBuilder - JDBC driver metadata reported database stores quoted identifiers in more than one case
[DEBUG] 2023-02-10 14:07:34.559 [main] IdentifierHelperBuilder - IdentifierCaseStrategy for both quoted and unquoted identifiers was set to the same strategy [MIXED]; that will likely lead to problems in schema update and validation if using quoted identifiers
[DEBUG] 2023-02-10 14:07:34.622 [main] Namespace - Created database namespace [logicalName=Name{catalog=null, schema=null}, physicalName=Name{catalog=null, schema=null}]
[DEBUG] 2023-02-10 14:07:34.628 [main] TypeConfiguration$Scope - Scoping TypeConfiguration [org.hibernate.type.spi.TypeConfiguration@2b38b1f] to MetadataBuildingContext [org.hibernate.boot.internal.MetadataBuildingContextRootImpl@1d50a7ca]
[DEBUG] 2023-02-10 14:07:34.698 [main] AnnotationMetadataSourceProcessorImpl - Encountered a non-categorized annotated class [questie.entity.Quest]; ignoring
[DEBUG] 2023-02-10 14:07:34.741 [main] AnnotationBinder - Binding entity from annotated class: questie.entity.User
[DEBUG] 2023-02-10 14:07:34.768 [main] Ejb3Column - Binding column: Ejb3DiscriminatorColumn{logicalColumnName'DTYPE', discriminatorTypeName='string'}
[DEBUG] 2023-02-10 14:07:34.778 [main] EntityBinder - Import with entity name User
[DEBUG] 2023-02-10 14:07:34.780 [main] EntityBinder - Bind entity questie.entity.User on table User
[DEBUG] 2023-02-10 14:07:34.807 [main] Ejb3Column - Binding column: Ejb3Column{table=org.hibernate.mapping.Table(User), mappingColumn=id, insertable=true, updatable=true, unique=false}
[DEBUG] 2023-02-10 14:07:34.825 [main] PropertyBinder - MetadataSourceProcessor property id with lazy=false
[DEBUG] 2023-02-10 14:07:34.827 [main] AbstractPropertyHolder - Attempting to locate auto-apply AttributeConverter for property [questie.entity.User:id]
[DEBUG] 2023-02-10 14:07:34.828 [main] SimpleValueBinder - building SimpleValue for id
[DEBUG] 2023-02-10 14:07:34.830 [main] PropertyBinder - Building property id
[DEBUG] 2023-02-10 14:07:34.832 [main] BinderHelper - #makeIdGenerator(org.hibernate.mapping.SimpleValue([org.hibernate.mapping.Column(id)]), id, org.hibernate.id.enhanced.SequenceStyleGenerator, native, ...)
[DEBUG] 2023-02-10 14:07:34.832 [main] Ejb3Column - Binding column: Ejb3Column{table=org.hibernate.mapping.Table(User), mappingColumn=first_name, insertable=true, updatable=true, unique=false}
[DEBUG] 2023-02-10 14:07:34.833 [main] PropertyBinder - MetadataSourceProcessor property firstName with lazy=false
[DEBUG] 2023-02-10 14:07:34.833 [main] AbstractPropertyHolder - Attempting to locate auto-apply AttributeConverter for property [questie.entity.User:firstName]
[DEBUG] 2023-02-10 14:07:34.834 [main] SimpleValueBinder - building SimpleValue for firstName
[DEBUG] 2023-02-10 14:07:34.834 [main] PropertyBinder - Building property firstName
[DEBUG] 2023-02-10 14:07:34.834 [main] Ejb3Column - Binding column: Ejb3Column{table=org.hibernate.mapping.Table(User), mappingColumn=gamertag, insertable=true, updatable=true, unique=false}
[DEBUG] 2023-02-10 14:07:34.834 [main] PropertyBinder - MetadataSourceProcessor property gamertag with lazy=false
[DEBUG] 2023-02-10 14:07:34.834 [main] AbstractPropertyHolder - Attempting to locate auto-apply AttributeConverter for property [questie.entity.User:gamertag]
[DEBUG] 2023-02-10 14:07:34.834 [main] SimpleValueBinder - building SimpleValue for gamertag
[DEBUG] 2023-02-10 14:07:34.836 [main] PropertyBinder - Building property gamertag
[DEBUG] 2023-02-10 14:07:34.836 [main] Ejb3Column - Binding column: Ejb3Column{table=org.hibernate.mapping.Table(User), mappingColumn=last_name, insertable=true, updatable=true, unique=false}
[DEBUG] 2023-02-10 14:07:34.836 [main] PropertyBinder - MetadataSourceProcessor property lastName with lazy=false
[DEBUG] 2023-02-10 14:07:34.837 [main] AbstractPropertyHolder - Attempting to locate auto-apply AttributeConverter for property [questie.entity.User:lastName]
[DEBUG] 2023-02-10 14:07:34.837 [main] SimpleValueBinder - building SimpleValue for lastName
[DEBUG] 2023-02-10 14:07:34.837 [main] PropertyBinder - Building property lastName
[DEBUG] 2023-02-10 14:07:34.839 [main] SimpleValueBinder - Starting fillSimpleValue for id
[DEBUG] 2023-02-10 14:07:34.839 [main] SimpleValueBinder - Starting fillSimpleValue for firstName
[DEBUG] 2023-02-10 14:07:34.839 [main] SimpleValueBinder - Starting fillSimpleValue for gamertag
[DEBUG] 2023-02-10 14:07:34.839 [main] SimpleValueBinder - Starting fillSimpleValue for lastName
[DEBUG] 2023-02-10 14:07:34.840 [main] PrimaryKey - Forcing column [id] to be non-null as it is part of the primary key for table [user]
[DEBUG] 2023-02-10 14:07:34.881 [main] SessionFactoryImpl - Building session factory
[DEBUG] 2023-02-10 14:07:34.882 [main] Settings - SessionFactory name : null
[DEBUG] 2023-02-10 14:07:34.882 [main] Settings - Automatic flush during beforeCompletion(): enabled
[DEBUG] 2023-02-10 14:07:34.882 [main] Settings - Automatic session close at end of transaction: disabled
[DEBUG] 2023-02-10 14:07:34.882 [main] Settings - Statistics: disabled
[DEBUG] 2023-02-10 14:07:34.882 [main] Settings - Deleted entity synthetic identifier rollback: disabled
[DEBUG] 2023-02-10 14:07:34.882 [main] Settings - Default entity-mode: pojo
[DEBUG] 2023-02-10 14:07:34.882 [main] Settings - Check Nullability in Core (should be disabled when Bean Validation is on): enabled
[DEBUG] 2023-02-10 14:07:34.882 [main] Settings - Allow initialization of lazy state outside session : disabled
[DEBUG] 2023-02-10 14:07:34.882 [main] Settings - Using BatchFetchStyle : LEGACY
[DEBUG] 2023-02-10 14:07:34.882 [main] Settings - Default batch fetch size: -1
[DEBUG] 2023-02-10 14:07:34.883 [main] Settings - Maximum outer join fetch depth: 2
[DEBUG] 2023-02-10 14:07:34.883 [main] Settings - Default null ordering: NONE
[DEBUG] 2023-02-10 14:07:34.883 [main] Settings - Order SQL updates by primary key: disabled
[DEBUG] 2023-02-10 14:07:34.883 [main] Settings - Order SQL inserts for batching: disabled
[DEBUG] 2023-02-10 14:07:34.883 [main] Settings - multi-tenancy strategy : NONE
[DEBUG] 2023-02-10 14:07:34.883 [main] Settings - JTA Track by Thread: enabled
[DEBUG] 2023-02-10 14:07:34.885 [main] Settings - Query language substitutions: {}
[DEBUG] 2023-02-10 14:07:34.885 [main] Settings - Named query checking : enabled
[DEBUG] 2023-02-10 14:07:34.886 [main] Settings - Second-level cache: disabled
[DEBUG] 2023-02-10 14:07:34.886 [main] Settings - Second-level query cache: disabled
[DEBUG] 2023-02-10 14:07:34.886 [main] Settings - Second-level query cache factory: null
[DEBUG] 2023-02-10 14:07:34.886 [main] Settings - Second-level cache region prefix: null
[DEBUG] 2023-02-10 14:07:34.886 [main] Settings - Optimize second-level cache for minimal puts: disabled
[DEBUG] 2023-02-10 14:07:34.886 [main] Settings - Structured second-level cache entries: disabled
[DEBUG] 2023-02-10 14:07:34.887 [main] Settings - Second-level cache direct-reference entries: disabled
[DEBUG] 2023-02-10 14:07:34.887 [main] Settings - Automatic eviction of collection cache: disabled
[DEBUG] 2023-02-10 14:07:34.887 [main] Settings - JDBC batch size: 15
[DEBUG] 2023-02-10 14:07:34.887 [main] Settings - JDBC batch updates for versioned data: enabled
[DEBUG] 2023-02-10 14:07:34.887 [main] Settings - Scrollable result sets: enabled
[DEBUG] 2023-02-10 14:07:34.887 [main] Settings - Wrap result sets: disabled
[DEBUG] 2023-02-10 14:07:34.887 [main] Settings - JDBC3 getGeneratedKeys(): enabled
[DEBUG] 2023-02-10 14:07:34.887 [main] Settings - JDBC result set fetch size: null
[DEBUG] 2023-02-10 14:07:34.887 [main] Settings - Connection release mode: AFTER_TRANSACTION
[DEBUG] 2023-02-10 14:07:34.887 [main] Settings - Generate SQL with comments: disabled
[DEBUG] 2023-02-10 14:07:34.887 [main] Settings - JPA compliance - query : 
[DEBUG] 2023-02-10 14:07:34.887 [main] Settings - JPA compliance - closed-handling : 
[DEBUG] 2023-02-10 14:07:34.887 [main] Settings - JPA compliance - lists : 
[DEBUG] 2023-02-10 14:07:34.887 [main] Settings - JPA compliance - transactions : 
[INFO ] 2023-02-10 14:07:34.923 [main] beans - HHH10005002: No explicit CDI BeanManager reference was passed to Hibernate, but CDI is available on the Hibernate ClassLoader.
[DEBUG] 2023-02-10 14:07:34.948 [main] SessionFactoryImpl - Session factory constructed with filter configurations : {}
[DEBUG] 2023-02-10 14:07:34.948 [main] SessionFactoryImpl - Instantiating session factory with properties: {sun.desktop=gnome, awt.toolkit=sun.awt.X11.XToolkit, java.specification.version=11, sun.cpu.isalist=, hibernate.c3p0.idle_test_period=3000, sun.jnu.encoding=UTF-8, hibernate.c3p0.min_size=5, java.class.path=/home/student/IdeaProjects/WoWQuestHelper/target/test-classes:/home/student/IdeaProjects/WoWQuestHelper/target/classes:/home/student/.m2/repository/org/junit/platform/junit-platform-runner/1.0.0/junit-platform-runner-1.0.0.jar:/home/student/.m2/repository/org/apiguardian/apiguardian-api/1.0.0/apiguardian-api-1.0.0.jar:/home/student/.m2/repository/org/junit/platform/junit-platform-launcher/1.0.0/junit-platform-launcher-1.0.0.jar:/home/student/.m2/repository/org/junit/platform/junit-platform-suite-api/1.0.0/junit-platform-suite-api-1.0.0.jar:/home/student/.m2/repository/org/junit/platform/junit-platform-commons/1.0.0/junit-platform-commons-1.0.0.jar:/home/student/.m2/repository/org/junit/vintage/junit-vintage-engine/4.12.0/junit-vintage-engine-4.12.0.jar:/home/student/.m2/repository/org/junit/platform/junit-platform-engine/1.0.0/junit-platform-engine-1.0.0.jar:/home/student/.m2/repository/org/opentest4j/opentest4j/1.0.0/opentest4j-1.0.0.jar:/home/student/.m2/repository/org/junit/jupiter/junit-jupiter-engine/5.0.0/junit-jupiter-engine-5.0.0.jar:/home/student/.m2/repository/org/junit/jupiter/junit-jupiter-api/5.0.0/junit-jupiter-api-5.0.0.jar:/home/student/.m2/repository/junit/junit/4.12/junit-4.12.jar:/home/student/.m2/repository/org/hamcrest/hamcrest-core/1.3/hamcrest-core-1.3.jar:/home/student/.m2/repository/javax/javaee-web-api/7.0/javaee-web-api-7.0.jar:/home/student/.m2/repository/mysql/mysql-connector-java/8.0.16/mysql-connector-java-8.0.16.jar:/home/student/.m2/repository/com/google/protobuf/protobuf-java/3.6.1/protobuf-java-3.6.1.jar:/home/student/.m2/repository/jstl/jstl/1.2/jstl-1.2.jar:/home/student/.m2/repository/org/apache/logging/log4j/log4j-api/2.17.1/log4j-api-2.17.1.jar:/home/student/.m2/repository/org/apache/logging/log4j/log4j-core/2.17.1/log4j-core-2.17.1.jar:/home/student/.m2/repository/org/hibernate/hibernate-core/5.4.4.Final/hibernate-core-5.4.4.Final.jar:/home/student/.m2/repository/org/jboss/logging/jboss-logging/3.3.2.Final/jboss-logging-3.3.2.Final.jar:/home/student/.m2/repository/javax/persistence/javax.persistence-api/2.2/javax.persistence-api-2.2.jar:/home/student/.m2/repository/org/javassist/javassist/3.24.0-GA/javassist-3.24.0-GA.jar:/home/student/.m2/repository/net/bytebuddy/byte-buddy/1.9.11/byte-buddy-1.9.11.jar:/home/student/.m2/repository/antlr/antlr/2.7.7/antlr-2.7.7.jar:/home/student/.m2/repository/org/jboss/spec/javax/transaction/jboss-transaction-api_1.2_spec/1.1.1.Final/jboss-transaction-api_1.2_spec-1.1.1.Final.jar:/home/student/.m2/repository/org/jboss/jandex/2.0.5.Final/jandex-2.0.5.Final.jar:/home/student/.m2/repository/com/fasterxml/classmate/1.3.4/classmate-1.3.4.jar:/home/student/.m2/repository/javax/activation/javax.activation-api/1.2.0/javax.activation-api-1.2.0.jar:/home/student/.m2/repository/org/dom4j/dom4j/2.1.1/dom4j-2.1.1.jar:/home/student/.m2/repository/org/hibernate/common/hibernate-commons-annotations/5.1.0.Final/hibernate-commons-annotations-5.1.0.Final.jar:/home/student/.m2/repository/javax/xml/bind/jaxb-api/2.3.1/jaxb-api-2.3.1.jar:/home/student/.m2/repository/org/glassfish/jaxb/jaxb-runtime/2.3.1/jaxb-runtime-2.3.1.jar:/home/student/.m2/repository/org/glassfish/jaxb/txw2/2.3.1/txw2-2.3.1.jar:/home/student/.m2/repository/com/sun/istack/istack-commons-runtime/3.0.7/istack-commons-runtime-3.0.7.jar:/home/student/.m2/repository/org/jvnet/staxex/stax-ex/1.8/stax-ex-1.8.jar:/home/student/.m2/repository/com/sun/xml/fastinfoset/FastInfoset/1.2.15/FastInfoset-1.2.15.jar:/home/student/.m2/repository/org/hibernate/hibernate-c3p0/5.4.4.Final/hibernate-c3p0-5.4.4.Final.jar:/home/student/.m2/repository/com/mchange/c3p0/0.9.5.3/c3p0-0.9.5.3.jar:/home/student/.m2/repository/com/mchange/mchange-commons-java/0.2.15/mchange-commons-java-0.2.15.jar:, java.vm.vendor=Ubuntu, sun.arch.data.model=64, java.vendor.url=https://ubuntu.com/, user.timezone=America/Chicago, os.name=Linux, java.vm.specification.version=11, sun.java.launcher=SUN_STANDARD, user.country=US, sun.boot.library.path=/usr/lib/jvm/java-11-openjdk-amd64/lib, sun.java.command=/home/student/IdeaProjects/WoWQuestHelper/target/surefire/surefirebooter17720778771925566345.jar /home/student/IdeaProjects/WoWQuestHelper/target/surefire/surefire846018972904147315tmp /home/student/IdeaProjects/WoWQuestHelper/target/surefire/surefire_06254279047883968211tmp, jdk.debug=release, surefire.test.class.path=/home/student/IdeaProjects/WoWQuestHelper/target/test-classes:/home/student/IdeaProjects/WoWQuestHelper/target/classes:/home/student/.m2/repository/org/junit/platform/junit-platform-runner/1.0.0/junit-platform-runner-1.0.0.jar:/home/student/.m2/repository/org/apiguardian/apiguardian-api/1.0.0/apiguardian-api-1.0.0.jar:/home/student/.m2/repository/org/junit/platform/junit-platform-launcher/1.0.0/junit-platform-launcher-1.0.0.jar:/home/student/.m2/repository/org/junit/platform/junit-platform-suite-api/1.0.0/junit-platform-suite-api-1.0.0.jar:/home/student/.m2/repository/org/junit/platform/junit-platform-commons/1.0.0/junit-platform-commons-1.0.0.jar:/home/student/.m2/repository/org/junit/vintage/junit-vintage-engine/4.12.0/junit-vintage-engine-4.12.0.jar:/home/student/.m2/repository/org/junit/platform/junit-platform-engine/1.0.0/junit-platform-engine-1.0.0.jar:/home/student/.m2/repository/org/opentest4j/opentest4j/1.0.0/opentest4j-1.0.0.jar:/home/student/.m2/repository/org/junit/jupiter/junit-jupiter-engine/5.0.0/junit-jupiter-engine-5.0.0.jar:/home/student/.m2/repository/org/junit/jupiter/junit-jupiter-api/5.0.0/junit-jupiter-api-5.0.0.jar:/home/student/.m2/repository/junit/junit/4.12/junit-4.12.jar:/home/student/.m2/repository/org/hamcrest/hamcrest-core/1.3/hamcrest-core-1.3.jar:/home/student/.m2/repository/javax/javaee-web-api/7.0/javaee-web-api-7.0.jar:/home/student/.m2/repository/mysql/mysql-connector-java/8.0.16/mysql-connector-java-8.0.16.jar:/home/student/.m2/repository/com/google/protobuf/protobuf-java/3.6.1/protobuf-java-3.6.1.jar:/home/student/.m2/repository/jstl/jstl/1.2/jstl-1.2.jar:/home/student/.m2/repository/org/apache/logging/log4j/log4j-api/2.17.1/log4j-api-2.17.1.jar:/home/student/.m2/repository/org/apache/logging/log4j/log4j-core/2.17.1/log4j-core-2.17.1.jar:/home/student/.m2/repository/org/hibernate/hibernate-core/5.4.4.Final/hibernate-core-5.4.4.Final.jar:/home/student/.m2/repository/org/jboss/logging/jboss-logging/3.3.2.Final/jboss-logging-3.3.2.Final.jar:/home/student/.m2/repository/javax/persistence/javax.persistence-api/2.2/javax.persistence-api-2.2.jar:/home/student/.m2/repository/org/javassist/javassist/3.24.0-GA/javassist-3.24.0-GA.jar:/home/student/.m2/repository/net/bytebuddy/byte-buddy/1.9.11/byte-buddy-1.9.11.jar:/home/student/.m2/repository/antlr/antlr/2.7.7/antlr-2.7.7.jar:/home/student/.m2/repository/org/jboss/spec/javax/transaction/jboss-transaction-api_1.2_spec/1.1.1.Final/jboss-transaction-api_1.2_spec-1.1.1.Final.jar:/home/student/.m2/repository/org/jboss/jandex/2.0.5.Final/jandex-2.0.5.Final.jar:/home/student/.m2/repository/com/fasterxml/classmate/1.3.4/classmate-1.3.4.jar:/home/student/.m2/repository/javax/activation/javax.activation-api/1.2.0/javax.activation-api-1.2.0.jar:/home/student/.m2/repository/org/dom4j/dom4j/2.1.1/dom4j-2.1.1.jar:/home/student/.m2/repository/org/hibernate/common/hibernate-commons-annotations/5.1.0.Final/hibernate-commons-annotations-5.1.0.Final.jar:/home/student/.m2/repository/javax/xml/bind/jaxb-api/2.3.1/jaxb-api-2.3.1.jar:/home/student/.m2/repository/org/glassfish/jaxb/jaxb-runtime/2.3.1/jaxb-runtime-2.3.1.jar:/home/student/.m2/repository/org/glassfish/jaxb/txw2/2.3.1/txw2-2.3.1.jar:/home/student/.m2/repository/com/sun/istack/istack-commons-runtime/3.0.7/istack-commons-runtime-3.0.7.jar:/home/student/.m2/repository/org/jvnet/staxex/stax-ex/1.8/stax-ex-1.8.jar:/home/student/.m2/repository/com/sun/xml/fastinfoset/FastInfoset/1.2.15/FastInfoset-1.2.15.jar:/home/student/.m2/repository/org/hibernate/hibernate-c3p0/5.4.4.Final/hibernate-c3p0-5.4.4.Final.jar:/home/student/.m2/repository/com/mchange/c3p0/0.9.5.3/c3p0-0.9.5.3.jar:/home/student/.m2/repository/com/mchange/mchange-commons-java/0.2.15/mchange-commons-java-0.2.15.jar:, sun.cpu.endian=little, user.home=/home/student, hibernate.c3p0.max_statements=50, user.language=en, java.specification.vendor=Oracle Corporation, java.version.date=2022-10-18, java.home=/usr/lib/jvm/java-11-openjdk-amd64, file.separator=/, basedir=/home/student/IdeaProjects/WoWQuestHelper, java.vm.compressedOopsMode=32-bit, line.separator=
, hibernate.c3p0.timeout=300, java.specification.name=Java Platform API Specification, java.vm.specification.vendor=Oracle Corporation, java.awt.graphicsenv=sun.awt.X11GraphicsEnvironment, surefire.real.class.path=/home/student/IdeaProjects/WoWQuestHelper/target/surefire/surefirebooter17720778771925566345.jar, connection.password=student, sun.management.compiler=HotSpot 64-Bit Tiered Compilers, hibernate.c3p0.max_size=20, java.runtime.version=11.0.17+8-post-Ubuntu-1ubuntu220.04, user.name=student, path.separator=:, hibernate.connection.username=****, os.version=5.4.0-137-generic, java.runtime.name=OpenJDK Runtime Environment, hibernate.connection.url=jdbc:mysql://localhost:3306/questie_test, file.encoding=UTF-8, java.vm.name=OpenJDK 64-Bit Server VM, localRepository=/home/student/.m2/repository, hibernate.connection.driver_class=com.mysql.cj.jdbc.Driver, java.vendor.url.bug=https://bugs.launchpad.net/ubuntu/+source/openjdk-lts, java.io.tmpdir=/tmp, idea.version=2022.3.1, java.version=11.0.17, user.dir=/home/student/IdeaProjects/WoWQuestHelper, os.arch=amd64, connection.username=root, java.vm.specification.name=Java Virtual Machine Specification, java.awt.printerjob=sun.print.PSPrinterJob, hibernate.connection.password=****, sun.os.patch.level=unknown, connection.driver_class=com.mysql.cj.jdbc.Driver, hibernate.boot.CfgXmlAccessService.key=org.hibernate.boot.cfgxml.spi.LoadedConfig@684e8c9d, java.library.path=/usr/java/packages/lib:/usr/lib/x86_64-linux-gnu/jni:/lib/x86_64-linux-gnu:/usr/lib/x86_64-linux-gnu:/usr/lib/jni:/lib:/usr/lib, java.vendor=Ubuntu, java.vm.info=mixed mode, sharing, java.vm.version=11.0.17+8-post-Ubuntu-1ubuntu220.04, hibernate.bytecode.use_reflection_optimizer=false, sun.io.unicode.encoding=UnicodeLittle, connection.url=jdbc:mysql://localhost:3306/questie_test, java.class.version=55.0}
[DEBUG] 2023-02-10 14:07:34.974 [main] TypeSafeActivator - Unable to acquire Bean Validation ValidatorFactory, skipping activation
[DEBUG] 2023-02-10 14:07:34.975 [main] JaccIntegrator - Skipping JACC integration as it was not enabled
[DEBUG] 2023-02-10 14:07:34.991 [main] SessionFactoryImpl - Instantiated session factory
[DEBUG] 2023-02-10 14:07:34.991 [main] TypeConfiguration$Scope - Scoping TypeConfiguration [org.hibernate.type.spi.TypeConfiguration@2b38b1f] to SessionFactoryImpl [org.hibernate.internal.SessionFactoryImpl@67332b1e]
[DEBUG] 2023-02-10 14:07:35.074 [main] ClassLoaderAccessImpl - Not known whether passed class name [questie.entity.User] is safe
[DEBUG] 2023-02-10 14:07:35.074 [main] ClassLoaderAccessImpl - No temp ClassLoader provided; using live ClassLoader for loading potentially unsafe class : questie.entity.User
[DEBUG] 2023-02-10 14:07:35.110 [main] ClassLoaderAccessImpl - Not known whether passed class name [questie.entity.User] is safe
[DEBUG] 2023-02-10 14:07:35.110 [main] ClassLoaderAccessImpl - No temp ClassLoader provided; using live ClassLoader for loading potentially unsafe class : questie.entity.User
[DEBUG] 2023-02-10 14:07:35.391 [main] AbstractEntityPersister - Static SQL for entity: questie.entity.User
[DEBUG] 2023-02-10 14:07:35.392 [main] AbstractEntityPersister -  Version select: select id from User where id =?
[DEBUG] 2023-02-10 14:07:35.392 [main] AbstractEntityPersister -  Snapshot select: select user_.id, user_.first_name as first_na2_0_, user_.gamertag as gamertag3_0_, user_.last_name as last_nam4_0_ from User user_ where user_.id=?
[DEBUG] 2023-02-10 14:07:35.392 [main] AbstractEntityPersister -  Insert 0: insert into User (first_name, gamertag, last_name, id) values (?, ?, ?, ?)
[DEBUG] 2023-02-10 14:07:35.392 [main] AbstractEntityPersister -  Update 0: update User set first_name=?, gamertag=?, last_name=? where id=?
[DEBUG] 2023-02-10 14:07:35.392 [main] AbstractEntityPersister -  Delete 0: delete from User where id=?
[DEBUG] 2023-02-10 14:07:35.392 [main] AbstractEntityPersister -  Identity insert: insert into User (first_name, gamertag, last_name) values (?, ?, ?)
[DEBUG] 2023-02-10 14:07:35.413 [main] QuerySpacesImpl - Adding QuerySpace : uid = <gen:0> -> org.hibernate.loader.plan.build.internal.spaces.EntityQuerySpaceImpl@5939e24]
[DEBUG] 2023-02-10 14:07:35.414 [main] MetamodelGraphWalker - Visiting attribute path : firstName
[DEBUG] 2023-02-10 14:07:35.414 [main] MetamodelGraphWalker - Visiting attribute path : gamertag
[DEBUG] 2023-02-10 14:07:35.414 [main] MetamodelGraphWalker - Visiting attribute path : lastName
[DEBUG] 2023-02-10 14:07:35.414 [main] FetchStyleLoadPlanBuildingAssociationVisitationStrategy - Building LoadPlan...
[DEBUG] 2023-02-10 14:07:35.425 [main] LoadQueryJoinAndFetchProcessor - processing queryspace <gen:0>
[DEBUG] 2023-02-10 14:07:35.428 [main] LoadPlanTreePrinter - LoadPlan(entity=questie.entity.User)
    - Returns
       - EntityReturnImpl(entity=questie.entity.User, querySpaceUid=<gen:0>, path=questie.entity.User)
    - QuerySpaces
       - EntityQuerySpaceImpl(uid=<gen:0>, entity=questie.entity.User)
          - SQL table alias mapping - user0_
          - alias suffix - 0_
          - suffixed key columns - {id1_0_0_}

[DEBUG] 2023-02-10 14:07:35.434 [main] EntityLoader - Static select for entity questie.entity.User [NONE]: select user0_.id as id1_0_0_, user0_.first_name as first_na2_0_0_, user0_.gamertag as gamertag3_0_0_, user0_.last_name as last_nam4_0_0_ from User user0_ where user0_.id=?
[DEBUG] 2023-02-10 14:07:35.435 [main] QuerySpacesImpl - Adding QuerySpace : uid = <gen:0> -> org.hibernate.loader.plan.build.internal.spaces.EntityQuerySpaceImpl@224d86d2]
[DEBUG] 2023-02-10 14:07:35.435 [main] MetamodelGraphWalker - Visiting attribute path : firstName
[DEBUG] 2023-02-10 14:07:35.435 [main] MetamodelGraphWalker - Visiting attribute path : gamertag
[DEBUG] 2023-02-10 14:07:35.435 [main] MetamodelGraphWalker - Visiting attribute path : lastName
[DEBUG] 2023-02-10 14:07:35.435 [main] FetchStyleLoadPlanBuildingAssociationVisitationStrategy - Building LoadPlan...
[DEBUG] 2023-02-10 14:07:35.435 [main] LoadQueryJoinAndFetchProcessor - processing queryspace <gen:0>
[DEBUG] 2023-02-10 14:07:35.435 [main] LoadPlanTreePrinter - LoadPlan(entity=questie.entity.User)
    - Returns
       - EntityReturnImpl(entity=questie.entity.User, querySpaceUid=<gen:0>, path=questie.entity.User)
    - QuerySpaces
       - EntityQuerySpaceImpl(uid=<gen:0>, entity=questie.entity.User)
          - SQL table alias mapping - user0_
          - alias suffix - 0_
          - suffixed key columns - {id1_0_0_}

[DEBUG] 2023-02-10 14:07:35.435 [main] EntityLoader - Static select for entity questie.entity.User [READ]: select user0_.id as id1_0_0_, user0_.first_name as first_na2_0_0_, user0_.gamertag as gamertag3_0_0_, user0_.last_name as last_nam4_0_0_ from User user0_ where user0_.id=?
[DEBUG] 2023-02-10 14:07:35.447 [main] Loader - Static select for action ACTION_MERGE on entity questie.entity.User: select user0_.id as id1_0_0_, user0_.first_name as first_na2_0_0_, user0_.gamertag as gamertag3_0_0_, user0_.last_name as last_nam4_0_0_ from User user0_ where user0_.id=?
[DEBUG] 2023-02-10 14:07:35.450 [main] Loader - Static select for action ACTION_REFRESH on entity questie.entity.User: select user0_.id as id1_0_0_, user0_.first_name as first_na2_0_0_, user0_.gamertag as gamertag3_0_0_, user0_.last_name as last_nam4_0_0_ from User user0_ where user0_.id=?
[DEBUG] 2023-02-10 14:07:35.480 [main] SchemaManagementToolCoordinator - No actions specified; doing nothing
[DEBUG] 2023-02-10 14:07:35.483 [main] JtaPlatformInitiator - No JtaPlatform was specified, checking resolver
[DEBUG] 2023-02-10 14:07:35.483 [main] JtaPlatformResolverInitiator - No JtaPlatformResolver was specified, using default [org.hibernate.engine.transaction.jta.platform.internal.StandardJtaPlatformResolver]
[DEBUG] 2023-02-10 14:07:35.486 [main] StandardJtaPlatformResolver - Could not resolve JtaPlatform, using default [org.hibernate.engine.transaction.jta.platform.internal.NoJtaPlatform]
[INFO ] 2023-02-10 14:07:35.486 [main] JtaPlatformInitiator - HHH000490: Using JtaPlatform implementation: [org.hibernate.engine.transaction.jta.platform.internal.NoJtaPlatform]
[DEBUG] 2023-02-10 14:07:35.491 [main] NamedQueryRepository - Checking 0 named HQL queries
[DEBUG] 2023-02-10 14:07:35.492 [main] NamedQueryRepository - Checking 0 named SQL queries
[DEBUG] 2023-02-10 14:07:35.494 [main] SessionFactoryRegistry - Initializing SessionFactoryRegistry : org.hibernate.internal.SessionFactoryRegistry@53a301f3
[DEBUG] 2023-02-10 14:07:35.495 [main] SessionFactoryRegistry - Registering SessionFactory: 49b0f99e-c4cd-41e6-816a-a5660e7e66fe (<unnamed>)
[DEBUG] 2023-02-10 14:07:35.495 [main] SessionFactoryRegistry - Not binding SessionFactory to JNDI, no JNDI name configured
[DEBUG] 2023-02-10 14:07:35.561 [main] StatisticsInitiator - Statistics initialized [enabled=false]
[DEBUG] 2023-02-10 14:07:35.577 [main] SQL - select user0_.id as id1_0_0_, user0_.first_name as first_na2_0_0_, user0_.gamertag as gamertag3_0_0_, user0_.last_name as last_nam4_0_0_ from User user0_ where user0_.id=?
[DEBUG] 2023-02-10 14:07:35.599 [main] ResultSetProcessorImpl - Starting ResultSet row #0
[DEBUG] 2023-02-10 14:07:35.599 [main] EntityReferenceInitializerImpl - On call to EntityIdentifierReaderImpl#resolve, EntityKey was already known; should only happen on root returns with an optional identifier specified
[DEBUG] 2023-02-10 14:07:35.605 [main] TwoPhaseLoad - Resolving attributes for [questie.entity.User#3]
[DEBUG] 2023-02-10 14:07:35.606 [main] TwoPhaseLoad - Processing attribute `firstName` : value = Barney
[DEBUG] 2023-02-10 14:07:35.606 [main] TwoPhaseLoad - Attribute (`firstName`)  - enhanced for lazy-loading? - false
[DEBUG] 2023-02-10 14:07:35.606 [main] TwoPhaseLoad - Processing attribute `gamertag` : value = bcurry
[DEBUG] 2023-02-10 14:07:35.606 [main] TwoPhaseLoad - Attribute (`gamertag`)  - enhanced for lazy-loading? - false
[DEBUG] 2023-02-10 14:07:35.606 [main] TwoPhaseLoad - Processing attribute `lastName` : value = Curry
[DEBUG] 2023-02-10 14:07:35.606 [main] TwoPhaseLoad - Attribute (`lastName`)  - enhanced for lazy-loading? - false
[DEBUG] 2023-02-10 14:07:35.612 [main] TwoPhaseLoad - Done materializing entity [questie.entity.User#3]
[DEBUG] 2023-02-10 14:07:35.612 [main] ResourceRegistryStandardImpl - HHH000387: ResultSet's statement was not registered
[DEBUG] 2023-02-10 14:07:35.620 [main] AbstractLoadPlanBasedEntityLoader - Done entity load : questie.entity.User#3
[DEBUG] 2023-02-10 14:07:35.621 [main] LogicalConnectionManagedImpl - Initiating JDBC connection release from afterTransaction
[DEBUG] 2023-02-10 14:07:35.626 [main] TransactionImpl - On TransactionImpl creation, JpaCompliance#isJpaTransactionComplianceEnabled == false
[DEBUG] 2023-02-10 14:07:35.626 [main] TransactionImpl - begin
[DEBUG] 2023-02-10 14:07:35.632 [main] TransactionImpl - committing
[DEBUG] 2023-02-10 14:07:35.638 [main] AbstractFlushingEventListener - Processing flush-time cascades
[DEBUG] 2023-02-10 14:07:35.638 [main] AbstractFlushingEventListener - Dirty checking collections
[DEBUG] 2023-02-10 14:07:35.639 [main] AbstractFlushingEventListener - Flushed: 0 insertions, 0 updates, 1 deletions to 1 objects
[DEBUG] 2023-02-10 14:07:35.640 [main] AbstractFlushingEventListener - Flushed: 0 (re)creations, 0 updates, 0 removals to 0 collections
[DEBUG] 2023-02-10 14:07:35.640 [main] EntityPrinter - Listing entities:
[DEBUG] 2023-02-10 14:07:35.641 [main] EntityPrinter - questie.entity.User{gamertag=bcurry, firstName=Barney, lastName=Curry, id=3}
[DEBUG] 2023-02-10 14:07:35.648 [main] SQL - delete from User where id=?
[DEBUG] 2023-02-10 14:07:35.661 [main] LogicalConnectionManagedImpl - Initiating JDBC connection release from afterTransaction
[DEBUG] 2023-02-10 14:07:35.661 [main] LogicalConnectionManagedImpl - Initiating JDBC connection release from afterTransaction
[DEBUG] 2023-02-10 14:07:35.662 [main] JdbcCoordinatorImpl - HHH000420: Closing un-released batch
[DEBUG] 2023-02-10 14:07:35.662 [main] SQL - select user0_.id as id1_0_0_, user0_.first_name as first_na2_0_0_, user0_.gamertag as gamertag3_0_0_, user0_.last_name as last_nam4_0_0_ from User user0_ where user0_.id=?
[DEBUG] 2023-02-10 14:07:35.675 [main] ResourceRegistryStandardImpl - HHH000387: ResultSet's statement was not registered
[DEBUG] 2023-02-10 14:07:35.676 [main] AbstractLoadPlanBasedEntityLoader - Done entity load : questie.entity.User#3
[DEBUG] 2023-02-10 14:07:35.676 [main] LogicalConnectionManagedImpl - Initiating JDBC connection release from afterTransaction
[DEBUG] 2023-02-10 14:07:35.787 [main] CriteriaQueryImpl - Rendered criteria query -> select generatedAlias0 from User as generatedAlias0 where generatedAlias0.lastName like :param0
[DEBUG] 2023-02-10 14:07:35.800 [main] QueryTranslatorFactoryInitiator - QueryTranslatorFactory: org.hibernate.hql.internal.ast.ASTQueryTranslatorFactory@4d0e1a9a
[DEBUG] 2023-02-10 14:07:35.836 [main] QueryTranslatorImpl - parse() - HQL: select generatedAlias0 from questie.entity.User as generatedAlias0 where generatedAlias0.lastName like :param0
[DEBUG] 2023-02-10 14:07:35.851 [main] ErrorTracker - throwQueryException() : no errors
[DEBUG] 2023-02-10 14:07:35.863 [main] QueryTranslatorImpl - --- HQL AST ---
 \-[QUERY] Node: 'query'
    +-[SELECT_FROM] Node: 'SELECT_FROM'
    |  +-[FROM] Node: 'from'
    |  |  \-[RANGE] Node: 'RANGE'
    |  |     +-[DOT] Node: '.'
    |  |     |  +-[DOT] Node: '.'
    |  |     |  |  +-[IDENT] Node: 'questie'
    |  |     |  |  \-[IDENT] Node: 'entity'
    |  |     |  \-[IDENT] Node: 'User'
    |  |     \-[ALIAS] Node: 'generatedAlias0'
    |  \-[SELECT] Node: 'select'
    |     \-[IDENT] Node: 'generatedAlias0'
    \-[WHERE] Node: 'where'
       \-[LIKE] Node: 'like'
          +-[DOT] Node: '.'
          |  +-[IDENT] Node: 'generatedAlias0'
          |  \-[IDENT] Node: 'lastName'
          \-[COLON] Node: ':'
             \-[IDENT] Node: 'param0'

[DEBUG] 2023-02-10 14:07:35.890 [main] HqlSqlBaseWalker - select << begin [level=1, statement=select]
[DEBUG] 2023-02-10 14:07:35.910 [main] FromElement - FromClause{level=1} : questie.entity.User (generatedAlias0) -> user0_
[DEBUG] 2023-02-10 14:07:35.911 [main] FromReferenceNode - Resolved : generatedAlias0 -> user0_.id
[DEBUG] 2023-02-10 14:07:35.927 [main] FromReferenceNode - Resolved : generatedAlias0 -> user0_.id
[DEBUG] 2023-02-10 14:07:35.928 [main] DotNode - getDataType() : lastName -> org.hibernate.type.StringType@a7ad6e5
[DEBUG] 2023-02-10 14:07:35.928 [main] FromReferenceNode - Resolved : generatedAlias0.lastName -> user0_.last_name
[DEBUG] 2023-02-10 14:07:35.929 [main] HqlSqlBaseWalker - select : finishing up [level=1, statement=select]
[DEBUG] 2023-02-10 14:07:35.929 [main] HqlSqlWalker - processQuery() :  ( SELECT ( {select clause} user0_.id ) ( FromClause{level=1} User user0_ ) ( where ( like ( user0_.last_name user0_.id lastName ) ? ) ) )
[DEBUG] 2023-02-10 14:07:35.934 [main] JoinProcessor - Using FROM fragment [User user0_]
[DEBUG] 2023-02-10 14:07:35.934 [main] HqlSqlBaseWalker - select >> end [level=1, statement=select]
[DEBUG] 2023-02-10 14:07:35.935 [main] QueryTranslatorImpl - --- SQL AST ---
 \-[SELECT] QueryNode: 'SELECT'  querySpaces (User)
    +-[SELECT_CLAUSE] SelectClause: '{select clause}'
    |  +-[ALIAS_REF] IdentNode: 'user0_.id as id1_0_' {alias=generatedAlias0, className=questie.entity.User, tableAlias=user0_}
    |  \-[SQL_TOKEN] SqlFragment: 'user0_.first_name as first_na2_0_, user0_.gamertag as gamertag3_0_, user0_.last_name as last_nam4_0_'
    +-[FROM] FromClause: 'from' FromClause{level=1, fromElementCounter=1, fromElements=1, fromElementByClassAlias=[generatedAlias0], fromElementByTableAlias=[user0_], fromElementsByPath=[], collectionJoinFromElementsByPath=[], impliedElements=[]}
    |  \-[FROM_FRAGMENT] FromElement: 'User user0_' FromElement{explicit,not a collection join,not a fetch join,fetch non-lazy properties,classAlias=generatedAlias0,role=null,tableName=User,tableAlias=user0_,origin=null,columns={,className=questie.entity.User}}
    \-[WHERE] SqlNode: 'where'
       \-[LIKE] BinaryLogicOperatorNode: 'like'
          +-[DOT] DotNode: 'user0_.last_name' {propertyName=lastName,dereferenceType=PRIMITIVE,getPropertyPath=lastName,path=generatedAlias0.lastName,tableAlias=user0_,className=questie.entity.User,classAlias=generatedAlias0}
          |  +-[ALIAS_REF] IdentNode: 'user0_.id' {alias=generatedAlias0, className=questie.entity.User, tableAlias=user0_}
          |  \-[IDENT] IdentNode: 'lastName' {originalText=lastName}
          \-[NAMED_PARAM] ParameterNode: '?' {name=param0, expectedType=org.hibernate.type.StringType@a7ad6e5}

[DEBUG] 2023-02-10 14:07:35.935 [main] ErrorTracker - throwQueryException() : no errors
[DEBUG] 2023-02-10 14:07:35.939 [main] QueryTranslatorImpl - HQL: select generatedAlias0 from questie.entity.User as generatedAlias0 where generatedAlias0.lastName like :param0
[DEBUG] 2023-02-10 14:07:35.939 [main] QueryTranslatorImpl - SQL: select user0_.id as id1_0_, user0_.first_name as first_na2_0_, user0_.gamertag as gamertag3_0_, user0_.last_name as last_nam4_0_ from User user0_ where user0_.last_name like ?
[DEBUG] 2023-02-10 14:07:35.939 [main] ErrorTracker - throwQueryException() : no errors
[DEBUG] 2023-02-10 14:07:35.962 [main] SQL - select user0_.id as id1_0_, user0_.first_name as first_na2_0_, user0_.gamertag as gamertag3_0_, user0_.last_name as last_nam4_0_ from User user0_ where user0_.last_name like ?
[DEBUG] 2023-02-10 14:07:35.965 [main] Loader - Result set row: 0
[DEBUG] 2023-02-10 14:07:35.965 [main] Loader - Result row: EntityKey[questie.entity.User#3]
[DEBUG] 2023-02-10 14:07:35.966 [main] TwoPhaseLoad - Resolving attributes for [questie.entity.User#3]
[DEBUG] 2023-02-10 14:07:35.966 [main] TwoPhaseLoad - Processing attribute `firstName` : value = Barney
[DEBUG] 2023-02-10 14:07:35.966 [main] TwoPhaseLoad - Attribute (`firstName`)  - enhanced for lazy-loading? - false
[DEBUG] 2023-02-10 14:07:35.966 [main] TwoPhaseLoad - Processing attribute `gamertag` : value = bcurry
[DEBUG] 2023-02-10 14:07:35.966 [main] TwoPhaseLoad - Attribute (`gamertag`)  - enhanced for lazy-loading? - false
[DEBUG] 2023-02-10 14:07:35.966 [main] TwoPhaseLoad - Processing attribute `lastName` : value = Curry
[DEBUG] 2023-02-10 14:07:35.966 [main] TwoPhaseLoad - Attribute (`lastName`)  - enhanced for lazy-loading? - false
[DEBUG] 2023-02-10 14:07:35.966 [main] TwoPhaseLoad - Done materializing entity [questie.entity.User#3]
[DEBUG] 2023-02-10 14:07:35.967 [main] LogicalConnectionManagedImpl - Initiating JDBC connection release from afterTransaction
[DEBUG] 2023-02-10 14:07:36.011 [main] CriteriaQueryImpl - Rendered criteria query -> select generatedAlias0 from User as generatedAlias0 where generatedAlias0.lastName like :param0
[DEBUG] 2023-02-10 14:07:36.011 [main] SQL - select user0_.id as id1_0_, user0_.first_name as first_na2_0_, user0_.gamertag as gamertag3_0_, user0_.last_name as last_nam4_0_ from User user0_ where user0_.last_name like ?
[DEBUG] 2023-02-10 14:07:36.014 [main] Loader - Result set row: 0
[DEBUG] 2023-02-10 14:07:36.014 [main] Loader - Result row: EntityKey[questie.entity.User#1]
[DEBUG] 2023-02-10 14:07:36.015 [main] Loader - Result set row: 1
[DEBUG] 2023-02-10 14:07:36.015 [main] Loader - Result row: EntityKey[questie.entity.User#3]
[DEBUG] 2023-02-10 14:07:36.022 [main] Loader - Result set row: 2
[DEBUG] 2023-02-10 14:07:36.022 [main] Loader - Result row: EntityKey[questie.entity.User#4]
[DEBUG] 2023-02-10 14:07:36.022 [main] TwoPhaseLoad - Resolving attributes for [questie.entity.User#1]
[DEBUG] 2023-02-10 14:07:36.022 [main] TwoPhaseLoad - Processing attribute `firstName` : value = Joe
[DEBUG] 2023-02-10 14:07:36.022 [main] TwoPhaseLoad - Attribute (`firstName`)  - enhanced for lazy-loading? - false
[DEBUG] 2023-02-10 14:07:36.022 [main] TwoPhaseLoad - Processing attribute `gamertag` : value = jcoyne
[DEBUG] 2023-02-10 14:07:36.022 [main] TwoPhaseLoad - Attribute (`gamertag`)  - enhanced for lazy-loading? - false
[DEBUG] 2023-02-10 14:07:36.022 [main] TwoPhaseLoad - Processing attribute `lastName` : value = Coyne
[DEBUG] 2023-02-10 14:07:36.022 [main] TwoPhaseLoad - Attribute (`lastName`)  - enhanced for lazy-loading? - false
[DEBUG] 2023-02-10 14:07:36.022 [main] TwoPhaseLoad - Done materializing entity [questie.entity.User#1]
[DEBUG] 2023-02-10 14:07:36.023 [main] TwoPhaseLoad - Resolving attributes for [questie.entity.User#3]
[DEBUG] 2023-02-10 14:07:36.023 [main] TwoPhaseLoad - Processing attribute `firstName` : value = Barney
[DEBUG] 2023-02-10 14:07:36.023 [main] TwoPhaseLoad - Attribute (`firstName`)  - enhanced for lazy-loading? - false
[DEBUG] 2023-02-10 14:07:36.023 [main] TwoPhaseLoad - Processing attribute `gamertag` : value = bcurry
[DEBUG] 2023-02-10 14:07:36.023 [main] TwoPhaseLoad - Attribute (`gamertag`)  - enhanced for lazy-loading? - false
[DEBUG] 2023-02-10 14:07:36.025 [main] TwoPhaseLoad - Processing attribute `lastName` : value = Curry
[DEBUG] 2023-02-10 14:07:36.025 [main] TwoPhaseLoad - Attribute (`lastName`)  - enhanced for lazy-loading? - false
[DEBUG] 2023-02-10 14:07:36.025 [main] TwoPhaseLoad - Done materializing entity [questie.entity.User#3]
[DEBUG] 2023-02-10 14:07:36.025 [main] TwoPhaseLoad - Resolving attributes for [questie.entity.User#4]
[DEBUG] 2023-02-10 14:07:36.025 [main] TwoPhaseLoad - Processing attribute `firstName` : value = Karen
[DEBUG] 2023-02-10 14:07:36.025 [main] TwoPhaseLoad - Attribute (`firstName`)  - enhanced for lazy-loading? - false
[DEBUG] 2023-02-10 14:07:36.025 [main] TwoPhaseLoad - Processing attribute `gamertag` : value = kmack
[DEBUG] 2023-02-10 14:07:36.026 [main] TwoPhaseLoad - Attribute (`gamertag`)  - enhanced for lazy-loading? - false
[DEBUG] 2023-02-10 14:07:36.026 [main] TwoPhaseLoad - Processing attribute `lastName` : value = Mack
[DEBUG] 2023-02-10 14:07:36.026 [main] TwoPhaseLoad - Attribute (`lastName`)  - enhanced for lazy-loading? - false
[DEBUG] 2023-02-10 14:07:36.026 [main] TwoPhaseLoad - Done materializing entity [questie.entity.User#4]
[DEBUG] 2023-02-10 14:07:36.026 [main] LogicalConnectionManagedImpl - Initiating JDBC connection release from afterTransaction
[DEBUG] 2023-02-10 14:07:36.062 [main] SQL - select user0_.id as id1_0_0_, user0_.first_name as first_na2_0_0_, user0_.gamertag as gamertag3_0_0_, user0_.last_name as last_nam4_0_0_ from User user0_ where user0_.id=?
[DEBUG] 2023-02-10 14:07:36.064 [main] ResultSetProcessorImpl - Starting ResultSet row #0
[DEBUG] 2023-02-10 14:07:36.064 [main] EntityReferenceInitializerImpl - On call to EntityIdentifierReaderImpl#resolve, EntityKey was already known; should only happen on root returns with an optional identifier specified
[DEBUG] 2023-02-10 14:07:36.064 [main] TwoPhaseLoad - Resolving attributes for [questie.entity.User#3]
[DEBUG] 2023-02-10 14:07:36.064 [main] TwoPhaseLoad - Processing attribute `firstName` : value = Barney
[DEBUG] 2023-02-10 14:07:36.064 [main] TwoPhaseLoad - Attribute (`firstName`)  - enhanced for lazy-loading? - false
[DEBUG] 2023-02-10 14:07:36.064 [main] TwoPhaseLoad - Processing attribute `gamertag` : value = bcurry
[DEBUG] 2023-02-10 14:07:36.064 [main] TwoPhaseLoad - Attribute (`gamertag`)  - enhanced for lazy-loading? - false
[DEBUG] 2023-02-10 14:07:36.064 [main] TwoPhaseLoad - Processing attribute `lastName` : value = Curry
[DEBUG] 2023-02-10 14:07:36.064 [main] TwoPhaseLoad - Attribute (`lastName`)  - enhanced for lazy-loading? - false
[DEBUG] 2023-02-10 14:07:36.064 [main] TwoPhaseLoad - Done materializing entity [questie.entity.User#3]
[DEBUG] 2023-02-10 14:07:36.065 [main] ResourceRegistryStandardImpl - HHH000387: ResultSet's statement was not registered
[DEBUG] 2023-02-10 14:07:36.065 [main] AbstractLoadPlanBasedEntityLoader - Done entity load : questie.entity.User#3
[DEBUG] 2023-02-10 14:07:36.065 [main] LogicalConnectionManagedImpl - Initiating JDBC connection release from afterTransaction
[DEBUG] 2023-02-10 14:07:36.099 [main] CriteriaQueryImpl - Rendered criteria query -> select generatedAlias0 from User as generatedAlias0 where generatedAlias0.lastName like :param0
[DEBUG] 2023-02-10 14:07:36.099 [main] SQL - select user0_.id as id1_0_, user0_.first_name as first_na2_0_, user0_.gamertag as gamertag3_0_, user0_.last_name as last_nam4_0_ from User user0_ where user0_.last_name like ?
[DEBUG] 2023-02-10 14:07:36.103 [main] Loader - Result set row: 0
[DEBUG] 2023-02-10 14:07:36.104 [main] Loader - Result row: EntityKey[questie.entity.User#1]
[DEBUG] 2023-02-10 14:07:36.105 [main] Loader - Result set row: 1
[DEBUG] 2023-02-10 14:07:36.108 [main] Loader - Result row: EntityKey[questie.entity.User#3]
[DEBUG] 2023-02-10 14:07:36.108 [main] Loader - Result set row: 2
[DEBUG] 2023-02-10 14:07:36.109 [main] Loader - Result row: EntityKey[questie.entity.User#4]
[DEBUG] 2023-02-10 14:07:36.109 [main] TwoPhaseLoad - Resolving attributes for [questie.entity.User#1]
[DEBUG] 2023-02-10 14:07:36.109 [main] TwoPhaseLoad - Processing attribute `firstName` : value = Joe
[DEBUG] 2023-02-10 14:07:36.109 [main] TwoPhaseLoad - Attribute (`firstName`)  - enhanced for lazy-loading? - false
[DEBUG] 2023-02-10 14:07:36.111 [main] TwoPhaseLoad - Processing attribute `gamertag` : value = jcoyne
[DEBUG] 2023-02-10 14:07:36.111 [main] TwoPhaseLoad - Attribute (`gamertag`)  - enhanced for lazy-loading? - false
[DEBUG] 2023-02-10 14:07:36.112 [main] TwoPhaseLoad - Processing attribute `lastName` : value = Coyne
[DEBUG] 2023-02-10 14:07:36.112 [main] TwoPhaseLoad - Attribute (`lastName`)  - enhanced for lazy-loading? - false
[DEBUG] 2023-02-10 14:07:36.112 [main] TwoPhaseLoad - Done materializing entity [questie.entity.User#1]
[DEBUG] 2023-02-10 14:07:36.112 [main] TwoPhaseLoad - Resolving attributes for [questie.entity.User#3]
[DEBUG] 2023-02-10 14:07:36.112 [main] TwoPhaseLoad - Processing attribute `firstName` : value = Barney
[DEBUG] 2023-02-10 14:07:36.112 [main] TwoPhaseLoad - Attribute (`firstName`)  - enhanced for lazy-loading? - false
[DEBUG] 2023-02-10 14:07:36.112 [main] TwoPhaseLoad - Processing attribute `gamertag` : value = bcurry
[DEBUG] 2023-02-10 14:07:36.114 [main] TwoPhaseLoad - Attribute (`gamertag`)  - enhanced for lazy-loading? - false
[DEBUG] 2023-02-10 14:07:36.114 [main] TwoPhaseLoad - Processing attribute `lastName` : value = Curry
[DEBUG] 2023-02-10 14:07:36.114 [main] TwoPhaseLoad - Attribute (`lastName`)  - enhanced for lazy-loading? - false
[DEBUG] 2023-02-10 14:07:36.114 [main] TwoPhaseLoad - Done materializing entity [questie.entity.User#3]
[DEBUG] 2023-02-10 14:07:36.114 [main] TwoPhaseLoad - Resolving attributes for [questie.entity.User#4]
[DEBUG] 2023-02-10 14:07:36.114 [main] TwoPhaseLoad - Processing attribute `firstName` : value = Karen
[DEBUG] 2023-02-10 14:07:36.114 [main] TwoPhaseLoad - Attribute (`firstName`)  - enhanced for lazy-loading? - false
[DEBUG] 2023-02-10 14:07:36.114 [main] TwoPhaseLoad - Processing attribute `gamertag` : value = kmack
[DEBUG] 2023-02-10 14:07:36.114 [main] TwoPhaseLoad - Attribute (`gamertag`)  - enhanced for lazy-loading? - false
[DEBUG] 2023-02-10 14:07:36.114 [main] TwoPhaseLoad - Processing attribute `lastName` : value = Mack
[DEBUG] 2023-02-10 14:07:36.114 [main] TwoPhaseLoad - Attribute (`lastName`)  - enhanced for lazy-loading? - false
[DEBUG] 2023-02-10 14:07:36.114 [main] TwoPhaseLoad - Done materializing entity [questie.entity.User#4]
[DEBUG] 2023-02-10 14:07:36.115 [main] LogicalConnectionManagedImpl - Initiating JDBC connection release from afterTransaction
[DEBUG] 2023-02-10 14:07:36.150 [main] CriteriaQueryImpl - Rendered criteria query -> select generatedAlias0 from User as generatedAlias0
[DEBUG] 2023-02-10 14:07:36.150 [main] QueryTranslatorImpl - parse() - HQL: select generatedAlias0 from questie.entity.User as generatedAlias0
[DEBUG] 2023-02-10 14:07:36.151 [main] ErrorTracker - throwQueryException() : no errors
[DEBUG] 2023-02-10 14:07:36.154 [main] QueryTranslatorImpl - --- HQL AST ---
 \-[QUERY] Node: 'query'
    \-[SELECT_FROM] Node: 'SELECT_FROM'
       +-[FROM] Node: 'from'
       |  \-[RANGE] Node: 'RANGE'
       |     +-[DOT] Node: '.'
       |     |  +-[DOT] Node: '.'
       |     |  |  +-[IDENT] Node: 'questie'
       |     |  |  \-[IDENT] Node: 'entity'
       |     |  \-[IDENT] Node: 'User'
       |     \-[ALIAS] Node: 'generatedAlias0'
       \-[SELECT] Node: 'select'
          \-[IDENT] Node: 'generatedAlias0'

[DEBUG] 2023-02-10 14:07:36.154 [main] HqlSqlBaseWalker - select << begin [level=1, statement=select]
[DEBUG] 2023-02-10 14:07:36.154 [main] FromElement - FromClause{level=1} : questie.entity.User (generatedAlias0) -> user0_
[DEBUG] 2023-02-10 14:07:36.154 [main] FromReferenceNode - Resolved : generatedAlias0 -> user0_.id
[DEBUG] 2023-02-10 14:07:36.154 [main] HqlSqlBaseWalker - select : finishing up [level=1, statement=select]
[DEBUG] 2023-02-10 14:07:36.156 [main] HqlSqlWalker - processQuery() :  ( SELECT ( {select clause} user0_.id ) ( FromClause{level=1} User user0_ ) )
[DEBUG] 2023-02-10 14:07:36.156 [main] JoinProcessor - Using FROM fragment [User user0_]
[DEBUG] 2023-02-10 14:07:36.156 [main] HqlSqlBaseWalker - select >> end [level=1, statement=select]
[DEBUG] 2023-02-10 14:07:36.157 [main] QueryTranslatorImpl - --- SQL AST ---
 \-[SELECT] QueryNode: 'SELECT'  querySpaces (User)
    +-[SELECT_CLAUSE] SelectClause: '{select clause}'
    |  +-[ALIAS_REF] IdentNode: 'user0_.id as id1_0_' {alias=generatedAlias0, className=questie.entity.User, tableAlias=user0_}
    |  \-[SQL_TOKEN] SqlFragment: 'user0_.first_name as first_na2_0_, user0_.gamertag as gamertag3_0_, user0_.last_name as last_nam4_0_'
    \-[FROM] FromClause: 'from' FromClause{level=1, fromElementCounter=1, fromElements=1, fromElementByClassAlias=[generatedAlias0], fromElementByTableAlias=[user0_], fromElementsByPath=[], collectionJoinFromElementsByPath=[], impliedElements=[]}
       \-[FROM_FRAGMENT] FromElement: 'User user0_' FromElement{explicit,not a collection join,not a fetch join,fetch non-lazy properties,classAlias=generatedAlias0,role=null,tableName=User,tableAlias=user0_,origin=null,columns={,className=questie.entity.User}}

[DEBUG] 2023-02-10 14:07:36.157 [main] ErrorTracker - throwQueryException() : no errors
[DEBUG] 2023-02-10 14:07:36.157 [main] QueryTranslatorImpl - HQL: select generatedAlias0 from questie.entity.User as generatedAlias0
[DEBUG] 2023-02-10 14:07:36.157 [main] QueryTranslatorImpl - SQL: select user0_.id as id1_0_, user0_.first_name as first_na2_0_, user0_.gamertag as gamertag3_0_, user0_.last_name as last_nam4_0_ from User user0_
[DEBUG] 2023-02-10 14:07:36.157 [main] ErrorTracker - throwQueryException() : no errors
[DEBUG] 2023-02-10 14:07:36.157 [main] SQL - select user0_.id as id1_0_, user0_.first_name as first_na2_0_, user0_.gamertag as gamertag3_0_, user0_.last_name as last_nam4_0_ from User user0_
[DEBUG] 2023-02-10 14:07:36.163 [main] Loader - Result set row: 0
[DEBUG] 2023-02-10 14:07:36.163 [main] Loader - Result row: EntityKey[questie.entity.User#1]
[DEBUG] 2023-02-10 14:07:36.164 [main] Loader - Result set row: 1
[DEBUG] 2023-02-10 14:07:36.164 [main] Loader - Result row: EntityKey[questie.entity.User#2]
[DEBUG] 2023-02-10 14:07:36.164 [main] Loader - Result set row: 2
[DEBUG] 2023-02-10 14:07:36.164 [main] Loader - Result row: EntityKey[questie.entity.User#3]
[DEBUG] 2023-02-10 14:07:36.164 [main] Loader - Result set row: 3
[DEBUG] 2023-02-10 14:07:36.164 [main] Loader - Result row: EntityKey[questie.entity.User#4]
[DEBUG] 2023-02-10 14:07:36.164 [main] Loader - Result set row: 4
[DEBUG] 2023-02-10 14:07:36.164 [main] Loader - Result row: EntityKey[questie.entity.User#5]
[DEBUG] 2023-02-10 14:07:36.164 [main] Loader - Result set row: 5
[DEBUG] 2023-02-10 14:07:36.164 [main] Loader - Result row: EntityKey[questie.entity.User#6]
[DEBUG] 2023-02-10 14:07:36.165 [main] TwoPhaseLoad - Resolving attributes for [questie.entity.User#1]
[DEBUG] 2023-02-10 14:07:36.165 [main] TwoPhaseLoad - Processing attribute `firstName` : value = Joe
[DEBUG] 2023-02-10 14:07:36.165 [main] TwoPhaseLoad - Attribute (`firstName`)  - enhanced for lazy-loading? - false
[DEBUG] 2023-02-10 14:07:36.165 [main] TwoPhaseLoad - Processing attribute `gamertag` : value = jcoyne
[DEBUG] 2023-02-10 14:07:36.165 [main] TwoPhaseLoad - Attribute (`gamertag`)  - enhanced for lazy-loading? - false
[DEBUG] 2023-02-10 14:07:36.165 [main] TwoPhaseLoad - Processing attribute `lastName` : value = Coyne
[DEBUG] 2023-02-10 14:07:36.165 [main] TwoPhaseLoad - Attribute (`lastName`)  - enhanced for lazy-loading? - false
[DEBUG] 2023-02-10 14:07:36.165 [main] TwoPhaseLoad - Done materializing entity [questie.entity.User#1]
[DEBUG] 2023-02-10 14:07:36.165 [main] TwoPhaseLoad - Resolving attributes for [questie.entity.User#2]
[DEBUG] 2023-02-10 14:07:36.165 [main] TwoPhaseLoad - Processing attribute `firstName` : value = Fred
[DEBUG] 2023-02-10 14:07:36.165 [main] TwoPhaseLoad - Attribute (`firstName`)  - enhanced for lazy-loading? - false
[DEBUG] 2023-02-10 14:07:36.165 [main] TwoPhaseLoad - Processing attribute `gamertag` : value = fhensen
[DEBUG] 2023-02-10 14:07:36.165 [main] TwoPhaseLoad - Attribute (`gamertag`)  - enhanced for lazy-loading? - false
[DEBUG] 2023-02-10 14:07:36.165 [main] TwoPhaseLoad - Processing attribute `lastName` : value = Hensen
[DEBUG] 2023-02-10 14:07:36.165 [main] TwoPhaseLoad - Attribute (`lastName`)  - enhanced for lazy-loading? - false
[DEBUG] 2023-02-10 14:07:36.165 [main] TwoPhaseLoad - Done materializing entity [questie.entity.User#2]
[DEBUG] 2023-02-10 14:07:36.165 [main] TwoPhaseLoad - Resolving attributes for [questie.entity.User#3]
[DEBUG] 2023-02-10 14:07:36.165 [main] TwoPhaseLoad - Processing attribute `firstName` : value = Barney
[DEBUG] 2023-02-10 14:07:36.166 [main] TwoPhaseLoad - Attribute (`firstName`)  - enhanced for lazy-loading? - false
[DEBUG] 2023-02-10 14:07:36.166 [main] TwoPhaseLoad - Processing attribute `gamertag` : value = bcurry
[DEBUG] 2023-02-10 14:07:36.166 [main] TwoPhaseLoad - Attribute (`gamertag`)  - enhanced for lazy-loading? - false
[DEBUG] 2023-02-10 14:07:36.166 [main] TwoPhaseLoad - Processing attribute `lastName` : value = Curry
[DEBUG] 2023-02-10 14:07:36.166 [main] TwoPhaseLoad - Attribute (`lastName`)  - enhanced for lazy-loading? - false
[DEBUG] 2023-02-10 14:07:36.166 [main] TwoPhaseLoad - Done materializing entity [questie.entity.User#3]
[DEBUG] 2023-02-10 14:07:36.182 [main] TwoPhaseLoad - Resolving attributes for [questie.entity.User#4]
[DEBUG] 2023-02-10 14:07:36.182 [main] TwoPhaseLoad - Processing attribute `firstName` : value = Karen
[DEBUG] 2023-02-10 14:07:36.182 [main] TwoPhaseLoad - Attribute (`firstName`)  - enhanced for lazy-loading? - false
[DEBUG] 2023-02-10 14:07:36.189 [main] TwoPhaseLoad - Processing attribute `gamertag` : value = kmack
[DEBUG] 2023-02-10 14:07:36.189 [main] TwoPhaseLoad - Attribute (`gamertag`)  - enhanced for lazy-loading? - false
[DEBUG] 2023-02-10 14:07:36.189 [main] TwoPhaseLoad - Processing attribute `lastName` : value = Mack
[DEBUG] 2023-02-10 14:07:36.189 [main] TwoPhaseLoad - Attribute (`lastName`)  - enhanced for lazy-loading? - false
[DEBUG] 2023-02-10 14:07:36.189 [main] TwoPhaseLoad - Done materializing entity [questie.entity.User#4]
[DEBUG] 2023-02-10 14:07:36.189 [main] TwoPhaseLoad - Resolving attributes for [questie.entity.User#5]
[DEBUG] 2023-02-10 14:07:36.190 [main] TwoPhaseLoad - Processing attribute `firstName` : value = Dianne
[DEBUG] 2023-02-10 14:07:36.190 [main] TwoPhaseLoad - Attribute (`firstName`)  - enhanced for lazy-loading? - false
[DEBUG] 2023-02-10 14:07:36.190 [main] TwoPhaseLoad - Processing attribute `gamertag` : value = dklein
[DEBUG] 2023-02-10 14:07:36.190 [main] TwoPhaseLoad - Attribute (`gamertag`)  - enhanced for lazy-loading? - false
[DEBUG] 2023-02-10 14:07:36.190 [main] TwoPhaseLoad - Processing attribute `lastName` : value = Klein
[DEBUG] 2023-02-10 14:07:36.190 [main] TwoPhaseLoad - Attribute (`lastName`)  - enhanced for lazy-loading? - false
[DEBUG] 2023-02-10 14:07:36.190 [main] TwoPhaseLoad - Done materializing entity [questie.entity.User#5]
[DEBUG] 2023-02-10 14:07:36.190 [main] TwoPhaseLoad - Resolving attributes for [questie.entity.User#6]
[DEBUG] 2023-02-10 14:07:36.193 [main] TwoPhaseLoad - Processing attribute `firstName` : value = Dawn
[DEBUG] 2023-02-10 14:07:36.193 [main] TwoPhaseLoad - Attribute (`firstName`)  - enhanced for lazy-loading? - false
[DEBUG] 2023-02-10 14:07:36.193 [main] TwoPhaseLoad - Processing attribute `gamertag` : value = dtillman
[DEBUG] 2023-02-10 14:07:36.193 [main] TwoPhaseLoad - Attribute (`gamertag`)  - enhanced for lazy-loading? - false
[DEBUG] 2023-02-10 14:07:36.193 [main] TwoPhaseLoad - Processing attribute `lastName` : value = Tillman
[DEBUG] 2023-02-10 14:07:36.193 [main] TwoPhaseLoad - Attribute (`lastName`)  - enhanced for lazy-loading? - false
[DEBUG] 2023-02-10 14:07:36.193 [main] TwoPhaseLoad - Done materializing entity [questie.entity.User#6]
[DEBUG] 2023-02-10 14:07:36.194 [main] LogicalConnectionManagedImpl - Initiating JDBC connection release from afterTransaction
[DEBUG] 2023-02-10 14:07:36.240 [main] TransactionImpl - On TransactionImpl creation, JpaCompliance#isJpaTransactionComplianceEnabled == false
[DEBUG] 2023-02-10 14:07:36.240 [main] TransactionImpl - begin
[DEBUG] 2023-02-10 14:07:36.254 [main] ActionQueue - Executing identity-insert immediately
[DEBUG] 2023-02-10 14:07:36.254 [main] SQL - insert into User (first_name, gamertag, last_name) values (?, ?, ?)
[DEBUG] 2023-02-10 14:07:36.258 [main] IdentifierGeneratorHelper - Natively generated identity: 13
[DEBUG] 2023-02-10 14:07:36.259 [main] ResourceRegistryStandardImpl - HHH000387: ResultSet's statement was not registered
[DEBUG] 2023-02-10 14:07:36.259 [main] TransactionImpl - committing
[DEBUG] 2023-02-10 14:07:36.259 [main] AbstractFlushingEventListener - Processing flush-time cascades
[DEBUG] 2023-02-10 14:07:36.259 [main] AbstractFlushingEventListener - Dirty checking collections
[DEBUG] 2023-02-10 14:07:36.264 [main] AbstractFlushingEventListener - Flushed: 0 insertions, 0 updates, 0 deletions to 1 objects
[DEBUG] 2023-02-10 14:07:36.264 [main] AbstractFlushingEventListener - Flushed: 0 (re)creations, 0 updates, 0 removals to 0 collections
[DEBUG] 2023-02-10 14:07:36.264 [main] EntityPrinter - Listing entities:
[DEBUG] 2023-02-10 14:07:36.264 [main] EntityPrinter - questie.entity.User{gamertag=fflintstone, firstName=Fred, lastName=Flintstone, id=13}
[DEBUG] 2023-02-10 14:07:36.265 [main] LogicalConnectionManagedImpl - Initiating JDBC connection release from afterTransaction
[DEBUG] 2023-02-10 14:07:36.268 [main] LogicalConnectionManagedImpl - Initiating JDBC connection release from afterTransaction
[DEBUG] 2023-02-10 14:07:36.269 [main] SQL - select user0_.id as id1_0_0_, user0_.first_name as first_na2_0_0_, user0_.gamertag as gamertag3_0_0_, user0_.last_name as last_nam4_0_0_ from User user0_ where user0_.id=?
[DEBUG] 2023-02-10 14:07:36.271 [main] ResultSetProcessorImpl - Starting ResultSet row #0
[DEBUG] 2023-02-10 14:07:36.272 [main] EntityReferenceInitializerImpl - On call to EntityIdentifierReaderImpl#resolve, EntityKey was already known; should only happen on root returns with an optional identifier specified
[DEBUG] 2023-02-10 14:07:36.272 [main] TwoPhaseLoad - Resolving attributes for [questie.entity.User#13]
[DEBUG] 2023-02-10 14:07:36.272 [main] TwoPhaseLoad - Processing attribute `firstName` : value = Fred
[DEBUG] 2023-02-10 14:07:36.272 [main] TwoPhaseLoad - Attribute (`firstName`)  - enhanced for lazy-loading? - false
[DEBUG] 2023-02-10 14:07:36.274 [main] TwoPhaseLoad - Processing attribute `gamertag` : value = fflintstone
[DEBUG] 2023-02-10 14:07:36.274 [main] TwoPhaseLoad - Attribute (`gamertag`)  - enhanced for lazy-loading? - false
[DEBUG] 2023-02-10 14:07:36.274 [main] TwoPhaseLoad - Processing attribute `lastName` : value = Flintstone
[DEBUG] 2023-02-10 14:07:36.274 [main] TwoPhaseLoad - Attribute (`lastName`)  - enhanced for lazy-loading? - false
[DEBUG] 2023-02-10 14:07:36.275 [main] TwoPhaseLoad - Done materializing entity [questie.entity.User#13]
[DEBUG] 2023-02-10 14:07:36.277 [main] ResourceRegistryStandardImpl - HHH000387: ResultSet's statement was not registered
[DEBUG] 2023-02-10 14:07:36.277 [main] AbstractLoadPlanBasedEntityLoader - Done entity load : questie.entity.User#13
[DEBUG] 2023-02-10 14:07:36.277 [main] LogicalConnectionManagedImpl - Initiating JDBC connection release from afterTransaction
