[DEBUG] 2023-02-21 04:47:29.990 [http-nio-8080-exec-2] IntegratorServiceImpl - Adding Integrator [org.hibernate.cfg.beanvalidation.BeanValidationIntegrator].
[DEBUG] 2023-02-21 04:47:30.024 [http-nio-8080-exec-2] IntegratorServiceImpl - Adding Integrator [org.hibernate.secure.spi.JaccIntegrator].
[DEBUG] 2023-02-21 04:47:30.045 [http-nio-8080-exec-2] IntegratorServiceImpl - Adding Integrator [org.hibernate.cache.internal.CollectionCacheInvalidator].
[INFO ] 2023-02-21 04:47:30.455 [http-nio-8080-exec-2] Version - HHH000412: Hibernate Core {5.4.4.Final}
[DEBUG] 2023-02-21 04:47:30.458 [http-nio-8080-exec-2] Environment - HHH000206: hibernate.properties not found
[DEBUG] 2023-02-21 04:47:31.250 [http-nio-8080-exec-2] JaxbCfgProcessor - cfg.xml document did not define namespaces; wrapping in custom event reader to introduce namespace information
[DEBUG] 2023-02-21 04:47:32.897 [http-nio-8080-exec-2] ServiceBinding - Overriding existing service binding [org.hibernate.secure.spi.JaccService]
[DEBUG] 2023-02-21 04:47:32.980 [http-nio-8080-exec-2] RegionFactoryInitiator - Cannot default RegionFactory based on registered strategies as `[]` RegionFactory strategies were registered
[DEBUG] 2023-02-21 04:47:32.982 [http-nio-8080-exec-2] RegionFactoryInitiator - Cache region factory : org.hibernate.cache.internal.NoCachingRegionFactory
[INFO ] 2023-02-21 04:47:33.040 [http-nio-8080-exec-2] Version - HCANN000001: Hibernate Commons Annotations {5.1.0.Final}
[DEBUG] 2023-02-21 04:47:33.136 [http-nio-8080-exec-2] BasicTypeRegistry - Adding type registration boolean -> org.hibernate.type.BooleanType@557c926c
[DEBUG] 2023-02-21 04:47:33.136 [http-nio-8080-exec-2] BasicTypeRegistry - Adding type registration boolean -> org.hibernate.type.BooleanType@557c926c
[DEBUG] 2023-02-21 04:47:33.137 [http-nio-8080-exec-2] BasicTypeRegistry - Adding type registration java.lang.Boolean -> org.hibernate.type.BooleanType@557c926c
[DEBUG] 2023-02-21 04:47:33.157 [http-nio-8080-exec-2] BasicTypeRegistry - Adding type registration numeric_boolean -> org.hibernate.type.NumericBooleanType@3cf2d7a5
[DEBUG] 2023-02-21 04:47:33.157 [http-nio-8080-exec-2] BasicTypeRegistry - Adding type registration true_false -> org.hibernate.type.TrueFalseType@73377a90
[DEBUG] 2023-02-21 04:47:33.158 [http-nio-8080-exec-2] BasicTypeRegistry - Adding type registration yes_no -> org.hibernate.type.YesNoType@78c2ad01
[DEBUG] 2023-02-21 04:47:33.159 [http-nio-8080-exec-2] BasicTypeRegistry - Adding type registration byte -> org.hibernate.type.ByteType@5fe7c5a5
[DEBUG] 2023-02-21 04:47:33.159 [http-nio-8080-exec-2] BasicTypeRegistry - Adding type registration byte -> org.hibernate.type.ByteType@5fe7c5a5
[DEBUG] 2023-02-21 04:47:33.160 [http-nio-8080-exec-2] BasicTypeRegistry - Adding type registration java.lang.Byte -> org.hibernate.type.ByteType@5fe7c5a5
[DEBUG] 2023-02-21 04:47:33.161 [http-nio-8080-exec-2] BasicTypeRegistry - Adding type registration character -> org.hibernate.type.CharacterType@1722c509
[DEBUG] 2023-02-21 04:47:33.161 [http-nio-8080-exec-2] BasicTypeRegistry - Adding type registration char -> org.hibernate.type.CharacterType@1722c509
[DEBUG] 2023-02-21 04:47:33.162 [http-nio-8080-exec-2] BasicTypeRegistry - Adding type registration java.lang.Character -> org.hibernate.type.CharacterType@1722c509
[DEBUG] 2023-02-21 04:47:33.163 [http-nio-8080-exec-2] BasicTypeRegistry - Adding type registration short -> org.hibernate.type.ShortType@3a477364
[DEBUG] 2023-02-21 04:47:33.164 [http-nio-8080-exec-2] BasicTypeRegistry - Adding type registration short -> org.hibernate.type.ShortType@3a477364
[DEBUG] 2023-02-21 04:47:33.165 [http-nio-8080-exec-2] BasicTypeRegistry - Adding type registration java.lang.Short -> org.hibernate.type.ShortType@3a477364
[DEBUG] 2023-02-21 04:47:33.166 [http-nio-8080-exec-2] BasicTypeRegistry - Adding type registration integer -> org.hibernate.type.IntegerType@64a819d7
[DEBUG] 2023-02-21 04:47:33.166 [http-nio-8080-exec-2] BasicTypeRegistry - Adding type registration int -> org.hibernate.type.IntegerType@64a819d7
[DEBUG] 2023-02-21 04:47:33.166 [http-nio-8080-exec-2] BasicTypeRegistry - Adding type registration java.lang.Integer -> org.hibernate.type.IntegerType@64a819d7
[DEBUG] 2023-02-21 04:47:33.167 [http-nio-8080-exec-2] BasicTypeRegistry - Adding type registration long -> org.hibernate.type.LongType@4ce37973
[DEBUG] 2023-02-21 04:47:33.168 [http-nio-8080-exec-2] BasicTypeRegistry - Adding type registration long -> org.hibernate.type.LongType@4ce37973
[DEBUG] 2023-02-21 04:47:33.168 [http-nio-8080-exec-2] BasicTypeRegistry - Adding type registration java.lang.Long -> org.hibernate.type.LongType@4ce37973
[DEBUG] 2023-02-21 04:47:33.169 [http-nio-8080-exec-2] BasicTypeRegistry - Adding type registration float -> org.hibernate.type.FloatType@623e627c
[DEBUG] 2023-02-21 04:47:33.184 [http-nio-8080-exec-2] BasicTypeRegistry - Adding type registration float -> org.hibernate.type.FloatType@623e627c
[DEBUG] 2023-02-21 04:47:33.185 [http-nio-8080-exec-2] BasicTypeRegistry - Adding type registration java.lang.Float -> org.hibernate.type.FloatType@623e627c
[DEBUG] 2023-02-21 04:47:33.190 [http-nio-8080-exec-2] BasicTypeRegistry - Adding type registration double -> org.hibernate.type.DoubleType@9e0f0ad
[DEBUG] 2023-02-21 04:47:33.191 [http-nio-8080-exec-2] BasicTypeRegistry - Adding type registration double -> org.hibernate.type.DoubleType@9e0f0ad
[DEBUG] 2023-02-21 04:47:33.191 [http-nio-8080-exec-2] BasicTypeRegistry - Adding type registration java.lang.Double -> org.hibernate.type.DoubleType@9e0f0ad
[DEBUG] 2023-02-21 04:47:33.192 [http-nio-8080-exec-2] BasicTypeRegistry - Adding type registration big_decimal -> org.hibernate.type.BigDecimalType@44d7561e
[DEBUG] 2023-02-21 04:47:33.192 [http-nio-8080-exec-2] BasicTypeRegistry - Adding type registration java.math.BigDecimal -> org.hibernate.type.BigDecimalType@44d7561e
[DEBUG] 2023-02-21 04:47:33.193 [http-nio-8080-exec-2] BasicTypeRegistry - Adding type registration big_integer -> org.hibernate.type.BigIntegerType@4233a35
[DEBUG] 2023-02-21 04:47:33.194 [http-nio-8080-exec-2] BasicTypeRegistry - Adding type registration java.math.BigInteger -> org.hibernate.type.BigIntegerType@4233a35
[DEBUG] 2023-02-21 04:47:33.195 [http-nio-8080-exec-2] BasicTypeRegistry - Adding type registration string -> org.hibernate.type.StringType@2ff9fe18
[DEBUG] 2023-02-21 04:47:33.195 [http-nio-8080-exec-2] BasicTypeRegistry - Adding type registration java.lang.String -> org.hibernate.type.StringType@2ff9fe18
[DEBUG] 2023-02-21 04:47:33.195 [http-nio-8080-exec-2] BasicTypeRegistry - Adding type registration nstring -> org.hibernate.type.StringNVarcharType@6b9db18a
[DEBUG] 2023-02-21 04:47:33.196 [http-nio-8080-exec-2] BasicTypeRegistry - Adding type registration ncharacter -> org.hibernate.type.CharacterNCharType@6cfc976d
[DEBUG] 2023-02-21 04:47:33.197 [http-nio-8080-exec-2] BasicTypeRegistry - Adding type registration url -> org.hibernate.type.UrlType@27bc8c8e
[DEBUG] 2023-02-21 04:47:33.197 [http-nio-8080-exec-2] BasicTypeRegistry - Adding type registration java.net.URL -> org.hibernate.type.UrlType@27bc8c8e
[DEBUG] 2023-02-21 04:47:33.198 [http-nio-8080-exec-2] BasicTypeRegistry - Adding type registration Duration -> org.hibernate.type.DurationType@35924b72
[DEBUG] 2023-02-21 04:47:33.198 [http-nio-8080-exec-2] BasicTypeRegistry - Adding type registration java.time.Duration -> org.hibernate.type.DurationType@35924b72
[DEBUG] 2023-02-21 04:47:33.202 [http-nio-8080-exec-2] BasicTypeRegistry - Adding type registration Instant -> org.hibernate.type.InstantType@71514d5b
[DEBUG] 2023-02-21 04:47:33.202 [http-nio-8080-exec-2] BasicTypeRegistry - Adding type registration java.time.Instant -> org.hibernate.type.InstantType@71514d5b
[DEBUG] 2023-02-21 04:47:33.224 [http-nio-8080-exec-2] BasicTypeRegistry - Adding type registration LocalDateTime -> org.hibernate.type.LocalDateTimeType@60bb14b4
[DEBUG] 2023-02-21 04:47:33.224 [http-nio-8080-exec-2] BasicTypeRegistry - Adding type registration java.time.LocalDateTime -> org.hibernate.type.LocalDateTimeType@60bb14b4
[DEBUG] 2023-02-21 04:47:33.226 [http-nio-8080-exec-2] BasicTypeRegistry - Adding type registration LocalDate -> org.hibernate.type.LocalDateType@35c9754e
[DEBUG] 2023-02-21 04:47:33.226 [http-nio-8080-exec-2] BasicTypeRegistry - Adding type registration java.time.LocalDate -> org.hibernate.type.LocalDateType@35c9754e
[DEBUG] 2023-02-21 04:47:33.231 [http-nio-8080-exec-2] BasicTypeRegistry - Adding type registration LocalTime -> org.hibernate.type.LocalTimeType@4caadebd
[DEBUG] 2023-02-21 04:47:33.231 [http-nio-8080-exec-2] BasicTypeRegistry - Adding type registration java.time.LocalTime -> org.hibernate.type.LocalTimeType@4caadebd
[DEBUG] 2023-02-21 04:47:33.233 [http-nio-8080-exec-2] BasicTypeRegistry - Adding type registration OffsetDateTime -> org.hibernate.type.OffsetDateTimeType@5cc15b37
[DEBUG] 2023-02-21 04:47:33.234 [http-nio-8080-exec-2] BasicTypeRegistry - Adding type registration java.time.OffsetDateTime -> org.hibernate.type.OffsetDateTimeType@5cc15b37
[DEBUG] 2023-02-21 04:47:33.236 [http-nio-8080-exec-2] BasicTypeRegistry - Adding type registration OffsetTime -> org.hibernate.type.OffsetTimeType@67b42060
[DEBUG] 2023-02-21 04:47:33.243 [http-nio-8080-exec-2] BasicTypeRegistry - Adding type registration java.time.OffsetTime -> org.hibernate.type.OffsetTimeType@67b42060
[DEBUG] 2023-02-21 04:47:33.246 [http-nio-8080-exec-2] BasicTypeRegistry - Adding type registration ZonedDateTime -> org.hibernate.type.ZonedDateTimeType@3b6b2d58
[DEBUG] 2023-02-21 04:47:33.247 [http-nio-8080-exec-2] BasicTypeRegistry - Adding type registration java.time.ZonedDateTime -> org.hibernate.type.ZonedDateTimeType@3b6b2d58
[DEBUG] 2023-02-21 04:47:33.254 [http-nio-8080-exec-2] BasicTypeRegistry - Adding type registration date -> org.hibernate.type.DateType@35051761
[DEBUG] 2023-02-21 04:47:33.256 [http-nio-8080-exec-2] BasicTypeRegistry - Adding type registration java.sql.Date -> org.hibernate.type.DateType@35051761
[DEBUG] 2023-02-21 04:47:33.258 [http-nio-8080-exec-2] BasicTypeRegistry - Adding type registration time -> org.hibernate.type.TimeType@56932988
[DEBUG] 2023-02-21 04:47:33.258 [http-nio-8080-exec-2] BasicTypeRegistry - Adding type registration java.sql.Time -> org.hibernate.type.TimeType@56932988
[DEBUG] 2023-02-21 04:47:33.262 [http-nio-8080-exec-2] BasicTypeRegistry - Adding type registration timestamp -> org.hibernate.type.TimestampType@1d4da81
[DEBUG] 2023-02-21 04:47:33.262 [http-nio-8080-exec-2] BasicTypeRegistry - Adding type registration java.sql.Timestamp -> org.hibernate.type.TimestampType@1d4da81
[DEBUG] 2023-02-21 04:47:33.263 [http-nio-8080-exec-2] BasicTypeRegistry - Adding type registration java.util.Date -> org.hibernate.type.TimestampType@1d4da81
[DEBUG] 2023-02-21 04:47:33.266 [http-nio-8080-exec-2] BasicTypeRegistry - Adding type registration dbtimestamp -> org.hibernate.type.DbTimestampType@611e06be
[DEBUG] 2023-02-21 04:47:33.268 [http-nio-8080-exec-2] BasicTypeRegistry - Adding type registration calendar -> org.hibernate.type.CalendarType@30bde93
[DEBUG] 2023-02-21 04:47:33.268 [http-nio-8080-exec-2] BasicTypeRegistry - Adding type registration java.util.Calendar -> org.hibernate.type.CalendarType@30bde93
[DEBUG] 2023-02-21 04:47:33.268 [http-nio-8080-exec-2] BasicTypeRegistry - Adding type registration java.util.GregorianCalendar -> org.hibernate.type.CalendarType@30bde93
[DEBUG] 2023-02-21 04:47:33.270 [http-nio-8080-exec-2] BasicTypeRegistry - Adding type registration calendar_date -> org.hibernate.type.CalendarDateType@4cdd091e
[DEBUG] 2023-02-21 04:47:33.272 [http-nio-8080-exec-2] BasicTypeRegistry - Adding type registration locale -> org.hibernate.type.LocaleType@15cf82b6
[DEBUG] 2023-02-21 04:47:33.273 [http-nio-8080-exec-2] BasicTypeRegistry - Adding type registration java.util.Locale -> org.hibernate.type.LocaleType@15cf82b6
[DEBUG] 2023-02-21 04:47:33.275 [http-nio-8080-exec-2] BasicTypeRegistry - Adding type registration currency -> org.hibernate.type.CurrencyType@19ae8bea
[DEBUG] 2023-02-21 04:47:33.275 [http-nio-8080-exec-2] BasicTypeRegistry - Adding type registration java.util.Currency -> org.hibernate.type.CurrencyType@19ae8bea
[DEBUG] 2023-02-21 04:47:33.276 [http-nio-8080-exec-2] BasicTypeRegistry - Adding type registration timezone -> org.hibernate.type.TimeZoneType@28089192
[DEBUG] 2023-02-21 04:47:33.277 [http-nio-8080-exec-2] BasicTypeRegistry - Adding type registration java.util.TimeZone -> org.hibernate.type.TimeZoneType@28089192
[DEBUG] 2023-02-21 04:47:33.285 [http-nio-8080-exec-2] BasicTypeRegistry - Adding type registration class -> org.hibernate.type.ClassType@501bc129
[DEBUG] 2023-02-21 04:47:33.286 [http-nio-8080-exec-2] BasicTypeRegistry - Adding type registration java.lang.Class -> org.hibernate.type.ClassType@501bc129
[DEBUG] 2023-02-21 04:47:33.287 [http-nio-8080-exec-2] BasicTypeRegistry - Adding type registration uuid-binary -> org.hibernate.type.UUIDBinaryType@fcdf710
[DEBUG] 2023-02-21 04:47:33.287 [http-nio-8080-exec-2] BasicTypeRegistry - Adding type registration java.util.UUID -> org.hibernate.type.UUIDBinaryType@fcdf710
[DEBUG] 2023-02-21 04:47:33.288 [http-nio-8080-exec-2] BasicTypeRegistry - Adding type registration uuid-char -> org.hibernate.type.UUIDCharType@582fdf75
[DEBUG] 2023-02-21 04:47:33.297 [http-nio-8080-exec-2] BasicTypeRegistry - Adding type registration binary -> org.hibernate.type.BinaryType@79e01e1b
[DEBUG] 2023-02-21 04:47:33.297 [http-nio-8080-exec-2] BasicTypeRegistry - Adding type registration byte[] -> org.hibernate.type.BinaryType@79e01e1b
[DEBUG] 2023-02-21 04:47:33.298 [http-nio-8080-exec-2] BasicTypeRegistry - Adding type registration [B -> org.hibernate.type.BinaryType@79e01e1b
[DEBUG] 2023-02-21 04:47:33.303 [http-nio-8080-exec-2] BasicTypeRegistry - Adding type registration wrapper-binary -> org.hibernate.type.WrapperBinaryType@3b75e42
[DEBUG] 2023-02-21 04:47:33.303 [http-nio-8080-exec-2] BasicTypeRegistry - Adding type registration Byte[] -> org.hibernate.type.WrapperBinaryType@3b75e42
[DEBUG] 2023-02-21 04:47:33.304 [http-nio-8080-exec-2] BasicTypeRegistry - Adding type registration [Ljava.lang.Byte; -> org.hibernate.type.WrapperBinaryType@3b75e42
[DEBUG] 2023-02-21 04:47:33.306 [http-nio-8080-exec-2] BasicTypeRegistry - Adding type registration row_version -> org.hibernate.type.RowVersionType@7a49bb22
[DEBUG] 2023-02-21 04:47:33.317 [http-nio-8080-exec-2] BasicTypeRegistry - Adding type registration image -> org.hibernate.type.ImageType@574afd96
[DEBUG] 2023-02-21 04:47:33.325 [http-nio-8080-exec-2] BasicTypeRegistry - Adding type registration characters -> org.hibernate.type.CharArrayType@51f2abf5
[DEBUG] 2023-02-21 04:47:33.325 [http-nio-8080-exec-2] BasicTypeRegistry - Adding type registration char[] -> org.hibernate.type.CharArrayType@51f2abf5
[DEBUG] 2023-02-21 04:47:33.326 [http-nio-8080-exec-2] BasicTypeRegistry - Adding type registration [C -> org.hibernate.type.CharArrayType@51f2abf5
[DEBUG] 2023-02-21 04:47:33.327 [http-nio-8080-exec-2] BasicTypeRegistry - Adding type registration wrapper-characters -> org.hibernate.type.CharacterArrayType@50585070
[DEBUG] 2023-02-21 04:47:33.327 [http-nio-8080-exec-2] BasicTypeRegistry - Adding type registration [Ljava.lang.Character; -> org.hibernate.type.CharacterArrayType@50585070
[DEBUG] 2023-02-21 04:47:33.327 [http-nio-8080-exec-2] BasicTypeRegistry - Adding type registration Character[] -> org.hibernate.type.CharacterArrayType@50585070
[DEBUG] 2023-02-21 04:47:33.328 [http-nio-8080-exec-2] BasicTypeRegistry - Adding type registration text -> org.hibernate.type.TextType@74680741
[DEBUG] 2023-02-21 04:47:33.333 [http-nio-8080-exec-2] BasicTypeRegistry - Adding type registration ntext -> org.hibernate.type.NTextType@3df053b3
[DEBUG] 2023-02-21 04:47:33.335 [http-nio-8080-exec-2] BasicTypeRegistry - Adding type registration blob -> org.hibernate.type.BlobType@4a2ca16e
[DEBUG] 2023-02-21 04:47:33.335 [http-nio-8080-exec-2] BasicTypeRegistry - Adding type registration java.sql.Blob -> org.hibernate.type.BlobType@4a2ca16e
[DEBUG] 2023-02-21 04:47:33.340 [http-nio-8080-exec-2] BasicTypeRegistry - Adding type registration materialized_blob -> org.hibernate.type.MaterializedBlobType@6fe5e76
[DEBUG] 2023-02-21 04:47:33.353 [http-nio-8080-exec-2] BasicTypeRegistry - Adding type registration clob -> org.hibernate.type.ClobType@11833278
[DEBUG] 2023-02-21 04:47:33.353 [http-nio-8080-exec-2] BasicTypeRegistry - Adding type registration java.sql.Clob -> org.hibernate.type.ClobType@11833278
[DEBUG] 2023-02-21 04:47:33.354 [http-nio-8080-exec-2] BasicTypeRegistry - Adding type registration nclob -> org.hibernate.type.NClobType@7d069d57
[DEBUG] 2023-02-21 04:47:33.355 [http-nio-8080-exec-2] BasicTypeRegistry - Adding type registration java.sql.NClob -> org.hibernate.type.NClobType@7d069d57
[DEBUG] 2023-02-21 04:47:33.355 [http-nio-8080-exec-2] BasicTypeRegistry - Adding type registration materialized_clob -> org.hibernate.type.MaterializedClobType@23f727fb
[DEBUG] 2023-02-21 04:47:33.356 [http-nio-8080-exec-2] BasicTypeRegistry - Adding type registration materialized_nclob -> org.hibernate.type.MaterializedNClobType@2ee30ff4
[DEBUG] 2023-02-21 04:47:33.357 [http-nio-8080-exec-2] BasicTypeRegistry - Adding type registration serializable -> org.hibernate.type.SerializableType@1384a3a2
[DEBUG] 2023-02-21 04:47:33.372 [http-nio-8080-exec-2] BasicTypeRegistry - Adding type registration object -> org.hibernate.type.ObjectType@1f5f2f61
[DEBUG] 2023-02-21 04:47:33.373 [http-nio-8080-exec-2] BasicTypeRegistry - Adding type registration java.lang.Object -> org.hibernate.type.ObjectType@1f5f2f61
[DEBUG] 2023-02-21 04:47:33.374 [http-nio-8080-exec-2] BasicTypeRegistry - Adding type registration imm_date -> org.hibernate.type.AdaptedImmutableType@485bc4a5
[DEBUG] 2023-02-21 04:47:33.374 [http-nio-8080-exec-2] BasicTypeRegistry - Adding type registration imm_time -> org.hibernate.type.AdaptedImmutableType@677299ff
[DEBUG] 2023-02-21 04:47:33.383 [http-nio-8080-exec-2] BasicTypeRegistry - Adding type registration imm_timestamp -> org.hibernate.type.AdaptedImmutableType@7d724302
[DEBUG] 2023-02-21 04:47:33.384 [http-nio-8080-exec-2] BasicTypeRegistry - Adding type registration imm_dbtimestamp -> org.hibernate.type.AdaptedImmutableType@1d1a86de
[DEBUG] 2023-02-21 04:47:33.384 [http-nio-8080-exec-2] BasicTypeRegistry - Adding type registration imm_calendar -> org.hibernate.type.AdaptedImmutableType@b720734
[DEBUG] 2023-02-21 04:47:33.386 [http-nio-8080-exec-2] BasicTypeRegistry - Adding type registration imm_calendar_date -> org.hibernate.type.AdaptedImmutableType@783ccac4
[DEBUG] 2023-02-21 04:47:33.386 [http-nio-8080-exec-2] BasicTypeRegistry - Adding type registration imm_binary -> org.hibernate.type.AdaptedImmutableType@17b9fc92
[DEBUG] 2023-02-21 04:47:33.386 [http-nio-8080-exec-2] BasicTypeRegistry - Adding type registration imm_serializable -> org.hibernate.type.AdaptedImmutableType@5edcb4cd
[DEBUG] 2023-02-21 04:47:33.445 [http-nio-8080-exec-2] DefaultIdentifierGeneratorFactory - Registering IdentifierGenerator strategy [uuid2] -> [org.hibernate.id.UUIDGenerator]
[DEBUG] 2023-02-21 04:47:33.446 [http-nio-8080-exec-2] DefaultIdentifierGeneratorFactory - Registering IdentifierGenerator strategy [guid] -> [org.hibernate.id.GUIDGenerator]
[DEBUG] 2023-02-21 04:47:33.449 [http-nio-8080-exec-2] DefaultIdentifierGeneratorFactory - Registering IdentifierGenerator strategy [uuid] -> [org.hibernate.id.UUIDHexGenerator]
[DEBUG] 2023-02-21 04:47:33.453 [http-nio-8080-exec-2] DefaultIdentifierGeneratorFactory - Registering IdentifierGenerator strategy [uuid.hex] -> [org.hibernate.id.UUIDHexGenerator]
[DEBUG] 2023-02-21 04:47:33.454 [http-nio-8080-exec-2] DefaultIdentifierGeneratorFactory - Registering IdentifierGenerator strategy [assigned] -> [org.hibernate.id.Assigned]
[DEBUG] 2023-02-21 04:47:33.456 [http-nio-8080-exec-2] DefaultIdentifierGeneratorFactory - Registering IdentifierGenerator strategy [identity] -> [org.hibernate.id.IdentityGenerator]
[DEBUG] 2023-02-21 04:47:33.458 [http-nio-8080-exec-2] DefaultIdentifierGeneratorFactory - Registering IdentifierGenerator strategy [select] -> [org.hibernate.id.SelectGenerator]
[DEBUG] 2023-02-21 04:47:33.460 [http-nio-8080-exec-2] DefaultIdentifierGeneratorFactory - Registering IdentifierGenerator strategy [sequence] -> [org.hibernate.id.enhanced.SequenceStyleGenerator]
[DEBUG] 2023-02-21 04:47:33.461 [http-nio-8080-exec-2] DefaultIdentifierGeneratorFactory - Registering IdentifierGenerator strategy [seqhilo] -> [org.hibernate.id.SequenceHiLoGenerator]
[DEBUG] 2023-02-21 04:47:33.462 [http-nio-8080-exec-2] DefaultIdentifierGeneratorFactory - Registering IdentifierGenerator strategy [increment] -> [org.hibernate.id.IncrementGenerator]
[DEBUG] 2023-02-21 04:47:33.462 [http-nio-8080-exec-2] DefaultIdentifierGeneratorFactory - Registering IdentifierGenerator strategy [foreign] -> [org.hibernate.id.ForeignGenerator]
[DEBUG] 2023-02-21 04:47:33.463 [http-nio-8080-exec-2] DefaultIdentifierGeneratorFactory - Registering IdentifierGenerator strategy [sequence-identity] -> [org.hibernate.id.SequenceIdentityGenerator]
[DEBUG] 2023-02-21 04:47:33.463 [http-nio-8080-exec-2] DefaultIdentifierGeneratorFactory - Registering IdentifierGenerator strategy [enhanced-sequence] -> [org.hibernate.id.enhanced.SequenceStyleGenerator]
[DEBUG] 2023-02-21 04:47:33.488 [http-nio-8080-exec-2] DefaultIdentifierGeneratorFactory - Registering IdentifierGenerator strategy [enhanced-table] -> [org.hibernate.id.enhanced.TableGenerator]
[INFO ] 2023-02-21 04:47:33.497 [http-nio-8080-exec-2] C3P0ConnectionProvider - HHH010002: C3P0 using driver: com.mysql.cj.jdbc.Driver at URL: jdbc:mysql://localhost:3306/questie
[INFO ] 2023-02-21 04:47:33.497 [http-nio-8080-exec-2] C3P0ConnectionProvider - HHH10001001: Connection properties: {password=****, user=root}
[INFO ] 2023-02-21 04:47:33.499 [http-nio-8080-exec-2] C3P0ConnectionProvider - HHH10001003: Autocommit mode: false
[INFO ] 2023-02-21 04:47:33.979 [http-nio-8080-exec-2] C3P0ConnectionProvider - HHH10001007: JDBC isolation level: <unknown>
[DEBUG] 2023-02-21 04:47:35.627 [http-nio-8080-exec-2] JdbcEnvironmentInitiator - Database ->
       name : MySQL
    version : 8.0.22
      major : 8
      minor : 0
[DEBUG] 2023-02-21 04:47:35.642 [http-nio-8080-exec-2] JdbcEnvironmentInitiator - Driver ->
       name : MySQL Connector/J
    version : mysql-connector-java-8.0.16 (Revision: 34cbc6bc61f72836e26327537a432d6db7c77de6)
      major : 8
      minor : 0
[DEBUG] 2023-02-21 04:47:35.643 [http-nio-8080-exec-2] JdbcEnvironmentInitiator - JDBC version : 4.2
[INFO ] 2023-02-21 04:47:35.774 [http-nio-8080-exec-2] Dialect - HHH000400: Using dialect: org.hibernate.dialect.MySQL8Dialect
[DEBUG] 2023-02-21 04:47:35.842 [http-nio-8080-exec-2] IdentifierHelperBuilder - JDBC driver metadata reported database stores quoted identifiers in more than one case
[DEBUG] 2023-02-21 04:47:35.916 [http-nio-8080-exec-2] IdentifierHelperBuilder - IdentifierCaseStrategy for both quoted and unquoted identifiers was set to the same strategy [MIXED]; that will likely lead to problems in schema update and validation if using quoted identifiers
[DEBUG] 2023-02-21 04:47:36.067 [http-nio-8080-exec-2] Namespace - Created database namespace [logicalName=Name{catalog=null, schema=null}, physicalName=Name{catalog=null, schema=null}]
[DEBUG] 2023-02-21 04:47:36.105 [http-nio-8080-exec-2] TypeConfiguration$Scope - Scoping TypeConfiguration [org.hibernate.type.spi.TypeConfiguration@f36663a] to MetadataBuildingContext [org.hibernate.boot.internal.MetadataBuildingContextRootImpl@6e39b13c]
[DEBUG] 2023-02-21 04:47:36.271 [http-nio-8080-exec-2] AnnotationBinder - Binding entity from annotated class: questie.entity.User
[DEBUG] 2023-02-21 04:47:36.369 [http-nio-8080-exec-2] Ejb3Column - Binding column: Ejb3DiscriminatorColumn{logicalColumnName'DTYPE', discriminatorTypeName='string'}
[DEBUG] 2023-02-21 04:47:36.416 [http-nio-8080-exec-2] EntityBinder - Import with entity name User
[DEBUG] 2023-02-21 04:47:36.420 [http-nio-8080-exec-2] EntityBinder - Bind entity questie.entity.User on table User
[DEBUG] 2023-02-21 04:47:36.520 [http-nio-8080-exec-2] Ejb3Column - Binding column: Ejb3Column{table=org.hibernate.mapping.Table(User), mappingColumn=id, insertable=true, updatable=true, unique=false}
[DEBUG] 2023-02-21 04:47:36.554 [http-nio-8080-exec-2] PropertyBinder - MetadataSourceProcessor property id with lazy=false
[DEBUG] 2023-02-21 04:47:36.556 [http-nio-8080-exec-2] AbstractPropertyHolder - Attempting to locate auto-apply AttributeConverter for property [questie.entity.User:id]
[DEBUG] 2023-02-21 04:47:36.571 [http-nio-8080-exec-2] SimpleValueBinder - building SimpleValue for id
[DEBUG] 2023-02-21 04:47:36.575 [http-nio-8080-exec-2] PropertyBinder - Building property id
[DEBUG] 2023-02-21 04:47:36.585 [http-nio-8080-exec-2] BinderHelper - #makeIdGenerator(org.hibernate.mapping.SimpleValue([org.hibernate.mapping.Column(id)]), id, org.hibernate.id.enhanced.SequenceStyleGenerator, native, ...)
[DEBUG] 2023-02-21 04:47:36.588 [http-nio-8080-exec-2] Ejb3Column - Binding column: Ejb3JoinColumn{logicalColumnName='null', referencedColumn='null', mappedBy='user'}
[DEBUG] 2023-02-21 04:47:36.588 [http-nio-8080-exec-2] Ejb3Column - Binding column: Ejb3Column{table=org.hibernate.mapping.Table(User), mappingColumn=favorites, insertable=true, updatable=true, unique=false}
[DEBUG] 2023-02-21 04:47:36.600 [http-nio-8080-exec-2] Ejb3Column - Binding column: Ejb3Column{table=org.hibernate.mapping.Table(User), mappingColumn=null, insertable=true, updatable=true, unique=false}
[DEBUG] 2023-02-21 04:47:36.612 [http-nio-8080-exec-2] Ejb3Column - Binding column: Ejb3Column{table=org.hibernate.mapping.Table(User), mappingColumn=element, insertable=true, updatable=true, unique=false}
[DEBUG] 2023-02-21 04:47:36.614 [http-nio-8080-exec-2] Ejb3Column - Binding column: Ejb3Column{table=org.hibernate.mapping.Table(User), mappingColumn=favorites_KEY, insertable=true, updatable=true, unique=false}
[DEBUG] 2023-02-21 04:47:36.615 [http-nio-8080-exec-2] Ejb3Column - Binding column: Ejb3JoinColumn{logicalColumnName='favorites_KEY', referencedColumn='null', mappedBy='null'}
[DEBUG] 2023-02-21 04:47:36.617 [http-nio-8080-exec-2] Ejb3Column - Binding column: Ejb3JoinColumn{logicalColumnName='null', referencedColumn='null', mappedBy='user'}
[DEBUG] 2023-02-21 04:47:36.618 [http-nio-8080-exec-2] Ejb3Column - Binding column: Ejb3JoinColumn{logicalColumnName='null', referencedColumn='null', mappedBy='user'}
[DEBUG] 2023-02-21 04:47:36.619 [http-nio-8080-exec-2] CollectionBinder - Collection role: questie.entity.User.favorites
[DEBUG] 2023-02-21 04:47:36.624 [http-nio-8080-exec-2] PropertyBinder - Building property favorites
[DEBUG] 2023-02-21 04:47:36.625 [http-nio-8080-exec-2] Ejb3Column - Binding column: Ejb3Column{table=org.hibernate.mapping.Table(User), mappingColumn=first_name, insertable=true, updatable=true, unique=false}
[DEBUG] 2023-02-21 04:47:36.625 [http-nio-8080-exec-2] PropertyBinder - MetadataSourceProcessor property firstName with lazy=false
[DEBUG] 2023-02-21 04:47:36.625 [http-nio-8080-exec-2] AbstractPropertyHolder - Attempting to locate auto-apply AttributeConverter for property [questie.entity.User:firstName]
[DEBUG] 2023-02-21 04:47:36.626 [http-nio-8080-exec-2] SimpleValueBinder - building SimpleValue for firstName
[DEBUG] 2023-02-21 04:47:36.626 [http-nio-8080-exec-2] PropertyBinder - Building property firstName
[DEBUG] 2023-02-21 04:47:36.627 [http-nio-8080-exec-2] Ejb3Column - Binding column: Ejb3Column{table=org.hibernate.mapping.Table(User), mappingColumn=gamertag, insertable=true, updatable=true, unique=false}
[DEBUG] 2023-02-21 04:47:36.627 [http-nio-8080-exec-2] PropertyBinder - MetadataSourceProcessor property gamertag with lazy=false
[DEBUG] 2023-02-21 04:47:36.627 [http-nio-8080-exec-2] AbstractPropertyHolder - Attempting to locate auto-apply AttributeConverter for property [questie.entity.User:gamertag]
[DEBUG] 2023-02-21 04:47:36.627 [http-nio-8080-exec-2] SimpleValueBinder - building SimpleValue for gamertag
[DEBUG] 2023-02-21 04:47:36.641 [http-nio-8080-exec-2] PropertyBinder - Building property gamertag
[DEBUG] 2023-02-21 04:47:36.641 [http-nio-8080-exec-2] Ejb3Column - Binding column: Ejb3Column{table=org.hibernate.mapping.Table(User), mappingColumn=last_name, insertable=true, updatable=true, unique=false}
[DEBUG] 2023-02-21 04:47:36.642 [http-nio-8080-exec-2] PropertyBinder - MetadataSourceProcessor property lastName with lazy=false
[DEBUG] 2023-02-21 04:47:36.642 [http-nio-8080-exec-2] AbstractPropertyHolder - Attempting to locate auto-apply AttributeConverter for property [questie.entity.User:lastName]
[DEBUG] 2023-02-21 04:47:36.642 [http-nio-8080-exec-2] SimpleValueBinder - building SimpleValue for lastName
[DEBUG] 2023-02-21 04:47:36.642 [http-nio-8080-exec-2] PropertyBinder - Building property lastName
[DEBUG] 2023-02-21 04:47:36.644 [http-nio-8080-exec-2] AnnotationBinder - Binding entity from annotated class: questie.entity.Quest
[DEBUG] 2023-02-21 04:47:36.644 [http-nio-8080-exec-2] Ejb3Column - Binding column: Ejb3DiscriminatorColumn{logicalColumnName'DTYPE', discriminatorTypeName='string'}
[DEBUG] 2023-02-21 04:47:36.644 [http-nio-8080-exec-2] EntityBinder - Import with entity name Quest
[DEBUG] 2023-02-21 04:47:36.644 [http-nio-8080-exec-2] EntityBinder - Bind entity questie.entity.Quest on table Quest
[DEBUG] 2023-02-21 04:47:36.646 [http-nio-8080-exec-2] Ejb3Column - Binding column: Ejb3Column{table=org.hibernate.mapping.Table(Quest), mappingColumn=id, insertable=true, updatable=true, unique=false}
[DEBUG] 2023-02-21 04:47:36.647 [http-nio-8080-exec-2] PropertyBinder - MetadataSourceProcessor property id with lazy=false
[DEBUG] 2023-02-21 04:47:36.647 [http-nio-8080-exec-2] AbstractPropertyHolder - Attempting to locate auto-apply AttributeConverter for property [questie.entity.Quest:id]
[DEBUG] 2023-02-21 04:47:36.647 [http-nio-8080-exec-2] SimpleValueBinder - building SimpleValue for id
[DEBUG] 2023-02-21 04:47:36.647 [http-nio-8080-exec-2] PropertyBinder - Building property id
[DEBUG] 2023-02-21 04:47:36.647 [http-nio-8080-exec-2] BinderHelper - #makeIdGenerator(org.hibernate.mapping.SimpleValue([org.hibernate.mapping.Column(id)]), id, org.hibernate.id.enhanced.SequenceStyleGenerator, native, ...)
[DEBUG] 2023-02-21 04:47:36.648 [http-nio-8080-exec-2] Ejb3Column - Binding column: Ejb3Column{table=org.hibernate.mapping.Table(Quest), mappingColumn=quest_area, insertable=true, updatable=true, unique=false}
[DEBUG] 2023-02-21 04:47:36.648 [http-nio-8080-exec-2] PropertyBinder - MetadataSourceProcessor property questArea with lazy=false
[DEBUG] 2023-02-21 04:47:36.648 [http-nio-8080-exec-2] AbstractPropertyHolder - Attempting to locate auto-apply AttributeConverter for property [questie.entity.Quest:questArea]
[DEBUG] 2023-02-21 04:47:36.648 [http-nio-8080-exec-2] SimpleValueBinder - building SimpleValue for questArea
[DEBUG] 2023-02-21 04:47:36.648 [http-nio-8080-exec-2] PropertyBinder - Building property questArea
[DEBUG] 2023-02-21 04:47:36.648 [http-nio-8080-exec-2] Ejb3Column - Binding column: Ejb3Column{table=org.hibernate.mapping.Table(Quest), mappingColumn=quest_level_requirement, insertable=true, updatable=true, unique=false}
[DEBUG] 2023-02-21 04:47:36.648 [http-nio-8080-exec-2] PropertyBinder - MetadataSourceProcessor property questLevelRequirement with lazy=false
[DEBUG] 2023-02-21 04:47:36.648 [http-nio-8080-exec-2] AbstractPropertyHolder - Attempting to locate auto-apply AttributeConverter for property [questie.entity.Quest:questLevelRequirement]
[DEBUG] 2023-02-21 04:47:36.648 [http-nio-8080-exec-2] SimpleValueBinder - building SimpleValue for questLevelRequirement
[DEBUG] 2023-02-21 04:47:36.648 [http-nio-8080-exec-2] PropertyBinder - Building property questLevelRequirement
[DEBUG] 2023-02-21 04:47:36.648 [http-nio-8080-exec-2] Ejb3Column - Binding column: Ejb3Column{table=org.hibernate.mapping.Table(Quest), mappingColumn=quest_name, insertable=true, updatable=true, unique=false}
[DEBUG] 2023-02-21 04:47:36.649 [http-nio-8080-exec-2] PropertyBinder - MetadataSourceProcessor property questName with lazy=false
[DEBUG] 2023-02-21 04:47:36.649 [http-nio-8080-exec-2] AbstractPropertyHolder - Attempting to locate auto-apply AttributeConverter for property [questie.entity.Quest:questName]
[DEBUG] 2023-02-21 04:47:36.649 [http-nio-8080-exec-2] SimpleValueBinder - building SimpleValue for questName
[DEBUG] 2023-02-21 04:47:36.649 [http-nio-8080-exec-2] PropertyBinder - Building property questName
[DEBUG] 2023-02-21 04:47:36.649 [http-nio-8080-exec-2] Ejb3Column - Binding column: Ejb3Column{table=org.hibernate.mapping.Table(Quest), mappingColumn=quest_reward, insertable=true, updatable=true, unique=false}
[DEBUG] 2023-02-21 04:47:36.649 [http-nio-8080-exec-2] PropertyBinder - MetadataSourceProcessor property questReward with lazy=false
[DEBUG] 2023-02-21 04:47:36.651 [http-nio-8080-exec-2] AbstractPropertyHolder - Attempting to locate auto-apply AttributeConverter for property [questie.entity.Quest:questReward]
[DEBUG] 2023-02-21 04:47:36.652 [http-nio-8080-exec-2] SimpleValueBinder - building SimpleValue for questReward
[DEBUG] 2023-02-21 04:47:36.652 [http-nio-8080-exec-2] PropertyBinder - Building property questReward
[DEBUG] 2023-02-21 04:47:36.652 [http-nio-8080-exec-2] Ejb3Column - Binding column: Ejb3Column{table=org.hibernate.mapping.Table(Quest), mappingColumn=quest_xp, insertable=true, updatable=true, unique=false}
[DEBUG] 2023-02-21 04:47:36.652 [http-nio-8080-exec-2] PropertyBinder - MetadataSourceProcessor property questXP with lazy=false
[DEBUG] 2023-02-21 04:47:36.652 [http-nio-8080-exec-2] AbstractPropertyHolder - Attempting to locate auto-apply AttributeConverter for property [questie.entity.Quest:questXP]
[DEBUG] 2023-02-21 04:47:36.652 [http-nio-8080-exec-2] SimpleValueBinder - building SimpleValue for questXP
[DEBUG] 2023-02-21 04:47:36.653 [http-nio-8080-exec-2] PropertyBinder - Building property questXP
[DEBUG] 2023-02-21 04:47:36.653 [http-nio-8080-exec-2] AnnotationBinder - Binding entity from annotated class: questie.entity.Favorite
[DEBUG] 2023-02-21 04:47:36.653 [http-nio-8080-exec-2] Ejb3Column - Binding column: Ejb3DiscriminatorColumn{logicalColumnName'DTYPE', discriminatorTypeName='string'}
[DEBUG] 2023-02-21 04:47:36.653 [http-nio-8080-exec-2] EntityBinder - Import with entity name Favorite
[DEBUG] 2023-02-21 04:47:36.653 [http-nio-8080-exec-2] EntityBinder - Bind entity questie.entity.Favorite on table Favorite
[DEBUG] 2023-02-21 04:47:36.654 [http-nio-8080-exec-2] Ejb3Column - Binding column: Ejb3Column{table=org.hibernate.mapping.Table(Favorite), mappingColumn=id, insertable=true, updatable=true, unique=false}
[DEBUG] 2023-02-21 04:47:36.654 [http-nio-8080-exec-2] PropertyBinder - MetadataSourceProcessor property id with lazy=false
[DEBUG] 2023-02-21 04:47:36.654 [http-nio-8080-exec-2] AbstractPropertyHolder - Attempting to locate auto-apply AttributeConverter for property [questie.entity.Favorite:id]
[DEBUG] 2023-02-21 04:47:36.654 [http-nio-8080-exec-2] SimpleValueBinder - building SimpleValue for id
[DEBUG] 2023-02-21 04:47:36.654 [http-nio-8080-exec-2] PropertyBinder - Building property id
[DEBUG] 2023-02-21 04:47:36.655 [http-nio-8080-exec-2] BinderHelper - #makeIdGenerator(org.hibernate.mapping.SimpleValue([org.hibernate.mapping.Column(id)]), id, org.hibernate.id.enhanced.SequenceStyleGenerator, native, ...)
[DEBUG] 2023-02-21 04:47:36.655 [http-nio-8080-exec-2] Ejb3Column - Binding column: Ejb3JoinColumn{logicalColumnName='null', referencedColumn='null', mappedBy='null'}
[DEBUG] 2023-02-21 04:47:36.655 [http-nio-8080-exec-2] Ejb3Column - Binding column: Ejb3Column{table=org.hibernate.mapping.Table(Favorite), mappingColumn=user, insertable=true, updatable=true, unique=false}
[DEBUG] 2023-02-21 04:47:36.656 [http-nio-8080-exec-2] PropertyBinder - Building property user
[DEBUG] 2023-02-21 04:47:36.666 [http-nio-8080-exec-2] SimpleValueBinder - Starting fillSimpleValue for id
[DEBUG] 2023-02-21 04:47:36.666 [http-nio-8080-exec-2] SimpleValueBinder - Starting fillSimpleValue for firstName
[DEBUG] 2023-02-21 04:47:36.666 [http-nio-8080-exec-2] SimpleValueBinder - Starting fillSimpleValue for gamertag
[DEBUG] 2023-02-21 04:47:36.667 [http-nio-8080-exec-2] SimpleValueBinder - Starting fillSimpleValue for lastName
[DEBUG] 2023-02-21 04:47:36.667 [http-nio-8080-exec-2] SimpleValueBinder - Starting fillSimpleValue for id
[DEBUG] 2023-02-21 04:47:36.667 [http-nio-8080-exec-2] SimpleValueBinder - Starting fillSimpleValue for questArea
[DEBUG] 2023-02-21 04:47:36.667 [http-nio-8080-exec-2] SimpleValueBinder - Starting fillSimpleValue for questLevelRequirement
[DEBUG] 2023-02-21 04:47:36.668 [http-nio-8080-exec-2] SimpleValueBinder - Starting fillSimpleValue for questName
[DEBUG] 2023-02-21 04:47:36.668 [http-nio-8080-exec-2] SimpleValueBinder - Starting fillSimpleValue for questReward
[DEBUG] 2023-02-21 04:47:36.668 [http-nio-8080-exec-2] SimpleValueBinder - Starting fillSimpleValue for questXP
[DEBUG] 2023-02-21 04:47:36.668 [http-nio-8080-exec-2] SimpleValueBinder - Starting fillSimpleValue for id
[DEBUG] 2023-02-21 04:47:36.673 [http-nio-8080-exec-2] PrimaryKey - Forcing column [id] to be non-null as it is part of the primary key for table [user]
[DEBUG] 2023-02-21 04:47:36.673 [http-nio-8080-exec-2] PrimaryKey - Forcing column [id] to be non-null as it is part of the primary key for table [quest]
[DEBUG] 2023-02-21 04:47:36.673 [http-nio-8080-exec-2] PrimaryKey - Forcing column [id] to be non-null as it is part of the primary key for table [favorite]
[DEBUG] 2023-02-21 04:47:36.674 [http-nio-8080-exec-2] CollectionSecondPass - Second pass for collection: questie.entity.User.favorites
[DEBUG] 2023-02-21 04:47:36.675 [http-nio-8080-exec-2] CollectionBinder - Binding a OneToMany: questie.entity.User.favorites through a foreign key
[DEBUG] 2023-02-21 04:47:36.676 [http-nio-8080-exec-2] CollectionBinder - Mapping collection: questie.entity.User.favorites -> Favorite
[DEBUG] 2023-02-21 04:47:36.697 [http-nio-8080-exec-2] TableBinder - Retrieving property questie.entity.Favorite.user
[DEBUG] 2023-02-21 04:47:36.697 [http-nio-8080-exec-2] CollectionSecondPass - Mapped collection key: user_id, one-to-many: questie.entity.Favorite
[DEBUG] 2023-02-21 04:47:36.698 [http-nio-8080-exec-2] InFlightMetadataCollectorImpl - Resolving reference to class: questie.entity.User
[DEBUG] 2023-02-21 04:47:36.707 [http-nio-8080-exec-2] InFlightMetadataCollectorImpl - Resolving reference to class: questie.entity.User
[DEBUG] 2023-02-21 04:47:36.883 [http-nio-8080-exec-2] SessionFactoryImpl - Building session factory
[DEBUG] 2023-02-21 04:47:36.925 [http-nio-8080-exec-2] Settings - SessionFactory name : null
[DEBUG] 2023-02-21 04:47:36.926 [http-nio-8080-exec-2] Settings - Automatic flush during beforeCompletion(): enabled
[DEBUG] 2023-02-21 04:47:36.926 [http-nio-8080-exec-2] Settings - Automatic session close at end of transaction: disabled
[DEBUG] 2023-02-21 04:47:36.926 [http-nio-8080-exec-2] Settings - Statistics: disabled
[DEBUG] 2023-02-21 04:47:36.926 [http-nio-8080-exec-2] Settings - Deleted entity synthetic identifier rollback: disabled
[DEBUG] 2023-02-21 04:47:36.926 [http-nio-8080-exec-2] Settings - Default entity-mode: pojo
[DEBUG] 2023-02-21 04:47:36.926 [http-nio-8080-exec-2] Settings - Check Nullability in Core (should be disabled when Bean Validation is on): enabled
[DEBUG] 2023-02-21 04:47:36.926 [http-nio-8080-exec-2] Settings - Allow initialization of lazy state outside session : disabled
[DEBUG] 2023-02-21 04:47:36.935 [http-nio-8080-exec-2] Settings - Using BatchFetchStyle : LEGACY
[DEBUG] 2023-02-21 04:47:36.935 [http-nio-8080-exec-2] Settings - Default batch fetch size: -1
[DEBUG] 2023-02-21 04:47:36.935 [http-nio-8080-exec-2] Settings - Maximum outer join fetch depth: 2
[DEBUG] 2023-02-21 04:47:36.936 [http-nio-8080-exec-2] Settings - Default null ordering: NONE
[DEBUG] 2023-02-21 04:47:36.936 [http-nio-8080-exec-2] Settings - Order SQL updates by primary key: disabled
[DEBUG] 2023-02-21 04:47:36.936 [http-nio-8080-exec-2] Settings - Order SQL inserts for batching: disabled
[DEBUG] 2023-02-21 04:47:36.936 [http-nio-8080-exec-2] Settings - multi-tenancy strategy : NONE
[DEBUG] 2023-02-21 04:47:36.936 [http-nio-8080-exec-2] Settings - JTA Track by Thread: enabled
[DEBUG] 2023-02-21 04:47:36.936 [http-nio-8080-exec-2] Settings - Query language substitutions: {}
[DEBUG] 2023-02-21 04:47:36.936 [http-nio-8080-exec-2] Settings - Named query checking : enabled
[DEBUG] 2023-02-21 04:47:36.936 [http-nio-8080-exec-2] Settings - Second-level cache: disabled
[DEBUG] 2023-02-21 04:47:36.936 [http-nio-8080-exec-2] Settings - Second-level query cache: disabled
[DEBUG] 2023-02-21 04:47:36.936 [http-nio-8080-exec-2] Settings - Second-level query cache factory: null
[DEBUG] 2023-02-21 04:47:36.936 [http-nio-8080-exec-2] Settings - Second-level cache region prefix: null
[DEBUG] 2023-02-21 04:47:36.937 [http-nio-8080-exec-2] Settings - Optimize second-level cache for minimal puts: disabled
[DEBUG] 2023-02-21 04:47:36.937 [http-nio-8080-exec-2] Settings - Structured second-level cache entries: disabled
[DEBUG] 2023-02-21 04:47:36.937 [http-nio-8080-exec-2] Settings - Second-level cache direct-reference entries: disabled
[DEBUG] 2023-02-21 04:47:36.942 [http-nio-8080-exec-2] Settings - Automatic eviction of collection cache: disabled
[DEBUG] 2023-02-21 04:47:36.942 [http-nio-8080-exec-2] Settings - JDBC batch size: 15
[DEBUG] 2023-02-21 04:47:36.942 [http-nio-8080-exec-2] Settings - JDBC batch updates for versioned data: enabled
[DEBUG] 2023-02-21 04:47:36.942 [http-nio-8080-exec-2] Settings - Scrollable result sets: enabled
[DEBUG] 2023-02-21 04:47:36.942 [http-nio-8080-exec-2] Settings - Wrap result sets: disabled
[DEBUG] 2023-02-21 04:47:36.943 [http-nio-8080-exec-2] Settings - JDBC3 getGeneratedKeys(): enabled
[DEBUG] 2023-02-21 04:47:36.943 [http-nio-8080-exec-2] Settings - JDBC result set fetch size: null
[DEBUG] 2023-02-21 04:47:36.943 [http-nio-8080-exec-2] Settings - Connection release mode: AFTER_TRANSACTION
[DEBUG] 2023-02-21 04:47:36.943 [http-nio-8080-exec-2] Settings - Generate SQL with comments: disabled
[DEBUG] 2023-02-21 04:47:36.943 [http-nio-8080-exec-2] Settings - JPA compliance - query : 
[DEBUG] 2023-02-21 04:47:36.943 [http-nio-8080-exec-2] Settings - JPA compliance - closed-handling : 
[DEBUG] 2023-02-21 04:47:36.943 [http-nio-8080-exec-2] Settings - JPA compliance - lists : 
[DEBUG] 2023-02-21 04:47:36.943 [http-nio-8080-exec-2] Settings - JPA compliance - transactions : 
[INFO ] 2023-02-21 04:47:37.245 [http-nio-8080-exec-2] beans - HHH10005002: No explicit CDI BeanManager reference was passed to Hibernate, but CDI is available on the Hibernate ClassLoader.
[DEBUG] 2023-02-21 04:47:37.320 [http-nio-8080-exec-2] SessionFactoryImpl - Session factory constructed with filter configurations : {}
[DEBUG] 2023-02-21 04:47:37.321 [http-nio-8080-exec-2] SessionFactoryImpl - Instantiating session factory with properties: {awt.toolkit=sun.awt.X11.XToolkit, java.specification.version=11, sun.cpu.isalist=, hibernate.c3p0.idle_test_period=3000, sun.jnu.encoding=UTF-8, hibernate.c3p0.min_size=5, sun.arch.data.model=64, java.vendor.url=https://ubuntu.com/, catalina.useNaming=true, openejb.provider.default=org.apache.tomee, sun.boot.library.path=/usr/lib/jvm/java-11-openjdk-amd64/lib, com.sun.management.jmxremote.ssl=false, sun.java.command=org.apache.catalina.startup.Bootstrap start, jdk.debug=release, java.specification.vendor=Oracle Corporation, java.naming.factory.url.pkgs=org.apache.naming:org.apache.openejb.core.ivm.naming, openejb.embedder.source=ServerListener, java.version.date=2022-10-18, java.home=/usr/lib/jvm/java-11-openjdk-amd64, ignore.endorsed.dirs=, file.separator=/, java.vm.compressedOopsMode=32-bit, line.separator=
, hibernate.c3p0.timeout=300, java.specification.name=Java Platform API Specification, java.vm.specification.vendor=Oracle Corporation, openejb.scan.webapp.container=true, com.sun.management.jmxremote.password.file=/home/student/.cache/JetBrains/IntelliJIdea2022.3/tomcat/0598cdfc-dce2-42d8-92ba-2285e44cdc51/jmxremote.password, package.definition=sun.,java.,org.apache.catalina.,org.apache.coyote.,org.apache.jasper.,org.apache.naming.,org.apache.tomcat., openejb.deployments.classpath.filter.systemapps=false, jdk.tls.ephemeralDHKeySize=2048, java.util.logging.config.file=/home/student/.cache/JetBrains/IntelliJIdea2022.3/tomcat/0598cdfc-dce2-42d8-92ba-2285e44cdc51/conf/logging.properties, java.protocol.handler.pkgs=org.apache.catalina.webresources, connection.password=student, sun.management.compiler=HotSpot 64-Bit Tiered Compilers, openejb.scan.webapp.container.excludes=, java.runtime.version=11.0.17+8-post-Ubuntu-1ubuntu220.04, user.name=student, org.apache.johnzon.max-string-length=8192, file.encoding=UTF-8, derby.system.home=/home/student/tomcat/bin, org.apache.catalina.security.SecurityListener.UMASK=0027, hibernate.connection.driver_class=com.mysql.cj.jdbc.Driver, java.io.tmpdir=/home/student/tomcat/temp, tomcat.util.scan.StandardJarScanFilter.jarsToScan=log4j-taglib*.jar,log4j-web*.jar,log4javascript*.jar,slf4j-taglib*.jar, java.version=11.0.17, com.sun.management.jmxremote.port=1099, tomcat.util.scan.StandardJarScanFilter.jarsToSkip=annotations-api.jar,ant-junit*.jar,ant-launcher.jar,ant.jar,asm-*.jar,aspectj*.jar,bootstrap.jar,catalina-ant.jar,catalina-ha.jar,catalina-jmx-remote.jar,catalina-storeconfig.jar,catalina-tribes.jar,catalina-ws.jar,catalina.jar,cglib-*.jar,cobertura-*.jar,commons-beanutils*.jar,commons-codec*.jar,commons-collections*.jar,commons-daemon.jar,commons-dbcp*.jar,commons-digester*.jar,commons-fileupload*.jar,commons-httpclient*.jar,commons-io*.jar,commons-lang*.jar,commons-logging*.jar,commons-math*.jar,commons-pool*.jar,dom4j-*.jar,easymock-*.jar,ecj-*.jar,el-api.jar,geronimo-spec-jaxrpc*.jar,h2*.jar,hamcrest-*.jar,hibernate*.jar,httpclient*.jar,icu4j-*.jar,jasper-el.jar,jasper.jar,jaspic-api.jar,jaxb-*.jar,jaxen-*.jar,jdom-*.jar,jetty-*.jar,jmx-tools.jar,jmx.jar,jsp-api.jar,jstl.jar,jta*.jar,junit-*.jar,junit.jar,log4j*.jar,mail*.jar,objenesis-*.jar,oraclepki.jar,oro-*.jar,servlet-api-*.jar,servlet-api.jar,slf4j*.jar,taglibs-standard-spec-*.jar,tagsoup-*.jar,tomcat-api.jar,tomcat-coyote.jar,tomcat-dbcp.jar,tomcat-i18n-*.jar,tomcat-jdbc.jar,tomcat-jni.jar,tomcat-juli-adapters.jar,tomcat-juli.jar,tomcat-util-scan.jar,tomcat-util.jar,tomcat-websocket.jar,tools.jar,websocket-api.jar,wsdl4j*.jar,xercesImpl.jar,xml-apis.jar,xmlParserAPIs-*.jar,xmlParserAPIs.jar,xom-*.jar, connection.username=root, java.vm.specification.name=Java Virtual Machine Specification, java.awt.printerjob=sun.print.PSPrinterJob, sun.os.patch.level=unknown, connection.driver_class=com.mysql.cj.jdbc.Driver, tomcat.built=May 4 2019 09:17:16 UTC, java.library.path=/usr/java/packages/lib:/usr/lib/x86_64-linux-gnu/jni:/lib/x86_64-linux-gnu:/usr/lib/x86_64-linux-gnu:/usr/lib/jni:/lib:/usr/lib, java.vendor=Ubuntu, tomee.version=7.1.1, java.rmi.server.randomIDs=true, sun.io.unicode.encoding=UnicodeLittle, tomcat.util.buf.StringCache.byte.enabled=true, sun.desktop=gnome, java.class.path=/home/student/tomcat/bin/bootstrap.jar:/home/student/tomcat/bin/tomcat-juli.jar, tomcat.version=8.5.41.0, java.vm.vendor=Ubuntu, openejb.home=/home/student/tomcat, openejb.system.apps=true, user.timezone=America/Chicago, os.name=Linux, java.vm.specification.version=11, sun.java.launcher=SUN_STANDARD, user.country=US, openejb.base=/home/student/.cache/JetBrains/IntelliJIdea2022.3/tomcat/0598cdfc-dce2-42d8-92ba-2285e44cdc51, com.sun.management.jmxremote=, sun.cpu.endian=little, user.home=/home/student, hibernate.c3p0.max_statements=50, user.language=en, openejb.deployments.classpath=false, java.awt.graphicsenv=sun.awt.X11GraphicsEnvironment, package.access=sun.,org.apache.catalina.,org.apache.coyote.,org.apache.jasper.,org.apache.tomcat., openejb.loader=tomcat-system, server.loader=, com.sun.management.jmxremote.access.file=/home/student/.cache/JetBrains/IntelliJIdea2022.3/tomcat/0598cdfc-dce2-42d8-92ba-2285e44cdc51/jmxremote.access, hibernate.c3p0.max_size=20, java.naming.factory.initial=org.apache.naming.java.javaURLContextFactory, path.separator=:, org.apache.openejb.core.security.JaccProvider=org.apache.openejb.core.security.jacc.BasicJaccProvider, common.loader="/home/student/tomcat/lib","/home/student/tomcat/lib/*.jar","/home/student/tomcat/lib","/home/student/tomcat/lib/*.jar", hibernate.connection.username=****, os.version=5.4.0-139-generic, openejb.version=7.1.1, org.apache.security.jacc.EJBMethodPermission.methodInterfaces=BusinessLocalHome,BusinessRemoteHome,BusinessRemote,BusinessLocal, java.runtime.name=OpenJDK Runtime Environment, hibernate.connection.url=jdbc:mysql://localhost:3306/questie, java.vm.name=OpenJDK 64-Bit Server VM, openejb.scan.webapp.container.includes=.*(geronimo|mp-jwt|failsafe).*, tomee.remote.support=true, java.vendor.url.bug=https://bugs.launchpad.net/ubuntu/+source/openjdk-lts, catalina.home=/home/student/tomcat, user.dir=/home/student/tomcat/bin, bval.in-container=true, os.arch=amd64, openjpa.Log=org.apache.openejb.openjpa.JULOpenJPALogFactory, hibernate.connection.password=****, tomee.serialization.class.blacklist=-, tomee.serialization.class.whitelist=, shared.loader=, catalina.base=/home/student/.cache/JetBrains/IntelliJIdea2022.3/tomcat/0598cdfc-dce2-42d8-92ba-2285e44cdc51, hibernate.boot.CfgXmlAccessService.key=org.hibernate.boot.cfgxml.spi.LoadedConfig@4f98d182, noBanner=true, java.util.logging.manager=org.apache.juli.ClassLoaderLogManager, org.apache.webbeans.logger.WebBeansLoggerFacade=org.apache.openejb.cdi.logging.ContainerJULLoggerFactory, java.vm.info=mixed mode, sharing, java.vm.version=11.0.17+8-post-Ubuntu-1ubuntu220.04, hibernate.bytecode.use_reflection_optimizer=false, java.rmi.server.hostname=127.0.0.1, javax.security.jacc.PolicyConfigurationFactory.provider=org.apache.openejb.core.security.JaccProvider$Factory, connection.url=jdbc:mysql://localhost:3306/questie, java.class.version=55.0, authconfigprovider.factory=false}
[DEBUG] 2023-02-21 04:47:37.366 [http-nio-8080-exec-2] ClassLoaderAccessImpl - Not known whether passed class name [questie.entity.Quest] is safe
[DEBUG] 2023-02-21 04:47:37.367 [http-nio-8080-exec-2] ClassLoaderAccessImpl - No temp ClassLoader provided; using live ClassLoader for loading potentially unsafe class : questie.entity.Quest
[DEBUG] 2023-02-21 04:47:37.394 [http-nio-8080-exec-2] ClassLoaderAccessImpl - Not known whether passed class name [questie.entity.User] is safe
[DEBUG] 2023-02-21 04:47:37.394 [http-nio-8080-exec-2] ClassLoaderAccessImpl - No temp ClassLoader provided; using live ClassLoader for loading potentially unsafe class : questie.entity.User
[DEBUG] 2023-02-21 04:47:37.413 [http-nio-8080-exec-2] ClassLoaderAccessImpl - Not known whether passed class name [questie.entity.Favorite] is safe
[DEBUG] 2023-02-21 04:47:37.414 [http-nio-8080-exec-2] ClassLoaderAccessImpl - No temp ClassLoader provided; using live ClassLoader for loading potentially unsafe class : questie.entity.Favorite
[DEBUG] 2023-02-21 04:47:37.428 [http-nio-8080-exec-2] JaccIntegrator - Skipping JACC integration as it was not enabled
[DEBUG] 2023-02-21 04:47:37.429 [http-nio-8080-exec-2] SessionFactoryImpl - Instantiated session factory
[DEBUG] 2023-02-21 04:47:37.429 [http-nio-8080-exec-2] TypeConfiguration$Scope - Scoping TypeConfiguration [org.hibernate.type.spi.TypeConfiguration@f36663a] to SessionFactoryImpl [org.hibernate.internal.SessionFactoryImpl@1c813158]
[DEBUG] 2023-02-21 04:47:37.564 [http-nio-8080-exec-2] ClassLoaderAccessImpl - Not known whether passed class name [questie.entity.Quest] is safe
[DEBUG] 2023-02-21 04:47:37.573 [http-nio-8080-exec-2] ClassLoaderAccessImpl - No temp ClassLoader provided; using live ClassLoader for loading potentially unsafe class : questie.entity.Quest
[DEBUG] 2023-02-21 04:47:37.618 [http-nio-8080-exec-2] ClassLoaderAccessImpl - Not known whether passed class name [questie.entity.Quest] is safe
[DEBUG] 2023-02-21 04:47:37.618 [http-nio-8080-exec-2] ClassLoaderAccessImpl - No temp ClassLoader provided; using live ClassLoader for loading potentially unsafe class : questie.entity.Quest
[DEBUG] 2023-02-21 04:47:38.177 [http-nio-8080-exec-2] ClassLoaderAccessImpl - Not known whether passed class name [questie.entity.User] is safe
[DEBUG] 2023-02-21 04:47:38.197 [http-nio-8080-exec-2] ClassLoaderAccessImpl - No temp ClassLoader provided; using live ClassLoader for loading potentially unsafe class : questie.entity.User
[DEBUG] 2023-02-21 04:47:38.201 [http-nio-8080-exec-2] ClassLoaderAccessImpl - Not known whether passed class name [questie.entity.User] is safe
[DEBUG] 2023-02-21 04:47:38.201 [http-nio-8080-exec-2] ClassLoaderAccessImpl - No temp ClassLoader provided; using live ClassLoader for loading potentially unsafe class : questie.entity.User
[DEBUG] 2023-02-21 04:47:38.275 [http-nio-8080-exec-2] ClassLoaderAccessImpl - Not known whether passed class name [questie.entity.Favorite] is safe
[DEBUG] 2023-02-21 04:47:38.275 [http-nio-8080-exec-2] ClassLoaderAccessImpl - No temp ClassLoader provided; using live ClassLoader for loading potentially unsafe class : questie.entity.Favorite
[DEBUG] 2023-02-21 04:47:38.276 [http-nio-8080-exec-2] ClassLoaderAccessImpl - Not known whether passed class name [questie.entity.Favorite] is safe
[DEBUG] 2023-02-21 04:47:38.276 [http-nio-8080-exec-2] ClassLoaderAccessImpl - No temp ClassLoader provided; using live ClassLoader for loading potentially unsafe class : questie.entity.Favorite
[DEBUG] 2023-02-21 04:47:38.327 [http-nio-8080-exec-2] AbstractCollectionPersister - Static SQL for collection: questie.entity.User.favorites
[DEBUG] 2023-02-21 04:47:38.327 [http-nio-8080-exec-2] AbstractCollectionPersister -  Row insert: update Favorite set user_id=? where id=?
[DEBUG] 2023-02-21 04:47:38.327 [http-nio-8080-exec-2] AbstractCollectionPersister -  Row update: update Favorite set  where id=?
[DEBUG] 2023-02-21 04:47:38.327 [http-nio-8080-exec-2] AbstractCollectionPersister -  Row delete: update Favorite set user_id=null where user_id=? and id=?
[DEBUG] 2023-02-21 04:47:38.327 [http-nio-8080-exec-2] AbstractCollectionPersister -  One-shot delete: update Favorite set user_id=null where user_id=?
[DEBUG] 2023-02-21 04:47:38.342 [http-nio-8080-exec-2] AbstractEntityPersister - Static SQL for entity: questie.entity.Quest
[DEBUG] 2023-02-21 04:47:38.343 [http-nio-8080-exec-2] AbstractEntityPersister -  Version select: select id from Quest where id =?
[DEBUG] 2023-02-21 04:47:38.343 [http-nio-8080-exec-2] AbstractEntityPersister -  Snapshot select: select quest_.id, quest_.quest_area as quest_ar2_1_, quest_.quest_level_requirement as quest_le3_1_, quest_.quest_name as quest_na4_1_, quest_.quest_reward as quest_re5_1_, quest_.quest_xp as quest_xp6_1_ from Quest quest_ where quest_.id=?
[DEBUG] 2023-02-21 04:47:38.343 [http-nio-8080-exec-2] AbstractEntityPersister -  Insert 0: insert into Quest (quest_area, quest_level_requirement, quest_name, quest_reward, quest_xp, id) values (?, ?, ?, ?, ?, ?)
[DEBUG] 2023-02-21 04:47:38.343 [http-nio-8080-exec-2] AbstractEntityPersister -  Update 0: update Quest set quest_area=?, quest_level_requirement=?, quest_name=?, quest_reward=?, quest_xp=? where id=?
[DEBUG] 2023-02-21 04:47:38.343 [http-nio-8080-exec-2] AbstractEntityPersister -  Delete 0: delete from Quest where id=?
[DEBUG] 2023-02-21 04:47:38.343 [http-nio-8080-exec-2] AbstractEntityPersister -  Identity insert: insert into Quest (quest_area, quest_level_requirement, quest_name, quest_reward, quest_xp) values (?, ?, ?, ?, ?)
[DEBUG] 2023-02-21 04:47:38.392 [http-nio-8080-exec-2] QuerySpacesImpl - Adding QuerySpace : uid = <gen:0> -> org.hibernate.loader.plan.build.internal.spaces.EntityQuerySpaceImpl@50a9ce51]
[DEBUG] 2023-02-21 04:47:38.394 [http-nio-8080-exec-2] MetamodelGraphWalker - Visiting attribute path : questArea
[DEBUG] 2023-02-21 04:47:38.394 [http-nio-8080-exec-2] MetamodelGraphWalker - Visiting attribute path : questLevelRequirement
[DEBUG] 2023-02-21 04:47:38.394 [http-nio-8080-exec-2] MetamodelGraphWalker - Visiting attribute path : questName
[DEBUG] 2023-02-21 04:47:38.394 [http-nio-8080-exec-2] MetamodelGraphWalker - Visiting attribute path : questReward
[DEBUG] 2023-02-21 04:47:38.394 [http-nio-8080-exec-2] MetamodelGraphWalker - Visiting attribute path : questXP
[DEBUG] 2023-02-21 04:47:38.394 [http-nio-8080-exec-2] FetchStyleLoadPlanBuildingAssociationVisitationStrategy - Building LoadPlan...
[DEBUG] 2023-02-21 04:47:38.405 [http-nio-8080-exec-2] LoadQueryJoinAndFetchProcessor - processing queryspace <gen:0>
[DEBUG] 2023-02-21 04:47:38.417 [http-nio-8080-exec-2] LoadPlanTreePrinter - LoadPlan(entity=questie.entity.Quest)
    - Returns
       - EntityReturnImpl(entity=questie.entity.Quest, querySpaceUid=<gen:0>, path=questie.entity.Quest)
    - QuerySpaces
       - EntityQuerySpaceImpl(uid=<gen:0>, entity=questie.entity.Quest)
          - SQL table alias mapping - quest0_
          - alias suffix - 0_
          - suffixed key columns - {id1_1_0_}

[DEBUG] 2023-02-21 04:47:38.418 [http-nio-8080-exec-2] EntityLoader - Static select for entity questie.entity.Quest [NONE]: select quest0_.id as id1_1_0_, quest0_.quest_area as quest_ar2_1_0_, quest0_.quest_level_requirement as quest_le3_1_0_, quest0_.quest_name as quest_na4_1_0_, quest0_.quest_reward as quest_re5_1_0_, quest0_.quest_xp as quest_xp6_1_0_ from Quest quest0_ where quest0_.id=?
[DEBUG] 2023-02-21 04:47:38.419 [http-nio-8080-exec-2] QuerySpacesImpl - Adding QuerySpace : uid = <gen:0> -> org.hibernate.loader.plan.build.internal.spaces.EntityQuerySpaceImpl@69b0c5cc]
[DEBUG] 2023-02-21 04:47:38.419 [http-nio-8080-exec-2] MetamodelGraphWalker - Visiting attribute path : questArea
[DEBUG] 2023-02-21 04:47:38.419 [http-nio-8080-exec-2] MetamodelGraphWalker - Visiting attribute path : questLevelRequirement
[DEBUG] 2023-02-21 04:47:38.419 [http-nio-8080-exec-2] MetamodelGraphWalker - Visiting attribute path : questName
[DEBUG] 2023-02-21 04:47:38.419 [http-nio-8080-exec-2] MetamodelGraphWalker - Visiting attribute path : questReward
[DEBUG] 2023-02-21 04:47:38.419 [http-nio-8080-exec-2] MetamodelGraphWalker - Visiting attribute path : questXP
[DEBUG] 2023-02-21 04:47:38.419 [http-nio-8080-exec-2] FetchStyleLoadPlanBuildingAssociationVisitationStrategy - Building LoadPlan...
[DEBUG] 2023-02-21 04:47:38.419 [http-nio-8080-exec-2] LoadQueryJoinAndFetchProcessor - processing queryspace <gen:0>
[DEBUG] 2023-02-21 04:47:38.430 [http-nio-8080-exec-2] LoadPlanTreePrinter - LoadPlan(entity=questie.entity.Quest)
    - Returns
       - EntityReturnImpl(entity=questie.entity.Quest, querySpaceUid=<gen:0>, path=questie.entity.Quest)
    - QuerySpaces
       - EntityQuerySpaceImpl(uid=<gen:0>, entity=questie.entity.Quest)
          - SQL table alias mapping - quest0_
          - alias suffix - 0_
          - suffixed key columns - {id1_1_0_}

[DEBUG] 2023-02-21 04:47:38.431 [http-nio-8080-exec-2] EntityLoader - Static select for entity questie.entity.Quest [READ]: select quest0_.id as id1_1_0_, quest0_.quest_area as quest_ar2_1_0_, quest0_.quest_level_requirement as quest_le3_1_0_, quest0_.quest_name as quest_na4_1_0_, quest0_.quest_reward as quest_re5_1_0_, quest0_.quest_xp as quest_xp6_1_0_ from Quest quest0_ where quest0_.id=?
[DEBUG] 2023-02-21 04:47:38.499 [http-nio-8080-exec-2] Loader - Static select for action ACTION_MERGE on entity questie.entity.Quest: select quest0_.id as id1_1_0_, quest0_.quest_area as quest_ar2_1_0_, quest0_.quest_level_requirement as quest_le3_1_0_, quest0_.quest_name as quest_na4_1_0_, quest0_.quest_reward as quest_re5_1_0_, quest0_.quest_xp as quest_xp6_1_0_ from Quest quest0_ where quest0_.id=?
[DEBUG] 2023-02-21 04:47:38.500 [http-nio-8080-exec-2] Loader - Static select for action ACTION_REFRESH on entity questie.entity.Quest: select quest0_.id as id1_1_0_, quest0_.quest_area as quest_ar2_1_0_, quest0_.quest_level_requirement as quest_le3_1_0_, quest0_.quest_name as quest_na4_1_0_, quest0_.quest_reward as quest_re5_1_0_, quest0_.quest_xp as quest_xp6_1_0_ from Quest quest0_ where quest0_.id=?
[DEBUG] 2023-02-21 04:47:38.500 [http-nio-8080-exec-2] AbstractEntityPersister - Static SQL for entity: questie.entity.User
[DEBUG] 2023-02-21 04:47:38.501 [http-nio-8080-exec-2] AbstractEntityPersister -  Version select: select id from User where id =?
[DEBUG] 2023-02-21 04:47:38.501 [http-nio-8080-exec-2] AbstractEntityPersister -  Snapshot select: select user_.id, user_.first_name as first_na2_2_, user_.gamertag as gamertag3_2_, user_.last_name as last_nam4_2_ from User user_ where user_.id=?
[DEBUG] 2023-02-21 04:47:38.501 [http-nio-8080-exec-2] AbstractEntityPersister -  Insert 0: insert into User (first_name, gamertag, last_name, id) values (?, ?, ?, ?)
[DEBUG] 2023-02-21 04:47:38.501 [http-nio-8080-exec-2] AbstractEntityPersister -  Update 0: update User set first_name=?, gamertag=?, last_name=? where id=?
[DEBUG] 2023-02-21 04:47:38.501 [http-nio-8080-exec-2] AbstractEntityPersister -  Delete 0: delete from User where id=?
[DEBUG] 2023-02-21 04:47:38.501 [http-nio-8080-exec-2] AbstractEntityPersister -  Identity insert: insert into User (first_name, gamertag, last_name) values (?, ?, ?)
[DEBUG] 2023-02-21 04:47:38.501 [http-nio-8080-exec-2] QuerySpacesImpl - Adding QuerySpace : uid = <gen:0> -> org.hibernate.loader.plan.build.internal.spaces.EntityQuerySpaceImpl@e53c4ae]
[DEBUG] 2023-02-21 04:47:38.501 [http-nio-8080-exec-2] MetamodelGraphWalker - Visiting attribute path : favorites
[DEBUG] 2023-02-21 04:47:38.511 [http-nio-8080-exec-2] QuerySpacesImpl - Adding QuerySpace : uid = <gen:1> -> org.hibernate.loader.plan.build.internal.spaces.CollectionQuerySpaceImpl@45a28a4c]
[DEBUG] 2023-02-21 04:47:38.514 [http-nio-8080-exec-2] QuerySpacesImpl - Adding QuerySpace : uid = <gen:2> -> org.hibernate.loader.plan.build.internal.spaces.EntityQuerySpaceImpl@66cecebd]
[DEBUG] 2023-02-21 04:47:38.516 [http-nio-8080-exec-2] MetamodelGraphWalker - Visiting attribute path : favorites.user
[DEBUG] 2023-02-21 04:47:38.516 [http-nio-8080-exec-2] MetamodelGraphWalker - Property path deemed to be circular : favorites.user
[DEBUG] 2023-02-21 04:47:38.552 [http-nio-8080-exec-2] MetamodelGraphWalker - Visiting attribute path : firstName
[DEBUG] 2023-02-21 04:47:38.552 [http-nio-8080-exec-2] MetamodelGraphWalker - Visiting attribute path : gamertag
[DEBUG] 2023-02-21 04:47:38.553 [http-nio-8080-exec-2] MetamodelGraphWalker - Visiting attribute path : lastName
[DEBUG] 2023-02-21 04:47:38.553 [http-nio-8080-exec-2] FetchStyleLoadPlanBuildingAssociationVisitationStrategy - Building LoadPlan...
[DEBUG] 2023-02-21 04:47:38.553 [http-nio-8080-exec-2] LoadQueryJoinAndFetchProcessor - processing queryspace <gen:0>
[DEBUG] 2023-02-21 04:47:38.558 [http-nio-8080-exec-2] LoadPlanTreePrinter - LoadPlan(entity=questie.entity.User)
    - Returns
       - EntityReturnImpl(entity=questie.entity.User, querySpaceUid=<gen:0>, path=questie.entity.User)
          - CollectionAttributeFetchImpl(collection=questie.entity.User.favorites, querySpaceUid=<gen:1>, path=questie.entity.User.favorites)
             - (collection element) CollectionFetchableElementEntityGraph(entity=questie.entity.Favorite, querySpaceUid=<gen:2>, path=questie.entity.User.favorites.<elements>)
    - QuerySpaces
       - EntityQuerySpaceImpl(uid=<gen:0>, entity=questie.entity.User)
          - SQL table alias mapping - user0_
          - alias suffix - 0_
          - suffixed key columns - {id1_2_0_}
          - JOIN (JoinDefinedByMetadata(favorites)) : <gen:0> -> <gen:1>
             - CollectionQuerySpaceImpl(uid=<gen:1>, collection=questie.entity.User.favorites)
                - SQL table alias mapping - favorites1_
                - alias suffix - 1_
                - suffixed key columns - {user_id2_0_1_}
                - entity-element alias suffix - 2_
                - 2_entity-element suffixed key columns - id1_0_2_
                - JOIN (JoinDefinedByMetadata(elements)) : <gen:1> -> <gen:2>
                   - EntityQuerySpaceImpl(uid=<gen:2>, entity=questie.entity.Favorite)
                      - SQL table alias mapping - favorites1_
                      - alias suffix - 2_
                      - suffixed key columns - {id1_0_2_}

[DEBUG] 2023-02-21 04:47:38.559 [http-nio-8080-exec-2] EntityLoader - Static select for entity questie.entity.User [NONE]: select user0_.id as id1_2_0_, user0_.first_name as first_na2_2_0_, user0_.gamertag as gamertag3_2_0_, user0_.last_name as last_nam4_2_0_, favorites1_.user_id as user_id2_0_1_, favorites1_.id as id1_0_1_, favorites1_.id as id1_0_2_, favorites1_.user_id as user_id2_0_2_ from User user0_ left outer join Favorite favorites1_ on user0_.id=favorites1_.user_id where user0_.id=?
[DEBUG] 2023-02-21 04:47:38.559 [http-nio-8080-exec-2] QuerySpacesImpl - Adding QuerySpace : uid = <gen:0> -> org.hibernate.loader.plan.build.internal.spaces.EntityQuerySpaceImpl@1682dd2c]
[DEBUG] 2023-02-21 04:47:38.559 [http-nio-8080-exec-2] MetamodelGraphWalker - Visiting attribute path : favorites
[DEBUG] 2023-02-21 04:47:38.559 [http-nio-8080-exec-2] QuerySpacesImpl - Adding QuerySpace : uid = <gen:1> -> org.hibernate.loader.plan.build.internal.spaces.CollectionQuerySpaceImpl@ccff931]
[DEBUG] 2023-02-21 04:47:38.559 [http-nio-8080-exec-2] QuerySpacesImpl - Adding QuerySpace : uid = <gen:2> -> org.hibernate.loader.plan.build.internal.spaces.EntityQuerySpaceImpl@51bfbe71]
[DEBUG] 2023-02-21 04:47:38.560 [http-nio-8080-exec-2] MetamodelGraphWalker - Visiting attribute path : favorites.user
[DEBUG] 2023-02-21 04:47:38.560 [http-nio-8080-exec-2] MetamodelGraphWalker - Property path deemed to be circular : favorites.user
[DEBUG] 2023-02-21 04:47:38.560 [http-nio-8080-exec-2] MetamodelGraphWalker - Visiting attribute path : firstName
[DEBUG] 2023-02-21 04:47:38.561 [http-nio-8080-exec-2] MetamodelGraphWalker - Visiting attribute path : gamertag
[DEBUG] 2023-02-21 04:47:38.561 [http-nio-8080-exec-2] MetamodelGraphWalker - Visiting attribute path : lastName
[DEBUG] 2023-02-21 04:47:38.561 [http-nio-8080-exec-2] FetchStyleLoadPlanBuildingAssociationVisitationStrategy - Building LoadPlan...
[DEBUG] 2023-02-21 04:47:38.562 [http-nio-8080-exec-2] LoadQueryJoinAndFetchProcessor - processing queryspace <gen:0>
[DEBUG] 2023-02-21 04:47:38.571 [http-nio-8080-exec-2] LoadPlanTreePrinter - LoadPlan(entity=questie.entity.User)
    - Returns
       - EntityReturnImpl(entity=questie.entity.User, querySpaceUid=<gen:0>, path=questie.entity.User)
          - CollectionAttributeFetchImpl(collection=questie.entity.User.favorites, querySpaceUid=<gen:1>, path=questie.entity.User.favorites)
             - (collection element) CollectionFetchableElementEntityGraph(entity=questie.entity.Favorite, querySpaceUid=<gen:2>, path=questie.entity.User.favorites.<elements>)
    - QuerySpaces
       - EntityQuerySpaceImpl(uid=<gen:0>, entity=questie.entity.User)
          - SQL table alias mapping - user0_
          - alias suffix - 0_
          - suffixed key columns - {id1_2_0_}
          - JOIN (JoinDefinedByMetadata(favorites)) : <gen:0> -> <gen:1>
             - CollectionQuerySpaceImpl(uid=<gen:1>, collection=questie.entity.User.favorites)
                - SQL table alias mapping - favorites1_
                - alias suffix - 1_
                - suffixed key columns - {user_id2_0_1_}
                - entity-element alias suffix - 2_
                - 2_entity-element suffixed key columns - id1_0_2_
                - JOIN (JoinDefinedByMetadata(elements)) : <gen:1> -> <gen:2>
                   - EntityQuerySpaceImpl(uid=<gen:2>, entity=questie.entity.Favorite)
                      - SQL table alias mapping - favorites1_
                      - alias suffix - 2_
                      - suffixed key columns - {id1_0_2_}

[DEBUG] 2023-02-21 04:47:38.571 [http-nio-8080-exec-2] EntityLoader - Static select for entity questie.entity.User [READ]: select user0_.id as id1_2_0_, user0_.first_name as first_na2_2_0_, user0_.gamertag as gamertag3_2_0_, user0_.last_name as last_nam4_2_0_, favorites1_.user_id as user_id2_0_1_, favorites1_.id as id1_0_1_, favorites1_.id as id1_0_2_, favorites1_.user_id as user_id2_0_2_ from User user0_ left outer join Favorite favorites1_ on user0_.id=favorites1_.user_id where user0_.id=?
[DEBUG] 2023-02-21 04:47:38.582 [http-nio-8080-exec-2] Loader - Static select for action ACTION_MERGE on entity questie.entity.User: select user0_.id as id1_2_1_, user0_.first_name as first_na2_2_1_, user0_.gamertag as gamertag3_2_1_, user0_.last_name as last_nam4_2_1_, favorites1_.user_id as user_id2_0_3_, favorites1_.id as id1_0_3_, favorites1_.id as id1_0_0_, favorites1_.user_id as user_id2_0_0_ from User user0_ left outer join Favorite favorites1_ on user0_.id=favorites1_.user_id where user0_.id=?
[DEBUG] 2023-02-21 04:47:38.583 [http-nio-8080-exec-2] Loader - Static select for action ACTION_REFRESH on entity questie.entity.User: select user0_.id as id1_2_1_, user0_.first_name as first_na2_2_1_, user0_.gamertag as gamertag3_2_1_, user0_.last_name as last_nam4_2_1_, favorites1_.user_id as user_id2_0_3_, favorites1_.id as id1_0_3_, favorites1_.id as id1_0_0_, favorites1_.user_id as user_id2_0_0_ from User user0_ left outer join Favorite favorites1_ on user0_.id=favorites1_.user_id where user0_.id=?
[DEBUG] 2023-02-21 04:47:38.583 [http-nio-8080-exec-2] AbstractEntityPersister - Static SQL for entity: questie.entity.Favorite
[DEBUG] 2023-02-21 04:47:38.583 [http-nio-8080-exec-2] AbstractEntityPersister -  Version select: select id from Favorite where id =?
[DEBUG] 2023-02-21 04:47:38.583 [http-nio-8080-exec-2] AbstractEntityPersister -  Snapshot select: select favorite_.id, favorite_.user_id as user_id2_0_ from Favorite favorite_ where favorite_.id=?
[DEBUG] 2023-02-21 04:47:38.583 [http-nio-8080-exec-2] AbstractEntityPersister -  Insert 0: insert into Favorite (user_id, id) values (?, ?)
[DEBUG] 2023-02-21 04:47:38.583 [http-nio-8080-exec-2] AbstractEntityPersister -  Update 0: update Favorite set user_id=? where id=?
[DEBUG] 2023-02-21 04:47:38.583 [http-nio-8080-exec-2] AbstractEntityPersister -  Delete 0: delete from Favorite where id=?
[DEBUG] 2023-02-21 04:47:38.583 [http-nio-8080-exec-2] AbstractEntityPersister -  Identity insert: insert into Favorite (user_id) values (?)
[DEBUG] 2023-02-21 04:47:38.584 [http-nio-8080-exec-2] QuerySpacesImpl - Adding QuerySpace : uid = <gen:0> -> org.hibernate.loader.plan.build.internal.spaces.EntityQuerySpaceImpl@3ab69cf2]
[DEBUG] 2023-02-21 04:47:38.584 [http-nio-8080-exec-2] MetamodelGraphWalker - Visiting attribute path : user
[DEBUG] 2023-02-21 04:47:38.584 [http-nio-8080-exec-2] QuerySpacesImpl - Adding QuerySpace : uid = <gen:1> -> org.hibernate.loader.plan.build.internal.spaces.EntityQuerySpaceImpl@159f5ff7]
[DEBUG] 2023-02-21 04:47:38.585 [http-nio-8080-exec-2] MetamodelGraphWalker - Visiting attribute path : user.favorites
[DEBUG] 2023-02-21 04:47:38.593 [http-nio-8080-exec-2] MetamodelGraphWalker - Property path deemed to be circular : user.favorites
[DEBUG] 2023-02-21 04:47:38.593 [http-nio-8080-exec-2] MetamodelGraphWalker - Visiting attribute path : user.firstName
[DEBUG] 2023-02-21 04:47:38.593 [http-nio-8080-exec-2] MetamodelGraphWalker - Visiting attribute path : user.gamertag
[DEBUG] 2023-02-21 04:47:38.593 [http-nio-8080-exec-2] MetamodelGraphWalker - Visiting attribute path : user.lastName
[DEBUG] 2023-02-21 04:47:38.593 [http-nio-8080-exec-2] FetchStyleLoadPlanBuildingAssociationVisitationStrategy - Building LoadPlan...
[DEBUG] 2023-02-21 04:47:38.593 [http-nio-8080-exec-2] LoadQueryJoinAndFetchProcessor - processing queryspace <gen:0>
[DEBUG] 2023-02-21 04:47:38.594 [http-nio-8080-exec-2] LoadPlanTreePrinter - LoadPlan(entity=questie.entity.Favorite)
    - Returns
       - EntityReturnImpl(entity=questie.entity.Favorite, querySpaceUid=<gen:0>, path=questie.entity.Favorite)
          - EntityAttributeFetchImpl(entity=questie.entity.User, querySpaceUid=<gen:1>, path=questie.entity.Favorite.user)
    - QuerySpaces
       - EntityQuerySpaceImpl(uid=<gen:0>, entity=questie.entity.Favorite)
          - SQL table alias mapping - favorite0_
          - alias suffix - 0_
          - suffixed key columns - {id1_0_0_}
          - JOIN (JoinDefinedByMetadata(user)) : <gen:0> -> <gen:1>
             - EntityQuerySpaceImpl(uid=<gen:1>, entity=questie.entity.User)
                - SQL table alias mapping - user1_
                - alias suffix - 1_
                - suffixed key columns - {id1_2_1_}

[DEBUG] 2023-02-21 04:47:38.594 [http-nio-8080-exec-2] EntityLoader - Static select for entity questie.entity.Favorite [NONE]: select favorite0_.id as id1_0_0_, favorite0_.user_id as user_id2_0_0_, user1_.id as id1_2_1_, user1_.first_name as first_na2_2_1_, user1_.gamertag as gamertag3_2_1_, user1_.last_name as last_nam4_2_1_ from Favorite favorite0_ left outer join User user1_ on favorite0_.user_id=user1_.id where favorite0_.id=?
[DEBUG] 2023-02-21 04:47:38.594 [http-nio-8080-exec-2] QuerySpacesImpl - Adding QuerySpace : uid = <gen:0> -> org.hibernate.loader.plan.build.internal.spaces.EntityQuerySpaceImpl@5c2e9a89]
[DEBUG] 2023-02-21 04:47:38.594 [http-nio-8080-exec-2] MetamodelGraphWalker - Visiting attribute path : user
[DEBUG] 2023-02-21 04:47:38.599 [http-nio-8080-exec-2] QuerySpacesImpl - Adding QuerySpace : uid = <gen:1> -> org.hibernate.loader.plan.build.internal.spaces.EntityQuerySpaceImpl@4fcdc866]
[DEBUG] 2023-02-21 04:47:38.599 [http-nio-8080-exec-2] MetamodelGraphWalker - Visiting attribute path : user.favorites
[DEBUG] 2023-02-21 04:47:38.599 [http-nio-8080-exec-2] MetamodelGraphWalker - Property path deemed to be circular : user.favorites
[DEBUG] 2023-02-21 04:47:38.599 [http-nio-8080-exec-2] MetamodelGraphWalker - Visiting attribute path : user.firstName
[DEBUG] 2023-02-21 04:47:38.600 [http-nio-8080-exec-2] MetamodelGraphWalker - Visiting attribute path : user.gamertag
[DEBUG] 2023-02-21 04:47:38.600 [http-nio-8080-exec-2] MetamodelGraphWalker - Visiting attribute path : user.lastName
[DEBUG] 2023-02-21 04:47:38.600 [http-nio-8080-exec-2] FetchStyleLoadPlanBuildingAssociationVisitationStrategy - Building LoadPlan...
[DEBUG] 2023-02-21 04:47:38.600 [http-nio-8080-exec-2] LoadQueryJoinAndFetchProcessor - processing queryspace <gen:0>
[DEBUG] 2023-02-21 04:47:38.620 [http-nio-8080-exec-2] LoadPlanTreePrinter - LoadPlan(entity=questie.entity.Favorite)
    - Returns
       - EntityReturnImpl(entity=questie.entity.Favorite, querySpaceUid=<gen:0>, path=questie.entity.Favorite)
          - EntityAttributeFetchImpl(entity=questie.entity.User, querySpaceUid=<gen:1>, path=questie.entity.Favorite.user)
    - QuerySpaces
       - EntityQuerySpaceImpl(uid=<gen:0>, entity=questie.entity.Favorite)
          - SQL table alias mapping - favorite0_
          - alias suffix - 0_
          - suffixed key columns - {id1_0_0_}
          - JOIN (JoinDefinedByMetadata(user)) : <gen:0> -> <gen:1>
             - EntityQuerySpaceImpl(uid=<gen:1>, entity=questie.entity.User)
                - SQL table alias mapping - user1_
                - alias suffix - 1_
                - suffixed key columns - {id1_2_1_}

[DEBUG] 2023-02-21 04:47:38.620 [http-nio-8080-exec-2] EntityLoader - Static select for entity questie.entity.Favorite [READ]: select favorite0_.id as id1_0_0_, favorite0_.user_id as user_id2_0_0_, user1_.id as id1_2_1_, user1_.first_name as first_na2_2_1_, user1_.gamertag as gamertag3_2_1_, user1_.last_name as last_nam4_2_1_ from Favorite favorite0_ left outer join User user1_ on favorite0_.user_id=user1_.id where favorite0_.id=?
[DEBUG] 2023-02-21 04:47:38.620 [http-nio-8080-exec-2] Loader - Static select for action ACTION_MERGE on entity questie.entity.Favorite: select favorite0_.id as id1_0_0_, favorite0_.user_id as user_id2_0_0_ from Favorite favorite0_ where favorite0_.id=?
[DEBUG] 2023-02-21 04:47:38.620 [http-nio-8080-exec-2] Loader - Static select for action ACTION_REFRESH on entity questie.entity.Favorite: select favorite0_.id as id1_0_0_, favorite0_.user_id as user_id2_0_0_ from Favorite favorite0_ where favorite0_.id=?
[DEBUG] 2023-02-21 04:47:38.635 [http-nio-8080-exec-2] QuerySpacesImpl - Adding QuerySpace : uid = <gen:0> -> org.hibernate.loader.plan.build.internal.spaces.CollectionQuerySpaceImpl@5506ebde]
[DEBUG] 2023-02-21 04:47:38.643 [http-nio-8080-exec-2] QuerySpacesImpl - Adding QuerySpace : uid = <gen:1> -> org.hibernate.loader.plan.build.internal.spaces.EntityQuerySpaceImpl@78a068da]
[DEBUG] 2023-02-21 04:47:38.643 [http-nio-8080-exec-2] MetamodelGraphWalker - Visiting attribute path : user
[DEBUG] 2023-02-21 04:47:38.643 [http-nio-8080-exec-2] MetamodelGraphWalker - Property path deemed to be circular : user
[DEBUG] 2023-02-21 04:47:38.644 [http-nio-8080-exec-2] FetchStyleLoadPlanBuildingAssociationVisitationStrategy - Building LoadPlan...
[DEBUG] 2023-02-21 04:47:38.656 [http-nio-8080-exec-2] LoadQueryJoinAndFetchProcessor - processing queryspace <gen:0>
[DEBUG] 2023-02-21 04:47:38.657 [http-nio-8080-exec-2] LoadPlanTreePrinter - LoadPlan(collection=questie.entity.User.favorites)
    - Returns
       - CollectionReturnImpl(collection=questie.entity.User.favorites, querySpaceUid=<gen:0>, path=[questie.entity.User.favorites])
          - (collection element) CollectionFetchableElementEntityGraph(entity=questie.entity.Favorite, querySpaceUid=<gen:1>, path=[questie.entity.User.favorites].<elements>)
    - QuerySpaces
       - CollectionQuerySpaceImpl(uid=<gen:0>, collection=questie.entity.User.favorites)
          - SQL table alias mapping - favorites0_
          - alias suffix - 0_
          - suffixed key columns - {user_id2_0_0_}
          - entity-element alias suffix - 1_
          - 1_entity-element suffixed key columns - id1_0_1_
          - JOIN (JoinDefinedByMetadata(elements)) : <gen:0> -> <gen:1>
             - EntityQuerySpaceImpl(uid=<gen:1>, entity=questie.entity.Favorite)
                - SQL table alias mapping - favorites0_
                - alias suffix - 1_
                - suffixed key columns - {id1_0_1_}

[DEBUG] 2023-02-21 04:47:38.658 [http-nio-8080-exec-2] CollectionLoader - Static select for collection questie.entity.User.favorites: select favorites0_.user_id as user_id2_0_0_, favorites0_.id as id1_0_0_, favorites0_.id as id1_0_1_, favorites0_.user_id as user_id2_0_1_ from Favorite favorites0_ where favorites0_.user_id=?
[DEBUG] 2023-02-21 04:47:38.799 [http-nio-8080-exec-2] SchemaManagementToolCoordinator - No actions specified; doing nothing
[DEBUG] 2023-02-21 04:47:38.800 [http-nio-8080-exec-2] JtaPlatformInitiator - No JtaPlatform was specified, checking resolver
[DEBUG] 2023-02-21 04:47:38.801 [http-nio-8080-exec-2] JtaPlatformResolverInitiator - No JtaPlatformResolver was specified, using default [org.hibernate.engine.transaction.jta.platform.internal.StandardJtaPlatformResolver]
[DEBUG] 2023-02-21 04:47:38.813 [http-nio-8080-exec-2] StandardJtaPlatformResolver - Could not resolve JtaPlatform, using default [org.hibernate.engine.transaction.jta.platform.internal.NoJtaPlatform]
[INFO ] 2023-02-21 04:47:38.813 [http-nio-8080-exec-2] JtaPlatformInitiator - HHH000490: Using JtaPlatform implementation: [org.hibernate.engine.transaction.jta.platform.internal.NoJtaPlatform]
[DEBUG] 2023-02-21 04:47:38.827 [http-nio-8080-exec-2] NamedQueryRepository - Checking 0 named HQL queries
[DEBUG] 2023-02-21 04:47:38.827 [http-nio-8080-exec-2] NamedQueryRepository - Checking 0 named SQL queries
[DEBUG] 2023-02-21 04:47:38.830 [http-nio-8080-exec-2] SessionFactoryRegistry - Initializing SessionFactoryRegistry : org.hibernate.internal.SessionFactoryRegistry@18c189c8
[DEBUG] 2023-02-21 04:47:38.832 [http-nio-8080-exec-2] SessionFactoryRegistry - Registering SessionFactory: 642197aa-79fb-4120-9f83-6d75933a253c (<unnamed>)
[DEBUG] 2023-02-21 04:47:38.832 [http-nio-8080-exec-2] SessionFactoryRegistry - Not binding SessionFactory to JNDI, no JNDI name configured
[DEBUG] 2023-02-21 04:47:39.142 [http-nio-8080-exec-2] StatisticsInitiator - Statistics initialized [enabled=false]
[DEBUG] 2023-02-21 04:47:39.239 [http-nio-8080-exec-2] CriteriaQueryImpl - Rendered criteria query -> select generatedAlias0 from User as generatedAlias0
[DEBUG] 2023-02-21 04:47:39.329 [http-nio-8080-exec-2] QueryTranslatorFactoryInitiator - QueryTranslatorFactory: org.hibernate.hql.internal.ast.ASTQueryTranslatorFactory@29bd4b24
[DEBUG] 2023-02-21 04:47:39.418 [http-nio-8080-exec-2] QueryTranslatorImpl - parse() - HQL: select generatedAlias0 from questie.entity.User as generatedAlias0
[DEBUG] 2023-02-21 04:47:39.439 [http-nio-8080-exec-2] ErrorTracker - throwQueryException() : no errors
[DEBUG] 2023-02-21 04:47:39.470 [http-nio-8080-exec-2] QueryTranslatorImpl - --- HQL AST ---
 \-[QUERY] Node: 'query'
    \-[SELECT_FROM] Node: 'SELECT_FROM'
       +-[FROM] Node: 'from'
       |  \-[RANGE] Node: 'RANGE'
       |     +-[DOT] Node: '.'
       |     |  +-[DOT] Node: '.'
       |     |  |  +-[IDENT] Node: 'questie'
       |     |  |  \-[IDENT] Node: 'entity'
       |     |  \-[IDENT] Node: 'User'
       |     \-[ALIAS] Node: 'generatedAlias0'
       \-[SELECT] Node: 'select'
          \-[IDENT] Node: 'generatedAlias0'

[DEBUG] 2023-02-21 04:47:39.574 [http-nio-8080-exec-2] HqlSqlBaseWalker - select << begin [level=1, statement=select]
[DEBUG] 2023-02-21 04:47:39.637 [http-nio-8080-exec-2] FromElement - FromClause{level=1} : questie.entity.User (generatedAlias0) -> user0_
[DEBUG] 2023-02-21 04:47:39.639 [http-nio-8080-exec-2] FromReferenceNode - Resolved : generatedAlias0 -> user0_.id
[DEBUG] 2023-02-21 04:47:39.640 [http-nio-8080-exec-2] HqlSqlBaseWalker - select : finishing up [level=1, statement=select]
[DEBUG] 2023-02-21 04:47:39.641 [http-nio-8080-exec-2] HqlSqlWalker - processQuery() :  ( SELECT ( {select clause} user0_.id ) ( FromClause{level=1} User user0_ ) )
[DEBUG] 2023-02-21 04:47:39.682 [http-nio-8080-exec-2] JoinProcessor - Using FROM fragment [User user0_]
[DEBUG] 2023-02-21 04:47:39.682 [http-nio-8080-exec-2] HqlSqlBaseWalker - select >> end [level=1, statement=select]
[DEBUG] 2023-02-21 04:47:39.682 [http-nio-8080-exec-2] QueryTranslatorImpl - --- SQL AST ---
 \-[SELECT] QueryNode: 'SELECT'  querySpaces (User)
    +-[SELECT_CLAUSE] SelectClause: '{select clause}'
    |  +-[ALIAS_REF] IdentNode: 'user0_.id as id1_2_' {alias=generatedAlias0, className=questie.entity.User, tableAlias=user0_}
    |  \-[SQL_TOKEN] SqlFragment: 'user0_.first_name as first_na2_2_, user0_.gamertag as gamertag3_2_, user0_.last_name as last_nam4_2_'
    \-[FROM] FromClause: 'from' FromClause{level=1, fromElementCounter=1, fromElements=1, fromElementByClassAlias=[generatedAlias0], fromElementByTableAlias=[user0_], fromElementsByPath=[], collectionJoinFromElementsByPath=[], impliedElements=[]}
       \-[FROM_FRAGMENT] FromElement: 'User user0_' FromElement{explicit,not a collection join,not a fetch join,fetch non-lazy properties,classAlias=generatedAlias0,role=null,tableName=User,tableAlias=user0_,origin=null,columns={,className=questie.entity.User}}

[DEBUG] 2023-02-21 04:47:39.682 [http-nio-8080-exec-2] ErrorTracker - throwQueryException() : no errors
[DEBUG] 2023-02-21 04:47:39.693 [http-nio-8080-exec-2] QueryTranslatorImpl - HQL: select generatedAlias0 from questie.entity.User as generatedAlias0
[DEBUG] 2023-02-21 04:47:39.693 [http-nio-8080-exec-2] QueryTranslatorImpl - SQL: select user0_.id as id1_2_, user0_.first_name as first_na2_2_, user0_.gamertag as gamertag3_2_, user0_.last_name as last_nam4_2_ from User user0_
[DEBUG] 2023-02-21 04:47:39.693 [http-nio-8080-exec-2] ErrorTracker - throwQueryException() : no errors
[DEBUG] 2023-02-21 04:47:39.760 [http-nio-8080-exec-2] SQL - select user0_.id as id1_2_, user0_.first_name as first_na2_2_, user0_.gamertag as gamertag3_2_, user0_.last_name as last_nam4_2_ from User user0_
[DEBUG] 2023-02-21 04:47:39.853 [http-nio-8080-exec-2] Loader - Result set row: 0
[DEBUG] 2023-02-21 04:47:39.856 [http-nio-8080-exec-2] Loader - Result row: EntityKey[questie.entity.User#1]
[DEBUG] 2023-02-21 04:47:39.896 [http-nio-8080-exec-2] TwoPhaseLoad - Resolving attributes for [questie.entity.User#1]
[DEBUG] 2023-02-21 04:47:39.898 [http-nio-8080-exec-2] TwoPhaseLoad - Processing attribute `favorites` : value = NOT NULL COLLECTION
[DEBUG] 2023-02-21 04:47:39.898 [http-nio-8080-exec-2] TwoPhaseLoad - Attribute (`favorites`)  - enhanced for lazy-loading? - false
[DEBUG] 2023-02-21 04:47:39.937 [http-nio-8080-exec-2] TwoPhaseLoad - Processing attribute `firstName` : value = Lana
[DEBUG] 2023-02-21 04:47:39.938 [http-nio-8080-exec-2] TwoPhaseLoad - Attribute (`firstName`)  - enhanced for lazy-loading? - false
[DEBUG] 2023-02-21 04:47:39.938 [http-nio-8080-exec-2] TwoPhaseLoad - Processing attribute `gamertag` : value = superlana
[DEBUG] 2023-02-21 04:47:39.938 [http-nio-8080-exec-2] TwoPhaseLoad - Attribute (`gamertag`)  - enhanced for lazy-loading? - false
[DEBUG] 2023-02-21 04:47:39.938 [http-nio-8080-exec-2] TwoPhaseLoad - Processing attribute `lastName` : value = Bryan
[DEBUG] 2023-02-21 04:47:39.938 [http-nio-8080-exec-2] TwoPhaseLoad - Attribute (`lastName`)  - enhanced for lazy-loading? - false
[DEBUG] 2023-02-21 04:47:39.939 [http-nio-8080-exec-2] TwoPhaseLoad - Done materializing entity [questie.entity.User#1]
[DEBUG] 2023-02-21 04:47:39.941 [http-nio-8080-exec-2] AbstractLoadPlanBasedCollectionInitializer - Loading collection: [questie.entity.User.favorites#1]
[DEBUG] 2023-02-21 04:47:39.942 [http-nio-8080-exec-2] SQL - select favorites0_.user_id as user_id2_0_0_, favorites0_.id as id1_0_0_, favorites0_.id as id1_0_1_, favorites0_.user_id as user_id2_0_1_ from Favorite favorites0_ where favorites0_.user_id=?
[DEBUG] 2023-02-21 04:47:39.956 [http-nio-8080-exec-2] ResultSetProcessorImpl - Preparing collection initializer : [questie.entity.User.favorites#1]
[DEBUG] 2023-02-21 04:47:39.985 [http-nio-8080-exec-2] ResultSetProcessorImpl - Starting ResultSet row #0
[DEBUG] 2023-02-21 04:47:39.993 [http-nio-8080-exec-2] CollectionReferenceInitializerImpl - Found row of collection: [questie.entity.User.favorites#1]
[DEBUG] 2023-02-21 04:47:40.010 [http-nio-8080-exec-2] ResultSetProcessorImpl - Starting ResultSet row #1
[DEBUG] 2023-02-21 04:47:40.019 [http-nio-8080-exec-2] CollectionReferenceInitializerImpl - Found row of collection: [questie.entity.User.favorites#1]
[DEBUG] 2023-02-21 04:47:40.020 [http-nio-8080-exec-2] ResultSetProcessorImpl - Starting ResultSet row #2
[DEBUG] 2023-02-21 04:47:40.020 [http-nio-8080-exec-2] CollectionReferenceInitializerImpl - Found row of collection: [questie.entity.User.favorites#1]
[DEBUG] 2023-02-21 04:47:40.020 [http-nio-8080-exec-2] TwoPhaseLoad - Resolving attributes for [questie.entity.Favorite#1]
[DEBUG] 2023-02-21 04:47:40.020 [http-nio-8080-exec-2] TwoPhaseLoad - Processing attribute `user` : value = 1
[DEBUG] 2023-02-21 04:47:40.020 [http-nio-8080-exec-2] TwoPhaseLoad - Attribute (`user`)  - enhanced for lazy-loading? - false
[DEBUG] 2023-02-21 04:47:40.020 [http-nio-8080-exec-2] TwoPhaseLoad - Done materializing entity [questie.entity.Favorite#1]
[DEBUG] 2023-02-21 04:47:40.021 [http-nio-8080-exec-2] TwoPhaseLoad - Resolving attributes for [questie.entity.Favorite#2]
[DEBUG] 2023-02-21 04:47:40.021 [http-nio-8080-exec-2] TwoPhaseLoad - Processing attribute `user` : value = 1
[DEBUG] 2023-02-21 04:47:40.021 [http-nio-8080-exec-2] TwoPhaseLoad - Attribute (`user`)  - enhanced for lazy-loading? - false
[DEBUG] 2023-02-21 04:47:40.021 [http-nio-8080-exec-2] TwoPhaseLoad - Done materializing entity [questie.entity.Favorite#2]
[DEBUG] 2023-02-21 04:47:40.021 [http-nio-8080-exec-2] TwoPhaseLoad - Resolving attributes for [questie.entity.Favorite#3]
[DEBUG] 2023-02-21 04:47:40.021 [http-nio-8080-exec-2] TwoPhaseLoad - Processing attribute `user` : value = 1
[DEBUG] 2023-02-21 04:47:40.021 [http-nio-8080-exec-2] TwoPhaseLoad - Attribute (`user`)  - enhanced for lazy-loading? - false
[DEBUG] 2023-02-21 04:47:40.021 [http-nio-8080-exec-2] TwoPhaseLoad - Done materializing entity [questie.entity.Favorite#3]
[DEBUG] 2023-02-21 04:47:40.026 [http-nio-8080-exec-2] CollectionLoadContext - 1 collections were found in result set for role: questie.entity.User.favorites
[DEBUG] 2023-02-21 04:47:40.027 [http-nio-8080-exec-2] CollectionLoadContext - Collection fully initialized: [questie.entity.User.favorites#1]
[DEBUG] 2023-02-21 04:47:40.027 [http-nio-8080-exec-2] CollectionLoadContext - 1 collections initialized for role: questie.entity.User.favorites
[DEBUG] 2023-02-21 04:47:40.027 [http-nio-8080-exec-2] ResourceRegistryStandardImpl - HHH000387: ResultSet's statement was not registered
[DEBUG] 2023-02-21 04:47:40.027 [http-nio-8080-exec-2] AbstractLoadPlanBasedCollectionInitializer - Done loading collection
[DEBUG] 2023-02-21 04:47:40.029 [http-nio-8080-exec-2] LogicalConnectionManagedImpl - Initiating JDBC connection release from afterTransaction
