[DEBUG] 2023-02-12 07:10:45.795 [main] IntegratorServiceImpl - Adding Integrator [org.hibernate.cfg.beanvalidation.BeanValidationIntegrator].
[DEBUG] 2023-02-12 07:10:45.812 [main] IntegratorServiceImpl - Adding Integrator [org.hibernate.secure.spi.JaccIntegrator].
[DEBUG] 2023-02-12 07:10:45.825 [main] IntegratorServiceImpl - Adding Integrator [org.hibernate.cache.internal.CollectionCacheInvalidator].
[INFO ] 2023-02-12 07:10:45.972 [main] Version - HHH000412: Hibernate Core {5.4.4.Final}
[DEBUG] 2023-02-12 07:10:45.974 [main] Environment - HHH000206: hibernate.properties not found
[DEBUG] 2023-02-12 07:10:46.321 [main] JaxbCfgProcessor - cfg.xml document did not define namespaces; wrapping in custom event reader to introduce namespace information
[DEBUG] 2023-02-12 07:10:46.952 [main] ServiceBinding - Overriding existing service binding [org.hibernate.secure.spi.JaccService]
[DEBUG] 2023-02-12 07:10:47.010 [main] RegionFactoryInitiator - Cannot default RegionFactory based on registered strategies as `[]` RegionFactory strategies were registered
[DEBUG] 2023-02-12 07:10:47.020 [main] RegionFactoryInitiator - Cache region factory : org.hibernate.cache.internal.NoCachingRegionFactory
[INFO ] 2023-02-12 07:10:47.063 [main] Version - HCANN000001: Hibernate Commons Annotations {5.1.0.Final}
[DEBUG] 2023-02-12 07:10:47.123 [main] BasicTypeRegistry - Adding type registration boolean -> org.hibernate.type.BooleanType@3f92a84e
[DEBUG] 2023-02-12 07:10:47.123 [main] BasicTypeRegistry - Adding type registration boolean -> org.hibernate.type.BooleanType@3f92a84e
[DEBUG] 2023-02-12 07:10:47.123 [main] BasicTypeRegistry - Adding type registration java.lang.Boolean -> org.hibernate.type.BooleanType@3f92a84e
[DEBUG] 2023-02-12 07:10:47.124 [main] BasicTypeRegistry - Adding type registration numeric_boolean -> org.hibernate.type.NumericBooleanType@53b8afea
[DEBUG] 2023-02-12 07:10:47.124 [main] BasicTypeRegistry - Adding type registration true_false -> org.hibernate.type.TrueFalseType@499ef98e
[DEBUG] 2023-02-12 07:10:47.124 [main] BasicTypeRegistry - Adding type registration yes_no -> org.hibernate.type.YesNoType@16eedaa6
[DEBUG] 2023-02-12 07:10:47.125 [main] BasicTypeRegistry - Adding type registration byte -> org.hibernate.type.ByteType@66c38e51
[DEBUG] 2023-02-12 07:10:47.125 [main] BasicTypeRegistry - Adding type registration byte -> org.hibernate.type.ByteType@66c38e51
[DEBUG] 2023-02-12 07:10:47.129 [main] BasicTypeRegistry - Adding type registration java.lang.Byte -> org.hibernate.type.ByteType@66c38e51
[DEBUG] 2023-02-12 07:10:47.130 [main] BasicTypeRegistry - Adding type registration character -> org.hibernate.type.CharacterType@4422dd48
[DEBUG] 2023-02-12 07:10:47.145 [main] BasicTypeRegistry - Adding type registration char -> org.hibernate.type.CharacterType@4422dd48
[DEBUG] 2023-02-12 07:10:47.145 [main] BasicTypeRegistry - Adding type registration java.lang.Character -> org.hibernate.type.CharacterType@4422dd48
[DEBUG] 2023-02-12 07:10:47.147 [main] BasicTypeRegistry - Adding type registration short -> org.hibernate.type.ShortType@12968227
[DEBUG] 2023-02-12 07:10:47.147 [main] BasicTypeRegistry - Adding type registration short -> org.hibernate.type.ShortType@12968227
[DEBUG] 2023-02-12 07:10:47.147 [main] BasicTypeRegistry - Adding type registration java.lang.Short -> org.hibernate.type.ShortType@12968227
[DEBUG] 2023-02-12 07:10:47.148 [main] BasicTypeRegistry - Adding type registration integer -> org.hibernate.type.IntegerType@2a066689
[DEBUG] 2023-02-12 07:10:47.148 [main] BasicTypeRegistry - Adding type registration int -> org.hibernate.type.IntegerType@2a066689
[DEBUG] 2023-02-12 07:10:47.148 [main] BasicTypeRegistry - Adding type registration java.lang.Integer -> org.hibernate.type.IntegerType@2a066689
[DEBUG] 2023-02-12 07:10:47.163 [main] BasicTypeRegistry - Adding type registration long -> org.hibernate.type.LongType@79d06bbd
[DEBUG] 2023-02-12 07:10:47.163 [main] BasicTypeRegistry - Adding type registration long -> org.hibernate.type.LongType@79d06bbd
[DEBUG] 2023-02-12 07:10:47.163 [main] BasicTypeRegistry - Adding type registration java.lang.Long -> org.hibernate.type.LongType@79d06bbd
[DEBUG] 2023-02-12 07:10:47.164 [main] BasicTypeRegistry - Adding type registration float -> org.hibernate.type.FloatType@3efedc6f
[DEBUG] 2023-02-12 07:10:47.164 [main] BasicTypeRegistry - Adding type registration float -> org.hibernate.type.FloatType@3efedc6f
[DEBUG] 2023-02-12 07:10:47.164 [main] BasicTypeRegistry - Adding type registration java.lang.Float -> org.hibernate.type.FloatType@3efedc6f
[DEBUG] 2023-02-12 07:10:47.165 [main] BasicTypeRegistry - Adding type registration double -> org.hibernate.type.DoubleType@3531f3ca
[DEBUG] 2023-02-12 07:10:47.165 [main] BasicTypeRegistry - Adding type registration double -> org.hibernate.type.DoubleType@3531f3ca
[DEBUG] 2023-02-12 07:10:47.165 [main] BasicTypeRegistry - Adding type registration java.lang.Double -> org.hibernate.type.DoubleType@3531f3ca
[DEBUG] 2023-02-12 07:10:47.166 [main] BasicTypeRegistry - Adding type registration big_decimal -> org.hibernate.type.BigDecimalType@5e671e20
[DEBUG] 2023-02-12 07:10:47.167 [main] BasicTypeRegistry - Adding type registration java.math.BigDecimal -> org.hibernate.type.BigDecimalType@5e671e20
[DEBUG] 2023-02-12 07:10:47.167 [main] BasicTypeRegistry - Adding type registration big_integer -> org.hibernate.type.BigIntegerType@3e1a3801
[DEBUG] 2023-02-12 07:10:47.167 [main] BasicTypeRegistry - Adding type registration java.math.BigInteger -> org.hibernate.type.BigIntegerType@3e1a3801
[DEBUG] 2023-02-12 07:10:47.168 [main] BasicTypeRegistry - Adding type registration string -> org.hibernate.type.StringType@61a1ea2c
[DEBUG] 2023-02-12 07:10:47.168 [main] BasicTypeRegistry - Adding type registration java.lang.String -> org.hibernate.type.StringType@61a1ea2c
[DEBUG] 2023-02-12 07:10:47.168 [main] BasicTypeRegistry - Adding type registration nstring -> org.hibernate.type.StringNVarcharType@3ae9d1e2
[DEBUG] 2023-02-12 07:10:47.169 [main] BasicTypeRegistry - Adding type registration ncharacter -> org.hibernate.type.CharacterNCharType@131ff6fa
[DEBUG] 2023-02-12 07:10:47.170 [main] BasicTypeRegistry - Adding type registration url -> org.hibernate.type.UrlType@63411512
[DEBUG] 2023-02-12 07:10:47.170 [main] BasicTypeRegistry - Adding type registration java.net.URL -> org.hibernate.type.UrlType@63411512
[DEBUG] 2023-02-12 07:10:47.171 [main] BasicTypeRegistry - Adding type registration Duration -> org.hibernate.type.DurationType@5d5160e6
[DEBUG] 2023-02-12 07:10:47.171 [main] BasicTypeRegistry - Adding type registration java.time.Duration -> org.hibernate.type.DurationType@5d5160e6
[DEBUG] 2023-02-12 07:10:47.173 [main] BasicTypeRegistry - Adding type registration Instant -> org.hibernate.type.InstantType@13da7ab0
[DEBUG] 2023-02-12 07:10:47.174 [main] BasicTypeRegistry - Adding type registration java.time.Instant -> org.hibernate.type.InstantType@13da7ab0
[DEBUG] 2023-02-12 07:10:47.175 [main] BasicTypeRegistry - Adding type registration LocalDateTime -> org.hibernate.type.LocalDateTimeType@238bfd6c
[DEBUG] 2023-02-12 07:10:47.175 [main] BasicTypeRegistry - Adding type registration java.time.LocalDateTime -> org.hibernate.type.LocalDateTimeType@238bfd6c
[DEBUG] 2023-02-12 07:10:47.180 [main] BasicTypeRegistry - Adding type registration LocalDate -> org.hibernate.type.LocalDateType@4b3fe06e
[DEBUG] 2023-02-12 07:10:47.180 [main] BasicTypeRegistry - Adding type registration java.time.LocalDate -> org.hibernate.type.LocalDateType@4b3fe06e
[DEBUG] 2023-02-12 07:10:47.180 [main] BasicTypeRegistry - Adding type registration LocalTime -> org.hibernate.type.LocalTimeType@3e15bb06
[DEBUG] 2023-02-12 07:10:47.189 [main] BasicTypeRegistry - Adding type registration java.time.LocalTime -> org.hibernate.type.LocalTimeType@3e15bb06
[DEBUG] 2023-02-12 07:10:47.191 [main] BasicTypeRegistry - Adding type registration OffsetDateTime -> org.hibernate.type.OffsetDateTimeType@2f61d591
[DEBUG] 2023-02-12 07:10:47.195 [main] BasicTypeRegistry - Adding type registration java.time.OffsetDateTime -> org.hibernate.type.OffsetDateTimeType@2f61d591
[DEBUG] 2023-02-12 07:10:47.196 [main] BasicTypeRegistry - Adding type registration OffsetTime -> org.hibernate.type.OffsetTimeType@1416cf9f
[DEBUG] 2023-02-12 07:10:47.205 [main] BasicTypeRegistry - Adding type registration java.time.OffsetTime -> org.hibernate.type.OffsetTimeType@1416cf9f
[DEBUG] 2023-02-12 07:10:47.206 [main] BasicTypeRegistry - Adding type registration ZonedDateTime -> org.hibernate.type.ZonedDateTimeType@55d9b8f0
[DEBUG] 2023-02-12 07:10:47.210 [main] BasicTypeRegistry - Adding type registration java.time.ZonedDateTime -> org.hibernate.type.ZonedDateTimeType@55d9b8f0
[DEBUG] 2023-02-12 07:10:47.212 [main] BasicTypeRegistry - Adding type registration date -> org.hibernate.type.DateType@29eda4f8
[DEBUG] 2023-02-12 07:10:47.215 [main] BasicTypeRegistry - Adding type registration java.sql.Date -> org.hibernate.type.DateType@29eda4f8
[DEBUG] 2023-02-12 07:10:47.216 [main] BasicTypeRegistry - Adding type registration time -> org.hibernate.type.TimeType@56913163
[DEBUG] 2023-02-12 07:10:47.216 [main] BasicTypeRegistry - Adding type registration java.sql.Time -> org.hibernate.type.TimeType@56913163
[DEBUG] 2023-02-12 07:10:47.217 [main] BasicTypeRegistry - Adding type registration timestamp -> org.hibernate.type.TimestampType@14229fa7
[DEBUG] 2023-02-12 07:10:47.217 [main] BasicTypeRegistry - Adding type registration java.sql.Timestamp -> org.hibernate.type.TimestampType@14229fa7
[DEBUG] 2023-02-12 07:10:47.217 [main] BasicTypeRegistry - Adding type registration java.util.Date -> org.hibernate.type.TimestampType@14229fa7
[DEBUG] 2023-02-12 07:10:47.219 [main] BasicTypeRegistry - Adding type registration dbtimestamp -> org.hibernate.type.DbTimestampType@102efc59
[DEBUG] 2023-02-12 07:10:47.219 [main] BasicTypeRegistry - Adding type registration calendar -> org.hibernate.type.CalendarType@3ce53f6a
[DEBUG] 2023-02-12 07:10:47.220 [main] BasicTypeRegistry - Adding type registration java.util.Calendar -> org.hibernate.type.CalendarType@3ce53f6a
[DEBUG] 2023-02-12 07:10:47.220 [main] BasicTypeRegistry - Adding type registration java.util.GregorianCalendar -> org.hibernate.type.CalendarType@3ce53f6a
[DEBUG] 2023-02-12 07:10:47.220 [main] BasicTypeRegistry - Adding type registration calendar_date -> org.hibernate.type.CalendarDateType@59d77850
[DEBUG] 2023-02-12 07:10:47.223 [main] BasicTypeRegistry - Adding type registration locale -> org.hibernate.type.LocaleType@6c6366cf
[DEBUG] 2023-02-12 07:10:47.224 [main] BasicTypeRegistry - Adding type registration java.util.Locale -> org.hibernate.type.LocaleType@6c6366cf
[DEBUG] 2023-02-12 07:10:47.224 [main] BasicTypeRegistry - Adding type registration currency -> org.hibernate.type.CurrencyType@481e91b6
[DEBUG] 2023-02-12 07:10:47.225 [main] BasicTypeRegistry - Adding type registration java.util.Currency -> org.hibernate.type.CurrencyType@481e91b6
[DEBUG] 2023-02-12 07:10:47.225 [main] BasicTypeRegistry - Adding type registration timezone -> org.hibernate.type.TimeZoneType@383864d5
[DEBUG] 2023-02-12 07:10:47.225 [main] BasicTypeRegistry - Adding type registration java.util.TimeZone -> org.hibernate.type.TimeZoneType@383864d5
[DEBUG] 2023-02-12 07:10:47.226 [main] BasicTypeRegistry - Adding type registration class -> org.hibernate.type.ClassType@65c86db8
[DEBUG] 2023-02-12 07:10:47.226 [main] BasicTypeRegistry - Adding type registration java.lang.Class -> org.hibernate.type.ClassType@65c86db8
[DEBUG] 2023-02-12 07:10:47.235 [main] BasicTypeRegistry - Adding type registration uuid-binary -> org.hibernate.type.UUIDBinaryType@6f139fc9
[DEBUG] 2023-02-12 07:10:47.235 [main] BasicTypeRegistry - Adding type registration java.util.UUID -> org.hibernate.type.UUIDBinaryType@6f139fc9
[DEBUG] 2023-02-12 07:10:47.235 [main] BasicTypeRegistry - Adding type registration uuid-char -> org.hibernate.type.UUIDCharType@15dc339f
[DEBUG] 2023-02-12 07:10:47.236 [main] BasicTypeRegistry - Adding type registration binary -> org.hibernate.type.BinaryType@706fe5c6
[DEBUG] 2023-02-12 07:10:47.236 [main] BasicTypeRegistry - Adding type registration byte[] -> org.hibernate.type.BinaryType@706fe5c6
[DEBUG] 2023-02-12 07:10:47.236 [main] BasicTypeRegistry - Adding type registration [B -> org.hibernate.type.BinaryType@706fe5c6
[DEBUG] 2023-02-12 07:10:47.237 [main] BasicTypeRegistry - Adding type registration wrapper-binary -> org.hibernate.type.WrapperBinaryType@55e2fe3c
[DEBUG] 2023-02-12 07:10:47.241 [main] BasicTypeRegistry - Adding type registration Byte[] -> org.hibernate.type.WrapperBinaryType@55e2fe3c
[DEBUG] 2023-02-12 07:10:47.241 [main] BasicTypeRegistry - Adding type registration [Ljava.lang.Byte; -> org.hibernate.type.WrapperBinaryType@55e2fe3c
[DEBUG] 2023-02-12 07:10:47.242 [main] BasicTypeRegistry - Adding type registration row_version -> org.hibernate.type.RowVersionType@2b8bd798
[DEBUG] 2023-02-12 07:10:47.242 [main] BasicTypeRegistry - Adding type registration image -> org.hibernate.type.ImageType@692e028d
[DEBUG] 2023-02-12 07:10:47.243 [main] BasicTypeRegistry - Adding type registration characters -> org.hibernate.type.CharArrayType@1835d3ed
[DEBUG] 2023-02-12 07:10:47.243 [main] BasicTypeRegistry - Adding type registration char[] -> org.hibernate.type.CharArrayType@1835d3ed
[DEBUG] 2023-02-12 07:10:47.243 [main] BasicTypeRegistry - Adding type registration [C -> org.hibernate.type.CharArrayType@1835d3ed
[DEBUG] 2023-02-12 07:10:47.250 [main] BasicTypeRegistry - Adding type registration wrapper-characters -> org.hibernate.type.CharacterArrayType@5c8e67b9
[DEBUG] 2023-02-12 07:10:47.250 [main] BasicTypeRegistry - Adding type registration [Ljava.lang.Character; -> org.hibernate.type.CharacterArrayType@5c8e67b9
[DEBUG] 2023-02-12 07:10:47.250 [main] BasicTypeRegistry - Adding type registration Character[] -> org.hibernate.type.CharacterArrayType@5c8e67b9
[DEBUG] 2023-02-12 07:10:47.250 [main] BasicTypeRegistry - Adding type registration text -> org.hibernate.type.TextType@1317b708
[DEBUG] 2023-02-12 07:10:47.251 [main] BasicTypeRegistry - Adding type registration ntext -> org.hibernate.type.NTextType@615e3f51
[DEBUG] 2023-02-12 07:10:47.251 [main] BasicTypeRegistry - Adding type registration blob -> org.hibernate.type.BlobType@61c42416
[DEBUG] 2023-02-12 07:10:47.251 [main] BasicTypeRegistry - Adding type registration java.sql.Blob -> org.hibernate.type.BlobType@61c42416
[DEBUG] 2023-02-12 07:10:47.252 [main] BasicTypeRegistry - Adding type registration materialized_blob -> org.hibernate.type.MaterializedBlobType@2f66f0d0
[DEBUG] 2023-02-12 07:10:47.252 [main] BasicTypeRegistry - Adding type registration clob -> org.hibernate.type.ClobType@1640190a
[DEBUG] 2023-02-12 07:10:47.252 [main] BasicTypeRegistry - Adding type registration java.sql.Clob -> org.hibernate.type.ClobType@1640190a
[DEBUG] 2023-02-12 07:10:47.253 [main] BasicTypeRegistry - Adding type registration nclob -> org.hibernate.type.NClobType@2af46afd
[DEBUG] 2023-02-12 07:10:47.259 [main] BasicTypeRegistry - Adding type registration java.sql.NClob -> org.hibernate.type.NClobType@2af46afd
[DEBUG] 2023-02-12 07:10:47.259 [main] BasicTypeRegistry - Adding type registration materialized_clob -> org.hibernate.type.MaterializedClobType@bbf9e07
[DEBUG] 2023-02-12 07:10:47.271 [main] BasicTypeRegistry - Adding type registration materialized_nclob -> org.hibernate.type.MaterializedNClobType@73d3e555
[DEBUG] 2023-02-12 07:10:47.272 [main] BasicTypeRegistry - Adding type registration serializable -> org.hibernate.type.SerializableType@43a0a32d
[DEBUG] 2023-02-12 07:10:47.283 [main] BasicTypeRegistry - Adding type registration object -> org.hibernate.type.ObjectType@574cd322
[DEBUG] 2023-02-12 07:10:47.283 [main] BasicTypeRegistry - Adding type registration java.lang.Object -> org.hibernate.type.ObjectType@574cd322
[DEBUG] 2023-02-12 07:10:47.283 [main] BasicTypeRegistry - Adding type registration imm_date -> org.hibernate.type.AdaptedImmutableType@3b1ed14b
[DEBUG] 2023-02-12 07:10:47.284 [main] BasicTypeRegistry - Adding type registration imm_time -> org.hibernate.type.AdaptedImmutableType@690bc15e
[DEBUG] 2023-02-12 07:10:47.301 [main] BasicTypeRegistry - Adding type registration imm_timestamp -> org.hibernate.type.AdaptedImmutableType@1bc776b7
[DEBUG] 2023-02-12 07:10:47.301 [main] BasicTypeRegistry - Adding type registration imm_dbtimestamp -> org.hibernate.type.AdaptedImmutableType@475646d4
[DEBUG] 2023-02-12 07:10:47.302 [main] BasicTypeRegistry - Adding type registration imm_calendar -> org.hibernate.type.AdaptedImmutableType@a0f53fc
[DEBUG] 2023-02-12 07:10:47.303 [main] BasicTypeRegistry - Adding type registration imm_calendar_date -> org.hibernate.type.AdaptedImmutableType@3db972d2
[DEBUG] 2023-02-12 07:10:47.303 [main] BasicTypeRegistry - Adding type registration imm_binary -> org.hibernate.type.AdaptedImmutableType@1debc91c
[DEBUG] 2023-02-12 07:10:47.303 [main] BasicTypeRegistry - Adding type registration imm_serializable -> org.hibernate.type.AdaptedImmutableType@687e4c93
[DEBUG] 2023-02-12 07:10:47.370 [main] DefaultIdentifierGeneratorFactory - Registering IdentifierGenerator strategy [uuid2] -> [org.hibernate.id.UUIDGenerator]
[DEBUG] 2023-02-12 07:10:47.371 [main] DefaultIdentifierGeneratorFactory - Registering IdentifierGenerator strategy [guid] -> [org.hibernate.id.GUIDGenerator]
[DEBUG] 2023-02-12 07:10:47.371 [main] DefaultIdentifierGeneratorFactory - Registering IdentifierGenerator strategy [uuid] -> [org.hibernate.id.UUIDHexGenerator]
[DEBUG] 2023-02-12 07:10:47.372 [main] DefaultIdentifierGeneratorFactory - Registering IdentifierGenerator strategy [uuid.hex] -> [org.hibernate.id.UUIDHexGenerator]
[DEBUG] 2023-02-12 07:10:47.373 [main] DefaultIdentifierGeneratorFactory - Registering IdentifierGenerator strategy [assigned] -> [org.hibernate.id.Assigned]
[DEBUG] 2023-02-12 07:10:47.376 [main] DefaultIdentifierGeneratorFactory - Registering IdentifierGenerator strategy [identity] -> [org.hibernate.id.IdentityGenerator]
[DEBUG] 2023-02-12 07:10:47.377 [main] DefaultIdentifierGeneratorFactory - Registering IdentifierGenerator strategy [select] -> [org.hibernate.id.SelectGenerator]
[DEBUG] 2023-02-12 07:10:47.378 [main] DefaultIdentifierGeneratorFactory - Registering IdentifierGenerator strategy [sequence] -> [org.hibernate.id.enhanced.SequenceStyleGenerator]
[DEBUG] 2023-02-12 07:10:47.379 [main] DefaultIdentifierGeneratorFactory - Registering IdentifierGenerator strategy [seqhilo] -> [org.hibernate.id.SequenceHiLoGenerator]
[DEBUG] 2023-02-12 07:10:47.379 [main] DefaultIdentifierGeneratorFactory - Registering IdentifierGenerator strategy [increment] -> [org.hibernate.id.IncrementGenerator]
[DEBUG] 2023-02-12 07:10:47.383 [main] DefaultIdentifierGeneratorFactory - Registering IdentifierGenerator strategy [foreign] -> [org.hibernate.id.ForeignGenerator]
[DEBUG] 2023-02-12 07:10:47.384 [main] DefaultIdentifierGeneratorFactory - Registering IdentifierGenerator strategy [sequence-identity] -> [org.hibernate.id.SequenceIdentityGenerator]
[DEBUG] 2023-02-12 07:10:47.384 [main] DefaultIdentifierGeneratorFactory - Registering IdentifierGenerator strategy [enhanced-sequence] -> [org.hibernate.id.enhanced.SequenceStyleGenerator]
[DEBUG] 2023-02-12 07:10:47.385 [main] DefaultIdentifierGeneratorFactory - Registering IdentifierGenerator strategy [enhanced-table] -> [org.hibernate.id.enhanced.TableGenerator]
[INFO ] 2023-02-12 07:10:47.394 [main] C3P0ConnectionProvider - HHH010002: C3P0 using driver: com.mysql.cj.jdbc.Driver at URL: jdbc:mysql://localhost:3306/questie_test
[INFO ] 2023-02-12 07:10:47.395 [main] C3P0ConnectionProvider - HHH10001001: Connection properties: {password=****, user=root}
[INFO ] 2023-02-12 07:10:47.395 [main] C3P0ConnectionProvider - HHH10001003: Autocommit mode: false
[INFO ] 2023-02-12 07:10:47.596 [main] C3P0ConnectionProvider - HHH10001007: JDBC isolation level: <unknown>
[DEBUG] 2023-02-12 07:10:47.767 [main] JdbcEnvironmentInitiator - Database ->
       name : MySQL
    version : 8.0.22
      major : 8
      minor : 0
[DEBUG] 2023-02-12 07:10:47.797 [main] JdbcEnvironmentInitiator - Driver ->
       name : MySQL Connector/J
    version : mysql-connector-java-8.0.16 (Revision: 34cbc6bc61f72836e26327537a432d6db7c77de6)
      major : 8
      minor : 0
[DEBUG] 2023-02-12 07:10:47.797 [main] JdbcEnvironmentInitiator - JDBC version : 4.2
[INFO ] 2023-02-12 07:10:47.898 [main] Dialect - HHH000400: Using dialect: org.hibernate.dialect.MySQL8Dialect
[DEBUG] 2023-02-12 07:10:47.945 [main] IdentifierHelperBuilder - JDBC driver metadata reported database stores quoted identifiers in more than one case
[DEBUG] 2023-02-12 07:10:47.990 [main] IdentifierHelperBuilder - IdentifierCaseStrategy for both quoted and unquoted identifiers was set to the same strategy [MIXED]; that will likely lead to problems in schema update and validation if using quoted identifiers
[DEBUG] 2023-02-12 07:10:48.065 [main] Namespace - Created database namespace [logicalName=Name{catalog=null, schema=null}, physicalName=Name{catalog=null, schema=null}]
[DEBUG] 2023-02-12 07:10:48.068 [main] TypeConfiguration$Scope - Scoping TypeConfiguration [org.hibernate.type.spi.TypeConfiguration@204abeff] to MetadataBuildingContext [org.hibernate.boot.internal.MetadataBuildingContextRootImpl@4b4ee511]
[DEBUG] 2023-02-12 07:10:48.151 [main] AnnotationBinder - Binding entity from annotated class: questie.entity.User
[DEBUG] 2023-02-12 07:10:48.177 [main] Ejb3Column - Binding column: Ejb3DiscriminatorColumn{logicalColumnName'DTYPE', discriminatorTypeName='string'}
[DEBUG] 2023-02-12 07:10:48.183 [main] EntityBinder - Import with entity name User
[DEBUG] 2023-02-12 07:10:48.191 [main] EntityBinder - Bind entity questie.entity.User on table User
[DEBUG] 2023-02-12 07:10:48.238 [main] Ejb3Column - Binding column: Ejb3Column{table=org.hibernate.mapping.Table(User), mappingColumn=id, insertable=true, updatable=true, unique=false}
[DEBUG] 2023-02-12 07:10:48.240 [main] PropertyBinder - MetadataSourceProcessor property id with lazy=false
[DEBUG] 2023-02-12 07:10:48.251 [main] AbstractPropertyHolder - Attempting to locate auto-apply AttributeConverter for property [questie.entity.User:id]
[DEBUG] 2023-02-12 07:10:48.256 [main] SimpleValueBinder - building SimpleValue for id
[DEBUG] 2023-02-12 07:10:48.258 [main] PropertyBinder - Building property id
[DEBUG] 2023-02-12 07:10:48.260 [main] BinderHelper - #makeIdGenerator(org.hibernate.mapping.SimpleValue([org.hibernate.mapping.Column(id)]), id, org.hibernate.id.enhanced.SequenceStyleGenerator, native, ...)
[DEBUG] 2023-02-12 07:10:48.261 [main] Ejb3Column - Binding column: Ejb3Column{table=org.hibernate.mapping.Table(User), mappingColumn=first_name, insertable=true, updatable=true, unique=false}
[DEBUG] 2023-02-12 07:10:48.261 [main] PropertyBinder - MetadataSourceProcessor property firstName with lazy=false
[DEBUG] 2023-02-12 07:10:48.261 [main] AbstractPropertyHolder - Attempting to locate auto-apply AttributeConverter for property [questie.entity.User:firstName]
[DEBUG] 2023-02-12 07:10:48.261 [main] SimpleValueBinder - building SimpleValue for firstName
[DEBUG] 2023-02-12 07:10:48.272 [main] PropertyBinder - Building property firstName
[DEBUG] 2023-02-12 07:10:48.272 [main] Ejb3Column - Binding column: Ejb3Column{table=org.hibernate.mapping.Table(User), mappingColumn=gamertag, insertable=true, updatable=true, unique=false}
[DEBUG] 2023-02-12 07:10:48.273 [main] PropertyBinder - MetadataSourceProcessor property gamertag with lazy=false
[DEBUG] 2023-02-12 07:10:48.273 [main] AbstractPropertyHolder - Attempting to locate auto-apply AttributeConverter for property [questie.entity.User:gamertag]
[DEBUG] 2023-02-12 07:10:48.273 [main] SimpleValueBinder - building SimpleValue for gamertag
[DEBUG] 2023-02-12 07:10:48.273 [main] PropertyBinder - Building property gamertag
[DEBUG] 2023-02-12 07:10:48.273 [main] Ejb3Column - Binding column: Ejb3Column{table=org.hibernate.mapping.Table(User), mappingColumn=last_name, insertable=true, updatable=true, unique=false}
[DEBUG] 2023-02-12 07:10:48.273 [main] PropertyBinder - MetadataSourceProcessor property lastName with lazy=false
[DEBUG] 2023-02-12 07:10:48.276 [main] AbstractPropertyHolder - Attempting to locate auto-apply AttributeConverter for property [questie.entity.User:lastName]
[DEBUG] 2023-02-12 07:10:48.276 [main] SimpleValueBinder - building SimpleValue for lastName
[DEBUG] 2023-02-12 07:10:48.276 [main] PropertyBinder - Building property lastName
[DEBUG] 2023-02-12 07:10:48.285 [main] AnnotationBinder - Binding entity from annotated class: questie.entity.Quest
[DEBUG] 2023-02-12 07:10:48.294 [main] Ejb3Column - Binding column: Ejb3DiscriminatorColumn{logicalColumnName'DTYPE', discriminatorTypeName='string'}
[DEBUG] 2023-02-12 07:10:48.294 [main] EntityBinder - Import with entity name Quest
[DEBUG] 2023-02-12 07:10:48.295 [main] EntityBinder - Bind entity questie.entity.Quest on table Quest
[DEBUG] 2023-02-12 07:10:48.304 [main] Ejb3Column - Binding column: Ejb3Column{table=org.hibernate.mapping.Table(Quest), mappingColumn=id, insertable=true, updatable=true, unique=false}
[DEBUG] 2023-02-12 07:10:48.309 [main] PropertyBinder - MetadataSourceProcessor property id with lazy=false
[DEBUG] 2023-02-12 07:10:48.310 [main] AbstractPropertyHolder - Attempting to locate auto-apply AttributeConverter for property [questie.entity.Quest:id]
[DEBUG] 2023-02-12 07:10:48.310 [main] SimpleValueBinder - building SimpleValue for id
[DEBUG] 2023-02-12 07:10:48.310 [main] PropertyBinder - Building property id
[DEBUG] 2023-02-12 07:10:48.310 [main] BinderHelper - #makeIdGenerator(org.hibernate.mapping.SimpleValue([org.hibernate.mapping.Column(id)]), id, org.hibernate.id.enhanced.SequenceStyleGenerator, native, ...)
[DEBUG] 2023-02-12 07:10:48.317 [main] Ejb3Column - Binding column: Ejb3Column{table=org.hibernate.mapping.Table(Quest), mappingColumn=quest_area, insertable=true, updatable=true, unique=false}
[DEBUG] 2023-02-12 07:10:48.317 [main] PropertyBinder - MetadataSourceProcessor property questArea with lazy=false
[DEBUG] 2023-02-12 07:10:48.318 [main] AbstractPropertyHolder - Attempting to locate auto-apply AttributeConverter for property [questie.entity.Quest:questArea]
[DEBUG] 2023-02-12 07:10:48.319 [main] SimpleValueBinder - building SimpleValue for questArea
[DEBUG] 2023-02-12 07:10:48.320 [main] PropertyBinder - Building property questArea
[DEBUG] 2023-02-12 07:10:48.320 [main] Ejb3Column - Binding column: Ejb3Column{table=org.hibernate.mapping.Table(Quest), mappingColumn=quest_level_requirement, insertable=true, updatable=true, unique=false}
[DEBUG] 2023-02-12 07:10:48.320 [main] PropertyBinder - MetadataSourceProcessor property questLevelRequirement with lazy=false
[DEBUG] 2023-02-12 07:10:48.320 [main] AbstractPropertyHolder - Attempting to locate auto-apply AttributeConverter for property [questie.entity.Quest:questLevelRequirement]
[DEBUG] 2023-02-12 07:10:48.320 [main] SimpleValueBinder - building SimpleValue for questLevelRequirement
[DEBUG] 2023-02-12 07:10:48.320 [main] PropertyBinder - Building property questLevelRequirement
[DEBUG] 2023-02-12 07:10:48.320 [main] Ejb3Column - Binding column: Ejb3Column{table=org.hibernate.mapping.Table(Quest), mappingColumn=quest_name, insertable=true, updatable=true, unique=false}
[DEBUG] 2023-02-12 07:10:48.320 [main] PropertyBinder - MetadataSourceProcessor property questName with lazy=false
[DEBUG] 2023-02-12 07:10:48.324 [main] AbstractPropertyHolder - Attempting to locate auto-apply AttributeConverter for property [questie.entity.Quest:questName]
[DEBUG] 2023-02-12 07:10:48.324 [main] SimpleValueBinder - building SimpleValue for questName
[DEBUG] 2023-02-12 07:10:48.324 [main] PropertyBinder - Building property questName
[DEBUG] 2023-02-12 07:10:48.335 [main] Ejb3Column - Binding column: Ejb3Column{table=org.hibernate.mapping.Table(Quest), mappingColumn=quest_reward, insertable=true, updatable=true, unique=false}
[DEBUG] 2023-02-12 07:10:48.335 [main] PropertyBinder - MetadataSourceProcessor property questReward with lazy=false
[DEBUG] 2023-02-12 07:10:48.337 [main] AbstractPropertyHolder - Attempting to locate auto-apply AttributeConverter for property [questie.entity.Quest:questReward]
[DEBUG] 2023-02-12 07:10:48.337 [main] SimpleValueBinder - building SimpleValue for questReward
[DEBUG] 2023-02-12 07:10:48.337 [main] PropertyBinder - Building property questReward
[DEBUG] 2023-02-12 07:10:48.337 [main] Ejb3Column - Binding column: Ejb3Column{table=org.hibernate.mapping.Table(Quest), mappingColumn=quest_xp, insertable=true, updatable=true, unique=false}
[DEBUG] 2023-02-12 07:10:48.337 [main] PropertyBinder - MetadataSourceProcessor property questXP with lazy=false
[DEBUG] 2023-02-12 07:10:48.337 [main] AbstractPropertyHolder - Attempting to locate auto-apply AttributeConverter for property [questie.entity.Quest:questXP]
[DEBUG] 2023-02-12 07:10:48.337 [main] SimpleValueBinder - building SimpleValue for questXP
[DEBUG] 2023-02-12 07:10:48.339 [main] PropertyBinder - Building property questXP
[DEBUG] 2023-02-12 07:10:48.340 [main] SimpleValueBinder - Starting fillSimpleValue for id
[DEBUG] 2023-02-12 07:10:48.340 [main] SimpleValueBinder - Starting fillSimpleValue for firstName
[DEBUG] 2023-02-12 07:10:48.340 [main] SimpleValueBinder - Starting fillSimpleValue for gamertag
[DEBUG] 2023-02-12 07:10:48.341 [main] SimpleValueBinder - Starting fillSimpleValue for lastName
[DEBUG] 2023-02-12 07:10:48.341 [main] SimpleValueBinder - Starting fillSimpleValue for id
[DEBUG] 2023-02-12 07:10:48.341 [main] SimpleValueBinder - Starting fillSimpleValue for questArea
[DEBUG] 2023-02-12 07:10:48.341 [main] SimpleValueBinder - Starting fillSimpleValue for questLevelRequirement
[DEBUG] 2023-02-12 07:10:48.341 [main] SimpleValueBinder - Starting fillSimpleValue for questName
[DEBUG] 2023-02-12 07:10:48.341 [main] SimpleValueBinder - Starting fillSimpleValue for questReward
[DEBUG] 2023-02-12 07:10:48.341 [main] SimpleValueBinder - Starting fillSimpleValue for questXP
[DEBUG] 2023-02-12 07:10:48.342 [main] PrimaryKey - Forcing column [id] to be non-null as it is part of the primary key for table [user]
[DEBUG] 2023-02-12 07:10:48.343 [main] PrimaryKey - Forcing column [id] to be non-null as it is part of the primary key for table [quest]
[DEBUG] 2023-02-12 07:10:48.395 [main] SessionFactoryImpl - Building session factory
[DEBUG] 2023-02-12 07:10:48.396 [main] Settings - SessionFactory name : null
[DEBUG] 2023-02-12 07:10:48.396 [main] Settings - Automatic flush during beforeCompletion(): enabled
[DEBUG] 2023-02-12 07:10:48.396 [main] Settings - Automatic session close at end of transaction: disabled
[DEBUG] 2023-02-12 07:10:48.396 [main] Settings - Statistics: disabled
[DEBUG] 2023-02-12 07:10:48.396 [main] Settings - Deleted entity synthetic identifier rollback: disabled
[DEBUG] 2023-02-12 07:10:48.397 [main] Settings - Default entity-mode: pojo
[DEBUG] 2023-02-12 07:10:48.397 [main] Settings - Check Nullability in Core (should be disabled when Bean Validation is on): enabled
[DEBUG] 2023-02-12 07:10:48.397 [main] Settings - Allow initialization of lazy state outside session : disabled
[DEBUG] 2023-02-12 07:10:48.399 [main] Settings - Using BatchFetchStyle : LEGACY
[DEBUG] 2023-02-12 07:10:48.400 [main] Settings - Default batch fetch size: -1
[DEBUG] 2023-02-12 07:10:48.400 [main] Settings - Maximum outer join fetch depth: 2
[DEBUG] 2023-02-12 07:10:48.400 [main] Settings - Default null ordering: NONE
[DEBUG] 2023-02-12 07:10:48.400 [main] Settings - Order SQL updates by primary key: disabled
[DEBUG] 2023-02-12 07:10:48.401 [main] Settings - Order SQL inserts for batching: disabled
[DEBUG] 2023-02-12 07:10:48.401 [main] Settings - multi-tenancy strategy : NONE
[DEBUG] 2023-02-12 07:10:48.401 [main] Settings - JTA Track by Thread: enabled
[DEBUG] 2023-02-12 07:10:48.401 [main] Settings - Query language substitutions: {}
[DEBUG] 2023-02-12 07:10:48.401 [main] Settings - Named query checking : enabled
[DEBUG] 2023-02-12 07:10:48.401 [main] Settings - Second-level cache: disabled
[DEBUG] 2023-02-12 07:10:48.401 [main] Settings - Second-level query cache: disabled
[DEBUG] 2023-02-12 07:10:48.401 [main] Settings - Second-level query cache factory: null
[DEBUG] 2023-02-12 07:10:48.401 [main] Settings - Second-level cache region prefix: null
[DEBUG] 2023-02-12 07:10:48.401 [main] Settings - Optimize second-level cache for minimal puts: disabled
[DEBUG] 2023-02-12 07:10:48.404 [main] Settings - Structured second-level cache entries: disabled
[DEBUG] 2023-02-12 07:10:48.407 [main] Settings - Second-level cache direct-reference entries: disabled
[DEBUG] 2023-02-12 07:10:48.409 [main] Settings - Automatic eviction of collection cache: disabled
[DEBUG] 2023-02-12 07:10:48.409 [main] Settings - JDBC batch size: 15
[DEBUG] 2023-02-12 07:10:48.409 [main] Settings - JDBC batch updates for versioned data: enabled
[DEBUG] 2023-02-12 07:10:48.411 [main] Settings - Scrollable result sets: enabled
[DEBUG] 2023-02-12 07:10:48.411 [main] Settings - Wrap result sets: disabled
[DEBUG] 2023-02-12 07:10:48.412 [main] Settings - JDBC3 getGeneratedKeys(): enabled
[DEBUG] 2023-02-12 07:10:48.412 [main] Settings - JDBC result set fetch size: null
[DEBUG] 2023-02-12 07:10:48.412 [main] Settings - Connection release mode: AFTER_TRANSACTION
[DEBUG] 2023-02-12 07:10:48.412 [main] Settings - Generate SQL with comments: disabled
[DEBUG] 2023-02-12 07:10:48.412 [main] Settings - JPA compliance - query : 
[DEBUG] 2023-02-12 07:10:48.412 [main] Settings - JPA compliance - closed-handling : 
[DEBUG] 2023-02-12 07:10:48.412 [main] Settings - JPA compliance - lists : 
[DEBUG] 2023-02-12 07:10:48.412 [main] Settings - JPA compliance - transactions : 
[INFO ] 2023-02-12 07:10:48.498 [main] beans - HHH10005002: No explicit CDI BeanManager reference was passed to Hibernate, but CDI is available on the Hibernate ClassLoader.
[DEBUG] 2023-02-12 07:10:48.528 [main] SessionFactoryImpl - Session factory constructed with filter configurations : {}
[DEBUG] 2023-02-12 07:10:48.528 [main] SessionFactoryImpl - Instantiating session factory with properties: {sun.desktop=gnome, awt.toolkit=sun.awt.X11.XToolkit, java.specification.version=11, sun.cpu.isalist=, hibernate.c3p0.idle_test_period=3000, sun.jnu.encoding=UTF-8, hibernate.c3p0.min_size=5, java.class.path=/home/student/intellij/lib/idea_rt.jar:/home/student/intellij/plugins/junit/lib/junit5-rt.jar:/home/student/intellij/plugins/junit/lib/junit-rt.jar:/home/student/IdeaProjects/WoWQuestHelper/target/test-classes:/home/student/IdeaProjects/WoWQuestHelper/target/classes:/home/student/.m2/repository/org/junit/platform/junit-platform-runner/1.0.0/junit-platform-runner-1.0.0.jar:/home/student/.m2/repository/org/apiguardian/apiguardian-api/1.0.0/apiguardian-api-1.0.0.jar:/home/student/.m2/repository/org/junit/platform/junit-platform-launcher/1.0.0/junit-platform-launcher-1.0.0.jar:/home/student/.m2/repository/org/junit/platform/junit-platform-suite-api/1.0.0/junit-platform-suite-api-1.0.0.jar:/home/student/.m2/repository/org/junit/platform/junit-platform-commons/1.0.0/junit-platform-commons-1.0.0.jar:/home/student/.m2/repository/org/junit/vintage/junit-vintage-engine/4.12.0/junit-vintage-engine-4.12.0.jar:/home/student/.m2/repository/org/junit/platform/junit-platform-engine/1.0.0/junit-platform-engine-1.0.0.jar:/home/student/.m2/repository/org/opentest4j/opentest4j/1.0.0/opentest4j-1.0.0.jar:/home/student/.m2/repository/org/junit/jupiter/junit-jupiter-engine/5.0.0/junit-jupiter-engine-5.0.0.jar:/home/student/.m2/repository/org/junit/jupiter/junit-jupiter-api/5.0.0/junit-jupiter-api-5.0.0.jar:/home/student/.m2/repository/junit/junit/4.12/junit-4.12.jar:/home/student/.m2/repository/org/hamcrest/hamcrest-core/1.3/hamcrest-core-1.3.jar:/home/student/.m2/repository/javax/javaee-web-api/7.0/javaee-web-api-7.0.jar:/home/student/.m2/repository/mysql/mysql-connector-java/8.0.16/mysql-connector-java-8.0.16.jar:/home/student/.m2/repository/com/google/protobuf/protobuf-java/3.6.1/protobuf-java-3.6.1.jar:/home/student/.m2/repository/jstl/jstl/1.2/jstl-1.2.jar:/home/student/.m2/repository/org/apache/logging/log4j/log4j-api/2.17.1/log4j-api-2.17.1.jar:/home/student/.m2/repository/org/apache/logging/log4j/log4j-core/2.17.1/log4j-core-2.17.1.jar:/home/student/.m2/repository/org/hibernate/hibernate-core/5.4.4.Final/hibernate-core-5.4.4.Final.jar:/home/student/.m2/repository/org/jboss/logging/jboss-logging/3.3.2.Final/jboss-logging-3.3.2.Final.jar:/home/student/.m2/repository/javax/persistence/javax.persistence-api/2.2/javax.persistence-api-2.2.jar:/home/student/.m2/repository/org/javassist/javassist/3.24.0-GA/javassist-3.24.0-GA.jar:/home/student/.m2/repository/net/bytebuddy/byte-buddy/1.9.11/byte-buddy-1.9.11.jar:/home/student/.m2/repository/antlr/antlr/2.7.7/antlr-2.7.7.jar:/home/student/.m2/repository/org/jboss/spec/javax/transaction/jboss-transaction-api_1.2_spec/1.1.1.Final/jboss-transaction-api_1.2_spec-1.1.1.Final.jar:/home/student/.m2/repository/org/jboss/jandex/2.0.5.Final/jandex-2.0.5.Final.jar:/home/student/.m2/repository/com/fasterxml/classmate/1.3.4/classmate-1.3.4.jar:/home/student/.m2/repository/javax/activation/javax.activation-api/1.2.0/javax.activation-api-1.2.0.jar:/home/student/.m2/repository/org/dom4j/dom4j/2.1.1/dom4j-2.1.1.jar:/home/student/.m2/repository/org/hibernate/common/hibernate-commons-annotations/5.1.0.Final/hibernate-commons-annotations-5.1.0.Final.jar:/home/student/.m2/repository/javax/xml/bind/jaxb-api/2.3.1/jaxb-api-2.3.1.jar:/home/student/.m2/repository/org/glassfish/jaxb/jaxb-runtime/2.3.1/jaxb-runtime-2.3.1.jar:/home/student/.m2/repository/org/glassfish/jaxb/txw2/2.3.1/txw2-2.3.1.jar:/home/student/.m2/repository/com/sun/istack/istack-commons-runtime/3.0.7/istack-commons-runtime-3.0.7.jar:/home/student/.m2/repository/org/jvnet/staxex/stax-ex/1.8/stax-ex-1.8.jar:/home/student/.m2/repository/com/sun/xml/fastinfoset/FastInfoset/1.2.15/FastInfoset-1.2.15.jar:/home/student/.m2/repository/org/hibernate/hibernate-c3p0/5.4.4.Final/hibernate-c3p0-5.4.4.Final.jar:/home/student/.m2/repository/com/mchange/c3p0/0.9.5.3/c3p0-0.9.5.3.jar:/home/student/.m2/repository/com/mchange/mchange-commons-java/0.2.15/mchange-commons-java-0.2.15.jar, java.vm.vendor=Ubuntu, sun.arch.data.model=64, idea.test.cyclic.buffer.size=1048576, java.vendor.url=https://ubuntu.com/, user.timezone=America/Chicago, os.name=Linux, java.vm.specification.version=11, sun.java.launcher=SUN_STANDARD, user.country=US, sun.boot.library.path=/usr/lib/jvm/java-11-openjdk-amd64/lib, sun.java.command=com.intellij.rt.junit.JUnitStarter -ideVersion5 -junit5 questie.persistence.QuestDAOTest,updateSuccess, jdk.debug=release, sun.cpu.endian=little, user.home=/home/student, hibernate.c3p0.max_statements=50, user.language=en, java.specification.vendor=Oracle Corporation, java.version.date=2022-10-18, java.home=/usr/lib/jvm/java-11-openjdk-amd64, file.separator=/, java.vm.compressedOopsMode=32-bit, line.separator=
, hibernate.c3p0.timeout=300, java.specification.name=Java Platform API Specification, java.vm.specification.vendor=Oracle Corporation, java.awt.graphicsenv=sun.awt.X11GraphicsEnvironment, connection.password=student, sun.management.compiler=HotSpot 64-Bit Tiered Compilers, hibernate.c3p0.max_size=20, java.runtime.version=11.0.17+8-post-Ubuntu-1ubuntu220.04, user.name=student, path.separator=:, hibernate.connection.username=****, os.version=5.4.0-137-generic, java.runtime.name=OpenJDK Runtime Environment, hibernate.connection.url=jdbc:mysql://localhost:3306/questie_test, file.encoding=UTF-8, java.vm.name=OpenJDK 64-Bit Server VM, hibernate.connection.driver_class=com.mysql.cj.jdbc.Driver, java.vendor.url.bug=https://bugs.launchpad.net/ubuntu/+source/openjdk-lts, java.io.tmpdir=/tmp, java.version=11.0.17, user.dir=/home/student/IdeaProjects/WoWQuestHelper, os.arch=amd64, connection.username=root, java.vm.specification.name=Java Virtual Machine Specification, java.awt.printerjob=sun.print.PSPrinterJob, hibernate.connection.password=****, sun.os.patch.level=unknown, connection.driver_class=com.mysql.cj.jdbc.Driver, hibernate.boot.CfgXmlAccessService.key=org.hibernate.boot.cfgxml.spi.LoadedConfig@6975fb1c, java.library.path=/usr/java/packages/lib:/usr/lib/x86_64-linux-gnu/jni:/lib/x86_64-linux-gnu:/usr/lib/x86_64-linux-gnu:/usr/lib/jni:/lib:/usr/lib, java.vendor=Ubuntu, java.vm.info=mixed mode, sharing, java.vm.version=11.0.17+8-post-Ubuntu-1ubuntu220.04, hibernate.bytecode.use_reflection_optimizer=false, sun.io.unicode.encoding=UnicodeLittle, connection.url=jdbc:mysql://localhost:3306/questie_test, java.class.version=55.0}
[DEBUG] 2023-02-12 07:10:48.559 [main] TypeSafeActivator - Unable to acquire Bean Validation ValidatorFactory, skipping activation
[DEBUG] 2023-02-12 07:10:48.559 [main] JaccIntegrator - Skipping JACC integration as it was not enabled
[DEBUG] 2023-02-12 07:10:48.560 [main] SessionFactoryImpl - Instantiated session factory
[DEBUG] 2023-02-12 07:10:48.560 [main] TypeConfiguration$Scope - Scoping TypeConfiguration [org.hibernate.type.spi.TypeConfiguration@204abeff] to SessionFactoryImpl [org.hibernate.internal.SessionFactoryImpl@16c1519e]
[DEBUG] 2023-02-12 07:10:48.715 [main] ClassLoaderAccessImpl - Not known whether passed class name [questie.entity.Quest] is safe
[DEBUG] 2023-02-12 07:10:48.715 [main] ClassLoaderAccessImpl - No temp ClassLoader provided; using live ClassLoader for loading potentially unsafe class : questie.entity.Quest
[DEBUG] 2023-02-12 07:10:48.753 [main] ClassLoaderAccessImpl - Not known whether passed class name [questie.entity.Quest] is safe
[DEBUG] 2023-02-12 07:10:48.753 [main] ClassLoaderAccessImpl - No temp ClassLoader provided; using live ClassLoader for loading potentially unsafe class : questie.entity.Quest
[DEBUG] 2023-02-12 07:10:49.138 [main] ClassLoaderAccessImpl - Not known whether passed class name [questie.entity.User] is safe
[DEBUG] 2023-02-12 07:10:49.149 [main] ClassLoaderAccessImpl - No temp ClassLoader provided; using live ClassLoader for loading potentially unsafe class : questie.entity.User
[DEBUG] 2023-02-12 07:10:49.149 [main] ClassLoaderAccessImpl - Not known whether passed class name [questie.entity.User] is safe
[DEBUG] 2023-02-12 07:10:49.149 [main] ClassLoaderAccessImpl - No temp ClassLoader provided; using live ClassLoader for loading potentially unsafe class : questie.entity.User
[DEBUG] 2023-02-12 07:10:49.217 [main] AbstractEntityPersister - Static SQL for entity: questie.entity.Quest
[DEBUG] 2023-02-12 07:10:49.218 [main] AbstractEntityPersister -  Version select: select id from Quest where id =?
[DEBUG] 2023-02-12 07:10:49.218 [main] AbstractEntityPersister -  Snapshot select: select quest_.id, quest_.quest_area as quest_ar2_0_, quest_.quest_level_requirement as quest_le3_0_, quest_.quest_name as quest_na4_0_, quest_.quest_reward as quest_re5_0_, quest_.quest_xp as quest_xp6_0_ from Quest quest_ where quest_.id=?
[DEBUG] 2023-02-12 07:10:49.218 [main] AbstractEntityPersister -  Insert 0: insert into Quest (quest_area, quest_level_requirement, quest_name, quest_reward, quest_xp, id) values (?, ?, ?, ?, ?, ?)
[DEBUG] 2023-02-12 07:10:49.234 [main] AbstractEntityPersister -  Update 0: update Quest set quest_area=?, quest_level_requirement=?, quest_name=?, quest_reward=?, quest_xp=? where id=?
[DEBUG] 2023-02-12 07:10:49.234 [main] AbstractEntityPersister -  Delete 0: delete from Quest where id=?
[DEBUG] 2023-02-12 07:10:49.235 [main] AbstractEntityPersister -  Identity insert: insert into Quest (quest_area, quest_level_requirement, quest_name, quest_reward, quest_xp) values (?, ?, ?, ?, ?)
[DEBUG] 2023-02-12 07:10:49.351 [main] QuerySpacesImpl - Adding QuerySpace : uid = <gen:0> -> org.hibernate.loader.plan.build.internal.spaces.EntityQuerySpaceImpl@8641b7d]
[DEBUG] 2023-02-12 07:10:49.352 [main] MetamodelGraphWalker - Visiting attribute path : questArea
[DEBUG] 2023-02-12 07:10:49.352 [main] MetamodelGraphWalker - Visiting attribute path : questLevelRequirement
[DEBUG] 2023-02-12 07:10:49.352 [main] MetamodelGraphWalker - Visiting attribute path : questName
[DEBUG] 2023-02-12 07:10:49.352 [main] MetamodelGraphWalker - Visiting attribute path : questReward
[DEBUG] 2023-02-12 07:10:49.352 [main] MetamodelGraphWalker - Visiting attribute path : questXP
[DEBUG] 2023-02-12 07:10:49.352 [main] FetchStyleLoadPlanBuildingAssociationVisitationStrategy - Building LoadPlan...
[DEBUG] 2023-02-12 07:10:49.413 [main] LoadQueryJoinAndFetchProcessor - processing queryspace <gen:0>
[DEBUG] 2023-02-12 07:10:49.415 [main] LoadPlanTreePrinter - LoadPlan(entity=questie.entity.Quest)
    - Returns
       - EntityReturnImpl(entity=questie.entity.Quest, querySpaceUid=<gen:0>, path=questie.entity.Quest)
    - QuerySpaces
       - EntityQuerySpaceImpl(uid=<gen:0>, entity=questie.entity.Quest)
          - SQL table alias mapping - quest0_
          - alias suffix - 0_
          - suffixed key columns - {id1_0_0_}

[DEBUG] 2023-02-12 07:10:49.416 [main] EntityLoader - Static select for entity questie.entity.Quest [NONE]: select quest0_.id as id1_0_0_, quest0_.quest_area as quest_ar2_0_0_, quest0_.quest_level_requirement as quest_le3_0_0_, quest0_.quest_name as quest_na4_0_0_, quest0_.quest_reward as quest_re5_0_0_, quest0_.quest_xp as quest_xp6_0_0_ from Quest quest0_ where quest0_.id=?
[DEBUG] 2023-02-12 07:10:49.416 [main] QuerySpacesImpl - Adding QuerySpace : uid = <gen:0> -> org.hibernate.loader.plan.build.internal.spaces.EntityQuerySpaceImpl@31ab1e67]
[DEBUG] 2023-02-12 07:10:49.416 [main] MetamodelGraphWalker - Visiting attribute path : questArea
[DEBUG] 2023-02-12 07:10:49.416 [main] MetamodelGraphWalker - Visiting attribute path : questLevelRequirement
[DEBUG] 2023-02-12 07:10:49.417 [main] MetamodelGraphWalker - Visiting attribute path : questName
[DEBUG] 2023-02-12 07:10:49.417 [main] MetamodelGraphWalker - Visiting attribute path : questReward
[DEBUG] 2023-02-12 07:10:49.417 [main] MetamodelGraphWalker - Visiting attribute path : questXP
[DEBUG] 2023-02-12 07:10:49.417 [main] FetchStyleLoadPlanBuildingAssociationVisitationStrategy - Building LoadPlan...
[DEBUG] 2023-02-12 07:10:49.417 [main] LoadQueryJoinAndFetchProcessor - processing queryspace <gen:0>
[DEBUG] 2023-02-12 07:10:49.417 [main] LoadPlanTreePrinter - LoadPlan(entity=questie.entity.Quest)
    - Returns
       - EntityReturnImpl(entity=questie.entity.Quest, querySpaceUid=<gen:0>, path=questie.entity.Quest)
    - QuerySpaces
       - EntityQuerySpaceImpl(uid=<gen:0>, entity=questie.entity.Quest)
          - SQL table alias mapping - quest0_
          - alias suffix - 0_
          - suffixed key columns - {id1_0_0_}

[DEBUG] 2023-02-12 07:10:49.417 [main] EntityLoader - Static select for entity questie.entity.Quest [READ]: select quest0_.id as id1_0_0_, quest0_.quest_area as quest_ar2_0_0_, quest0_.quest_level_requirement as quest_le3_0_0_, quest0_.quest_name as quest_na4_0_0_, quest0_.quest_reward as quest_re5_0_0_, quest0_.quest_xp as quest_xp6_0_0_ from Quest quest0_ where quest0_.id=?
[DEBUG] 2023-02-12 07:10:49.453 [main] Loader - Static select for action ACTION_MERGE on entity questie.entity.Quest: select quest0_.id as id1_0_0_, quest0_.quest_area as quest_ar2_0_0_, quest0_.quest_level_requirement as quest_le3_0_0_, quest0_.quest_name as quest_na4_0_0_, quest0_.quest_reward as quest_re5_0_0_, quest0_.quest_xp as quest_xp6_0_0_ from Quest quest0_ where quest0_.id=?
[DEBUG] 2023-02-12 07:10:49.454 [main] Loader - Static select for action ACTION_REFRESH on entity questie.entity.Quest: select quest0_.id as id1_0_0_, quest0_.quest_area as quest_ar2_0_0_, quest0_.quest_level_requirement as quest_le3_0_0_, quest0_.quest_name as quest_na4_0_0_, quest0_.quest_reward as quest_re5_0_0_, quest0_.quest_xp as quest_xp6_0_0_ from Quest quest0_ where quest0_.id=?
[DEBUG] 2023-02-12 07:10:49.454 [main] AbstractEntityPersister - Static SQL for entity: questie.entity.User
[DEBUG] 2023-02-12 07:10:49.454 [main] AbstractEntityPersister -  Version select: select id from User where id =?
[DEBUG] 2023-02-12 07:10:49.454 [main] AbstractEntityPersister -  Snapshot select: select user_.id, user_.first_name as first_na2_1_, user_.gamertag as gamertag3_1_, user_.last_name as last_nam4_1_ from User user_ where user_.id=?
[DEBUG] 2023-02-12 07:10:49.454 [main] AbstractEntityPersister -  Insert 0: insert into User (first_name, gamertag, last_name, id) values (?, ?, ?, ?)
[DEBUG] 2023-02-12 07:10:49.454 [main] AbstractEntityPersister -  Update 0: update User set first_name=?, gamertag=?, last_name=? where id=?
[DEBUG] 2023-02-12 07:10:49.454 [main] AbstractEntityPersister -  Delete 0: delete from User where id=?
[DEBUG] 2023-02-12 07:10:49.454 [main] AbstractEntityPersister -  Identity insert: insert into User (first_name, gamertag, last_name) values (?, ?, ?)
[DEBUG] 2023-02-12 07:10:49.454 [main] QuerySpacesImpl - Adding QuerySpace : uid = <gen:0> -> org.hibernate.loader.plan.build.internal.spaces.EntityQuerySpaceImpl@58d4238e]
[DEBUG] 2023-02-12 07:10:49.454 [main] MetamodelGraphWalker - Visiting attribute path : firstName
[DEBUG] 2023-02-12 07:10:49.454 [main] MetamodelGraphWalker - Visiting attribute path : gamertag
[DEBUG] 2023-02-12 07:10:49.455 [main] MetamodelGraphWalker - Visiting attribute path : lastName
[DEBUG] 2023-02-12 07:10:49.455 [main] FetchStyleLoadPlanBuildingAssociationVisitationStrategy - Building LoadPlan...
[DEBUG] 2023-02-12 07:10:49.455 [main] LoadQueryJoinAndFetchProcessor - processing queryspace <gen:0>
[DEBUG] 2023-02-12 07:10:49.455 [main] LoadPlanTreePrinter - LoadPlan(entity=questie.entity.User)
    - Returns
       - EntityReturnImpl(entity=questie.entity.User, querySpaceUid=<gen:0>, path=questie.entity.User)
    - QuerySpaces
       - EntityQuerySpaceImpl(uid=<gen:0>, entity=questie.entity.User)
          - SQL table alias mapping - user0_
          - alias suffix - 0_
          - suffixed key columns - {id1_1_0_}

[DEBUG] 2023-02-12 07:10:49.455 [main] EntityLoader - Static select for entity questie.entity.User [NONE]: select user0_.id as id1_1_0_, user0_.first_name as first_na2_1_0_, user0_.gamertag as gamertag3_1_0_, user0_.last_name as last_nam4_1_0_ from User user0_ where user0_.id=?
[DEBUG] 2023-02-12 07:10:49.455 [main] QuerySpacesImpl - Adding QuerySpace : uid = <gen:0> -> org.hibernate.loader.plan.build.internal.spaces.EntityQuerySpaceImpl@36478bce]
[DEBUG] 2023-02-12 07:10:49.455 [main] MetamodelGraphWalker - Visiting attribute path : firstName
[DEBUG] 2023-02-12 07:10:49.455 [main] MetamodelGraphWalker - Visiting attribute path : gamertag
[DEBUG] 2023-02-12 07:10:49.462 [main] MetamodelGraphWalker - Visiting attribute path : lastName
[DEBUG] 2023-02-12 07:10:49.462 [main] FetchStyleLoadPlanBuildingAssociationVisitationStrategy - Building LoadPlan...
[DEBUG] 2023-02-12 07:10:49.463 [main] LoadQueryJoinAndFetchProcessor - processing queryspace <gen:0>
[DEBUG] 2023-02-12 07:10:49.463 [main] LoadPlanTreePrinter - LoadPlan(entity=questie.entity.User)
    - Returns
       - EntityReturnImpl(entity=questie.entity.User, querySpaceUid=<gen:0>, path=questie.entity.User)
    - QuerySpaces
       - EntityQuerySpaceImpl(uid=<gen:0>, entity=questie.entity.User)
          - SQL table alias mapping - user0_
          - alias suffix - 0_
          - suffixed key columns - {id1_1_0_}

[DEBUG] 2023-02-12 07:10:49.463 [main] EntityLoader - Static select for entity questie.entity.User [READ]: select user0_.id as id1_1_0_, user0_.first_name as first_na2_1_0_, user0_.gamertag as gamertag3_1_0_, user0_.last_name as last_nam4_1_0_ from User user0_ where user0_.id=?
[DEBUG] 2023-02-12 07:10:49.463 [main] Loader - Static select for action ACTION_MERGE on entity questie.entity.User: select user0_.id as id1_1_0_, user0_.first_name as first_na2_1_0_, user0_.gamertag as gamertag3_1_0_, user0_.last_name as last_nam4_1_0_ from User user0_ where user0_.id=?
[DEBUG] 2023-02-12 07:10:49.463 [main] Loader - Static select for action ACTION_REFRESH on entity questie.entity.User: select user0_.id as id1_1_0_, user0_.first_name as first_na2_1_0_, user0_.gamertag as gamertag3_1_0_, user0_.last_name as last_nam4_1_0_ from User user0_ where user0_.id=?
[DEBUG] 2023-02-12 07:10:49.537 [main] SchemaManagementToolCoordinator - No actions specified; doing nothing
[DEBUG] 2023-02-12 07:10:49.537 [main] JtaPlatformInitiator - No JtaPlatform was specified, checking resolver
[DEBUG] 2023-02-12 07:10:49.538 [main] JtaPlatformResolverInitiator - No JtaPlatformResolver was specified, using default [org.hibernate.engine.transaction.jta.platform.internal.StandardJtaPlatformResolver]
[DEBUG] 2023-02-12 07:10:49.556 [main] StandardJtaPlatformResolver - Could not resolve JtaPlatform, using default [org.hibernate.engine.transaction.jta.platform.internal.NoJtaPlatform]
[INFO ] 2023-02-12 07:10:49.556 [main] JtaPlatformInitiator - HHH000490: Using JtaPlatform implementation: [org.hibernate.engine.transaction.jta.platform.internal.NoJtaPlatform]
[DEBUG] 2023-02-12 07:10:49.557 [main] NamedQueryRepository - Checking 0 named HQL queries
[DEBUG] 2023-02-12 07:10:49.557 [main] NamedQueryRepository - Checking 0 named SQL queries
[DEBUG] 2023-02-12 07:10:49.558 [main] SessionFactoryRegistry - Initializing SessionFactoryRegistry : org.hibernate.internal.SessionFactoryRegistry@56fda064
[DEBUG] 2023-02-12 07:10:49.562 [main] SessionFactoryRegistry - Registering SessionFactory: 96a2f242-1773-4edb-b518-eae85f8fbe1b (<unnamed>)
[DEBUG] 2023-02-12 07:10:49.562 [main] SessionFactoryRegistry - Not binding SessionFactory to JNDI, no JNDI name configured
[DEBUG] 2023-02-12 07:10:49.715 [main] StatisticsInitiator - Statistics initialized [enabled=false]
[DEBUG] 2023-02-12 07:10:49.759 [main] SQL - select quest0_.id as id1_0_0_, quest0_.quest_area as quest_ar2_0_0_, quest0_.quest_level_requirement as quest_le3_0_0_, quest0_.quest_name as quest_na4_0_0_, quest0_.quest_reward as quest_re5_0_0_, quest0_.quest_xp as quest_xp6_0_0_ from Quest quest0_ where quest0_.id=?
[DEBUG] 2023-02-12 07:10:49.818 [main] ResultSetProcessorImpl - Starting ResultSet row #0
[DEBUG] 2023-02-12 07:10:49.826 [main] EntityReferenceInitializerImpl - On call to EntityIdentifierReaderImpl#resolve, EntityKey was already known; should only happen on root returns with an optional identifier specified
[DEBUG] 2023-02-12 07:10:49.841 [main] TwoPhaseLoad - Resolving attributes for [questie.entity.Quest#1]
[DEBUG] 2023-02-12 07:10:49.841 [main] TwoPhaseLoad - Processing attribute `questArea` : value = Silithus
[DEBUG] 2023-02-12 07:10:49.841 [main] TwoPhaseLoad - Attribute (`questArea`)  - enhanced for lazy-loading? - false
[DEBUG] 2023-02-12 07:10:49.841 [main] TwoPhaseLoad - Processing attribute `questLevelRequirement` : value = 10
[DEBUG] 2023-02-12 07:10:49.841 [main] TwoPhaseLoad - Attribute (`questLevelRequirement`)  - enhanced for lazy-loading? - false
[DEBUG] 2023-02-12 07:10:49.841 [main] TwoPhaseLoad - Processing attribute `questName` : value = A Dying World
[DEBUG] 2023-02-12 07:10:49.852 [main] TwoPhaseLoad - Attribute (`questName`)  - enhanced for lazy-loading? - false
[DEBUG] 2023-02-12 07:10:49.852 [main] TwoPhaseLoad - Processing attribute `questReward` : value = 2 Gold, 57 Silver, 40 Bronze
[DEBUG] 2023-02-12 07:10:49.852 [main] TwoPhaseLoad - Attribute (`questReward`)  - enhanced for lazy-loading? - false
[DEBUG] 2023-02-12 07:10:49.852 [main] TwoPhaseLoad - Processing attribute `questXP` : value = 180
[DEBUG] 2023-02-12 07:10:49.852 [main] TwoPhaseLoad - Attribute (`questXP`)  - enhanced for lazy-loading? - false
[DEBUG] 2023-02-12 07:10:49.853 [main] TwoPhaseLoad - Done materializing entity [questie.entity.Quest#1]
[DEBUG] 2023-02-12 07:10:49.853 [main] ResourceRegistryStandardImpl - HHH000387: ResultSet's statement was not registered
[DEBUG] 2023-02-12 07:10:49.854 [main] AbstractLoadPlanBasedEntityLoader - Done entity load : questie.entity.Quest#1
[DEBUG] 2023-02-12 07:10:49.854 [main] LogicalConnectionManagedImpl - Initiating JDBC connection release from afterTransaction
[DEBUG] 2023-02-12 07:10:49.879 [main] TransactionImpl - On TransactionImpl creation, JpaCompliance#isJpaTransactionComplianceEnabled == false
[DEBUG] 2023-02-12 07:10:49.879 [main] TransactionImpl - begin
[DEBUG] 2023-02-12 07:10:49.889 [main] TransactionImpl - committing
[DEBUG] 2023-02-12 07:10:49.890 [main] AbstractFlushingEventListener - Processing flush-time cascades
[DEBUG] 2023-02-12 07:10:49.890 [main] AbstractFlushingEventListener - Dirty checking collections
[DEBUG] 2023-02-12 07:10:49.893 [main] AbstractFlushingEventListener - Flushed: 0 insertions, 1 updates, 0 deletions to 1 objects
[DEBUG] 2023-02-12 07:10:49.893 [main] AbstractFlushingEventListener - Flushed: 0 (re)creations, 0 updates, 0 removals to 0 collections
[DEBUG] 2023-02-12 07:10:49.893 [main] EntityPrinter - Listing entities:
[DEBUG] 2023-02-12 07:10:49.893 [main] EntityPrinter - questie.entity.Quest{questReward=2 Gold, 57 Silver, 40 Bronze, questLevelRequirement=10, questName=Cursed to Wither, questXP=180, id=1, questArea=Silithus}
[DEBUG] 2023-02-12 07:10:49.895 [main] SQL - update Quest set quest_area=?, quest_level_requirement=?, quest_name=?, quest_reward=?, quest_xp=? where id=?
[DEBUG] 2023-02-12 07:10:49.904 [main] LogicalConnectionManagedImpl - Initiating JDBC connection release from afterTransaction
[DEBUG] 2023-02-12 07:10:49.907 [main] LogicalConnectionManagedImpl - Initiating JDBC connection release from afterTransaction
[DEBUG] 2023-02-12 07:10:49.908 [main] SQL - select quest0_.id as id1_0_0_, quest0_.quest_area as quest_ar2_0_0_, quest0_.quest_level_requirement as quest_le3_0_0_, quest0_.quest_name as quest_na4_0_0_, quest0_.quest_reward as quest_re5_0_0_, quest0_.quest_xp as quest_xp6_0_0_ from Quest quest0_ where quest0_.id=?
[DEBUG] 2023-02-12 07:10:49.910 [main] ResultSetProcessorImpl - Starting ResultSet row #0
[DEBUG] 2023-02-12 07:10:49.910 [main] EntityReferenceInitializerImpl - On call to EntityIdentifierReaderImpl#resolve, EntityKey was already known; should only happen on root returns with an optional identifier specified
[DEBUG] 2023-02-12 07:10:49.911 [main] TwoPhaseLoad - Resolving attributes for [questie.entity.Quest#1]
[DEBUG] 2023-02-12 07:10:49.911 [main] TwoPhaseLoad - Processing attribute `questArea` : value = Silithus
[DEBUG] 2023-02-12 07:10:49.911 [main] TwoPhaseLoad - Attribute (`questArea`)  - enhanced for lazy-loading? - false
[DEBUG] 2023-02-12 07:10:49.911 [main] TwoPhaseLoad - Processing attribute `questLevelRequirement` : value = 10
[DEBUG] 2023-02-12 07:10:49.911 [main] TwoPhaseLoad - Attribute (`questLevelRequirement`)  - enhanced for lazy-loading? - false
[DEBUG] 2023-02-12 07:10:49.911 [main] TwoPhaseLoad - Processing attribute `questName` : value = Cursed to Wither
[DEBUG] 2023-02-12 07:10:49.911 [main] TwoPhaseLoad - Attribute (`questName`)  - enhanced for lazy-loading? - false
[DEBUG] 2023-02-12 07:10:49.914 [main] TwoPhaseLoad - Processing attribute `questReward` : value = 2 Gold, 57 Silver, 40 Bronze
[DEBUG] 2023-02-12 07:10:49.915 [main] TwoPhaseLoad - Attribute (`questReward`)  - enhanced for lazy-loading? - false
[DEBUG] 2023-02-12 07:10:49.916 [main] TwoPhaseLoad - Processing attribute `questXP` : value = 180
[DEBUG] 2023-02-12 07:10:49.917 [main] TwoPhaseLoad - Attribute (`questXP`)  - enhanced for lazy-loading? - false
[DEBUG] 2023-02-12 07:10:49.917 [main] TwoPhaseLoad - Done materializing entity [questie.entity.Quest#1]
[DEBUG] 2023-02-12 07:10:49.918 [main] ResourceRegistryStandardImpl - HHH000387: ResultSet's statement was not registered
[DEBUG] 2023-02-12 07:10:49.918 [main] AbstractLoadPlanBasedEntityLoader - Done entity load : questie.entity.Quest#1
[DEBUG] 2023-02-12 07:10:49.918 [main] LogicalConnectionManagedImpl - Initiating JDBC connection release from afterTransaction
