[DEBUG] 2023-02-11 12:02:44.062 [main] IntegratorServiceImpl - Adding Integrator [org.hibernate.cfg.beanvalidation.BeanValidationIntegrator].
[DEBUG] 2023-02-11 12:02:44.083 [main] IntegratorServiceImpl - Adding Integrator [org.hibernate.secure.spi.JaccIntegrator].
[DEBUG] 2023-02-11 12:02:44.089 [main] IntegratorServiceImpl - Adding Integrator [org.hibernate.cache.internal.CollectionCacheInvalidator].
[INFO ] 2023-02-11 12:02:44.263 [main] Version - HHH000412: Hibernate Core {5.4.4.Final}
[DEBUG] 2023-02-11 12:02:44.270 [main] Environment - HHH000206: hibernate.properties not found
[DEBUG] 2023-02-11 12:02:44.584 [main] JaxbCfgProcessor - cfg.xml document did not define namespaces; wrapping in custom event reader to introduce namespace information
[DEBUG] 2023-02-11 12:02:45.062 [main] ServiceBinding - Overriding existing service binding [org.hibernate.secure.spi.JaccService]
[DEBUG] 2023-02-11 12:02:45.107 [main] RegionFactoryInitiator - Cannot default RegionFactory based on registered strategies as `[]` RegionFactory strategies were registered
[DEBUG] 2023-02-11 12:02:45.108 [main] RegionFactoryInitiator - Cache region factory : org.hibernate.cache.internal.NoCachingRegionFactory
[INFO ] 2023-02-11 12:02:45.144 [main] Version - HCANN000001: Hibernate Commons Annotations {5.1.0.Final}
[DEBUG] 2023-02-11 12:02:45.185 [main] BasicTypeRegistry - Adding type registration boolean -> org.hibernate.type.BooleanType@1fde0371
[DEBUG] 2023-02-11 12:02:45.198 [main] BasicTypeRegistry - Adding type registration boolean -> org.hibernate.type.BooleanType@1fde0371
[DEBUG] 2023-02-11 12:02:45.198 [main] BasicTypeRegistry - Adding type registration java.lang.Boolean -> org.hibernate.type.BooleanType@1fde0371
[DEBUG] 2023-02-11 12:02:45.199 [main] BasicTypeRegistry - Adding type registration numeric_boolean -> org.hibernate.type.NumericBooleanType@49206065
[DEBUG] 2023-02-11 12:02:45.200 [main] BasicTypeRegistry - Adding type registration true_false -> org.hibernate.type.TrueFalseType@2e51d054
[DEBUG] 2023-02-11 12:02:45.200 [main] BasicTypeRegistry - Adding type registration yes_no -> org.hibernate.type.YesNoType@608bc8f8
[DEBUG] 2023-02-11 12:02:45.201 [main] BasicTypeRegistry - Adding type registration byte -> org.hibernate.type.ByteType@61c42416
[DEBUG] 2023-02-11 12:02:45.201 [main] BasicTypeRegistry - Adding type registration byte -> org.hibernate.type.ByteType@61c42416
[DEBUG] 2023-02-11 12:02:45.201 [main] BasicTypeRegistry - Adding type registration java.lang.Byte -> org.hibernate.type.ByteType@61c42416
[DEBUG] 2023-02-11 12:02:45.202 [main] BasicTypeRegistry - Adding type registration character -> org.hibernate.type.CharacterType@ebd06a9
[DEBUG] 2023-02-11 12:02:45.202 [main] BasicTypeRegistry - Adding type registration char -> org.hibernate.type.CharacterType@ebd06a9
[DEBUG] 2023-02-11 12:02:45.202 [main] BasicTypeRegistry - Adding type registration java.lang.Character -> org.hibernate.type.CharacterType@ebd06a9
[DEBUG] 2023-02-11 12:02:45.203 [main] BasicTypeRegistry - Adding type registration short -> org.hibernate.type.ShortType@1640190a
[DEBUG] 2023-02-11 12:02:45.203 [main] BasicTypeRegistry - Adding type registration short -> org.hibernate.type.ShortType@1640190a
[DEBUG] 2023-02-11 12:02:45.203 [main] BasicTypeRegistry - Adding type registration java.lang.Short -> org.hibernate.type.ShortType@1640190a
[DEBUG] 2023-02-11 12:02:45.204 [main] BasicTypeRegistry - Adding type registration integer -> org.hibernate.type.IntegerType@382c90c2
[DEBUG] 2023-02-11 12:02:45.204 [main] BasicTypeRegistry - Adding type registration int -> org.hibernate.type.IntegerType@382c90c2
[DEBUG] 2023-02-11 12:02:45.204 [main] BasicTypeRegistry - Adding type registration java.lang.Integer -> org.hibernate.type.IntegerType@382c90c2
[DEBUG] 2023-02-11 12:02:45.205 [main] BasicTypeRegistry - Adding type registration long -> org.hibernate.type.LongType@bbf9e07
[DEBUG] 2023-02-11 12:02:45.205 [main] BasicTypeRegistry - Adding type registration long -> org.hibernate.type.LongType@bbf9e07
[DEBUG] 2023-02-11 12:02:45.205 [main] BasicTypeRegistry - Adding type registration java.lang.Long -> org.hibernate.type.LongType@bbf9e07
[DEBUG] 2023-02-11 12:02:45.206 [main] BasicTypeRegistry - Adding type registration float -> org.hibernate.type.FloatType@18460128
[DEBUG] 2023-02-11 12:02:45.206 [main] BasicTypeRegistry - Adding type registration float -> org.hibernate.type.FloatType@18460128
[DEBUG] 2023-02-11 12:02:45.206 [main] BasicTypeRegistry - Adding type registration java.lang.Float -> org.hibernate.type.FloatType@18460128
[DEBUG] 2023-02-11 12:02:45.207 [main] BasicTypeRegistry - Adding type registration double -> org.hibernate.type.DoubleType@43a0a32d
[DEBUG] 2023-02-11 12:02:45.207 [main] BasicTypeRegistry - Adding type registration double -> org.hibernate.type.DoubleType@43a0a32d
[DEBUG] 2023-02-11 12:02:45.207 [main] BasicTypeRegistry - Adding type registration java.lang.Double -> org.hibernate.type.DoubleType@43a0a32d
[DEBUG] 2023-02-11 12:02:45.208 [main] BasicTypeRegistry - Adding type registration big_decimal -> org.hibernate.type.BigDecimalType@1866da85
[DEBUG] 2023-02-11 12:02:45.209 [main] BasicTypeRegistry - Adding type registration java.math.BigDecimal -> org.hibernate.type.BigDecimalType@1866da85
[DEBUG] 2023-02-11 12:02:45.209 [main] BasicTypeRegistry - Adding type registration big_integer -> org.hibernate.type.BigIntegerType@1f3165e7
[DEBUG] 2023-02-11 12:02:45.209 [main] BasicTypeRegistry - Adding type registration java.math.BigInteger -> org.hibernate.type.BigIntegerType@1f3165e7
[DEBUG] 2023-02-11 12:02:45.210 [main] BasicTypeRegistry - Adding type registration string -> org.hibernate.type.StringType@45c2e0a6
[DEBUG] 2023-02-11 12:02:45.210 [main] BasicTypeRegistry - Adding type registration java.lang.String -> org.hibernate.type.StringType@45c2e0a6
[DEBUG] 2023-02-11 12:02:45.211 [main] BasicTypeRegistry - Adding type registration nstring -> org.hibernate.type.StringNVarcharType@690bc15e
[DEBUG] 2023-02-11 12:02:45.213 [main] BasicTypeRegistry - Adding type registration ncharacter -> org.hibernate.type.CharacterNCharType@3db972d2
[DEBUG] 2023-02-11 12:02:45.214 [main] BasicTypeRegistry - Adding type registration url -> org.hibernate.type.UrlType@5c448433
[DEBUG] 2023-02-11 12:02:45.214 [main] BasicTypeRegistry - Adding type registration java.net.URL -> org.hibernate.type.UrlType@5c448433
[DEBUG] 2023-02-11 12:02:45.216 [main] BasicTypeRegistry - Adding type registration Duration -> org.hibernate.type.DurationType@158f4cfe
[DEBUG] 2023-02-11 12:02:45.217 [main] BasicTypeRegistry - Adding type registration java.time.Duration -> org.hibernate.type.DurationType@158f4cfe
[DEBUG] 2023-02-11 12:02:45.235 [main] BasicTypeRegistry - Adding type registration Instant -> org.hibernate.type.InstantType@42b6d0cc
[DEBUG] 2023-02-11 12:02:45.235 [main] BasicTypeRegistry - Adding type registration java.time.Instant -> org.hibernate.type.InstantType@42b6d0cc
[DEBUG] 2023-02-11 12:02:45.245 [main] BasicTypeRegistry - Adding type registration LocalDateTime -> org.hibernate.type.LocalDateTimeType@7c8d5312
[DEBUG] 2023-02-11 12:02:45.245 [main] BasicTypeRegistry - Adding type registration java.time.LocalDateTime -> org.hibernate.type.LocalDateTimeType@7c8d5312
[DEBUG] 2023-02-11 12:02:45.246 [main] BasicTypeRegistry - Adding type registration LocalDate -> org.hibernate.type.LocalDateType@14b0e127
[DEBUG] 2023-02-11 12:02:45.246 [main] BasicTypeRegistry - Adding type registration java.time.LocalDate -> org.hibernate.type.LocalDateType@14b0e127
[DEBUG] 2023-02-11 12:02:45.246 [main] BasicTypeRegistry - Adding type registration LocalTime -> org.hibernate.type.LocalTimeType@50756c76
[DEBUG] 2023-02-11 12:02:45.246 [main] BasicTypeRegistry - Adding type registration java.time.LocalTime -> org.hibernate.type.LocalTimeType@50756c76
[DEBUG] 2023-02-11 12:02:45.247 [main] BasicTypeRegistry - Adding type registration OffsetDateTime -> org.hibernate.type.OffsetDateTimeType@52169758
[DEBUG] 2023-02-11 12:02:45.247 [main] BasicTypeRegistry - Adding type registration java.time.OffsetDateTime -> org.hibernate.type.OffsetDateTimeType@52169758
[DEBUG] 2023-02-11 12:02:45.255 [main] BasicTypeRegistry - Adding type registration OffsetTime -> org.hibernate.type.OffsetTimeType@10dc7d6
[DEBUG] 2023-02-11 12:02:45.256 [main] BasicTypeRegistry - Adding type registration java.time.OffsetTime -> org.hibernate.type.OffsetTimeType@10dc7d6
[DEBUG] 2023-02-11 12:02:45.258 [main] BasicTypeRegistry - Adding type registration ZonedDateTime -> org.hibernate.type.ZonedDateTimeType@35eb4a3b
[DEBUG] 2023-02-11 12:02:45.258 [main] BasicTypeRegistry - Adding type registration java.time.ZonedDateTime -> org.hibernate.type.ZonedDateTimeType@35eb4a3b
[DEBUG] 2023-02-11 12:02:45.263 [main] BasicTypeRegistry - Adding type registration date -> org.hibernate.type.DateType@5f172d4a
[DEBUG] 2023-02-11 12:02:45.271 [main] BasicTypeRegistry - Adding type registration java.sql.Date -> org.hibernate.type.DateType@5f172d4a
[DEBUG] 2023-02-11 12:02:45.271 [main] BasicTypeRegistry - Adding type registration time -> org.hibernate.type.TimeType@245ec1a6
[DEBUG] 2023-02-11 12:02:45.274 [main] BasicTypeRegistry - Adding type registration java.sql.Time -> org.hibernate.type.TimeType@245ec1a6
[DEBUG] 2023-02-11 12:02:45.284 [main] BasicTypeRegistry - Adding type registration timestamp -> org.hibernate.type.TimestampType@6f1a80fb
[DEBUG] 2023-02-11 12:02:45.284 [main] BasicTypeRegistry - Adding type registration java.sql.Timestamp -> org.hibernate.type.TimestampType@6f1a80fb
[DEBUG] 2023-02-11 12:02:45.284 [main] BasicTypeRegistry - Adding type registration java.util.Date -> org.hibernate.type.TimestampType@6f1a80fb
[DEBUG] 2023-02-11 12:02:45.285 [main] BasicTypeRegistry - Adding type registration dbtimestamp -> org.hibernate.type.DbTimestampType@51a6cc2a
[DEBUG] 2023-02-11 12:02:45.300 [main] BasicTypeRegistry - Adding type registration calendar -> org.hibernate.type.CalendarType@9aa2002
[DEBUG] 2023-02-11 12:02:45.309 [main] BasicTypeRegistry - Adding type registration java.util.Calendar -> org.hibernate.type.CalendarType@9aa2002
[DEBUG] 2023-02-11 12:02:45.309 [main] BasicTypeRegistry - Adding type registration java.util.GregorianCalendar -> org.hibernate.type.CalendarType@9aa2002
[DEBUG] 2023-02-11 12:02:45.310 [main] BasicTypeRegistry - Adding type registration calendar_date -> org.hibernate.type.CalendarDateType@71945bc0
[DEBUG] 2023-02-11 12:02:45.311 [main] BasicTypeRegistry - Adding type registration locale -> org.hibernate.type.LocaleType@3c69362a
[DEBUG] 2023-02-11 12:02:45.312 [main] BasicTypeRegistry - Adding type registration java.util.Locale -> org.hibernate.type.LocaleType@3c69362a
[DEBUG] 2023-02-11 12:02:45.315 [main] BasicTypeRegistry - Adding type registration currency -> org.hibernate.type.CurrencyType@7c251f90
[DEBUG] 2023-02-11 12:02:45.318 [main] BasicTypeRegistry - Adding type registration java.util.Currency -> org.hibernate.type.CurrencyType@7c251f90
[DEBUG] 2023-02-11 12:02:45.320 [main] BasicTypeRegistry - Adding type registration timezone -> org.hibernate.type.TimeZoneType@1e86a5a7
[DEBUG] 2023-02-11 12:02:45.320 [main] BasicTypeRegistry - Adding type registration java.util.TimeZone -> org.hibernate.type.TimeZoneType@1e86a5a7
[DEBUG] 2023-02-11 12:02:45.321 [main] BasicTypeRegistry - Adding type registration class -> org.hibernate.type.ClassType@23a5818e
[DEBUG] 2023-02-11 12:02:45.328 [main] BasicTypeRegistry - Adding type registration java.lang.Class -> org.hibernate.type.ClassType@23a5818e
[DEBUG] 2023-02-11 12:02:45.329 [main] BasicTypeRegistry - Adding type registration uuid-binary -> org.hibernate.type.UUIDBinaryType@6850b758
[DEBUG] 2023-02-11 12:02:45.329 [main] BasicTypeRegistry - Adding type registration java.util.UUID -> org.hibernate.type.UUIDBinaryType@6850b758
[DEBUG] 2023-02-11 12:02:45.330 [main] BasicTypeRegistry - Adding type registration uuid-char -> org.hibernate.type.UUIDCharType@4207609e
[DEBUG] 2023-02-11 12:02:45.330 [main] BasicTypeRegistry - Adding type registration binary -> org.hibernate.type.BinaryType@3bddc676
[DEBUG] 2023-02-11 12:02:45.330 [main] BasicTypeRegistry - Adding type registration byte[] -> org.hibernate.type.BinaryType@3bddc676
[DEBUG] 2023-02-11 12:02:45.331 [main] BasicTypeRegistry - Adding type registration [B -> org.hibernate.type.BinaryType@3bddc676
[DEBUG] 2023-02-11 12:02:45.331 [main] BasicTypeRegistry - Adding type registration wrapper-binary -> org.hibernate.type.WrapperBinaryType@4d3ca6c7
[DEBUG] 2023-02-11 12:02:45.332 [main] BasicTypeRegistry - Adding type registration Byte[] -> org.hibernate.type.WrapperBinaryType@4d3ca6c7
[DEBUG] 2023-02-11 12:02:45.332 [main] BasicTypeRegistry - Adding type registration [Ljava.lang.Byte; -> org.hibernate.type.WrapperBinaryType@4d3ca6c7
[DEBUG] 2023-02-11 12:02:45.332 [main] BasicTypeRegistry - Adding type registration row_version -> org.hibernate.type.RowVersionType@4beabeec
[DEBUG] 2023-02-11 12:02:45.333 [main] BasicTypeRegistry - Adding type registration image -> org.hibernate.type.ImageType@59ed3e6c
[DEBUG] 2023-02-11 12:02:45.333 [main] BasicTypeRegistry - Adding type registration characters -> org.hibernate.type.CharArrayType@4195105b
[DEBUG] 2023-02-11 12:02:45.342 [main] BasicTypeRegistry - Adding type registration char[] -> org.hibernate.type.CharArrayType@4195105b
[DEBUG] 2023-02-11 12:02:45.342 [main] BasicTypeRegistry - Adding type registration [C -> org.hibernate.type.CharArrayType@4195105b
[DEBUG] 2023-02-11 12:02:45.344 [main] BasicTypeRegistry - Adding type registration wrapper-characters -> org.hibernate.type.CharacterArrayType@6cd5122d
[DEBUG] 2023-02-11 12:02:45.344 [main] BasicTypeRegistry - Adding type registration [Ljava.lang.Character; -> org.hibernate.type.CharacterArrayType@6cd5122d
[DEBUG] 2023-02-11 12:02:45.344 [main] BasicTypeRegistry - Adding type registration Character[] -> org.hibernate.type.CharacterArrayType@6cd5122d
[DEBUG] 2023-02-11 12:02:45.344 [main] BasicTypeRegistry - Adding type registration text -> org.hibernate.type.TextType@360bc645
[DEBUG] 2023-02-11 12:02:45.345 [main] BasicTypeRegistry - Adding type registration ntext -> org.hibernate.type.NTextType@1894e40d
[DEBUG] 2023-02-11 12:02:45.345 [main] BasicTypeRegistry - Adding type registration blob -> org.hibernate.type.BlobType@304d0259
[DEBUG] 2023-02-11 12:02:45.346 [main] BasicTypeRegistry - Adding type registration java.sql.Blob -> org.hibernate.type.BlobType@304d0259
[DEBUG] 2023-02-11 12:02:45.346 [main] BasicTypeRegistry - Adding type registration materialized_blob -> org.hibernate.type.MaterializedBlobType@3414a8c3
[DEBUG] 2023-02-11 12:02:45.346 [main] BasicTypeRegistry - Adding type registration clob -> org.hibernate.type.ClobType@eca6a74
[DEBUG] 2023-02-11 12:02:45.347 [main] BasicTypeRegistry - Adding type registration java.sql.Clob -> org.hibernate.type.ClobType@eca6a74
[DEBUG] 2023-02-11 12:02:45.347 [main] BasicTypeRegistry - Adding type registration nclob -> org.hibernate.type.NClobType@7979b8b7
[DEBUG] 2023-02-11 12:02:45.347 [main] BasicTypeRegistry - Adding type registration java.sql.NClob -> org.hibernate.type.NClobType@7979b8b7
[DEBUG] 2023-02-11 12:02:45.348 [main] BasicTypeRegistry - Adding type registration materialized_clob -> org.hibernate.type.MaterializedClobType@4f66ffc8
[DEBUG] 2023-02-11 12:02:45.348 [main] BasicTypeRegistry - Adding type registration materialized_nclob -> org.hibernate.type.MaterializedNClobType@5c080ef3
[DEBUG] 2023-02-11 12:02:45.349 [main] BasicTypeRegistry - Adding type registration serializable -> org.hibernate.type.SerializableType@42373389
[DEBUG] 2023-02-11 12:02:45.351 [main] BasicTypeRegistry - Adding type registration object -> org.hibernate.type.ObjectType@612e21b9
[DEBUG] 2023-02-11 12:02:45.352 [main] BasicTypeRegistry - Adding type registration java.lang.Object -> org.hibernate.type.ObjectType@612e21b9
[DEBUG] 2023-02-11 12:02:45.352 [main] BasicTypeRegistry - Adding type registration imm_date -> org.hibernate.type.AdaptedImmutableType@7718a40f
[DEBUG] 2023-02-11 12:02:45.352 [main] BasicTypeRegistry - Adding type registration imm_time -> org.hibernate.type.AdaptedImmutableType@312b34e3
[DEBUG] 2023-02-11 12:02:45.352 [main] BasicTypeRegistry - Adding type registration imm_timestamp -> org.hibernate.type.AdaptedImmutableType@26844abb
[DEBUG] 2023-02-11 12:02:45.352 [main] BasicTypeRegistry - Adding type registration imm_dbtimestamp -> org.hibernate.type.AdaptedImmutableType@1a865273
[DEBUG] 2023-02-11 12:02:45.360 [main] BasicTypeRegistry - Adding type registration imm_calendar -> org.hibernate.type.AdaptedImmutableType@288ca5f0
[DEBUG] 2023-02-11 12:02:45.360 [main] BasicTypeRegistry - Adding type registration imm_calendar_date -> org.hibernate.type.AdaptedImmutableType@4068102e
[DEBUG] 2023-02-11 12:02:45.360 [main] BasicTypeRegistry - Adding type registration imm_binary -> org.hibernate.type.AdaptedImmutableType@44bd4b0a
[DEBUG] 2023-02-11 12:02:45.361 [main] BasicTypeRegistry - Adding type registration imm_serializable -> org.hibernate.type.AdaptedImmutableType@6c008c24
[DEBUG] 2023-02-11 12:02:45.407 [main] DefaultIdentifierGeneratorFactory - Registering IdentifierGenerator strategy [uuid2] -> [org.hibernate.id.UUIDGenerator]
[DEBUG] 2023-02-11 12:02:45.408 [main] DefaultIdentifierGeneratorFactory - Registering IdentifierGenerator strategy [guid] -> [org.hibernate.id.GUIDGenerator]
[DEBUG] 2023-02-11 12:02:45.409 [main] DefaultIdentifierGeneratorFactory - Registering IdentifierGenerator strategy [uuid] -> [org.hibernate.id.UUIDHexGenerator]
[DEBUG] 2023-02-11 12:02:45.409 [main] DefaultIdentifierGeneratorFactory - Registering IdentifierGenerator strategy [uuid.hex] -> [org.hibernate.id.UUIDHexGenerator]
[DEBUG] 2023-02-11 12:02:45.409 [main] DefaultIdentifierGeneratorFactory - Registering IdentifierGenerator strategy [assigned] -> [org.hibernate.id.Assigned]
[DEBUG] 2023-02-11 12:02:45.415 [main] DefaultIdentifierGeneratorFactory - Registering IdentifierGenerator strategy [identity] -> [org.hibernate.id.IdentityGenerator]
[DEBUG] 2023-02-11 12:02:45.418 [main] DefaultIdentifierGeneratorFactory - Registering IdentifierGenerator strategy [select] -> [org.hibernate.id.SelectGenerator]
[DEBUG] 2023-02-11 12:02:45.419 [main] DefaultIdentifierGeneratorFactory - Registering IdentifierGenerator strategy [sequence] -> [org.hibernate.id.enhanced.SequenceStyleGenerator]
[DEBUG] 2023-02-11 12:02:45.419 [main] DefaultIdentifierGeneratorFactory - Registering IdentifierGenerator strategy [seqhilo] -> [org.hibernate.id.SequenceHiLoGenerator]
[DEBUG] 2023-02-11 12:02:45.420 [main] DefaultIdentifierGeneratorFactory - Registering IdentifierGenerator strategy [increment] -> [org.hibernate.id.IncrementGenerator]
[DEBUG] 2023-02-11 12:02:45.420 [main] DefaultIdentifierGeneratorFactory - Registering IdentifierGenerator strategy [foreign] -> [org.hibernate.id.ForeignGenerator]
[DEBUG] 2023-02-11 12:02:45.420 [main] DefaultIdentifierGeneratorFactory - Registering IdentifierGenerator strategy [sequence-identity] -> [org.hibernate.id.SequenceIdentityGenerator]
[DEBUG] 2023-02-11 12:02:45.420 [main] DefaultIdentifierGeneratorFactory - Registering IdentifierGenerator strategy [enhanced-sequence] -> [org.hibernate.id.enhanced.SequenceStyleGenerator]
[DEBUG] 2023-02-11 12:02:45.421 [main] DefaultIdentifierGeneratorFactory - Registering IdentifierGenerator strategy [enhanced-table] -> [org.hibernate.id.enhanced.TableGenerator]
[INFO ] 2023-02-11 12:02:45.440 [main] C3P0ConnectionProvider - HHH010002: C3P0 using driver: com.mysql.cj.jdbc.Driver at URL: jdbc:mysql://localhost:3306/questie_test
[INFO ] 2023-02-11 12:02:45.441 [main] C3P0ConnectionProvider - HHH10001001: Connection properties: {password=****, user=root}
[INFO ] 2023-02-11 12:02:45.441 [main] C3P0ConnectionProvider - HHH10001003: Autocommit mode: false
[INFO ] 2023-02-11 12:02:45.659 [main] C3P0ConnectionProvider - HHH10001007: JDBC isolation level: <unknown>
[DEBUG] 2023-02-11 12:02:45.895 [main] JdbcEnvironmentInitiator - Database ->
       name : MySQL
    version : 8.0.22
      major : 8
      minor : 0
[DEBUG] 2023-02-11 12:02:45.911 [main] JdbcEnvironmentInitiator - Driver ->
       name : MySQL Connector/J
    version : mysql-connector-java-8.0.16 (Revision: 34cbc6bc61f72836e26327537a432d6db7c77de6)
      major : 8
      minor : 0
[DEBUG] 2023-02-11 12:02:45.911 [main] JdbcEnvironmentInitiator - JDBC version : 4.2
[INFO ] 2023-02-11 12:02:45.950 [main] Dialect - HHH000400: Using dialect: org.hibernate.dialect.MySQL8Dialect
[DEBUG] 2023-02-11 12:02:45.976 [main] IdentifierHelperBuilder - JDBC driver metadata reported database stores quoted identifiers in more than one case
[DEBUG] 2023-02-11 12:02:46.034 [main] IdentifierHelperBuilder - IdentifierCaseStrategy for both quoted and unquoted identifiers was set to the same strategy [MIXED]; that will likely lead to problems in schema update and validation if using quoted identifiers
[DEBUG] 2023-02-11 12:02:46.115 [main] Namespace - Created database namespace [logicalName=Name{catalog=null, schema=null}, physicalName=Name{catalog=null, schema=null}]
[DEBUG] 2023-02-11 12:02:46.120 [main] TypeConfiguration$Scope - Scoping TypeConfiguration [org.hibernate.type.spi.TypeConfiguration@13dbed9e] to MetadataBuildingContext [org.hibernate.boot.internal.MetadataBuildingContextRootImpl@67531e3a]
[DEBUG] 2023-02-11 12:02:46.174 [main] AnnotationMetadataSourceProcessorImpl - Encountered a non-categorized annotated class [questie.entity.Quest]; ignoring
[DEBUG] 2023-02-11 12:02:46.189 [main] AnnotationBinder - Binding entity from annotated class: questie.entity.User
[DEBUG] 2023-02-11 12:02:46.220 [main] Ejb3Column - Binding column: Ejb3DiscriminatorColumn{logicalColumnName'DTYPE', discriminatorTypeName='string'}
[DEBUG] 2023-02-11 12:02:46.235 [main] EntityBinder - Import with entity name User
[DEBUG] 2023-02-11 12:02:46.237 [main] EntityBinder - Bind entity questie.entity.User on table User
[DEBUG] 2023-02-11 12:02:46.293 [main] Ejb3Column - Binding column: Ejb3Column{table=org.hibernate.mapping.Table(User), mappingColumn=id, insertable=true, updatable=true, unique=false}
[DEBUG] 2023-02-11 12:02:46.296 [main] PropertyBinder - MetadataSourceProcessor property id with lazy=false
[DEBUG] 2023-02-11 12:02:46.304 [main] AbstractPropertyHolder - Attempting to locate auto-apply AttributeConverter for property [questie.entity.User:id]
[DEBUG] 2023-02-11 12:02:46.306 [main] SimpleValueBinder - building SimpleValue for id
[DEBUG] 2023-02-11 12:02:46.307 [main] PropertyBinder - Building property id
[DEBUG] 2023-02-11 12:02:46.322 [main] BinderHelper - #makeIdGenerator(org.hibernate.mapping.SimpleValue([org.hibernate.mapping.Column(id)]), id, org.hibernate.id.enhanced.SequenceStyleGenerator, native, ...)
[DEBUG] 2023-02-11 12:02:46.324 [main] Ejb3Column - Binding column: Ejb3Column{table=org.hibernate.mapping.Table(User), mappingColumn=first_name, insertable=true, updatable=true, unique=false}
[DEBUG] 2023-02-11 12:02:46.324 [main] PropertyBinder - MetadataSourceProcessor property firstName with lazy=false
[DEBUG] 2023-02-11 12:02:46.324 [main] AbstractPropertyHolder - Attempting to locate auto-apply AttributeConverter for property [questie.entity.User:firstName]
[DEBUG] 2023-02-11 12:02:46.325 [main] SimpleValueBinder - building SimpleValue for firstName
[DEBUG] 2023-02-11 12:02:46.325 [main] PropertyBinder - Building property firstName
[DEBUG] 2023-02-11 12:02:46.325 [main] Ejb3Column - Binding column: Ejb3Column{table=org.hibernate.mapping.Table(User), mappingColumn=gamertag, insertable=true, updatable=true, unique=false}
[DEBUG] 2023-02-11 12:02:46.325 [main] PropertyBinder - MetadataSourceProcessor property gamertag with lazy=false
[DEBUG] 2023-02-11 12:02:46.325 [main] AbstractPropertyHolder - Attempting to locate auto-apply AttributeConverter for property [questie.entity.User:gamertag]
[DEBUG] 2023-02-11 12:02:46.325 [main] SimpleValueBinder - building SimpleValue for gamertag
[DEBUG] 2023-02-11 12:02:46.327 [main] PropertyBinder - Building property gamertag
[DEBUG] 2023-02-11 12:02:46.327 [main] Ejb3Column - Binding column: Ejb3Column{table=org.hibernate.mapping.Table(User), mappingColumn=last_name, insertable=true, updatable=true, unique=false}
[DEBUG] 2023-02-11 12:02:46.327 [main] PropertyBinder - MetadataSourceProcessor property lastName with lazy=false
[DEBUG] 2023-02-11 12:02:46.334 [main] AbstractPropertyHolder - Attempting to locate auto-apply AttributeConverter for property [questie.entity.User:lastName]
[DEBUG] 2023-02-11 12:02:46.334 [main] SimpleValueBinder - building SimpleValue for lastName
[DEBUG] 2023-02-11 12:02:46.334 [main] PropertyBinder - Building property lastName
[DEBUG] 2023-02-11 12:02:46.336 [main] SimpleValueBinder - Starting fillSimpleValue for id
[DEBUG] 2023-02-11 12:02:46.336 [main] SimpleValueBinder - Starting fillSimpleValue for firstName
[DEBUG] 2023-02-11 12:02:46.336 [main] SimpleValueBinder - Starting fillSimpleValue for gamertag
[DEBUG] 2023-02-11 12:02:46.336 [main] SimpleValueBinder - Starting fillSimpleValue for lastName
[DEBUG] 2023-02-11 12:02:46.337 [main] PrimaryKey - Forcing column [id] to be non-null as it is part of the primary key for table [user]
[DEBUG] 2023-02-11 12:02:46.382 [main] SessionFactoryImpl - Building session factory
[DEBUG] 2023-02-11 12:02:46.383 [main] Settings - SessionFactory name : null
[DEBUG] 2023-02-11 12:02:46.383 [main] Settings - Automatic flush during beforeCompletion(): enabled
[DEBUG] 2023-02-11 12:02:46.383 [main] Settings - Automatic session close at end of transaction: disabled
[DEBUG] 2023-02-11 12:02:46.383 [main] Settings - Statistics: disabled
[DEBUG] 2023-02-11 12:02:46.383 [main] Settings - Deleted entity synthetic identifier rollback: disabled
[DEBUG] 2023-02-11 12:02:46.384 [main] Settings - Default entity-mode: pojo
[DEBUG] 2023-02-11 12:02:46.384 [main] Settings - Check Nullability in Core (should be disabled when Bean Validation is on): enabled
[DEBUG] 2023-02-11 12:02:46.384 [main] Settings - Allow initialization of lazy state outside session : disabled
[DEBUG] 2023-02-11 12:02:46.384 [main] Settings - Using BatchFetchStyle : LEGACY
[DEBUG] 2023-02-11 12:02:46.384 [main] Settings - Default batch fetch size: -1
[DEBUG] 2023-02-11 12:02:46.384 [main] Settings - Maximum outer join fetch depth: 2
[DEBUG] 2023-02-11 12:02:46.384 [main] Settings - Default null ordering: NONE
[DEBUG] 2023-02-11 12:02:46.384 [main] Settings - Order SQL updates by primary key: disabled
[DEBUG] 2023-02-11 12:02:46.384 [main] Settings - Order SQL inserts for batching: disabled
[DEBUG] 2023-02-11 12:02:46.384 [main] Settings - multi-tenancy strategy : NONE
[DEBUG] 2023-02-11 12:02:46.384 [main] Settings - JTA Track by Thread: enabled
[DEBUG] 2023-02-11 12:02:46.384 [main] Settings - Query language substitutions: {}
[DEBUG] 2023-02-11 12:02:46.384 [main] Settings - Named query checking : enabled
[DEBUG] 2023-02-11 12:02:46.384 [main] Settings - Second-level cache: disabled
[DEBUG] 2023-02-11 12:02:46.384 [main] Settings - Second-level query cache: disabled
[DEBUG] 2023-02-11 12:02:46.384 [main] Settings - Second-level query cache factory: null
[DEBUG] 2023-02-11 12:02:46.385 [main] Settings - Second-level cache region prefix: null
[DEBUG] 2023-02-11 12:02:46.385 [main] Settings - Optimize second-level cache for minimal puts: disabled
[DEBUG] 2023-02-11 12:02:46.385 [main] Settings - Structured second-level cache entries: disabled
[DEBUG] 2023-02-11 12:02:46.385 [main] Settings - Second-level cache direct-reference entries: disabled
[DEBUG] 2023-02-11 12:02:46.385 [main] Settings - Automatic eviction of collection cache: disabled
[DEBUG] 2023-02-11 12:02:46.385 [main] Settings - JDBC batch size: 15
[DEBUG] 2023-02-11 12:02:46.385 [main] Settings - JDBC batch updates for versioned data: enabled
[DEBUG] 2023-02-11 12:02:46.385 [main] Settings - Scrollable result sets: enabled
[DEBUG] 2023-02-11 12:02:46.385 [main] Settings - Wrap result sets: disabled
[DEBUG] 2023-02-11 12:02:46.385 [main] Settings - JDBC3 getGeneratedKeys(): enabled
[DEBUG] 2023-02-11 12:02:46.385 [main] Settings - JDBC result set fetch size: null
[DEBUG] 2023-02-11 12:02:46.385 [main] Settings - Connection release mode: AFTER_TRANSACTION
[DEBUG] 2023-02-11 12:02:46.385 [main] Settings - Generate SQL with comments: disabled
[DEBUG] 2023-02-11 12:02:46.385 [main] Settings - JPA compliance - query : 
[DEBUG] 2023-02-11 12:02:46.385 [main] Settings - JPA compliance - closed-handling : 
[DEBUG] 2023-02-11 12:02:46.385 [main] Settings - JPA compliance - lists : 
[DEBUG] 2023-02-11 12:02:46.386 [main] Settings - JPA compliance - transactions : 
[INFO ] 2023-02-11 12:02:46.456 [main] beans - HHH10005002: No explicit CDI BeanManager reference was passed to Hibernate, but CDI is available on the Hibernate ClassLoader.
[DEBUG] 2023-02-11 12:02:46.489 [main] SessionFactoryImpl - Session factory constructed with filter configurations : {}
[DEBUG] 2023-02-11 12:02:46.489 [main] SessionFactoryImpl - Instantiating session factory with properties: {sun.desktop=gnome, awt.toolkit=sun.awt.X11.XToolkit, java.specification.version=11, sun.cpu.isalist=, hibernate.c3p0.idle_test_period=3000, sun.jnu.encoding=UTF-8, hibernate.c3p0.min_size=5, java.class.path=/home/student/IdeaProjects/WoWQuestHelper/target/test-classes:/home/student/IdeaProjects/WoWQuestHelper/target/classes:/home/student/.m2/repository/org/junit/platform/junit-platform-runner/1.0.0/junit-platform-runner-1.0.0.jar:/home/student/.m2/repository/org/apiguardian/apiguardian-api/1.0.0/apiguardian-api-1.0.0.jar:/home/student/.m2/repository/org/junit/platform/junit-platform-launcher/1.0.0/junit-platform-launcher-1.0.0.jar:/home/student/.m2/repository/org/junit/platform/junit-platform-suite-api/1.0.0/junit-platform-suite-api-1.0.0.jar:/home/student/.m2/repository/org/junit/platform/junit-platform-commons/1.0.0/junit-platform-commons-1.0.0.jar:/home/student/.m2/repository/org/junit/vintage/junit-vintage-engine/4.12.0/junit-vintage-engine-4.12.0.jar:/home/student/.m2/repository/org/junit/platform/junit-platform-engine/1.0.0/junit-platform-engine-1.0.0.jar:/home/student/.m2/repository/org/opentest4j/opentest4j/1.0.0/opentest4j-1.0.0.jar:/home/student/.m2/repository/org/junit/jupiter/junit-jupiter-engine/5.0.0/junit-jupiter-engine-5.0.0.jar:/home/student/.m2/repository/org/junit/jupiter/junit-jupiter-api/5.0.0/junit-jupiter-api-5.0.0.jar:/home/student/.m2/repository/junit/junit/4.12/junit-4.12.jar:/home/student/.m2/repository/org/hamcrest/hamcrest-core/1.3/hamcrest-core-1.3.jar:/home/student/.m2/repository/javax/javaee-web-api/7.0/javaee-web-api-7.0.jar:/home/student/.m2/repository/mysql/mysql-connector-java/8.0.16/mysql-connector-java-8.0.16.jar:/home/student/.m2/repository/com/google/protobuf/protobuf-java/3.6.1/protobuf-java-3.6.1.jar:/home/student/.m2/repository/jstl/jstl/1.2/jstl-1.2.jar:/home/student/.m2/repository/org/apache/logging/log4j/log4j-api/2.17.1/log4j-api-2.17.1.jar:/home/student/.m2/repository/org/apache/logging/log4j/log4j-core/2.17.1/log4j-core-2.17.1.jar:/home/student/.m2/repository/org/hibernate/hibernate-core/5.4.4.Final/hibernate-core-5.4.4.Final.jar:/home/student/.m2/repository/org/jboss/logging/jboss-logging/3.3.2.Final/jboss-logging-3.3.2.Final.jar:/home/student/.m2/repository/javax/persistence/javax.persistence-api/2.2/javax.persistence-api-2.2.jar:/home/student/.m2/repository/org/javassist/javassist/3.24.0-GA/javassist-3.24.0-GA.jar:/home/student/.m2/repository/net/bytebuddy/byte-buddy/1.9.11/byte-buddy-1.9.11.jar:/home/student/.m2/repository/antlr/antlr/2.7.7/antlr-2.7.7.jar:/home/student/.m2/repository/org/jboss/spec/javax/transaction/jboss-transaction-api_1.2_spec/1.1.1.Final/jboss-transaction-api_1.2_spec-1.1.1.Final.jar:/home/student/.m2/repository/org/jboss/jandex/2.0.5.Final/jandex-2.0.5.Final.jar:/home/student/.m2/repository/com/fasterxml/classmate/1.3.4/classmate-1.3.4.jar:/home/student/.m2/repository/javax/activation/javax.activation-api/1.2.0/javax.activation-api-1.2.0.jar:/home/student/.m2/repository/org/dom4j/dom4j/2.1.1/dom4j-2.1.1.jar:/home/student/.m2/repository/org/hibernate/common/hibernate-commons-annotations/5.1.0.Final/hibernate-commons-annotations-5.1.0.Final.jar:/home/student/.m2/repository/javax/xml/bind/jaxb-api/2.3.1/jaxb-api-2.3.1.jar:/home/student/.m2/repository/org/glassfish/jaxb/jaxb-runtime/2.3.1/jaxb-runtime-2.3.1.jar:/home/student/.m2/repository/org/glassfish/jaxb/txw2/2.3.1/txw2-2.3.1.jar:/home/student/.m2/repository/com/sun/istack/istack-commons-runtime/3.0.7/istack-commons-runtime-3.0.7.jar:/home/student/.m2/repository/org/jvnet/staxex/stax-ex/1.8/stax-ex-1.8.jar:/home/student/.m2/repository/com/sun/xml/fastinfoset/FastInfoset/1.2.15/FastInfoset-1.2.15.jar:/home/student/.m2/repository/org/hibernate/hibernate-c3p0/5.4.4.Final/hibernate-c3p0-5.4.4.Final.jar:/home/student/.m2/repository/com/mchange/c3p0/0.9.5.3/c3p0-0.9.5.3.jar:/home/student/.m2/repository/com/mchange/mchange-commons-java/0.2.15/mchange-commons-java-0.2.15.jar:, java.vm.vendor=Ubuntu, sun.arch.data.model=64, java.vendor.url=https://ubuntu.com/, user.timezone=America/Chicago, os.name=Linux, java.vm.specification.version=11, sun.java.launcher=SUN_STANDARD, user.country=US, sun.boot.library.path=/usr/lib/jvm/java-11-openjdk-amd64/lib, sun.java.command=/home/student/IdeaProjects/WoWQuestHelper/target/surefire/surefirebooter15101155260164211285.jar /home/student/IdeaProjects/WoWQuestHelper/target/surefire/surefire897536025504784001tmp /home/student/IdeaProjects/WoWQuestHelper/target/surefire/surefire_016262377753617458678tmp, jdk.debug=release, surefire.test.class.path=/home/student/IdeaProjects/WoWQuestHelper/target/test-classes:/home/student/IdeaProjects/WoWQuestHelper/target/classes:/home/student/.m2/repository/org/junit/platform/junit-platform-runner/1.0.0/junit-platform-runner-1.0.0.jar:/home/student/.m2/repository/org/apiguardian/apiguardian-api/1.0.0/apiguardian-api-1.0.0.jar:/home/student/.m2/repository/org/junit/platform/junit-platform-launcher/1.0.0/junit-platform-launcher-1.0.0.jar:/home/student/.m2/repository/org/junit/platform/junit-platform-suite-api/1.0.0/junit-platform-suite-api-1.0.0.jar:/home/student/.m2/repository/org/junit/platform/junit-platform-commons/1.0.0/junit-platform-commons-1.0.0.jar:/home/student/.m2/repository/org/junit/vintage/junit-vintage-engine/4.12.0/junit-vintage-engine-4.12.0.jar:/home/student/.m2/repository/org/junit/platform/junit-platform-engine/1.0.0/junit-platform-engine-1.0.0.jar:/home/student/.m2/repository/org/opentest4j/opentest4j/1.0.0/opentest4j-1.0.0.jar:/home/student/.m2/repository/org/junit/jupiter/junit-jupiter-engine/5.0.0/junit-jupiter-engine-5.0.0.jar:/home/student/.m2/repository/org/junit/jupiter/junit-jupiter-api/5.0.0/junit-jupiter-api-5.0.0.jar:/home/student/.m2/repository/junit/junit/4.12/junit-4.12.jar:/home/student/.m2/repository/org/hamcrest/hamcrest-core/1.3/hamcrest-core-1.3.jar:/home/student/.m2/repository/javax/javaee-web-api/7.0/javaee-web-api-7.0.jar:/home/student/.m2/repository/mysql/mysql-connector-java/8.0.16/mysql-connector-java-8.0.16.jar:/home/student/.m2/repository/com/google/protobuf/protobuf-java/3.6.1/protobuf-java-3.6.1.jar:/home/student/.m2/repository/jstl/jstl/1.2/jstl-1.2.jar:/home/student/.m2/repository/org/apache/logging/log4j/log4j-api/2.17.1/log4j-api-2.17.1.jar:/home/student/.m2/repository/org/apache/logging/log4j/log4j-core/2.17.1/log4j-core-2.17.1.jar:/home/student/.m2/repository/org/hibernate/hibernate-core/5.4.4.Final/hibernate-core-5.4.4.Final.jar:/home/student/.m2/repository/org/jboss/logging/jboss-logging/3.3.2.Final/jboss-logging-3.3.2.Final.jar:/home/student/.m2/repository/javax/persistence/javax.persistence-api/2.2/javax.persistence-api-2.2.jar:/home/student/.m2/repository/org/javassist/javassist/3.24.0-GA/javassist-3.24.0-GA.jar:/home/student/.m2/repository/net/bytebuddy/byte-buddy/1.9.11/byte-buddy-1.9.11.jar:/home/student/.m2/repository/antlr/antlr/2.7.7/antlr-2.7.7.jar:/home/student/.m2/repository/org/jboss/spec/javax/transaction/jboss-transaction-api_1.2_spec/1.1.1.Final/jboss-transaction-api_1.2_spec-1.1.1.Final.jar:/home/student/.m2/repository/org/jboss/jandex/2.0.5.Final/jandex-2.0.5.Final.jar:/home/student/.m2/repository/com/fasterxml/classmate/1.3.4/classmate-1.3.4.jar:/home/student/.m2/repository/javax/activation/javax.activation-api/1.2.0/javax.activation-api-1.2.0.jar:/home/student/.m2/repository/org/dom4j/dom4j/2.1.1/dom4j-2.1.1.jar:/home/student/.m2/repository/org/hibernate/common/hibernate-commons-annotations/5.1.0.Final/hibernate-commons-annotations-5.1.0.Final.jar:/home/student/.m2/repository/javax/xml/bind/jaxb-api/2.3.1/jaxb-api-2.3.1.jar:/home/student/.m2/repository/org/glassfish/jaxb/jaxb-runtime/2.3.1/jaxb-runtime-2.3.1.jar:/home/student/.m2/repository/org/glassfish/jaxb/txw2/2.3.1/txw2-2.3.1.jar:/home/student/.m2/repository/com/sun/istack/istack-commons-runtime/3.0.7/istack-commons-runtime-3.0.7.jar:/home/student/.m2/repository/org/jvnet/staxex/stax-ex/1.8/stax-ex-1.8.jar:/home/student/.m2/repository/com/sun/xml/fastinfoset/FastInfoset/1.2.15/FastInfoset-1.2.15.jar:/home/student/.m2/repository/org/hibernate/hibernate-c3p0/5.4.4.Final/hibernate-c3p0-5.4.4.Final.jar:/home/student/.m2/repository/com/mchange/c3p0/0.9.5.3/c3p0-0.9.5.3.jar:/home/student/.m2/repository/com/mchange/mchange-commons-java/0.2.15/mchange-commons-java-0.2.15.jar:, sun.cpu.endian=little, user.home=/home/student, hibernate.c3p0.max_statements=50, user.language=en, java.specification.vendor=Oracle Corporation, java.version.date=2022-10-18, java.home=/usr/lib/jvm/java-11-openjdk-amd64, file.separator=/, basedir=/home/student/IdeaProjects/WoWQuestHelper, java.vm.compressedOopsMode=32-bit, line.separator=
, hibernate.c3p0.timeout=300, java.specification.name=Java Platform API Specification, java.vm.specification.vendor=Oracle Corporation, java.awt.graphicsenv=sun.awt.X11GraphicsEnvironment, surefire.real.class.path=/home/student/IdeaProjects/WoWQuestHelper/target/surefire/surefirebooter15101155260164211285.jar, connection.password=student, sun.management.compiler=HotSpot 64-Bit Tiered Compilers, hibernate.c3p0.max_size=20, java.runtime.version=11.0.17+8-post-Ubuntu-1ubuntu220.04, user.name=student, path.separator=:, hibernate.connection.username=****, os.version=5.4.0-137-generic, java.runtime.name=OpenJDK Runtime Environment, hibernate.connection.url=jdbc:mysql://localhost:3306/questie_test, file.encoding=UTF-8, java.vm.name=OpenJDK 64-Bit Server VM, localRepository=/home/student/.m2/repository, hibernate.connection.driver_class=com.mysql.cj.jdbc.Driver, java.vendor.url.bug=https://bugs.launchpad.net/ubuntu/+source/openjdk-lts, java.io.tmpdir=/tmp, idea.version=2022.3.1, java.version=11.0.17, user.dir=/home/student/IdeaProjects/WoWQuestHelper, os.arch=amd64, connection.username=root, java.vm.specification.name=Java Virtual Machine Specification, java.awt.printerjob=sun.print.PSPrinterJob, hibernate.connection.password=****, sun.os.patch.level=unknown, connection.driver_class=com.mysql.cj.jdbc.Driver, hibernate.boot.CfgXmlAccessService.key=org.hibernate.boot.cfgxml.spi.LoadedConfig@3cdc7b09, java.library.path=/usr/java/packages/lib:/usr/lib/x86_64-linux-gnu/jni:/lib/x86_64-linux-gnu:/usr/lib/x86_64-linux-gnu:/usr/lib/jni:/lib:/usr/lib, java.vendor=Ubuntu, java.vm.info=mixed mode, sharing, java.vm.version=11.0.17+8-post-Ubuntu-1ubuntu220.04, hibernate.bytecode.use_reflection_optimizer=false, sun.io.unicode.encoding=UnicodeLittle, connection.url=jdbc:mysql://localhost:3306/questie_test, java.class.version=55.0}
[DEBUG] 2023-02-11 12:02:46.545 [main] TypeSafeActivator - Unable to acquire Bean Validation ValidatorFactory, skipping activation
[DEBUG] 2023-02-11 12:02:46.545 [main] JaccIntegrator - Skipping JACC integration as it was not enabled
[DEBUG] 2023-02-11 12:02:46.593 [main] SessionFactoryImpl - Instantiated session factory
[DEBUG] 2023-02-11 12:02:46.594 [main] TypeConfiguration$Scope - Scoping TypeConfiguration [org.hibernate.type.spi.TypeConfiguration@13dbed9e] to SessionFactoryImpl [org.hibernate.internal.SessionFactoryImpl@39941489]
[DEBUG] 2023-02-11 12:02:46.653 [main] ClassLoaderAccessImpl - Not known whether passed class name [questie.entity.User] is safe
[DEBUG] 2023-02-11 12:02:46.655 [main] ClassLoaderAccessImpl - No temp ClassLoader provided; using live ClassLoader for loading potentially unsafe class : questie.entity.User
[DEBUG] 2023-02-11 12:02:46.691 [main] ClassLoaderAccessImpl - Not known whether passed class name [questie.entity.User] is safe
[DEBUG] 2023-02-11 12:02:46.692 [main] ClassLoaderAccessImpl - No temp ClassLoader provided; using live ClassLoader for loading potentially unsafe class : questie.entity.User
[DEBUG] 2023-02-11 12:02:46.986 [main] AbstractEntityPersister - Static SQL for entity: questie.entity.User
[DEBUG] 2023-02-11 12:02:46.986 [main] AbstractEntityPersister -  Version select: select id from User where id =?
[DEBUG] 2023-02-11 12:02:46.986 [main] AbstractEntityPersister -  Snapshot select: select user_.id, user_.first_name as first_na2_0_, user_.gamertag as gamertag3_0_, user_.last_name as last_nam4_0_ from User user_ where user_.id=?
[DEBUG] 2023-02-11 12:02:46.986 [main] AbstractEntityPersister -  Insert 0: insert into User (first_name, gamertag, last_name, id) values (?, ?, ?, ?)
[DEBUG] 2023-02-11 12:02:46.988 [main] AbstractEntityPersister -  Update 0: update User set first_name=?, gamertag=?, last_name=? where id=?
[DEBUG] 2023-02-11 12:02:46.988 [main] AbstractEntityPersister -  Delete 0: delete from User where id=?
[DEBUG] 2023-02-11 12:02:46.988 [main] AbstractEntityPersister -  Identity insert: insert into User (first_name, gamertag, last_name) values (?, ?, ?)
[DEBUG] 2023-02-11 12:02:47.007 [main] QuerySpacesImpl - Adding QuerySpace : uid = <gen:0> -> org.hibernate.loader.plan.build.internal.spaces.EntityQuerySpaceImpl@7a606260]
[DEBUG] 2023-02-11 12:02:47.007 [main] MetamodelGraphWalker - Visiting attribute path : firstName
[DEBUG] 2023-02-11 12:02:47.008 [main] MetamodelGraphWalker - Visiting attribute path : gamertag
[DEBUG] 2023-02-11 12:02:47.008 [main] MetamodelGraphWalker - Visiting attribute path : lastName
[DEBUG] 2023-02-11 12:02:47.008 [main] FetchStyleLoadPlanBuildingAssociationVisitationStrategy - Building LoadPlan...
[DEBUG] 2023-02-11 12:02:47.017 [main] LoadQueryJoinAndFetchProcessor - processing queryspace <gen:0>
[DEBUG] 2023-02-11 12:02:47.021 [main] LoadPlanTreePrinter - LoadPlan(entity=questie.entity.User)
    - Returns
       - EntityReturnImpl(entity=questie.entity.User, querySpaceUid=<gen:0>, path=questie.entity.User)
    - QuerySpaces
       - EntityQuerySpaceImpl(uid=<gen:0>, entity=questie.entity.User)
          - SQL table alias mapping - user0_
          - alias suffix - 0_
          - suffixed key columns - {id1_0_0_}

[DEBUG] 2023-02-11 12:02:47.022 [main] EntityLoader - Static select for entity questie.entity.User [NONE]: select user0_.id as id1_0_0_, user0_.first_name as first_na2_0_0_, user0_.gamertag as gamertag3_0_0_, user0_.last_name as last_nam4_0_0_ from User user0_ where user0_.id=?
[DEBUG] 2023-02-11 12:02:47.027 [main] QuerySpacesImpl - Adding QuerySpace : uid = <gen:0> -> org.hibernate.loader.plan.build.internal.spaces.EntityQuerySpaceImpl@3e53c4ad]
[DEBUG] 2023-02-11 12:02:47.027 [main] MetamodelGraphWalker - Visiting attribute path : firstName
[DEBUG] 2023-02-11 12:02:47.027 [main] MetamodelGraphWalker - Visiting attribute path : gamertag
[DEBUG] 2023-02-11 12:02:47.028 [main] MetamodelGraphWalker - Visiting attribute path : lastName
[DEBUG] 2023-02-11 12:02:47.028 [main] FetchStyleLoadPlanBuildingAssociationVisitationStrategy - Building LoadPlan...
[DEBUG] 2023-02-11 12:02:47.028 [main] LoadQueryJoinAndFetchProcessor - processing queryspace <gen:0>
[DEBUG] 2023-02-11 12:02:47.028 [main] LoadPlanTreePrinter - LoadPlan(entity=questie.entity.User)
    - Returns
       - EntityReturnImpl(entity=questie.entity.User, querySpaceUid=<gen:0>, path=questie.entity.User)
    - QuerySpaces
       - EntityQuerySpaceImpl(uid=<gen:0>, entity=questie.entity.User)
          - SQL table alias mapping - user0_
          - alias suffix - 0_
          - suffixed key columns - {id1_0_0_}

[DEBUG] 2023-02-11 12:02:47.029 [main] EntityLoader - Static select for entity questie.entity.User [READ]: select user0_.id as id1_0_0_, user0_.first_name as first_na2_0_0_, user0_.gamertag as gamertag3_0_0_, user0_.last_name as last_nam4_0_0_ from User user0_ where user0_.id=?
[DEBUG] 2023-02-11 12:02:47.042 [main] Loader - Static select for action ACTION_MERGE on entity questie.entity.User: select user0_.id as id1_0_0_, user0_.first_name as first_na2_0_0_, user0_.gamertag as gamertag3_0_0_, user0_.last_name as last_nam4_0_0_ from User user0_ where user0_.id=?
[DEBUG] 2023-02-11 12:02:47.045 [main] Loader - Static select for action ACTION_REFRESH on entity questie.entity.User: select user0_.id as id1_0_0_, user0_.first_name as first_na2_0_0_, user0_.gamertag as gamertag3_0_0_, user0_.last_name as last_nam4_0_0_ from User user0_ where user0_.id=?
[DEBUG] 2023-02-11 12:02:47.063 [main] SchemaManagementToolCoordinator - No actions specified; doing nothing
[DEBUG] 2023-02-11 12:02:47.067 [main] JtaPlatformInitiator - No JtaPlatform was specified, checking resolver
[DEBUG] 2023-02-11 12:02:47.067 [main] JtaPlatformResolverInitiator - No JtaPlatformResolver was specified, using default [org.hibernate.engine.transaction.jta.platform.internal.StandardJtaPlatformResolver]
[DEBUG] 2023-02-11 12:02:47.071 [main] StandardJtaPlatformResolver - Could not resolve JtaPlatform, using default [org.hibernate.engine.transaction.jta.platform.internal.NoJtaPlatform]
[INFO ] 2023-02-11 12:02:47.071 [main] JtaPlatformInitiator - HHH000490: Using JtaPlatform implementation: [org.hibernate.engine.transaction.jta.platform.internal.NoJtaPlatform]
[DEBUG] 2023-02-11 12:02:47.077 [main] NamedQueryRepository - Checking 0 named HQL queries
[DEBUG] 2023-02-11 12:02:47.077 [main] NamedQueryRepository - Checking 0 named SQL queries
[DEBUG] 2023-02-11 12:02:47.080 [main] SessionFactoryRegistry - Initializing SessionFactoryRegistry : org.hibernate.internal.SessionFactoryRegistry@6dae70f9
[DEBUG] 2023-02-11 12:02:47.083 [main] SessionFactoryRegistry - Registering SessionFactory: 4aeb7362-e813-48cc-961e-d1caea803ee2 (<unnamed>)
[DEBUG] 2023-02-11 12:02:47.084 [main] SessionFactoryRegistry - Not binding SessionFactory to JNDI, no JNDI name configured
[DEBUG] 2023-02-11 12:02:47.142 [main] StatisticsInitiator - Statistics initialized [enabled=false]
[DEBUG] 2023-02-11 12:02:47.164 [main] SQL - select user0_.id as id1_0_0_, user0_.first_name as first_na2_0_0_, user0_.gamertag as gamertag3_0_0_, user0_.last_name as last_nam4_0_0_ from User user0_ where user0_.id=?
[DEBUG] 2023-02-11 12:02:47.187 [main] ResultSetProcessorImpl - Starting ResultSet row #0
[DEBUG] 2023-02-11 12:02:47.188 [main] EntityReferenceInitializerImpl - On call to EntityIdentifierReaderImpl#resolve, EntityKey was already known; should only happen on root returns with an optional identifier specified
[DEBUG] 2023-02-11 12:02:47.197 [main] TwoPhaseLoad - Resolving attributes for [questie.entity.User#3]
[DEBUG] 2023-02-11 12:02:47.197 [main] TwoPhaseLoad - Processing attribute `firstName` : value = Barney
[DEBUG] 2023-02-11 12:02:47.197 [main] TwoPhaseLoad - Attribute (`firstName`)  - enhanced for lazy-loading? - false
[DEBUG] 2023-02-11 12:02:47.197 [main] TwoPhaseLoad - Processing attribute `gamertag` : value = bcurry
[DEBUG] 2023-02-11 12:02:47.197 [main] TwoPhaseLoad - Attribute (`gamertag`)  - enhanced for lazy-loading? - false
[DEBUG] 2023-02-11 12:02:47.199 [main] TwoPhaseLoad - Processing attribute `lastName` : value = Curry
[DEBUG] 2023-02-11 12:02:47.199 [main] TwoPhaseLoad - Attribute (`lastName`)  - enhanced for lazy-loading? - false
[DEBUG] 2023-02-11 12:02:47.208 [main] TwoPhaseLoad - Done materializing entity [questie.entity.User#3]
[DEBUG] 2023-02-11 12:02:47.209 [main] ResourceRegistryStandardImpl - HHH000387: ResultSet's statement was not registered
[DEBUG] 2023-02-11 12:02:47.210 [main] AbstractLoadPlanBasedEntityLoader - Done entity load : questie.entity.User#3
[DEBUG] 2023-02-11 12:02:47.210 [main] LogicalConnectionManagedImpl - Initiating JDBC connection release from afterTransaction
[DEBUG] 2023-02-11 12:02:47.215 [main] TransactionImpl - On TransactionImpl creation, JpaCompliance#isJpaTransactionComplianceEnabled == false
[DEBUG] 2023-02-11 12:02:47.215 [main] TransactionImpl - begin
[DEBUG] 2023-02-11 12:02:47.227 [main] TransactionImpl - committing
[DEBUG] 2023-02-11 12:02:47.227 [main] AbstractFlushingEventListener - Processing flush-time cascades
[DEBUG] 2023-02-11 12:02:47.227 [main] AbstractFlushingEventListener - Dirty checking collections
[DEBUG] 2023-02-11 12:02:47.228 [main] AbstractFlushingEventListener - Flushed: 0 insertions, 0 updates, 1 deletions to 1 objects
[DEBUG] 2023-02-11 12:02:47.228 [main] AbstractFlushingEventListener - Flushed: 0 (re)creations, 0 updates, 0 removals to 0 collections
[DEBUG] 2023-02-11 12:02:47.229 [main] EntityPrinter - Listing entities:
[DEBUG] 2023-02-11 12:02:47.230 [main] EntityPrinter - questie.entity.User{gamertag=bcurry, firstName=Barney, lastName=Curry, id=3}
[DEBUG] 2023-02-11 12:02:47.239 [main] SQL - delete from User where id=?
[DEBUG] 2023-02-11 12:02:47.262 [main] LogicalConnectionManagedImpl - Initiating JDBC connection release from afterTransaction
[DEBUG] 2023-02-11 12:02:47.267 [main] LogicalConnectionManagedImpl - Initiating JDBC connection release from afterTransaction
[DEBUG] 2023-02-11 12:02:47.272 [main] JdbcCoordinatorImpl - HHH000420: Closing un-released batch
[DEBUG] 2023-02-11 12:02:47.272 [main] SQL - select user0_.id as id1_0_0_, user0_.first_name as first_na2_0_0_, user0_.gamertag as gamertag3_0_0_, user0_.last_name as last_nam4_0_0_ from User user0_ where user0_.id=?
[DEBUG] 2023-02-11 12:02:47.288 [main] ResourceRegistryStandardImpl - HHH000387: ResultSet's statement was not registered
[DEBUG] 2023-02-11 12:02:47.289 [main] AbstractLoadPlanBasedEntityLoader - Done entity load : questie.entity.User#3
[DEBUG] 2023-02-11 12:02:47.289 [main] LogicalConnectionManagedImpl - Initiating JDBC connection release from afterTransaction
[DEBUG] 2023-02-11 12:02:47.425 [main] CriteriaQueryImpl - Rendered criteria query -> select generatedAlias0 from User as generatedAlias0 where generatedAlias0.lastName like :param0
[DEBUG] 2023-02-11 12:02:47.436 [main] QueryTranslatorFactoryInitiator - QueryTranslatorFactory: org.hibernate.hql.internal.ast.ASTQueryTranslatorFactory@b5c902
[DEBUG] 2023-02-11 12:02:47.468 [main] QueryTranslatorImpl - parse() - HQL: select generatedAlias0 from questie.entity.User as generatedAlias0 where generatedAlias0.lastName like :param0
[DEBUG] 2023-02-11 12:02:47.474 [main] ErrorTracker - throwQueryException() : no errors
[DEBUG] 2023-02-11 12:02:47.502 [main] QueryTranslatorImpl - --- HQL AST ---
 \-[QUERY] Node: 'query'
    +-[SELECT_FROM] Node: 'SELECT_FROM'
    |  +-[FROM] Node: 'from'
    |  |  \-[RANGE] Node: 'RANGE'
    |  |     +-[DOT] Node: '.'
    |  |     |  +-[DOT] Node: '.'
    |  |     |  |  +-[IDENT] Node: 'questie'
    |  |     |  |  \-[IDENT] Node: 'entity'
    |  |     |  \-[IDENT] Node: 'User'
    |  |     \-[ALIAS] Node: 'generatedAlias0'
    |  \-[SELECT] Node: 'select'
    |     \-[IDENT] Node: 'generatedAlias0'
    \-[WHERE] Node: 'where'
       \-[LIKE] Node: 'like'
          +-[DOT] Node: '.'
          |  +-[IDENT] Node: 'generatedAlias0'
          |  \-[IDENT] Node: 'lastName'
          \-[COLON] Node: ':'
             \-[IDENT] Node: 'param0'

[DEBUG] 2023-02-11 12:02:47.519 [main] HqlSqlBaseWalker - select << begin [level=1, statement=select]
[DEBUG] 2023-02-11 12:02:47.537 [main] FromElement - FromClause{level=1} : questie.entity.User (generatedAlias0) -> user0_
[DEBUG] 2023-02-11 12:02:47.538 [main] FromReferenceNode - Resolved : generatedAlias0 -> user0_.id
[DEBUG] 2023-02-11 12:02:47.540 [main] FromReferenceNode - Resolved : generatedAlias0 -> user0_.id
[DEBUG] 2023-02-11 12:02:47.540 [main] DotNode - getDataType() : lastName -> org.hibernate.type.StringType@45c2e0a6
[DEBUG] 2023-02-11 12:02:47.541 [main] FromReferenceNode - Resolved : generatedAlias0.lastName -> user0_.last_name
[DEBUG] 2023-02-11 12:02:47.543 [main] HqlSqlBaseWalker - select : finishing up [level=1, statement=select]
[DEBUG] 2023-02-11 12:02:47.543 [main] HqlSqlWalker - processQuery() :  ( SELECT ( {select clause} user0_.id ) ( FromClause{level=1} User user0_ ) ( where ( like ( user0_.last_name user0_.id lastName ) ? ) ) )
[DEBUG] 2023-02-11 12:02:47.553 [main] JoinProcessor - Using FROM fragment [User user0_]
[DEBUG] 2023-02-11 12:02:47.554 [main] HqlSqlBaseWalker - select >> end [level=1, statement=select]
[DEBUG] 2023-02-11 12:02:47.556 [main] QueryTranslatorImpl - --- SQL AST ---
 \-[SELECT] QueryNode: 'SELECT'  querySpaces (User)
    +-[SELECT_CLAUSE] SelectClause: '{select clause}'
    |  +-[ALIAS_REF] IdentNode: 'user0_.id as id1_0_' {alias=generatedAlias0, className=questie.entity.User, tableAlias=user0_}
    |  \-[SQL_TOKEN] SqlFragment: 'user0_.first_name as first_na2_0_, user0_.gamertag as gamertag3_0_, user0_.last_name as last_nam4_0_'
    +-[FROM] FromClause: 'from' FromClause{level=1, fromElementCounter=1, fromElements=1, fromElementByClassAlias=[generatedAlias0], fromElementByTableAlias=[user0_], fromElementsByPath=[], collectionJoinFromElementsByPath=[], impliedElements=[]}
    |  \-[FROM_FRAGMENT] FromElement: 'User user0_' FromElement{explicit,not a collection join,not a fetch join,fetch non-lazy properties,classAlias=generatedAlias0,role=null,tableName=User,tableAlias=user0_,origin=null,columns={,className=questie.entity.User}}
    \-[WHERE] SqlNode: 'where'
       \-[LIKE] BinaryLogicOperatorNode: 'like'
          +-[DOT] DotNode: 'user0_.last_name' {propertyName=lastName,dereferenceType=PRIMITIVE,getPropertyPath=lastName,path=generatedAlias0.lastName,tableAlias=user0_,className=questie.entity.User,classAlias=generatedAlias0}
          |  +-[ALIAS_REF] IdentNode: 'user0_.id' {alias=generatedAlias0, className=questie.entity.User, tableAlias=user0_}
          |  \-[IDENT] IdentNode: 'lastName' {originalText=lastName}
          \-[NAMED_PARAM] ParameterNode: '?' {name=param0, expectedType=org.hibernate.type.StringType@45c2e0a6}

[DEBUG] 2023-02-11 12:02:47.556 [main] ErrorTracker - throwQueryException() : no errors
[DEBUG] 2023-02-11 12:02:47.560 [main] QueryTranslatorImpl - HQL: select generatedAlias0 from questie.entity.User as generatedAlias0 where generatedAlias0.lastName like :param0
[DEBUG] 2023-02-11 12:02:47.560 [main] QueryTranslatorImpl - SQL: select user0_.id as id1_0_, user0_.first_name as first_na2_0_, user0_.gamertag as gamertag3_0_, user0_.last_name as last_nam4_0_ from User user0_ where user0_.last_name like ?
[DEBUG] 2023-02-11 12:02:47.560 [main] ErrorTracker - throwQueryException() : no errors
[DEBUG] 2023-02-11 12:02:47.587 [main] SQL - select user0_.id as id1_0_, user0_.first_name as first_na2_0_, user0_.gamertag as gamertag3_0_, user0_.last_name as last_nam4_0_ from User user0_ where user0_.last_name like ?
[DEBUG] 2023-02-11 12:02:47.591 [main] Loader - Result set row: 0
[DEBUG] 2023-02-11 12:02:47.592 [main] Loader - Result row: EntityKey[questie.entity.User#3]
[DEBUG] 2023-02-11 12:02:47.592 [main] TwoPhaseLoad - Resolving attributes for [questie.entity.User#3]
[DEBUG] 2023-02-11 12:02:47.592 [main] TwoPhaseLoad - Processing attribute `firstName` : value = Barney
[DEBUG] 2023-02-11 12:02:47.598 [main] TwoPhaseLoad - Attribute (`firstName`)  - enhanced for lazy-loading? - false
[DEBUG] 2023-02-11 12:02:47.598 [main] TwoPhaseLoad - Processing attribute `gamertag` : value = bcurry
[DEBUG] 2023-02-11 12:02:47.599 [main] TwoPhaseLoad - Attribute (`gamertag`)  - enhanced for lazy-loading? - false
[DEBUG] 2023-02-11 12:02:47.599 [main] TwoPhaseLoad - Processing attribute `lastName` : value = Curry
[DEBUG] 2023-02-11 12:02:47.599 [main] TwoPhaseLoad - Attribute (`lastName`)  - enhanced for lazy-loading? - false
[DEBUG] 2023-02-11 12:02:47.599 [main] TwoPhaseLoad - Done materializing entity [questie.entity.User#3]
[DEBUG] 2023-02-11 12:02:47.600 [main] LogicalConnectionManagedImpl - Initiating JDBC connection release from afterTransaction
[DEBUG] 2023-02-11 12:02:47.645 [main] CriteriaQueryImpl - Rendered criteria query -> select generatedAlias0 from User as generatedAlias0 where generatedAlias0.lastName like :param0
[DEBUG] 2023-02-11 12:02:47.645 [main] SQL - select user0_.id as id1_0_, user0_.first_name as first_na2_0_, user0_.gamertag as gamertag3_0_, user0_.last_name as last_nam4_0_ from User user0_ where user0_.last_name like ?
[DEBUG] 2023-02-11 12:02:47.652 [main] Loader - Result set row: 0
[DEBUG] 2023-02-11 12:02:47.652 [main] Loader - Result row: EntityKey[questie.entity.User#1]
[DEBUG] 2023-02-11 12:02:47.652 [main] Loader - Result set row: 1
[DEBUG] 2023-02-11 12:02:47.652 [main] Loader - Result row: EntityKey[questie.entity.User#3]
[DEBUG] 2023-02-11 12:02:47.653 [main] Loader - Result set row: 2
[DEBUG] 2023-02-11 12:02:47.653 [main] Loader - Result row: EntityKey[questie.entity.User#4]
[DEBUG] 2023-02-11 12:02:47.653 [main] TwoPhaseLoad - Resolving attributes for [questie.entity.User#1]
[DEBUG] 2023-02-11 12:02:47.653 [main] TwoPhaseLoad - Processing attribute `firstName` : value = Joe
[DEBUG] 2023-02-11 12:02:47.653 [main] TwoPhaseLoad - Attribute (`firstName`)  - enhanced for lazy-loading? - false
[DEBUG] 2023-02-11 12:02:47.653 [main] TwoPhaseLoad - Processing attribute `gamertag` : value = jcoyne
[DEBUG] 2023-02-11 12:02:47.653 [main] TwoPhaseLoad - Attribute (`gamertag`)  - enhanced for lazy-loading? - false
[DEBUG] 2023-02-11 12:02:47.653 [main] TwoPhaseLoad - Processing attribute `lastName` : value = Coyne
[DEBUG] 2023-02-11 12:02:47.653 [main] TwoPhaseLoad - Attribute (`lastName`)  - enhanced for lazy-loading? - false
[DEBUG] 2023-02-11 12:02:47.653 [main] TwoPhaseLoad - Done materializing entity [questie.entity.User#1]
[DEBUG] 2023-02-11 12:02:47.654 [main] TwoPhaseLoad - Resolving attributes for [questie.entity.User#3]
[DEBUG] 2023-02-11 12:02:47.654 [main] TwoPhaseLoad - Processing attribute `firstName` : value = Barney
[DEBUG] 2023-02-11 12:02:47.654 [main] TwoPhaseLoad - Attribute (`firstName`)  - enhanced for lazy-loading? - false
[DEBUG] 2023-02-11 12:02:47.654 [main] TwoPhaseLoad - Processing attribute `gamertag` : value = bcurry
[DEBUG] 2023-02-11 12:02:47.654 [main] TwoPhaseLoad - Attribute (`gamertag`)  - enhanced for lazy-loading? - false
[DEBUG] 2023-02-11 12:02:47.654 [main] TwoPhaseLoad - Processing attribute `lastName` : value = Curry
[DEBUG] 2023-02-11 12:02:47.654 [main] TwoPhaseLoad - Attribute (`lastName`)  - enhanced for lazy-loading? - false
[DEBUG] 2023-02-11 12:02:47.654 [main] TwoPhaseLoad - Done materializing entity [questie.entity.User#3]
[DEBUG] 2023-02-11 12:02:47.654 [main] TwoPhaseLoad - Resolving attributes for [questie.entity.User#4]
[DEBUG] 2023-02-11 12:02:47.654 [main] TwoPhaseLoad - Processing attribute `firstName` : value = Karen
[DEBUG] 2023-02-11 12:02:47.654 [main] TwoPhaseLoad - Attribute (`firstName`)  - enhanced for lazy-loading? - false
[DEBUG] 2023-02-11 12:02:47.654 [main] TwoPhaseLoad - Processing attribute `gamertag` : value = kmack
[DEBUG] 2023-02-11 12:02:47.654 [main] TwoPhaseLoad - Attribute (`gamertag`)  - enhanced for lazy-loading? - false
[DEBUG] 2023-02-11 12:02:47.654 [main] TwoPhaseLoad - Processing attribute `lastName` : value = Mack
[DEBUG] 2023-02-11 12:02:47.654 [main] TwoPhaseLoad - Attribute (`lastName`)  - enhanced for lazy-loading? - false
[DEBUG] 2023-02-11 12:02:47.654 [main] TwoPhaseLoad - Done materializing entity [questie.entity.User#4]
[DEBUG] 2023-02-11 12:02:47.655 [main] LogicalConnectionManagedImpl - Initiating JDBC connection release from afterTransaction
[DEBUG] 2023-02-11 12:02:47.696 [main] SQL - select user0_.id as id1_0_0_, user0_.first_name as first_na2_0_0_, user0_.gamertag as gamertag3_0_0_, user0_.last_name as last_nam4_0_0_ from User user0_ where user0_.id=?
[DEBUG] 2023-02-11 12:02:47.698 [main] ResultSetProcessorImpl - Starting ResultSet row #0
[DEBUG] 2023-02-11 12:02:47.698 [main] EntityReferenceInitializerImpl - On call to EntityIdentifierReaderImpl#resolve, EntityKey was already known; should only happen on root returns with an optional identifier specified
[DEBUG] 2023-02-11 12:02:47.698 [main] TwoPhaseLoad - Resolving attributes for [questie.entity.User#3]
[DEBUG] 2023-02-11 12:02:47.698 [main] TwoPhaseLoad - Processing attribute `firstName` : value = Barney
[DEBUG] 2023-02-11 12:02:47.698 [main] TwoPhaseLoad - Attribute (`firstName`)  - enhanced for lazy-loading? - false
[DEBUG] 2023-02-11 12:02:47.698 [main] TwoPhaseLoad - Processing attribute `gamertag` : value = bcurry
[DEBUG] 2023-02-11 12:02:47.698 [main] TwoPhaseLoad - Attribute (`gamertag`)  - enhanced for lazy-loading? - false
[DEBUG] 2023-02-11 12:02:47.698 [main] TwoPhaseLoad - Processing attribute `lastName` : value = Curry
[DEBUG] 2023-02-11 12:02:47.698 [main] TwoPhaseLoad - Attribute (`lastName`)  - enhanced for lazy-loading? - false
[DEBUG] 2023-02-11 12:02:47.698 [main] TwoPhaseLoad - Done materializing entity [questie.entity.User#3]
[DEBUG] 2023-02-11 12:02:47.698 [main] ResourceRegistryStandardImpl - HHH000387: ResultSet's statement was not registered
[DEBUG] 2023-02-11 12:02:47.698 [main] AbstractLoadPlanBasedEntityLoader - Done entity load : questie.entity.User#3
[DEBUG] 2023-02-11 12:02:47.698 [main] LogicalConnectionManagedImpl - Initiating JDBC connection release from afterTransaction
[DEBUG] 2023-02-11 12:02:47.737 [main] CriteriaQueryImpl - Rendered criteria query -> select generatedAlias0 from User as generatedAlias0 where generatedAlias0.lastName like :param0
[DEBUG] 2023-02-11 12:02:47.740 [main] SQL - select user0_.id as id1_0_, user0_.first_name as first_na2_0_, user0_.gamertag as gamertag3_0_, user0_.last_name as last_nam4_0_ from User user0_ where user0_.last_name like ?
[DEBUG] 2023-02-11 12:02:47.742 [main] Loader - Result set row: 0
[DEBUG] 2023-02-11 12:02:47.742 [main] Loader - Result row: EntityKey[questie.entity.User#1]
[DEBUG] 2023-02-11 12:02:47.743 [main] Loader - Result set row: 1
[DEBUG] 2023-02-11 12:02:47.748 [main] Loader - Result row: EntityKey[questie.entity.User#3]
[DEBUG] 2023-02-11 12:02:47.749 [main] Loader - Result set row: 2
[DEBUG] 2023-02-11 12:02:47.749 [main] Loader - Result row: EntityKey[questie.entity.User#4]
[DEBUG] 2023-02-11 12:02:47.750 [main] TwoPhaseLoad - Resolving attributes for [questie.entity.User#1]
[DEBUG] 2023-02-11 12:02:47.750 [main] TwoPhaseLoad - Processing attribute `firstName` : value = Joe
[DEBUG] 2023-02-11 12:02:47.750 [main] TwoPhaseLoad - Attribute (`firstName`)  - enhanced for lazy-loading? - false
[DEBUG] 2023-02-11 12:02:47.750 [main] TwoPhaseLoad - Processing attribute `gamertag` : value = jcoyne
[DEBUG] 2023-02-11 12:02:47.750 [main] TwoPhaseLoad - Attribute (`gamertag`)  - enhanced for lazy-loading? - false
[DEBUG] 2023-02-11 12:02:47.750 [main] TwoPhaseLoad - Processing attribute `lastName` : value = Coyne
[DEBUG] 2023-02-11 12:02:47.750 [main] TwoPhaseLoad - Attribute (`lastName`)  - enhanced for lazy-loading? - false
[DEBUG] 2023-02-11 12:02:47.750 [main] TwoPhaseLoad - Done materializing entity [questie.entity.User#1]
[DEBUG] 2023-02-11 12:02:47.750 [main] TwoPhaseLoad - Resolving attributes for [questie.entity.User#3]
[DEBUG] 2023-02-11 12:02:47.750 [main] TwoPhaseLoad - Processing attribute `firstName` : value = Barney
[DEBUG] 2023-02-11 12:02:47.750 [main] TwoPhaseLoad - Attribute (`firstName`)  - enhanced for lazy-loading? - false
[DEBUG] 2023-02-11 12:02:47.750 [main] TwoPhaseLoad - Processing attribute `gamertag` : value = bcurry
[DEBUG] 2023-02-11 12:02:47.750 [main] TwoPhaseLoad - Attribute (`gamertag`)  - enhanced for lazy-loading? - false
[DEBUG] 2023-02-11 12:02:47.750 [main] TwoPhaseLoad - Processing attribute `lastName` : value = Curry
[DEBUG] 2023-02-11 12:02:47.750 [main] TwoPhaseLoad - Attribute (`lastName`)  - enhanced for lazy-loading? - false
[DEBUG] 2023-02-11 12:02:47.750 [main] TwoPhaseLoad - Done materializing entity [questie.entity.User#3]
[DEBUG] 2023-02-11 12:02:47.750 [main] TwoPhaseLoad - Resolving attributes for [questie.entity.User#4]
[DEBUG] 2023-02-11 12:02:47.750 [main] TwoPhaseLoad - Processing attribute `firstName` : value = Karen
[DEBUG] 2023-02-11 12:02:47.750 [main] TwoPhaseLoad - Attribute (`firstName`)  - enhanced for lazy-loading? - false
[DEBUG] 2023-02-11 12:02:47.750 [main] TwoPhaseLoad - Processing attribute `gamertag` : value = kmack
[DEBUG] 2023-02-11 12:02:47.750 [main] TwoPhaseLoad - Attribute (`gamertag`)  - enhanced for lazy-loading? - false
[DEBUG] 2023-02-11 12:02:47.750 [main] TwoPhaseLoad - Processing attribute `lastName` : value = Mack
[DEBUG] 2023-02-11 12:02:47.750 [main] TwoPhaseLoad - Attribute (`lastName`)  - enhanced for lazy-loading? - false
[DEBUG] 2023-02-11 12:02:47.750 [main] TwoPhaseLoad - Done materializing entity [questie.entity.User#4]
[DEBUG] 2023-02-11 12:02:47.751 [main] LogicalConnectionManagedImpl - Initiating JDBC connection release from afterTransaction
[DEBUG] 2023-02-11 12:02:47.828 [main] CriteriaQueryImpl - Rendered criteria query -> select generatedAlias0 from User as generatedAlias0
[DEBUG] 2023-02-11 12:02:47.829 [main] QueryTranslatorImpl - parse() - HQL: select generatedAlias0 from questie.entity.User as generatedAlias0
[DEBUG] 2023-02-11 12:02:47.830 [main] ErrorTracker - throwQueryException() : no errors
[DEBUG] 2023-02-11 12:02:47.831 [main] QueryTranslatorImpl - --- HQL AST ---
 \-[QUERY] Node: 'query'
    \-[SELECT_FROM] Node: 'SELECT_FROM'
       +-[FROM] Node: 'from'
       |  \-[RANGE] Node: 'RANGE'
       |     +-[DOT] Node: '.'
       |     |  +-[DOT] Node: '.'
       |     |  |  +-[IDENT] Node: 'questie'
       |     |  |  \-[IDENT] Node: 'entity'
       |     |  \-[IDENT] Node: 'User'
       |     \-[ALIAS] Node: 'generatedAlias0'
       \-[SELECT] Node: 'select'
          \-[IDENT] Node: 'generatedAlias0'

[DEBUG] 2023-02-11 12:02:47.831 [main] HqlSqlBaseWalker - select << begin [level=1, statement=select]
[DEBUG] 2023-02-11 12:02:47.832 [main] FromElement - FromClause{level=1} : questie.entity.User (generatedAlias0) -> user0_
[DEBUG] 2023-02-11 12:02:47.832 [main] FromReferenceNode - Resolved : generatedAlias0 -> user0_.id
[DEBUG] 2023-02-11 12:02:47.832 [main] HqlSqlBaseWalker - select : finishing up [level=1, statement=select]
[DEBUG] 2023-02-11 12:02:47.832 [main] HqlSqlWalker - processQuery() :  ( SELECT ( {select clause} user0_.id ) ( FromClause{level=1} User user0_ ) )
[DEBUG] 2023-02-11 12:02:47.832 [main] JoinProcessor - Using FROM fragment [User user0_]
[DEBUG] 2023-02-11 12:02:47.832 [main] HqlSqlBaseWalker - select >> end [level=1, statement=select]
[DEBUG] 2023-02-11 12:02:47.832 [main] QueryTranslatorImpl - --- SQL AST ---
 \-[SELECT] QueryNode: 'SELECT'  querySpaces (User)
    +-[SELECT_CLAUSE] SelectClause: '{select clause}'
    |  +-[ALIAS_REF] IdentNode: 'user0_.id as id1_0_' {alias=generatedAlias0, className=questie.entity.User, tableAlias=user0_}
    |  \-[SQL_TOKEN] SqlFragment: 'user0_.first_name as first_na2_0_, user0_.gamertag as gamertag3_0_, user0_.last_name as last_nam4_0_'
    \-[FROM] FromClause: 'from' FromClause{level=1, fromElementCounter=1, fromElements=1, fromElementByClassAlias=[generatedAlias0], fromElementByTableAlias=[user0_], fromElementsByPath=[], collectionJoinFromElementsByPath=[], impliedElements=[]}
       \-[FROM_FRAGMENT] FromElement: 'User user0_' FromElement{explicit,not a collection join,not a fetch join,fetch non-lazy properties,classAlias=generatedAlias0,role=null,tableName=User,tableAlias=user0_,origin=null,columns={,className=questie.entity.User}}

[DEBUG] 2023-02-11 12:02:47.832 [main] ErrorTracker - throwQueryException() : no errors
[DEBUG] 2023-02-11 12:02:47.833 [main] QueryTranslatorImpl - HQL: select generatedAlias0 from questie.entity.User as generatedAlias0
[DEBUG] 2023-02-11 12:02:47.833 [main] QueryTranslatorImpl - SQL: select user0_.id as id1_0_, user0_.first_name as first_na2_0_, user0_.gamertag as gamertag3_0_, user0_.last_name as last_nam4_0_ from User user0_
[DEBUG] 2023-02-11 12:02:47.833 [main] ErrorTracker - throwQueryException() : no errors
[DEBUG] 2023-02-11 12:02:47.833 [main] SQL - select user0_.id as id1_0_, user0_.first_name as first_na2_0_, user0_.gamertag as gamertag3_0_, user0_.last_name as last_nam4_0_ from User user0_
[DEBUG] 2023-02-11 12:02:47.840 [main] Loader - Result set row: 0
[DEBUG] 2023-02-11 12:02:47.840 [main] Loader - Result row: EntityKey[questie.entity.User#1]
[DEBUG] 2023-02-11 12:02:47.841 [main] Loader - Result set row: 1
[DEBUG] 2023-02-11 12:02:47.841 [main] Loader - Result row: EntityKey[questie.entity.User#2]
[DEBUG] 2023-02-11 12:02:47.854 [main] Loader - Result set row: 2
[DEBUG] 2023-02-11 12:02:47.854 [main] Loader - Result row: EntityKey[questie.entity.User#3]
[DEBUG] 2023-02-11 12:02:47.854 [main] Loader - Result set row: 3
[DEBUG] 2023-02-11 12:02:47.854 [main] Loader - Result row: EntityKey[questie.entity.User#4]
[DEBUG] 2023-02-11 12:02:47.854 [main] Loader - Result set row: 4
[DEBUG] 2023-02-11 12:02:47.854 [main] Loader - Result row: EntityKey[questie.entity.User#5]
[DEBUG] 2023-02-11 12:02:47.855 [main] Loader - Result set row: 5
[DEBUG] 2023-02-11 12:02:47.855 [main] Loader - Result row: EntityKey[questie.entity.User#6]
[DEBUG] 2023-02-11 12:02:47.856 [main] TwoPhaseLoad - Resolving attributes for [questie.entity.User#1]
[DEBUG] 2023-02-11 12:02:47.856 [main] TwoPhaseLoad - Processing attribute `firstName` : value = Joe
[DEBUG] 2023-02-11 12:02:47.856 [main] TwoPhaseLoad - Attribute (`firstName`)  - enhanced for lazy-loading? - false
[DEBUG] 2023-02-11 12:02:47.856 [main] TwoPhaseLoad - Processing attribute `gamertag` : value = jcoyne
[DEBUG] 2023-02-11 12:02:47.856 [main] TwoPhaseLoad - Attribute (`gamertag`)  - enhanced for lazy-loading? - false
[DEBUG] 2023-02-11 12:02:47.856 [main] TwoPhaseLoad - Processing attribute `lastName` : value = Coyne
[DEBUG] 2023-02-11 12:02:47.856 [main] TwoPhaseLoad - Attribute (`lastName`)  - enhanced for lazy-loading? - false
[DEBUG] 2023-02-11 12:02:47.856 [main] TwoPhaseLoad - Done materializing entity [questie.entity.User#1]
[DEBUG] 2023-02-11 12:02:47.856 [main] TwoPhaseLoad - Resolving attributes for [questie.entity.User#2]
[DEBUG] 2023-02-11 12:02:47.856 [main] TwoPhaseLoad - Processing attribute `firstName` : value = Fred
[DEBUG] 2023-02-11 12:02:47.856 [main] TwoPhaseLoad - Attribute (`firstName`)  - enhanced for lazy-loading? - false
[DEBUG] 2023-02-11 12:02:47.856 [main] TwoPhaseLoad - Processing attribute `gamertag` : value = fhensen
[DEBUG] 2023-02-11 12:02:47.856 [main] TwoPhaseLoad - Attribute (`gamertag`)  - enhanced for lazy-loading? - false
[DEBUG] 2023-02-11 12:02:47.856 [main] TwoPhaseLoad - Processing attribute `lastName` : value = Hensen
[DEBUG] 2023-02-11 12:02:47.857 [main] TwoPhaseLoad - Attribute (`lastName`)  - enhanced for lazy-loading? - false
[DEBUG] 2023-02-11 12:02:47.857 [main] TwoPhaseLoad - Done materializing entity [questie.entity.User#2]
[DEBUG] 2023-02-11 12:02:47.857 [main] TwoPhaseLoad - Resolving attributes for [questie.entity.User#3]
[DEBUG] 2023-02-11 12:02:47.857 [main] TwoPhaseLoad - Processing attribute `firstName` : value = Barney
[DEBUG] 2023-02-11 12:02:47.858 [main] TwoPhaseLoad - Attribute (`firstName`)  - enhanced for lazy-loading? - false
[DEBUG] 2023-02-11 12:02:47.858 [main] TwoPhaseLoad - Processing attribute `gamertag` : value = bcurry
[DEBUG] 2023-02-11 12:02:47.858 [main] TwoPhaseLoad - Attribute (`gamertag`)  - enhanced for lazy-loading? - false
[DEBUG] 2023-02-11 12:02:47.858 [main] TwoPhaseLoad - Processing attribute `lastName` : value = Curry
[DEBUG] 2023-02-11 12:02:47.858 [main] TwoPhaseLoad - Attribute (`lastName`)  - enhanced for lazy-loading? - false
[DEBUG] 2023-02-11 12:02:47.859 [main] TwoPhaseLoad - Done materializing entity [questie.entity.User#3]
[DEBUG] 2023-02-11 12:02:47.859 [main] TwoPhaseLoad - Resolving attributes for [questie.entity.User#4]
[DEBUG] 2023-02-11 12:02:47.859 [main] TwoPhaseLoad - Processing attribute `firstName` : value = Karen
[DEBUG] 2023-02-11 12:02:47.859 [main] TwoPhaseLoad - Attribute (`firstName`)  - enhanced for lazy-loading? - false
[DEBUG] 2023-02-11 12:02:47.859 [main] TwoPhaseLoad - Processing attribute `gamertag` : value = kmack
[DEBUG] 2023-02-11 12:02:47.859 [main] TwoPhaseLoad - Attribute (`gamertag`)  - enhanced for lazy-loading? - false
[DEBUG] 2023-02-11 12:02:47.859 [main] TwoPhaseLoad - Processing attribute `lastName` : value = Mack
[DEBUG] 2023-02-11 12:02:47.859 [main] TwoPhaseLoad - Attribute (`lastName`)  - enhanced for lazy-loading? - false
[DEBUG] 2023-02-11 12:02:47.859 [main] TwoPhaseLoad - Done materializing entity [questie.entity.User#4]
[DEBUG] 2023-02-11 12:02:47.859 [main] TwoPhaseLoad - Resolving attributes for [questie.entity.User#5]
[DEBUG] 2023-02-11 12:02:47.859 [main] TwoPhaseLoad - Processing attribute `firstName` : value = Dianne
[DEBUG] 2023-02-11 12:02:47.859 [main] TwoPhaseLoad - Attribute (`firstName`)  - enhanced for lazy-loading? - false
[DEBUG] 2023-02-11 12:02:47.859 [main] TwoPhaseLoad - Processing attribute `gamertag` : value = dklein
[DEBUG] 2023-02-11 12:02:47.859 [main] TwoPhaseLoad - Attribute (`gamertag`)  - enhanced for lazy-loading? - false
[DEBUG] 2023-02-11 12:02:47.859 [main] TwoPhaseLoad - Processing attribute `lastName` : value = Klein
[DEBUG] 2023-02-11 12:02:47.859 [main] TwoPhaseLoad - Attribute (`lastName`)  - enhanced for lazy-loading? - false
[DEBUG] 2023-02-11 12:02:47.859 [main] TwoPhaseLoad - Done materializing entity [questie.entity.User#5]
[DEBUG] 2023-02-11 12:02:47.859 [main] TwoPhaseLoad - Resolving attributes for [questie.entity.User#6]
[DEBUG] 2023-02-11 12:02:47.860 [main] TwoPhaseLoad - Processing attribute `firstName` : value = Dawn
[DEBUG] 2023-02-11 12:02:47.860 [main] TwoPhaseLoad - Attribute (`firstName`)  - enhanced for lazy-loading? - false
[DEBUG] 2023-02-11 12:02:47.860 [main] TwoPhaseLoad - Processing attribute `gamertag` : value = dtillman
[DEBUG] 2023-02-11 12:02:47.860 [main] TwoPhaseLoad - Attribute (`gamertag`)  - enhanced for lazy-loading? - false
[DEBUG] 2023-02-11 12:02:47.860 [main] TwoPhaseLoad - Processing attribute `lastName` : value = Tillman
[DEBUG] 2023-02-11 12:02:47.860 [main] TwoPhaseLoad - Attribute (`lastName`)  - enhanced for lazy-loading? - false
[DEBUG] 2023-02-11 12:02:47.860 [main] TwoPhaseLoad - Done materializing entity [questie.entity.User#6]
[DEBUG] 2023-02-11 12:02:47.860 [main] LogicalConnectionManagedImpl - Initiating JDBC connection release from afterTransaction
[DEBUG] 2023-02-11 12:02:47.892 [main] TransactionImpl - On TransactionImpl creation, JpaCompliance#isJpaTransactionComplianceEnabled == false
[DEBUG] 2023-02-11 12:02:47.893 [main] TransactionImpl - begin
[DEBUG] 2023-02-11 12:02:47.899 [main] ActionQueue - Executing identity-insert immediately
[DEBUG] 2023-02-11 12:02:47.900 [main] SQL - insert into User (first_name, gamertag, last_name) values (?, ?, ?)
[DEBUG] 2023-02-11 12:02:47.908 [main] IdentifierGeneratorHelper - Natively generated identity: 14
[DEBUG] 2023-02-11 12:02:47.908 [main] ResourceRegistryStandardImpl - HHH000387: ResultSet's statement was not registered
[DEBUG] 2023-02-11 12:02:47.909 [main] TransactionImpl - committing
[DEBUG] 2023-02-11 12:02:47.909 [main] AbstractFlushingEventListener - Processing flush-time cascades
[DEBUG] 2023-02-11 12:02:47.909 [main] AbstractFlushingEventListener - Dirty checking collections
[DEBUG] 2023-02-11 12:02:47.909 [main] AbstractFlushingEventListener - Flushed: 0 insertions, 0 updates, 0 deletions to 1 objects
[DEBUG] 2023-02-11 12:02:47.909 [main] AbstractFlushingEventListener - Flushed: 0 (re)creations, 0 updates, 0 removals to 0 collections
[DEBUG] 2023-02-11 12:02:47.909 [main] EntityPrinter - Listing entities:
[DEBUG] 2023-02-11 12:02:47.909 [main] EntityPrinter - questie.entity.User{gamertag=fflintstone, firstName=Fred, lastName=Flintstone, id=14}
[DEBUG] 2023-02-11 12:02:47.918 [main] LogicalConnectionManagedImpl - Initiating JDBC connection release from afterTransaction
[DEBUG] 2023-02-11 12:02:47.918 [main] LogicalConnectionManagedImpl - Initiating JDBC connection release from afterTransaction
[DEBUG] 2023-02-11 12:02:47.919 [main] SQL - select user0_.id as id1_0_0_, user0_.first_name as first_na2_0_0_, user0_.gamertag as gamertag3_0_0_, user0_.last_name as last_nam4_0_0_ from User user0_ where user0_.id=?
[DEBUG] 2023-02-11 12:02:47.921 [main] ResultSetProcessorImpl - Starting ResultSet row #0
[DEBUG] 2023-02-11 12:02:47.921 [main] EntityReferenceInitializerImpl - On call to EntityIdentifierReaderImpl#resolve, EntityKey was already known; should only happen on root returns with an optional identifier specified
[DEBUG] 2023-02-11 12:02:47.921 [main] TwoPhaseLoad - Resolving attributes for [questie.entity.User#14]
[DEBUG] 2023-02-11 12:02:47.921 [main] TwoPhaseLoad - Processing attribute `firstName` : value = Fred
[DEBUG] 2023-02-11 12:02:47.921 [main] TwoPhaseLoad - Attribute (`firstName`)  - enhanced for lazy-loading? - false
[DEBUG] 2023-02-11 12:02:47.921 [main] TwoPhaseLoad - Processing attribute `gamertag` : value = fflintstone
[DEBUG] 2023-02-11 12:02:47.921 [main] TwoPhaseLoad - Attribute (`gamertag`)  - enhanced for lazy-loading? - false
[DEBUG] 2023-02-11 12:02:47.921 [main] TwoPhaseLoad - Processing attribute `lastName` : value = Flintstone
[DEBUG] 2023-02-11 12:02:47.921 [main] TwoPhaseLoad - Attribute (`lastName`)  - enhanced for lazy-loading? - false
[DEBUG] 2023-02-11 12:02:47.922 [main] TwoPhaseLoad - Done materializing entity [questie.entity.User#14]
[DEBUG] 2023-02-11 12:02:47.924 [main] ResourceRegistryStandardImpl - HHH000387: ResultSet's statement was not registered
[DEBUG] 2023-02-11 12:02:47.924 [main] AbstractLoadPlanBasedEntityLoader - Done entity load : questie.entity.User#14
[DEBUG] 2023-02-11 12:02:47.924 [main] LogicalConnectionManagedImpl - Initiating JDBC connection release from afterTransaction
