[DEBUG] 2023-02-11 12:03:37.288 [http-nio-8080-exec-3] IntegratorServiceImpl - Adding Integrator [org.hibernate.cfg.beanvalidation.BeanValidationIntegrator].
[DEBUG] 2023-02-11 12:03:37.297 [http-nio-8080-exec-3] IntegratorServiceImpl - Adding Integrator [org.hibernate.secure.spi.JaccIntegrator].
[DEBUG] 2023-02-11 12:03:37.309 [http-nio-8080-exec-3] IntegratorServiceImpl - Adding Integrator [org.hibernate.cache.internal.CollectionCacheInvalidator].
[INFO ] 2023-02-11 12:03:37.532 [http-nio-8080-exec-3] Version - HHH000412: Hibernate Core {5.4.4.Final}
[DEBUG] 2023-02-11 12:03:37.543 [http-nio-8080-exec-3] Environment - HHH000206: hibernate.properties not found
[DEBUG] 2023-02-11 12:03:37.743 [http-nio-8080-exec-3] JaxbCfgProcessor - cfg.xml document did not define namespaces; wrapping in custom event reader to introduce namespace information
[DEBUG] 2023-02-11 12:03:38.361 [http-nio-8080-exec-3] ServiceBinding - Overriding existing service binding [org.hibernate.secure.spi.JaccService]
[DEBUG] 2023-02-11 12:03:38.455 [http-nio-8080-exec-3] RegionFactoryInitiator - Cannot default RegionFactory based on registered strategies as `[]` RegionFactory strategies were registered
[DEBUG] 2023-02-11 12:03:38.457 [http-nio-8080-exec-3] RegionFactoryInitiator - Cache region factory : org.hibernate.cache.internal.NoCachingRegionFactory
[INFO ] 2023-02-11 12:03:38.507 [http-nio-8080-exec-3] Version - HCANN000001: Hibernate Commons Annotations {5.1.0.Final}
[DEBUG] 2023-02-11 12:03:38.584 [http-nio-8080-exec-3] BasicTypeRegistry - Adding type registration boolean -> org.hibernate.type.BooleanType@38fd8279
[DEBUG] 2023-02-11 12:03:38.584 [http-nio-8080-exec-3] BasicTypeRegistry - Adding type registration boolean -> org.hibernate.type.BooleanType@38fd8279
[DEBUG] 2023-02-11 12:03:38.584 [http-nio-8080-exec-3] BasicTypeRegistry - Adding type registration java.lang.Boolean -> org.hibernate.type.BooleanType@38fd8279
[DEBUG] 2023-02-11 12:03:38.585 [http-nio-8080-exec-3] BasicTypeRegistry - Adding type registration numeric_boolean -> org.hibernate.type.NumericBooleanType@b047b05
[DEBUG] 2023-02-11 12:03:38.586 [http-nio-8080-exec-3] BasicTypeRegistry - Adding type registration true_false -> org.hibernate.type.TrueFalseType@79327339
[DEBUG] 2023-02-11 12:03:38.586 [http-nio-8080-exec-3] BasicTypeRegistry - Adding type registration yes_no -> org.hibernate.type.YesNoType@67bd7964
[DEBUG] 2023-02-11 12:03:38.587 [http-nio-8080-exec-3] BasicTypeRegistry - Adding type registration byte -> org.hibernate.type.ByteType@35add0ec
[DEBUG] 2023-02-11 12:03:38.587 [http-nio-8080-exec-3] BasicTypeRegistry - Adding type registration byte -> org.hibernate.type.ByteType@35add0ec
[DEBUG] 2023-02-11 12:03:38.587 [http-nio-8080-exec-3] BasicTypeRegistry - Adding type registration java.lang.Byte -> org.hibernate.type.ByteType@35add0ec
[DEBUG] 2023-02-11 12:03:38.588 [http-nio-8080-exec-3] BasicTypeRegistry - Adding type registration character -> org.hibernate.type.CharacterType@1103f38d
[DEBUG] 2023-02-11 12:03:38.588 [http-nio-8080-exec-3] BasicTypeRegistry - Adding type registration char -> org.hibernate.type.CharacterType@1103f38d
[DEBUG] 2023-02-11 12:03:38.588 [http-nio-8080-exec-3] BasicTypeRegistry - Adding type registration java.lang.Character -> org.hibernate.type.CharacterType@1103f38d
[DEBUG] 2023-02-11 12:03:38.589 [http-nio-8080-exec-3] BasicTypeRegistry - Adding type registration short -> org.hibernate.type.ShortType@291dccf
[DEBUG] 2023-02-11 12:03:38.590 [http-nio-8080-exec-3] BasicTypeRegistry - Adding type registration short -> org.hibernate.type.ShortType@291dccf
[DEBUG] 2023-02-11 12:03:38.590 [http-nio-8080-exec-3] BasicTypeRegistry - Adding type registration java.lang.Short -> org.hibernate.type.ShortType@291dccf
[DEBUG] 2023-02-11 12:03:38.591 [http-nio-8080-exec-3] BasicTypeRegistry - Adding type registration integer -> org.hibernate.type.IntegerType@4e2d8007
[DEBUG] 2023-02-11 12:03:38.591 [http-nio-8080-exec-3] BasicTypeRegistry - Adding type registration int -> org.hibernate.type.IntegerType@4e2d8007
[DEBUG] 2023-02-11 12:03:38.591 [http-nio-8080-exec-3] BasicTypeRegistry - Adding type registration java.lang.Integer -> org.hibernate.type.IntegerType@4e2d8007
[DEBUG] 2023-02-11 12:03:38.594 [http-nio-8080-exec-3] BasicTypeRegistry - Adding type registration long -> org.hibernate.type.LongType@6e1b0673
[DEBUG] 2023-02-11 12:03:38.594 [http-nio-8080-exec-3] BasicTypeRegistry - Adding type registration long -> org.hibernate.type.LongType@6e1b0673
[DEBUG] 2023-02-11 12:03:38.594 [http-nio-8080-exec-3] BasicTypeRegistry - Adding type registration java.lang.Long -> org.hibernate.type.LongType@6e1b0673
[DEBUG] 2023-02-11 12:03:38.596 [http-nio-8080-exec-3] BasicTypeRegistry - Adding type registration float -> org.hibernate.type.FloatType@51aef89f
[DEBUG] 2023-02-11 12:03:38.596 [http-nio-8080-exec-3] BasicTypeRegistry - Adding type registration float -> org.hibernate.type.FloatType@51aef89f
[DEBUG] 2023-02-11 12:03:38.596 [http-nio-8080-exec-3] BasicTypeRegistry - Adding type registration java.lang.Float -> org.hibernate.type.FloatType@51aef89f
[DEBUG] 2023-02-11 12:03:38.597 [http-nio-8080-exec-3] BasicTypeRegistry - Adding type registration double -> org.hibernate.type.DoubleType@30c63a0c
[DEBUG] 2023-02-11 12:03:38.597 [http-nio-8080-exec-3] BasicTypeRegistry - Adding type registration double -> org.hibernate.type.DoubleType@30c63a0c
[DEBUG] 2023-02-11 12:03:38.597 [http-nio-8080-exec-3] BasicTypeRegistry - Adding type registration java.lang.Double -> org.hibernate.type.DoubleType@30c63a0c
[DEBUG] 2023-02-11 12:03:38.600 [http-nio-8080-exec-3] BasicTypeRegistry - Adding type registration big_decimal -> org.hibernate.type.BigDecimalType@58d4bee3
[DEBUG] 2023-02-11 12:03:38.600 [http-nio-8080-exec-3] BasicTypeRegistry - Adding type registration java.math.BigDecimal -> org.hibernate.type.BigDecimalType@58d4bee3
[DEBUG] 2023-02-11 12:03:38.601 [http-nio-8080-exec-3] BasicTypeRegistry - Adding type registration big_integer -> org.hibernate.type.BigIntegerType@7f881ad0
[DEBUG] 2023-02-11 12:03:38.601 [http-nio-8080-exec-3] BasicTypeRegistry - Adding type registration java.math.BigInteger -> org.hibernate.type.BigIntegerType@7f881ad0
[DEBUG] 2023-02-11 12:03:38.601 [http-nio-8080-exec-3] BasicTypeRegistry - Adding type registration string -> org.hibernate.type.StringType@765ca7e8
[DEBUG] 2023-02-11 12:03:38.601 [http-nio-8080-exec-3] BasicTypeRegistry - Adding type registration java.lang.String -> org.hibernate.type.StringType@765ca7e8
[DEBUG] 2023-02-11 12:03:38.602 [http-nio-8080-exec-3] BasicTypeRegistry - Adding type registration nstring -> org.hibernate.type.StringNVarcharType@78437b03
[DEBUG] 2023-02-11 12:03:38.602 [http-nio-8080-exec-3] BasicTypeRegistry - Adding type registration ncharacter -> org.hibernate.type.CharacterNCharType@11a5b897
[DEBUG] 2023-02-11 12:03:38.603 [http-nio-8080-exec-3] BasicTypeRegistry - Adding type registration url -> org.hibernate.type.UrlType@5eab1a45
[DEBUG] 2023-02-11 12:03:38.603 [http-nio-8080-exec-3] BasicTypeRegistry - Adding type registration java.net.URL -> org.hibernate.type.UrlType@5eab1a45
[DEBUG] 2023-02-11 12:03:38.604 [http-nio-8080-exec-3] BasicTypeRegistry - Adding type registration Duration -> org.hibernate.type.DurationType@234816dd
[DEBUG] 2023-02-11 12:03:38.604 [http-nio-8080-exec-3] BasicTypeRegistry - Adding type registration java.time.Duration -> org.hibernate.type.DurationType@234816dd
[DEBUG] 2023-02-11 12:03:38.609 [http-nio-8080-exec-3] BasicTypeRegistry - Adding type registration Instant -> org.hibernate.type.InstantType@1c16ba39
[DEBUG] 2023-02-11 12:03:38.609 [http-nio-8080-exec-3] BasicTypeRegistry - Adding type registration java.time.Instant -> org.hibernate.type.InstantType@1c16ba39
[DEBUG] 2023-02-11 12:03:38.611 [http-nio-8080-exec-3] BasicTypeRegistry - Adding type registration LocalDateTime -> org.hibernate.type.LocalDateTimeType@1c55b941
[DEBUG] 2023-02-11 12:03:38.611 [http-nio-8080-exec-3] BasicTypeRegistry - Adding type registration java.time.LocalDateTime -> org.hibernate.type.LocalDateTimeType@1c55b941
[DEBUG] 2023-02-11 12:03:38.612 [http-nio-8080-exec-3] BasicTypeRegistry - Adding type registration LocalDate -> org.hibernate.type.LocalDateType@dfcdea5
[DEBUG] 2023-02-11 12:03:38.612 [http-nio-8080-exec-3] BasicTypeRegistry - Adding type registration java.time.LocalDate -> org.hibernate.type.LocalDateType@dfcdea5
[DEBUG] 2023-02-11 12:03:38.613 [http-nio-8080-exec-3] BasicTypeRegistry - Adding type registration LocalTime -> org.hibernate.type.LocalTimeType@1c856fb0
[DEBUG] 2023-02-11 12:03:38.613 [http-nio-8080-exec-3] BasicTypeRegistry - Adding type registration java.time.LocalTime -> org.hibernate.type.LocalTimeType@1c856fb0
[DEBUG] 2023-02-11 12:03:38.620 [http-nio-8080-exec-3] BasicTypeRegistry - Adding type registration OffsetDateTime -> org.hibernate.type.OffsetDateTimeType@74f700e
[DEBUG] 2023-02-11 12:03:38.620 [http-nio-8080-exec-3] BasicTypeRegistry - Adding type registration java.time.OffsetDateTime -> org.hibernate.type.OffsetDateTimeType@74f700e
[DEBUG] 2023-02-11 12:03:38.621 [http-nio-8080-exec-3] BasicTypeRegistry - Adding type registration OffsetTime -> org.hibernate.type.OffsetTimeType@684e1e00
[DEBUG] 2023-02-11 12:03:38.622 [http-nio-8080-exec-3] BasicTypeRegistry - Adding type registration java.time.OffsetTime -> org.hibernate.type.OffsetTimeType@684e1e00
[DEBUG] 2023-02-11 12:03:38.623 [http-nio-8080-exec-3] BasicTypeRegistry - Adding type registration ZonedDateTime -> org.hibernate.type.ZonedDateTimeType@48c2d131
[DEBUG] 2023-02-11 12:03:38.623 [http-nio-8080-exec-3] BasicTypeRegistry - Adding type registration java.time.ZonedDateTime -> org.hibernate.type.ZonedDateTimeType@48c2d131
[DEBUG] 2023-02-11 12:03:38.624 [http-nio-8080-exec-3] BasicTypeRegistry - Adding type registration date -> org.hibernate.type.DateType@d78413d
[DEBUG] 2023-02-11 12:03:38.625 [http-nio-8080-exec-3] BasicTypeRegistry - Adding type registration java.sql.Date -> org.hibernate.type.DateType@d78413d
[DEBUG] 2023-02-11 12:03:38.626 [http-nio-8080-exec-3] BasicTypeRegistry - Adding type registration time -> org.hibernate.type.TimeType@54e76b89
[DEBUG] 2023-02-11 12:03:38.626 [http-nio-8080-exec-3] BasicTypeRegistry - Adding type registration java.sql.Time -> org.hibernate.type.TimeType@54e76b89
[DEBUG] 2023-02-11 12:03:38.628 [http-nio-8080-exec-3] BasicTypeRegistry - Adding type registration timestamp -> org.hibernate.type.TimestampType@63ebd7a5
[DEBUG] 2023-02-11 12:03:38.630 [http-nio-8080-exec-3] BasicTypeRegistry - Adding type registration java.sql.Timestamp -> org.hibernate.type.TimestampType@63ebd7a5
[DEBUG] 2023-02-11 12:03:38.631 [http-nio-8080-exec-3] BasicTypeRegistry - Adding type registration java.util.Date -> org.hibernate.type.TimestampType@63ebd7a5
[DEBUG] 2023-02-11 12:03:38.634 [http-nio-8080-exec-3] BasicTypeRegistry - Adding type registration dbtimestamp -> org.hibernate.type.DbTimestampType@710fe9ad
[DEBUG] 2023-02-11 12:03:38.635 [http-nio-8080-exec-3] BasicTypeRegistry - Adding type registration calendar -> org.hibernate.type.CalendarType@19154804
[DEBUG] 2023-02-11 12:03:38.635 [http-nio-8080-exec-3] BasicTypeRegistry - Adding type registration java.util.Calendar -> org.hibernate.type.CalendarType@19154804
[DEBUG] 2023-02-11 12:03:38.635 [http-nio-8080-exec-3] BasicTypeRegistry - Adding type registration java.util.GregorianCalendar -> org.hibernate.type.CalendarType@19154804
[DEBUG] 2023-02-11 12:03:38.635 [http-nio-8080-exec-3] BasicTypeRegistry - Adding type registration calendar_date -> org.hibernate.type.CalendarDateType@15ad37dd
[DEBUG] 2023-02-11 12:03:38.636 [http-nio-8080-exec-3] BasicTypeRegistry - Adding type registration locale -> org.hibernate.type.LocaleType@75577d3f
[DEBUG] 2023-02-11 12:03:38.637 [http-nio-8080-exec-3] BasicTypeRegistry - Adding type registration java.util.Locale -> org.hibernate.type.LocaleType@75577d3f
[DEBUG] 2023-02-11 12:03:38.638 [http-nio-8080-exec-3] BasicTypeRegistry - Adding type registration currency -> org.hibernate.type.CurrencyType@6def8a53
[DEBUG] 2023-02-11 12:03:38.642 [http-nio-8080-exec-3] BasicTypeRegistry - Adding type registration java.util.Currency -> org.hibernate.type.CurrencyType@6def8a53
[DEBUG] 2023-02-11 12:03:38.643 [http-nio-8080-exec-3] BasicTypeRegistry - Adding type registration timezone -> org.hibernate.type.TimeZoneType@7ee1ba3e
[DEBUG] 2023-02-11 12:03:38.643 [http-nio-8080-exec-3] BasicTypeRegistry - Adding type registration java.util.TimeZone -> org.hibernate.type.TimeZoneType@7ee1ba3e
[DEBUG] 2023-02-11 12:03:38.644 [http-nio-8080-exec-3] BasicTypeRegistry - Adding type registration class -> org.hibernate.type.ClassType@f756535
[DEBUG] 2023-02-11 12:03:38.644 [http-nio-8080-exec-3] BasicTypeRegistry - Adding type registration java.lang.Class -> org.hibernate.type.ClassType@f756535
[DEBUG] 2023-02-11 12:03:38.645 [http-nio-8080-exec-3] BasicTypeRegistry - Adding type registration uuid-binary -> org.hibernate.type.UUIDBinaryType@75bc01c1
[DEBUG] 2023-02-11 12:03:38.645 [http-nio-8080-exec-3] BasicTypeRegistry - Adding type registration java.util.UUID -> org.hibernate.type.UUIDBinaryType@75bc01c1
[DEBUG] 2023-02-11 12:03:38.645 [http-nio-8080-exec-3] BasicTypeRegistry - Adding type registration uuid-char -> org.hibernate.type.UUIDCharType@40a5546c
[DEBUG] 2023-02-11 12:03:38.646 [http-nio-8080-exec-3] BasicTypeRegistry - Adding type registration binary -> org.hibernate.type.BinaryType@3ae83d5d
[DEBUG] 2023-02-11 12:03:38.646 [http-nio-8080-exec-3] BasicTypeRegistry - Adding type registration byte[] -> org.hibernate.type.BinaryType@3ae83d5d
[DEBUG] 2023-02-11 12:03:38.646 [http-nio-8080-exec-3] BasicTypeRegistry - Adding type registration [B -> org.hibernate.type.BinaryType@3ae83d5d
[DEBUG] 2023-02-11 12:03:38.647 [http-nio-8080-exec-3] BasicTypeRegistry - Adding type registration wrapper-binary -> org.hibernate.type.WrapperBinaryType@8b9917d
[DEBUG] 2023-02-11 12:03:38.647 [http-nio-8080-exec-3] BasicTypeRegistry - Adding type registration Byte[] -> org.hibernate.type.WrapperBinaryType@8b9917d
[DEBUG] 2023-02-11 12:03:38.647 [http-nio-8080-exec-3] BasicTypeRegistry - Adding type registration [Ljava.lang.Byte; -> org.hibernate.type.WrapperBinaryType@8b9917d
[DEBUG] 2023-02-11 12:03:38.648 [http-nio-8080-exec-3] BasicTypeRegistry - Adding type registration row_version -> org.hibernate.type.RowVersionType@7f585703
[DEBUG] 2023-02-11 12:03:38.648 [http-nio-8080-exec-3] BasicTypeRegistry - Adding type registration image -> org.hibernate.type.ImageType@6a173c82
[DEBUG] 2023-02-11 12:03:38.649 [http-nio-8080-exec-3] BasicTypeRegistry - Adding type registration characters -> org.hibernate.type.CharArrayType@25b1332
[DEBUG] 2023-02-11 12:03:38.649 [http-nio-8080-exec-3] BasicTypeRegistry - Adding type registration char[] -> org.hibernate.type.CharArrayType@25b1332
[DEBUG] 2023-02-11 12:03:38.650 [http-nio-8080-exec-3] BasicTypeRegistry - Adding type registration [C -> org.hibernate.type.CharArrayType@25b1332
[DEBUG] 2023-02-11 12:03:38.651 [http-nio-8080-exec-3] BasicTypeRegistry - Adding type registration wrapper-characters -> org.hibernate.type.CharacterArrayType@1d352f5b
[DEBUG] 2023-02-11 12:03:38.651 [http-nio-8080-exec-3] BasicTypeRegistry - Adding type registration [Ljava.lang.Character; -> org.hibernate.type.CharacterArrayType@1d352f5b
[DEBUG] 2023-02-11 12:03:38.653 [http-nio-8080-exec-3] BasicTypeRegistry - Adding type registration Character[] -> org.hibernate.type.CharacterArrayType@1d352f5b
[DEBUG] 2023-02-11 12:03:38.654 [http-nio-8080-exec-3] BasicTypeRegistry - Adding type registration text -> org.hibernate.type.TextType@395cafa4
[DEBUG] 2023-02-11 12:03:38.654 [http-nio-8080-exec-3] BasicTypeRegistry - Adding type registration ntext -> org.hibernate.type.NTextType@3d189a6a
[DEBUG] 2023-02-11 12:03:38.656 [http-nio-8080-exec-3] BasicTypeRegistry - Adding type registration blob -> org.hibernate.type.BlobType@55766760
[DEBUG] 2023-02-11 12:03:38.656 [http-nio-8080-exec-3] BasicTypeRegistry - Adding type registration java.sql.Blob -> org.hibernate.type.BlobType@55766760
[DEBUG] 2023-02-11 12:03:38.657 [http-nio-8080-exec-3] BasicTypeRegistry - Adding type registration materialized_blob -> org.hibernate.type.MaterializedBlobType@647e43c0
[DEBUG] 2023-02-11 12:03:38.658 [http-nio-8080-exec-3] BasicTypeRegistry - Adding type registration clob -> org.hibernate.type.ClobType@72b4fceb
[DEBUG] 2023-02-11 12:03:38.658 [http-nio-8080-exec-3] BasicTypeRegistry - Adding type registration java.sql.Clob -> org.hibernate.type.ClobType@72b4fceb
[DEBUG] 2023-02-11 12:03:38.660 [http-nio-8080-exec-3] BasicTypeRegistry - Adding type registration nclob -> org.hibernate.type.NClobType@7873aaeb
[DEBUG] 2023-02-11 12:03:38.660 [http-nio-8080-exec-3] BasicTypeRegistry - Adding type registration java.sql.NClob -> org.hibernate.type.NClobType@7873aaeb
[DEBUG] 2023-02-11 12:03:38.661 [http-nio-8080-exec-3] BasicTypeRegistry - Adding type registration materialized_clob -> org.hibernate.type.MaterializedClobType@5204a72c
[DEBUG] 2023-02-11 12:03:38.661 [http-nio-8080-exec-3] BasicTypeRegistry - Adding type registration materialized_nclob -> org.hibernate.type.MaterializedNClobType@70460ddd
[DEBUG] 2023-02-11 12:03:38.662 [http-nio-8080-exec-3] BasicTypeRegistry - Adding type registration serializable -> org.hibernate.type.SerializableType@4ea02cad
[DEBUG] 2023-02-11 12:03:38.665 [http-nio-8080-exec-3] BasicTypeRegistry - Adding type registration object -> org.hibernate.type.ObjectType@465063a2
[DEBUG] 2023-02-11 12:03:38.665 [http-nio-8080-exec-3] BasicTypeRegistry - Adding type registration java.lang.Object -> org.hibernate.type.ObjectType@465063a2
[DEBUG] 2023-02-11 12:03:38.666 [http-nio-8080-exec-3] BasicTypeRegistry - Adding type registration imm_date -> org.hibernate.type.AdaptedImmutableType@64383ab5
[DEBUG] 2023-02-11 12:03:38.666 [http-nio-8080-exec-3] BasicTypeRegistry - Adding type registration imm_time -> org.hibernate.type.AdaptedImmutableType@49552ca6
[DEBUG] 2023-02-11 12:03:38.666 [http-nio-8080-exec-3] BasicTypeRegistry - Adding type registration imm_timestamp -> org.hibernate.type.AdaptedImmutableType@42f1ecf2
[DEBUG] 2023-02-11 12:03:38.666 [http-nio-8080-exec-3] BasicTypeRegistry - Adding type registration imm_dbtimestamp -> org.hibernate.type.AdaptedImmutableType@63e2c66e
[DEBUG] 2023-02-11 12:03:38.666 [http-nio-8080-exec-3] BasicTypeRegistry - Adding type registration imm_calendar -> org.hibernate.type.AdaptedImmutableType@462aa535
[DEBUG] 2023-02-11 12:03:38.669 [http-nio-8080-exec-3] BasicTypeRegistry - Adding type registration imm_calendar_date -> org.hibernate.type.AdaptedImmutableType@267a914a
[DEBUG] 2023-02-11 12:03:38.669 [http-nio-8080-exec-3] BasicTypeRegistry - Adding type registration imm_binary -> org.hibernate.type.AdaptedImmutableType@6b216f0b
[DEBUG] 2023-02-11 12:03:38.669 [http-nio-8080-exec-3] BasicTypeRegistry - Adding type registration imm_serializable -> org.hibernate.type.AdaptedImmutableType@1e0505b7
[DEBUG] 2023-02-11 12:03:38.723 [http-nio-8080-exec-3] DefaultIdentifierGeneratorFactory - Registering IdentifierGenerator strategy [uuid2] -> [org.hibernate.id.UUIDGenerator]
[DEBUG] 2023-02-11 12:03:38.723 [http-nio-8080-exec-3] DefaultIdentifierGeneratorFactory - Registering IdentifierGenerator strategy [guid] -> [org.hibernate.id.GUIDGenerator]
[DEBUG] 2023-02-11 12:03:38.724 [http-nio-8080-exec-3] DefaultIdentifierGeneratorFactory - Registering IdentifierGenerator strategy [uuid] -> [org.hibernate.id.UUIDHexGenerator]
[DEBUG] 2023-02-11 12:03:38.724 [http-nio-8080-exec-3] DefaultIdentifierGeneratorFactory - Registering IdentifierGenerator strategy [uuid.hex] -> [org.hibernate.id.UUIDHexGenerator]
[DEBUG] 2023-02-11 12:03:38.725 [http-nio-8080-exec-3] DefaultIdentifierGeneratorFactory - Registering IdentifierGenerator strategy [assigned] -> [org.hibernate.id.Assigned]
[DEBUG] 2023-02-11 12:03:38.729 [http-nio-8080-exec-3] DefaultIdentifierGeneratorFactory - Registering IdentifierGenerator strategy [identity] -> [org.hibernate.id.IdentityGenerator]
[DEBUG] 2023-02-11 12:03:38.733 [http-nio-8080-exec-3] DefaultIdentifierGeneratorFactory - Registering IdentifierGenerator strategy [select] -> [org.hibernate.id.SelectGenerator]
[DEBUG] 2023-02-11 12:03:38.736 [http-nio-8080-exec-3] DefaultIdentifierGeneratorFactory - Registering IdentifierGenerator strategy [sequence] -> [org.hibernate.id.enhanced.SequenceStyleGenerator]
[DEBUG] 2023-02-11 12:03:38.737 [http-nio-8080-exec-3] DefaultIdentifierGeneratorFactory - Registering IdentifierGenerator strategy [seqhilo] -> [org.hibernate.id.SequenceHiLoGenerator]
[DEBUG] 2023-02-11 12:03:38.737 [http-nio-8080-exec-3] DefaultIdentifierGeneratorFactory - Registering IdentifierGenerator strategy [increment] -> [org.hibernate.id.IncrementGenerator]
[DEBUG] 2023-02-11 12:03:38.738 [http-nio-8080-exec-3] DefaultIdentifierGeneratorFactory - Registering IdentifierGenerator strategy [foreign] -> [org.hibernate.id.ForeignGenerator]
[DEBUG] 2023-02-11 12:03:38.738 [http-nio-8080-exec-3] DefaultIdentifierGeneratorFactory - Registering IdentifierGenerator strategy [sequence-identity] -> [org.hibernate.id.SequenceIdentityGenerator]
[DEBUG] 2023-02-11 12:03:38.738 [http-nio-8080-exec-3] DefaultIdentifierGeneratorFactory - Registering IdentifierGenerator strategy [enhanced-sequence] -> [org.hibernate.id.enhanced.SequenceStyleGenerator]
[DEBUG] 2023-02-11 12:03:38.740 [http-nio-8080-exec-3] DefaultIdentifierGeneratorFactory - Registering IdentifierGenerator strategy [enhanced-table] -> [org.hibernate.id.enhanced.TableGenerator]
[INFO ] 2023-02-11 12:03:38.757 [http-nio-8080-exec-3] C3P0ConnectionProvider - HHH010002: C3P0 using driver: com.mysql.cj.jdbc.Driver at URL: jdbc:mysql://localhost:3306/sample
[INFO ] 2023-02-11 12:03:38.757 [http-nio-8080-exec-3] C3P0ConnectionProvider - HHH10001001: Connection properties: {password=****, user=root}
[INFO ] 2023-02-11 12:03:38.759 [http-nio-8080-exec-3] C3P0ConnectionProvider - HHH10001003: Autocommit mode: false
[INFO ] 2023-02-11 12:03:39.141 [http-nio-8080-exec-3] C3P0ConnectionProvider - HHH10001007: JDBC isolation level: <unknown>
[DEBUG] 2023-02-11 12:03:40.263 [http-nio-8080-exec-3] JdbcEnvironmentInitiator - Database ->
       name : MySQL
    version : 8.0.22
      major : 8
      minor : 0
[DEBUG] 2023-02-11 12:03:40.280 [http-nio-8080-exec-3] JdbcEnvironmentInitiator - Driver ->
       name : MySQL Connector/J
    version : mysql-connector-java-8.0.16 (Revision: 34cbc6bc61f72836e26327537a432d6db7c77de6)
      major : 8
      minor : 0
[DEBUG] 2023-02-11 12:03:40.281 [http-nio-8080-exec-3] JdbcEnvironmentInitiator - JDBC version : 4.2
[INFO ] 2023-02-11 12:03:40.357 [http-nio-8080-exec-3] Dialect - HHH000400: Using dialect: org.hibernate.dialect.MySQL8Dialect
[DEBUG] 2023-02-11 12:03:40.403 [http-nio-8080-exec-3] IdentifierHelperBuilder - JDBC driver metadata reported database stores quoted identifiers in more than one case
[DEBUG] 2023-02-11 12:03:40.482 [http-nio-8080-exec-3] IdentifierHelperBuilder - IdentifierCaseStrategy for both quoted and unquoted identifiers was set to the same strategy [MIXED]; that will likely lead to problems in schema update and validation if using quoted identifiers
[DEBUG] 2023-02-11 12:03:40.573 [http-nio-8080-exec-3] Namespace - Created database namespace [logicalName=Name{catalog=null, schema=null}, physicalName=Name{catalog=null, schema=null}]
[DEBUG] 2023-02-11 12:03:40.587 [http-nio-8080-exec-3] TypeConfiguration$Scope - Scoping TypeConfiguration [org.hibernate.type.spi.TypeConfiguration@32162d53] to MetadataBuildingContext [org.hibernate.boot.internal.MetadataBuildingContextRootImpl@44fe270]
[DEBUG] 2023-02-11 12:03:40.737 [http-nio-8080-exec-3] AnnotationMetadataSourceProcessorImpl - Encountered a non-categorized annotated class [questie.entity.Quest]; ignoring
[DEBUG] 2023-02-11 12:03:40.804 [http-nio-8080-exec-3] AnnotationBinder - Binding entity from annotated class: questie.entity.User
[DEBUG] 2023-02-11 12:03:40.863 [http-nio-8080-exec-3] Ejb3Column - Binding column: Ejb3DiscriminatorColumn{logicalColumnName'DTYPE', discriminatorTypeName='string'}
[DEBUG] 2023-02-11 12:03:40.887 [http-nio-8080-exec-3] EntityBinder - Import with entity name User
[DEBUG] 2023-02-11 12:03:40.890 [http-nio-8080-exec-3] EntityBinder - Bind entity questie.entity.User on table User
[DEBUG] 2023-02-11 12:03:40.948 [http-nio-8080-exec-3] Ejb3Column - Binding column: Ejb3Column{table=org.hibernate.mapping.Table(User), mappingColumn=id, insertable=true, updatable=true, unique=false}
[DEBUG] 2023-02-11 12:03:40.965 [http-nio-8080-exec-3] PropertyBinder - MetadataSourceProcessor property id with lazy=false
[DEBUG] 2023-02-11 12:03:40.967 [http-nio-8080-exec-3] AbstractPropertyHolder - Attempting to locate auto-apply AttributeConverter for property [questie.entity.User:id]
[DEBUG] 2023-02-11 12:03:40.981 [http-nio-8080-exec-3] SimpleValueBinder - building SimpleValue for id
[DEBUG] 2023-02-11 12:03:40.992 [http-nio-8080-exec-3] PropertyBinder - Building property id
[DEBUG] 2023-02-11 12:03:41.002 [http-nio-8080-exec-3] BinderHelper - #makeIdGenerator(org.hibernate.mapping.SimpleValue([org.hibernate.mapping.Column(id)]), id, org.hibernate.id.enhanced.SequenceStyleGenerator, native, ...)
[DEBUG] 2023-02-11 12:03:41.004 [http-nio-8080-exec-3] Ejb3Column - Binding column: Ejb3Column{table=org.hibernate.mapping.Table(User), mappingColumn=first_name, insertable=true, updatable=true, unique=false}
[DEBUG] 2023-02-11 12:03:41.004 [http-nio-8080-exec-3] PropertyBinder - MetadataSourceProcessor property firstName with lazy=false
[DEBUG] 2023-02-11 12:03:41.012 [http-nio-8080-exec-3] AbstractPropertyHolder - Attempting to locate auto-apply AttributeConverter for property [questie.entity.User:firstName]
[DEBUG] 2023-02-11 12:03:41.014 [http-nio-8080-exec-3] SimpleValueBinder - building SimpleValue for firstName
[DEBUG] 2023-02-11 12:03:41.015 [http-nio-8080-exec-3] PropertyBinder - Building property firstName
[DEBUG] 2023-02-11 12:03:41.015 [http-nio-8080-exec-3] Ejb3Column - Binding column: Ejb3Column{table=org.hibernate.mapping.Table(User), mappingColumn=gamertag, insertable=true, updatable=true, unique=false}
[DEBUG] 2023-02-11 12:03:41.024 [http-nio-8080-exec-3] PropertyBinder - MetadataSourceProcessor property gamertag with lazy=false
[DEBUG] 2023-02-11 12:03:41.025 [http-nio-8080-exec-3] AbstractPropertyHolder - Attempting to locate auto-apply AttributeConverter for property [questie.entity.User:gamertag]
[DEBUG] 2023-02-11 12:03:41.025 [http-nio-8080-exec-3] SimpleValueBinder - building SimpleValue for gamertag
[DEBUG] 2023-02-11 12:03:41.025 [http-nio-8080-exec-3] PropertyBinder - Building property gamertag
[DEBUG] 2023-02-11 12:03:41.025 [http-nio-8080-exec-3] Ejb3Column - Binding column: Ejb3Column{table=org.hibernate.mapping.Table(User), mappingColumn=last_name, insertable=true, updatable=true, unique=false}
[DEBUG] 2023-02-11 12:03:41.025 [http-nio-8080-exec-3] PropertyBinder - MetadataSourceProcessor property lastName with lazy=false
[DEBUG] 2023-02-11 12:03:41.026 [http-nio-8080-exec-3] AbstractPropertyHolder - Attempting to locate auto-apply AttributeConverter for property [questie.entity.User:lastName]
[DEBUG] 2023-02-11 12:03:41.026 [http-nio-8080-exec-3] SimpleValueBinder - building SimpleValue for lastName
[DEBUG] 2023-02-11 12:03:41.026 [http-nio-8080-exec-3] PropertyBinder - Building property lastName
[DEBUG] 2023-02-11 12:03:41.032 [http-nio-8080-exec-3] SimpleValueBinder - Starting fillSimpleValue for id
[DEBUG] 2023-02-11 12:03:41.035 [http-nio-8080-exec-3] SimpleValueBinder - Starting fillSimpleValue for firstName
[DEBUG] 2023-02-11 12:03:41.035 [http-nio-8080-exec-3] SimpleValueBinder - Starting fillSimpleValue for gamertag
[DEBUG] 2023-02-11 12:03:41.035 [http-nio-8080-exec-3] SimpleValueBinder - Starting fillSimpleValue for lastName
[DEBUG] 2023-02-11 12:03:41.038 [http-nio-8080-exec-3] PrimaryKey - Forcing column [id] to be non-null as it is part of the primary key for table [user]
[DEBUG] 2023-02-11 12:03:41.161 [http-nio-8080-exec-3] SessionFactoryImpl - Building session factory
[DEBUG] 2023-02-11 12:03:41.162 [http-nio-8080-exec-3] Settings - SessionFactory name : null
[DEBUG] 2023-02-11 12:03:41.162 [http-nio-8080-exec-3] Settings - Automatic flush during beforeCompletion(): enabled
[DEBUG] 2023-02-11 12:03:41.162 [http-nio-8080-exec-3] Settings - Automatic session close at end of transaction: disabled
[DEBUG] 2023-02-11 12:03:41.162 [http-nio-8080-exec-3] Settings - Statistics: disabled
[DEBUG] 2023-02-11 12:03:41.162 [http-nio-8080-exec-3] Settings - Deleted entity synthetic identifier rollback: disabled
[DEBUG] 2023-02-11 12:03:41.162 [http-nio-8080-exec-3] Settings - Default entity-mode: pojo
[DEBUG] 2023-02-11 12:03:41.162 [http-nio-8080-exec-3] Settings - Check Nullability in Core (should be disabled when Bean Validation is on): enabled
[DEBUG] 2023-02-11 12:03:41.162 [http-nio-8080-exec-3] Settings - Allow initialization of lazy state outside session : disabled
[DEBUG] 2023-02-11 12:03:41.162 [http-nio-8080-exec-3] Settings - Using BatchFetchStyle : LEGACY
[DEBUG] 2023-02-11 12:03:41.162 [http-nio-8080-exec-3] Settings - Default batch fetch size: -1
[DEBUG] 2023-02-11 12:03:41.163 [http-nio-8080-exec-3] Settings - Maximum outer join fetch depth: 2
[DEBUG] 2023-02-11 12:03:41.163 [http-nio-8080-exec-3] Settings - Default null ordering: NONE
[DEBUG] 2023-02-11 12:03:41.163 [http-nio-8080-exec-3] Settings - Order SQL updates by primary key: disabled
[DEBUG] 2023-02-11 12:03:41.163 [http-nio-8080-exec-3] Settings - Order SQL inserts for batching: disabled
[DEBUG] 2023-02-11 12:03:41.163 [http-nio-8080-exec-3] Settings - multi-tenancy strategy : NONE
[DEBUG] 2023-02-11 12:03:41.163 [http-nio-8080-exec-3] Settings - JTA Track by Thread: enabled
[DEBUG] 2023-02-11 12:03:41.163 [http-nio-8080-exec-3] Settings - Query language substitutions: {}
[DEBUG] 2023-02-11 12:03:41.163 [http-nio-8080-exec-3] Settings - Named query checking : enabled
[DEBUG] 2023-02-11 12:03:41.163 [http-nio-8080-exec-3] Settings - Second-level cache: disabled
[DEBUG] 2023-02-11 12:03:41.163 [http-nio-8080-exec-3] Settings - Second-level query cache: disabled
[DEBUG] 2023-02-11 12:03:41.163 [http-nio-8080-exec-3] Settings - Second-level query cache factory: null
[DEBUG] 2023-02-11 12:03:41.163 [http-nio-8080-exec-3] Settings - Second-level cache region prefix: null
[DEBUG] 2023-02-11 12:03:41.163 [http-nio-8080-exec-3] Settings - Optimize second-level cache for minimal puts: disabled
[DEBUG] 2023-02-11 12:03:41.163 [http-nio-8080-exec-3] Settings - Structured second-level cache entries: disabled
[DEBUG] 2023-02-11 12:03:41.163 [http-nio-8080-exec-3] Settings - Second-level cache direct-reference entries: disabled
[DEBUG] 2023-02-11 12:03:41.163 [http-nio-8080-exec-3] Settings - Automatic eviction of collection cache: disabled
[DEBUG] 2023-02-11 12:03:41.163 [http-nio-8080-exec-3] Settings - JDBC batch size: 15
[DEBUG] 2023-02-11 12:03:41.163 [http-nio-8080-exec-3] Settings - JDBC batch updates for versioned data: enabled
[DEBUG] 2023-02-11 12:03:41.163 [http-nio-8080-exec-3] Settings - Scrollable result sets: enabled
[DEBUG] 2023-02-11 12:03:41.163 [http-nio-8080-exec-3] Settings - Wrap result sets: disabled
[DEBUG] 2023-02-11 12:03:41.164 [http-nio-8080-exec-3] Settings - JDBC3 getGeneratedKeys(): enabled
[DEBUG] 2023-02-11 12:03:41.171 [http-nio-8080-exec-3] Settings - JDBC result set fetch size: null
[DEBUG] 2023-02-11 12:03:41.183 [http-nio-8080-exec-3] Settings - Connection release mode: AFTER_TRANSACTION
[DEBUG] 2023-02-11 12:03:41.183 [http-nio-8080-exec-3] Settings - Generate SQL with comments: disabled
[DEBUG] 2023-02-11 12:03:41.183 [http-nio-8080-exec-3] Settings - JPA compliance - query : 
[DEBUG] 2023-02-11 12:03:41.184 [http-nio-8080-exec-3] Settings - JPA compliance - closed-handling : 
[DEBUG] 2023-02-11 12:03:41.184 [http-nio-8080-exec-3] Settings - JPA compliance - lists : 
[DEBUG] 2023-02-11 12:03:41.184 [http-nio-8080-exec-3] Settings - JPA compliance - transactions : 
[INFO ] 2023-02-11 12:03:41.393 [http-nio-8080-exec-3] beans - HHH10005002: No explicit CDI BeanManager reference was passed to Hibernate, but CDI is available on the Hibernate ClassLoader.
[DEBUG] 2023-02-11 12:03:41.446 [http-nio-8080-exec-3] SessionFactoryImpl - Session factory constructed with filter configurations : {}
[DEBUG] 2023-02-11 12:03:41.447 [http-nio-8080-exec-3] SessionFactoryImpl - Instantiating session factory with properties: {awt.toolkit=sun.awt.X11.XToolkit, java.specification.version=11, sun.cpu.isalist=, hibernate.c3p0.idle_test_period=3000, sun.jnu.encoding=UTF-8, hibernate.c3p0.min_size=5, sun.arch.data.model=64, java.vendor.url=https://ubuntu.com/, catalina.useNaming=true, openejb.provider.default=org.apache.tomee, sun.boot.library.path=/usr/lib/jvm/java-11-openjdk-amd64/lib, com.sun.management.jmxremote.ssl=false, sun.java.command=org.apache.catalina.startup.Bootstrap start, jdk.debug=release, java.specification.vendor=Oracle Corporation, java.naming.factory.url.pkgs=org.apache.naming:org.apache.openejb.core.ivm.naming, openejb.embedder.source=ServerListener, java.version.date=2022-10-18, java.home=/usr/lib/jvm/java-11-openjdk-amd64, ignore.endorsed.dirs=, file.separator=/, java.vm.compressedOopsMode=32-bit, line.separator=
, hibernate.c3p0.timeout=300, java.specification.name=Java Platform API Specification, java.vm.specification.vendor=Oracle Corporation, openejb.scan.webapp.container=true, com.sun.management.jmxremote.password.file=/home/student/.cache/JetBrains/IntelliJIdea2022.3/tomcat/0598cdfc-dce2-42d8-92ba-2285e44cdc51/jmxremote.password, package.definition=sun.,java.,org.apache.catalina.,org.apache.coyote.,org.apache.jasper.,org.apache.naming.,org.apache.tomcat., openejb.deployments.classpath.filter.systemapps=false, jdk.tls.ephemeralDHKeySize=2048, java.util.logging.config.file=/home/student/.cache/JetBrains/IntelliJIdea2022.3/tomcat/0598cdfc-dce2-42d8-92ba-2285e44cdc51/conf/logging.properties, java.protocol.handler.pkgs=org.apache.catalina.webresources, connection.password=student, sun.management.compiler=HotSpot 64-Bit Tiered Compilers, openejb.scan.webapp.container.excludes=, java.runtime.version=11.0.17+8-post-Ubuntu-1ubuntu220.04, user.name=student, org.apache.johnzon.max-string-length=8192, file.encoding=UTF-8, derby.system.home=/home/student/tomcat/bin, org.apache.catalina.security.SecurityListener.UMASK=0027, hibernate.connection.driver_class=com.mysql.cj.jdbc.Driver, java.io.tmpdir=/home/student/tomcat/temp, tomcat.util.scan.StandardJarScanFilter.jarsToScan=log4j-taglib*.jar,log4j-web*.jar,log4javascript*.jar,slf4j-taglib*.jar, java.version=11.0.17, com.sun.management.jmxremote.port=1099, tomcat.util.scan.StandardJarScanFilter.jarsToSkip=annotations-api.jar,ant-junit*.jar,ant-launcher.jar,ant.jar,asm-*.jar,aspectj*.jar,bootstrap.jar,catalina-ant.jar,catalina-ha.jar,catalina-jmx-remote.jar,catalina-storeconfig.jar,catalina-tribes.jar,catalina-ws.jar,catalina.jar,cglib-*.jar,cobertura-*.jar,commons-beanutils*.jar,commons-codec*.jar,commons-collections*.jar,commons-daemon.jar,commons-dbcp*.jar,commons-digester*.jar,commons-fileupload*.jar,commons-httpclient*.jar,commons-io*.jar,commons-lang*.jar,commons-logging*.jar,commons-math*.jar,commons-pool*.jar,dom4j-*.jar,easymock-*.jar,ecj-*.jar,el-api.jar,geronimo-spec-jaxrpc*.jar,h2*.jar,hamcrest-*.jar,hibernate*.jar,httpclient*.jar,icu4j-*.jar,jasper-el.jar,jasper.jar,jaspic-api.jar,jaxb-*.jar,jaxen-*.jar,jdom-*.jar,jetty-*.jar,jmx-tools.jar,jmx.jar,jsp-api.jar,jstl.jar,jta*.jar,junit-*.jar,junit.jar,log4j*.jar,mail*.jar,objenesis-*.jar,oraclepki.jar,oro-*.jar,servlet-api-*.jar,servlet-api.jar,slf4j*.jar,taglibs-standard-spec-*.jar,tagsoup-*.jar,tomcat-api.jar,tomcat-coyote.jar,tomcat-dbcp.jar,tomcat-i18n-*.jar,tomcat-jdbc.jar,tomcat-jni.jar,tomcat-juli-adapters.jar,tomcat-juli.jar,tomcat-util-scan.jar,tomcat-util.jar,tomcat-websocket.jar,tools.jar,websocket-api.jar,wsdl4j*.jar,xercesImpl.jar,xml-apis.jar,xmlParserAPIs-*.jar,xmlParserAPIs.jar,xom-*.jar, connection.username=root, java.vm.specification.name=Java Virtual Machine Specification, java.awt.printerjob=sun.print.PSPrinterJob, sun.os.patch.level=unknown, connection.driver_class=com.mysql.cj.jdbc.Driver, tomcat.built=May 4 2019 09:17:16 UTC, java.library.path=/usr/java/packages/lib:/usr/lib/x86_64-linux-gnu/jni:/lib/x86_64-linux-gnu:/usr/lib/x86_64-linux-gnu:/usr/lib/jni:/lib:/usr/lib, java.vendor=Ubuntu, tomee.version=7.1.1, java.rmi.server.randomIDs=true, sun.io.unicode.encoding=UnicodeLittle, tomcat.util.buf.StringCache.byte.enabled=true, sun.desktop=gnome, java.class.path=/home/student/tomcat/bin/bootstrap.jar:/home/student/tomcat/bin/tomcat-juli.jar, tomcat.version=8.5.41.0, java.vm.vendor=Ubuntu, openejb.home=/home/student/tomcat, openejb.system.apps=true, user.timezone=America/Chicago, os.name=Linux, java.vm.specification.version=11, sun.java.launcher=SUN_STANDARD, user.country=US, openejb.base=/home/student/.cache/JetBrains/IntelliJIdea2022.3/tomcat/0598cdfc-dce2-42d8-92ba-2285e44cdc51, com.sun.management.jmxremote=, sun.cpu.endian=little, user.home=/home/student, hibernate.c3p0.max_statements=50, user.language=en, openejb.deployments.classpath=false, java.awt.graphicsenv=sun.awt.X11GraphicsEnvironment, package.access=sun.,org.apache.catalina.,org.apache.coyote.,org.apache.jasper.,org.apache.tomcat., openejb.loader=tomcat-system, server.loader=, com.sun.management.jmxremote.access.file=/home/student/.cache/JetBrains/IntelliJIdea2022.3/tomcat/0598cdfc-dce2-42d8-92ba-2285e44cdc51/jmxremote.access, hibernate.c3p0.max_size=20, java.naming.factory.initial=org.apache.naming.java.javaURLContextFactory, path.separator=:, org.apache.openejb.core.security.JaccProvider=org.apache.openejb.core.security.jacc.BasicJaccProvider, common.loader="/home/student/tomcat/lib","/home/student/tomcat/lib/*.jar","/home/student/tomcat/lib","/home/student/tomcat/lib/*.jar", hibernate.connection.username=****, os.version=5.4.0-137-generic, openejb.version=7.1.1, org.apache.security.jacc.EJBMethodPermission.methodInterfaces=BusinessLocalHome,BusinessRemoteHome,BusinessRemote,BusinessLocal, java.runtime.name=OpenJDK Runtime Environment, hibernate.connection.url=jdbc:mysql://localhost:3306/sample, java.vm.name=OpenJDK 64-Bit Server VM, openejb.scan.webapp.container.includes=.*(geronimo|mp-jwt|failsafe).*, tomee.remote.support=true, java.vendor.url.bug=https://bugs.launchpad.net/ubuntu/+source/openjdk-lts, catalina.home=/home/student/tomcat, user.dir=/home/student/tomcat/bin, bval.in-container=true, os.arch=amd64, openjpa.Log=org.apache.openejb.openjpa.JULOpenJPALogFactory, hibernate.connection.password=****, tomee.serialization.class.blacklist=-, tomee.serialization.class.whitelist=, shared.loader=, catalina.base=/home/student/.cache/JetBrains/IntelliJIdea2022.3/tomcat/0598cdfc-dce2-42d8-92ba-2285e44cdc51, hibernate.boot.CfgXmlAccessService.key=org.hibernate.boot.cfgxml.spi.LoadedConfig@6ddd1da7, noBanner=true, java.util.logging.manager=org.apache.juli.ClassLoaderLogManager, org.apache.webbeans.logger.WebBeansLoggerFacade=org.apache.openejb.cdi.logging.ContainerJULLoggerFactory, java.vm.info=mixed mode, sharing, java.vm.version=11.0.17+8-post-Ubuntu-1ubuntu220.04, hibernate.bytecode.use_reflection_optimizer=false, java.rmi.server.hostname=127.0.0.1, javax.security.jacc.PolicyConfigurationFactory.provider=org.apache.openejb.core.security.JaccProvider$Factory, connection.url=jdbc:mysql://localhost:3306/sample, java.class.version=55.0, authconfigprovider.factory=false}
[DEBUG] 2023-02-11 12:03:41.528 [http-nio-8080-exec-3] ClassLoaderAccessImpl - Not known whether passed class name [questie.entity.User] is safe
[DEBUG] 2023-02-11 12:03:41.531 [http-nio-8080-exec-3] ClassLoaderAccessImpl - No temp ClassLoader provided; using live ClassLoader for loading potentially unsafe class : questie.entity.User
[DEBUG] 2023-02-11 12:03:41.579 [http-nio-8080-exec-3] JaccIntegrator - Skipping JACC integration as it was not enabled
[DEBUG] 2023-02-11 12:03:41.580 [http-nio-8080-exec-3] SessionFactoryImpl - Instantiated session factory
[DEBUG] 2023-02-11 12:03:41.580 [http-nio-8080-exec-3] TypeConfiguration$Scope - Scoping TypeConfiguration [org.hibernate.type.spi.TypeConfiguration@32162d53] to SessionFactoryImpl [org.hibernate.internal.SessionFactoryImpl@7b0b227]
[DEBUG] 2023-02-11 12:03:41.717 [http-nio-8080-exec-3] ClassLoaderAccessImpl - Not known whether passed class name [questie.entity.User] is safe
[DEBUG] 2023-02-11 12:03:41.728 [http-nio-8080-exec-3] ClassLoaderAccessImpl - No temp ClassLoader provided; using live ClassLoader for loading potentially unsafe class : questie.entity.User
[DEBUG] 2023-02-11 12:03:41.769 [http-nio-8080-exec-3] ClassLoaderAccessImpl - Not known whether passed class name [questie.entity.User] is safe
[DEBUG] 2023-02-11 12:03:41.769 [http-nio-8080-exec-3] ClassLoaderAccessImpl - No temp ClassLoader provided; using live ClassLoader for loading potentially unsafe class : questie.entity.User
[DEBUG] 2023-02-11 12:03:42.342 [http-nio-8080-exec-3] AbstractEntityPersister - Static SQL for entity: questie.entity.User
[DEBUG] 2023-02-11 12:03:42.360 [http-nio-8080-exec-3] AbstractEntityPersister -  Version select: select id from User where id =?
[DEBUG] 2023-02-11 12:03:42.360 [http-nio-8080-exec-3] AbstractEntityPersister -  Snapshot select: select user_.id, user_.first_name as first_na2_0_, user_.gamertag as gamertag3_0_, user_.last_name as last_nam4_0_ from User user_ where user_.id=?
[DEBUG] 2023-02-11 12:03:42.360 [http-nio-8080-exec-3] AbstractEntityPersister -  Insert 0: insert into User (first_name, gamertag, last_name, id) values (?, ?, ?, ?)
[DEBUG] 2023-02-11 12:03:42.360 [http-nio-8080-exec-3] AbstractEntityPersister -  Update 0: update User set first_name=?, gamertag=?, last_name=? where id=?
[DEBUG] 2023-02-11 12:03:42.360 [http-nio-8080-exec-3] AbstractEntityPersister -  Delete 0: delete from User where id=?
[DEBUG] 2023-02-11 12:03:42.360 [http-nio-8080-exec-3] AbstractEntityPersister -  Identity insert: insert into User (first_name, gamertag, last_name) values (?, ?, ?)
[DEBUG] 2023-02-11 12:03:42.416 [http-nio-8080-exec-3] QuerySpacesImpl - Adding QuerySpace : uid = <gen:0> -> org.hibernate.loader.plan.build.internal.spaces.EntityQuerySpaceImpl@44593b1e]
[DEBUG] 2023-02-11 12:03:42.417 [http-nio-8080-exec-3] MetamodelGraphWalker - Visiting attribute path : firstName
[DEBUG] 2023-02-11 12:03:42.417 [http-nio-8080-exec-3] MetamodelGraphWalker - Visiting attribute path : gamertag
[DEBUG] 2023-02-11 12:03:42.417 [http-nio-8080-exec-3] MetamodelGraphWalker - Visiting attribute path : lastName
[DEBUG] 2023-02-11 12:03:42.417 [http-nio-8080-exec-3] FetchStyleLoadPlanBuildingAssociationVisitationStrategy - Building LoadPlan...
[DEBUG] 2023-02-11 12:03:42.444 [http-nio-8080-exec-3] LoadQueryJoinAndFetchProcessor - processing queryspace <gen:0>
[DEBUG] 2023-02-11 12:03:42.459 [http-nio-8080-exec-3] LoadPlanTreePrinter - LoadPlan(entity=questie.entity.User)
    - Returns
       - EntityReturnImpl(entity=questie.entity.User, querySpaceUid=<gen:0>, path=questie.entity.User)
    - QuerySpaces
       - EntityQuerySpaceImpl(uid=<gen:0>, entity=questie.entity.User)
          - SQL table alias mapping - user0_
          - alias suffix - 0_
          - suffixed key columns - {id1_0_0_}

[DEBUG] 2023-02-11 12:03:42.466 [http-nio-8080-exec-3] EntityLoader - Static select for entity questie.entity.User [NONE]: select user0_.id as id1_0_0_, user0_.first_name as first_na2_0_0_, user0_.gamertag as gamertag3_0_0_, user0_.last_name as last_nam4_0_0_ from User user0_ where user0_.id=?
[DEBUG] 2023-02-11 12:03:42.467 [http-nio-8080-exec-3] QuerySpacesImpl - Adding QuerySpace : uid = <gen:0> -> org.hibernate.loader.plan.build.internal.spaces.EntityQuerySpaceImpl@26eda282]
[DEBUG] 2023-02-11 12:03:42.468 [http-nio-8080-exec-3] MetamodelGraphWalker - Visiting attribute path : firstName
[DEBUG] 2023-02-11 12:03:42.468 [http-nio-8080-exec-3] MetamodelGraphWalker - Visiting attribute path : gamertag
[DEBUG] 2023-02-11 12:03:42.468 [http-nio-8080-exec-3] MetamodelGraphWalker - Visiting attribute path : lastName
[DEBUG] 2023-02-11 12:03:42.468 [http-nio-8080-exec-3] FetchStyleLoadPlanBuildingAssociationVisitationStrategy - Building LoadPlan...
[DEBUG] 2023-02-11 12:03:42.469 [http-nio-8080-exec-3] LoadQueryJoinAndFetchProcessor - processing queryspace <gen:0>
[DEBUG] 2023-02-11 12:03:42.473 [http-nio-8080-exec-3] LoadPlanTreePrinter - LoadPlan(entity=questie.entity.User)
    - Returns
       - EntityReturnImpl(entity=questie.entity.User, querySpaceUid=<gen:0>, path=questie.entity.User)
    - QuerySpaces
       - EntityQuerySpaceImpl(uid=<gen:0>, entity=questie.entity.User)
          - SQL table alias mapping - user0_
          - alias suffix - 0_
          - suffixed key columns - {id1_0_0_}

[DEBUG] 2023-02-11 12:03:42.473 [http-nio-8080-exec-3] EntityLoader - Static select for entity questie.entity.User [READ]: select user0_.id as id1_0_0_, user0_.first_name as first_na2_0_0_, user0_.gamertag as gamertag3_0_0_, user0_.last_name as last_nam4_0_0_ from User user0_ where user0_.id=?
[DEBUG] 2023-02-11 12:03:42.493 [http-nio-8080-exec-3] Loader - Static select for action ACTION_MERGE on entity questie.entity.User: select user0_.id as id1_0_0_, user0_.first_name as first_na2_0_0_, user0_.gamertag as gamertag3_0_0_, user0_.last_name as last_nam4_0_0_ from User user0_ where user0_.id=?
[DEBUG] 2023-02-11 12:03:42.494 [http-nio-8080-exec-3] Loader - Static select for action ACTION_REFRESH on entity questie.entity.User: select user0_.id as id1_0_0_, user0_.first_name as first_na2_0_0_, user0_.gamertag as gamertag3_0_0_, user0_.last_name as last_nam4_0_0_ from User user0_ where user0_.id=?
[DEBUG] 2023-02-11 12:03:42.548 [http-nio-8080-exec-3] SchemaManagementToolCoordinator - No actions specified; doing nothing
[DEBUG] 2023-02-11 12:03:42.550 [http-nio-8080-exec-3] JtaPlatformInitiator - No JtaPlatform was specified, checking resolver
[DEBUG] 2023-02-11 12:03:42.550 [http-nio-8080-exec-3] JtaPlatformResolverInitiator - No JtaPlatformResolver was specified, using default [org.hibernate.engine.transaction.jta.platform.internal.StandardJtaPlatformResolver]
[DEBUG] 2023-02-11 12:03:42.556 [http-nio-8080-exec-3] StandardJtaPlatformResolver - Could not resolve JtaPlatform, using default [org.hibernate.engine.transaction.jta.platform.internal.NoJtaPlatform]
[INFO ] 2023-02-11 12:03:42.556 [http-nio-8080-exec-3] JtaPlatformInitiator - HHH000490: Using JtaPlatform implementation: [org.hibernate.engine.transaction.jta.platform.internal.NoJtaPlatform]
[DEBUG] 2023-02-11 12:03:42.557 [http-nio-8080-exec-3] NamedQueryRepository - Checking 0 named HQL queries
[DEBUG] 2023-02-11 12:03:42.557 [http-nio-8080-exec-3] NamedQueryRepository - Checking 0 named SQL queries
[DEBUG] 2023-02-11 12:03:42.576 [http-nio-8080-exec-3] SessionFactoryRegistry - Initializing SessionFactoryRegistry : org.hibernate.internal.SessionFactoryRegistry@4b283e8b
[DEBUG] 2023-02-11 12:03:42.578 [http-nio-8080-exec-3] SessionFactoryRegistry - Registering SessionFactory: ef02a426-d7e0-47e3-8708-42b5469675f2 (<unnamed>)
[DEBUG] 2023-02-11 12:03:42.578 [http-nio-8080-exec-3] SessionFactoryRegistry - Not binding SessionFactory to JNDI, no JNDI name configured
[DEBUG] 2023-02-11 12:03:42.720 [http-nio-8080-exec-3] StatisticsInitiator - Statistics initialized [enabled=false]
[DEBUG] 2023-02-11 12:03:42.773 [http-nio-8080-exec-3] CriteriaQueryImpl - Rendered criteria query -> select generatedAlias0 from User as generatedAlias0
[DEBUG] 2023-02-11 12:03:42.807 [http-nio-8080-exec-3] QueryTranslatorFactoryInitiator - QueryTranslatorFactory: org.hibernate.hql.internal.ast.ASTQueryTranslatorFactory@5faa3b73
[DEBUG] 2023-02-11 12:03:42.839 [http-nio-8080-exec-3] QueryTranslatorImpl - parse() - HQL: select generatedAlias0 from questie.entity.User as generatedAlias0
[DEBUG] 2023-02-11 12:03:42.858 [http-nio-8080-exec-3] ErrorTracker - throwQueryException() : no errors
[DEBUG] 2023-02-11 12:03:42.867 [http-nio-8080-exec-3] QueryTranslatorImpl - --- HQL AST ---
 \-[QUERY] Node: 'query'
    \-[SELECT_FROM] Node: 'SELECT_FROM'
       +-[FROM] Node: 'from'
       |  \-[RANGE] Node: 'RANGE'
       |     +-[DOT] Node: '.'
       |     |  +-[DOT] Node: '.'
       |     |  |  +-[IDENT] Node: 'questie'
       |     |  |  \-[IDENT] Node: 'entity'
       |     |  \-[IDENT] Node: 'User'
       |     \-[ALIAS] Node: 'generatedAlias0'
       \-[SELECT] Node: 'select'
          \-[IDENT] Node: 'generatedAlias0'

[DEBUG] 2023-02-11 12:03:42.905 [http-nio-8080-exec-3] HqlSqlBaseWalker - select << begin [level=1, statement=select]
[DEBUG] 2023-02-11 12:03:42.923 [http-nio-8080-exec-3] FromElement - FromClause{level=1} : questie.entity.User (generatedAlias0) -> user0_
[DEBUG] 2023-02-11 12:03:42.928 [http-nio-8080-exec-3] FromReferenceNode - Resolved : generatedAlias0 -> user0_.id
[DEBUG] 2023-02-11 12:03:42.934 [http-nio-8080-exec-3] HqlSqlBaseWalker - select : finishing up [level=1, statement=select]
[DEBUG] 2023-02-11 12:03:42.934 [http-nio-8080-exec-3] HqlSqlWalker - processQuery() :  ( SELECT ( {select clause} user0_.id ) ( FromClause{level=1} User user0_ ) )
[DEBUG] 2023-02-11 12:03:42.967 [http-nio-8080-exec-3] JoinProcessor - Using FROM fragment [User user0_]
[DEBUG] 2023-02-11 12:03:42.967 [http-nio-8080-exec-3] HqlSqlBaseWalker - select >> end [level=1, statement=select]
[DEBUG] 2023-02-11 12:03:42.970 [http-nio-8080-exec-3] QueryTranslatorImpl - --- SQL AST ---
 \-[SELECT] QueryNode: 'SELECT'  querySpaces (User)
    +-[SELECT_CLAUSE] SelectClause: '{select clause}'
    |  +-[ALIAS_REF] IdentNode: 'user0_.id as id1_0_' {alias=generatedAlias0, className=questie.entity.User, tableAlias=user0_}
    |  \-[SQL_TOKEN] SqlFragment: 'user0_.first_name as first_na2_0_, user0_.gamertag as gamertag3_0_, user0_.last_name as last_nam4_0_'
    \-[FROM] FromClause: 'from' FromClause{level=1, fromElementCounter=1, fromElements=1, fromElementByClassAlias=[generatedAlias0], fromElementByTableAlias=[user0_], fromElementsByPath=[], collectionJoinFromElementsByPath=[], impliedElements=[]}
       \-[FROM_FRAGMENT] FromElement: 'User user0_' FromElement{explicit,not a collection join,not a fetch join,fetch non-lazy properties,classAlias=generatedAlias0,role=null,tableName=User,tableAlias=user0_,origin=null,columns={,className=questie.entity.User}}

[DEBUG] 2023-02-11 12:03:42.970 [http-nio-8080-exec-3] ErrorTracker - throwQueryException() : no errors
[DEBUG] 2023-02-11 12:03:42.988 [http-nio-8080-exec-3] QueryTranslatorImpl - HQL: select generatedAlias0 from questie.entity.User as generatedAlias0
[DEBUG] 2023-02-11 12:03:42.989 [http-nio-8080-exec-3] QueryTranslatorImpl - SQL: select user0_.id as id1_0_, user0_.first_name as first_na2_0_, user0_.gamertag as gamertag3_0_, user0_.last_name as last_nam4_0_ from User user0_
[DEBUG] 2023-02-11 12:03:42.989 [http-nio-8080-exec-3] ErrorTracker - throwQueryException() : no errors
[DEBUG] 2023-02-11 12:03:43.013 [http-nio-8080-exec-3] SQL - select user0_.id as id1_0_, user0_.first_name as first_na2_0_, user0_.gamertag as gamertag3_0_, user0_.last_name as last_nam4_0_ from User user0_
[DEBUG] 2023-02-11 12:03:43.067 [http-nio-8080-exec-3] SqlExceptionHelper - could not extract ResultSet [n/a]
java.sql.SQLSyntaxErrorException: Table 'sample.User' doesn't exist
	at com.mysql.cj.jdbc.exceptions.SQLError.createSQLException(SQLError.java:120) ~[mysql-connector-java-8.0.16.jar:8.0.16]
	at com.mysql.cj.jdbc.exceptions.SQLError.createSQLException(SQLError.java:97) ~[mysql-connector-java-8.0.16.jar:8.0.16]
	at com.mysql.cj.jdbc.exceptions.SQLExceptionsMapping.translateException(SQLExceptionsMapping.java:122) ~[mysql-connector-java-8.0.16.jar:8.0.16]
	at com.mysql.cj.jdbc.ClientPreparedStatement.executeInternal(ClientPreparedStatement.java:955) ~[mysql-connector-java-8.0.16.jar:8.0.16]
	at com.mysql.cj.jdbc.ClientPreparedStatement.executeQuery(ClientPreparedStatement.java:1005) ~[mysql-connector-java-8.0.16.jar:8.0.16]
	at com.mchange.v2.c3p0.impl.NewProxyPreparedStatement.executeQuery(NewProxyPreparedStatement.java:379) ~[c3p0-0.9.5.3.jar:0.9.5.3]
	at org.hibernate.engine.jdbc.internal.ResultSetReturnImpl.extract(ResultSetReturnImpl.java:60) [hibernate-core-5.4.4.Final.jar:5.4.4.Final]
	at org.hibernate.loader.Loader.getResultSet(Loader.java:2287) [hibernate-core-5.4.4.Final.jar:5.4.4.Final]
	at org.hibernate.loader.Loader.executeQueryStatement(Loader.java:2045) [hibernate-core-5.4.4.Final.jar:5.4.4.Final]
	at org.hibernate.loader.Loader.executeQueryStatement(Loader.java:2007) [hibernate-core-5.4.4.Final.jar:5.4.4.Final]
	at org.hibernate.loader.Loader.doQuery(Loader.java:953) [hibernate-core-5.4.4.Final.jar:5.4.4.Final]
	at org.hibernate.loader.Loader.doQueryAndInitializeNonLazyCollections(Loader.java:354) [hibernate-core-5.4.4.Final.jar:5.4.4.Final]
	at org.hibernate.loader.Loader.doList(Loader.java:2810) [hibernate-core-5.4.4.Final.jar:5.4.4.Final]
	at org.hibernate.loader.Loader.doList(Loader.java:2792) [hibernate-core-5.4.4.Final.jar:5.4.4.Final]
	at org.hibernate.loader.Loader.listIgnoreQueryCache(Loader.java:2624) [hibernate-core-5.4.4.Final.jar:5.4.4.Final]
	at org.hibernate.loader.Loader.list(Loader.java:2619) [hibernate-core-5.4.4.Final.jar:5.4.4.Final]
	at org.hibernate.loader.hql.QueryLoader.list(QueryLoader.java:506) [hibernate-core-5.4.4.Final.jar:5.4.4.Final]
	at org.hibernate.hql.internal.ast.QueryTranslatorImpl.list(QueryTranslatorImpl.java:396) [hibernate-core-5.4.4.Final.jar:5.4.4.Final]
	at org.hibernate.engine.query.spi.HQLQueryPlan.performList(HQLQueryPlan.java:219) [hibernate-core-5.4.4.Final.jar:5.4.4.Final]
	at org.hibernate.internal.SessionImpl.list(SessionImpl.java:1547) [hibernate-core-5.4.4.Final.jar:5.4.4.Final]
	at org.hibernate.query.internal.AbstractProducedQuery.doList(AbstractProducedQuery.java:1557) [hibernate-core-5.4.4.Final.jar:5.4.4.Final]
	at org.hibernate.query.internal.AbstractProducedQuery.list(AbstractProducedQuery.java:1525) [hibernate-core-5.4.4.Final.jar:5.4.4.Final]
	at org.hibernate.query.Query.getResultList(Query.java:165) [hibernate-core-5.4.4.Final.jar:5.4.4.Final]
	at org.hibernate.query.criteria.internal.compile.CriteriaQueryTypeQueryAdapter.getResultList(CriteriaQueryTypeQueryAdapter.java:76) [hibernate-core-5.4.4.Final.jar:5.4.4.Final]
	at questie.persistence.UserDAO.getAll(UserDAO.java:32) [classes/:?]
	at questie.controller.SearchUser.doGet(SearchUser.java:31) [classes/:?]
	at javax.servlet.http.HttpServlet.service(HttpServlet.java:635) [servlet-api.jar:?]
	at javax.servlet.http.HttpServlet.service(HttpServlet.java:742) [servlet-api.jar:?]
	at org.apache.catalina.core.ApplicationFilterChain.internalDoFilter(ApplicationFilterChain.java:231) [catalina.jar:8.5.41]
	at org.apache.catalina.core.ApplicationFilterChain.doFilter(ApplicationFilterChain.java:166) [catalina.jar:8.5.41]
	at org.apache.tomcat.websocket.server.WsFilter.doFilter(WsFilter.java:52) [tomcat-websocket.jar:8.5.41]
	at org.apache.catalina.core.ApplicationFilterChain.internalDoFilter(ApplicationFilterChain.java:193) [catalina.jar:8.5.41]
	at org.apache.catalina.core.ApplicationFilterChain.doFilter(ApplicationFilterChain.java:166) [catalina.jar:8.5.41]
	at org.apache.catalina.core.StandardWrapperValve.invoke(StandardWrapperValve.java:199) [catalina.jar:8.5.41]
	at org.apache.catalina.core.StandardContextValve.invoke(StandardContextValve.java:96) [catalina.jar:8.5.41]
	at org.apache.tomee.catalina.OpenEJBValve.invoke(OpenEJBValve.java:44) [tomee-catalina-7.1.1.jar:7.1.1]
	at org.apache.catalina.authenticator.AuthenticatorBase.invoke(AuthenticatorBase.java:493) [catalina.jar:8.5.41]
	at org.apache.catalina.core.StandardHostValve.invoke(StandardHostValve.java:137) [catalina.jar:8.5.41]
	at org.apache.catalina.valves.ErrorReportValve.invoke(ErrorReportValve.java:81) [catalina.jar:8.5.41]
	at org.apache.tomee.catalina.OpenEJBSecurityListener$RequestCapturer.invoke(OpenEJBSecurityListener.java:97) [tomee-catalina-7.1.1.jar:7.1.1]
	at org.apache.catalina.valves.AbstractAccessLogValve.invoke(AbstractAccessLogValve.java:660) [catalina.jar:8.5.41]
	at org.apache.catalina.core.StandardEngineValve.invoke(StandardEngineValve.java:87) [catalina.jar:8.5.41]
	at org.apache.catalina.connector.CoyoteAdapter.service(CoyoteAdapter.java:343) [catalina.jar:8.5.41]
	at org.apache.coyote.http11.Http11Processor.service(Http11Processor.java:798) [tomcat-coyote.jar:8.5.41]
	at org.apache.coyote.AbstractProcessorLight.process(AbstractProcessorLight.java:66) [tomcat-coyote.jar:8.5.41]
	at org.apache.coyote.AbstractProtocol$ConnectionHandler.process(AbstractProtocol.java:808) [tomcat-coyote.jar:8.5.41]
	at org.apache.tomcat.util.net.NioEndpoint$SocketProcessor.doRun(NioEndpoint.java:1498) [tomcat-coyote.jar:8.5.41]
	at org.apache.tomcat.util.net.SocketProcessorBase.run(SocketProcessorBase.java:49) [tomcat-coyote.jar:8.5.41]
	at java.util.concurrent.ThreadPoolExecutor.runWorker(ThreadPoolExecutor.java:1128) [?:?]
	at java.util.concurrent.ThreadPoolExecutor$Worker.run(ThreadPoolExecutor.java:628) [?:?]
	at org.apache.tomcat.util.threads.TaskThread$WrappingRunnable.run(TaskThread.java:61) [tomcat-util.jar:8.5.41]
	at java.lang.Thread.run(Thread.java:829) [?:?]
[WARN ] 2023-02-11 12:03:43.089 [http-nio-8080-exec-3] SqlExceptionHelper - SQL Error: 1146, SQLState: 42S02
[ERROR] 2023-02-11 12:03:43.089 [http-nio-8080-exec-3] SqlExceptionHelper - Table 'sample.User' doesn't exist
[DEBUG] 2023-02-11 12:03:43.090 [http-nio-8080-exec-3] LogicalConnectionManagedImpl - Initiating JDBC connection release from afterTransaction
[DEBUG] 2023-02-11 12:03:43.105 [http-nio-8080-exec-3] TransactionImpl - On TransactionImpl creation, JpaCompliance#isJpaTransactionComplianceEnabled == false
