[DEBUG] 2023-02-11 13:43:37.594 [http-nio-8080-exec-10] IntegratorServiceImpl - Adding Integrator [org.hibernate.cfg.beanvalidation.BeanValidationIntegrator].
[DEBUG] 2023-02-11 13:43:37.618 [http-nio-8080-exec-10] IntegratorServiceImpl - Adding Integrator [org.hibernate.secure.spi.JaccIntegrator].
[DEBUG] 2023-02-11 13:43:37.631 [http-nio-8080-exec-10] IntegratorServiceImpl - Adding Integrator [org.hibernate.cache.internal.CollectionCacheInvalidator].
[INFO ] 2023-02-11 13:43:37.862 [http-nio-8080-exec-10] Version - HHH000412: Hibernate Core {5.4.4.Final}
[DEBUG] 2023-02-11 13:43:37.867 [http-nio-8080-exec-10] Environment - HHH000206: hibernate.properties not found
[DEBUG] 2023-02-11 13:43:38.208 [http-nio-8080-exec-10] JaxbCfgProcessor - cfg.xml document did not define namespaces; wrapping in custom event reader to introduce namespace information
[DEBUG] 2023-02-11 13:43:38.960 [http-nio-8080-exec-10] ServiceBinding - Overriding existing service binding [org.hibernate.secure.spi.JaccService]
[DEBUG] 2023-02-11 13:43:39.019 [http-nio-8080-exec-10] RegionFactoryInitiator - Cannot default RegionFactory based on registered strategies as `[]` RegionFactory strategies were registered
[DEBUG] 2023-02-11 13:43:39.020 [http-nio-8080-exec-10] RegionFactoryInitiator - Cache region factory : org.hibernate.cache.internal.NoCachingRegionFactory
[INFO ] 2023-02-11 13:43:39.059 [http-nio-8080-exec-10] Version - HCANN000001: Hibernate Commons Annotations {5.1.0.Final}
[DEBUG] 2023-02-11 13:43:39.157 [http-nio-8080-exec-10] BasicTypeRegistry - Adding type registration boolean -> org.hibernate.type.BooleanType@7626afc9
[DEBUG] 2023-02-11 13:43:39.157 [http-nio-8080-exec-10] BasicTypeRegistry - Adding type registration boolean -> org.hibernate.type.BooleanType@7626afc9
[DEBUG] 2023-02-11 13:43:39.157 [http-nio-8080-exec-10] BasicTypeRegistry - Adding type registration java.lang.Boolean -> org.hibernate.type.BooleanType@7626afc9
[DEBUG] 2023-02-11 13:43:39.159 [http-nio-8080-exec-10] BasicTypeRegistry - Adding type registration numeric_boolean -> org.hibernate.type.NumericBooleanType@7238ee26
[DEBUG] 2023-02-11 13:43:39.159 [http-nio-8080-exec-10] BasicTypeRegistry - Adding type registration true_false -> org.hibernate.type.TrueFalseType@38862887
[DEBUG] 2023-02-11 13:43:39.160 [http-nio-8080-exec-10] BasicTypeRegistry - Adding type registration yes_no -> org.hibernate.type.YesNoType@612e98ec
[DEBUG] 2023-02-11 13:43:39.161 [http-nio-8080-exec-10] BasicTypeRegistry - Adding type registration byte -> org.hibernate.type.ByteType@7cccb171
[DEBUG] 2023-02-11 13:43:39.161 [http-nio-8080-exec-10] BasicTypeRegistry - Adding type registration byte -> org.hibernate.type.ByteType@7cccb171
[DEBUG] 2023-02-11 13:43:39.161 [http-nio-8080-exec-10] BasicTypeRegistry - Adding type registration java.lang.Byte -> org.hibernate.type.ByteType@7cccb171
[DEBUG] 2023-02-11 13:43:39.162 [http-nio-8080-exec-10] BasicTypeRegistry - Adding type registration character -> org.hibernate.type.CharacterType@3238f8bf
[DEBUG] 2023-02-11 13:43:39.162 [http-nio-8080-exec-10] BasicTypeRegistry - Adding type registration char -> org.hibernate.type.CharacterType@3238f8bf
[DEBUG] 2023-02-11 13:43:39.162 [http-nio-8080-exec-10] BasicTypeRegistry - Adding type registration java.lang.Character -> org.hibernate.type.CharacterType@3238f8bf
[DEBUG] 2023-02-11 13:43:39.169 [http-nio-8080-exec-10] BasicTypeRegistry - Adding type registration short -> org.hibernate.type.ShortType@4249ddf6
[DEBUG] 2023-02-11 13:43:39.172 [http-nio-8080-exec-10] BasicTypeRegistry - Adding type registration short -> org.hibernate.type.ShortType@4249ddf6
[DEBUG] 2023-02-11 13:43:39.172 [http-nio-8080-exec-10] BasicTypeRegistry - Adding type registration java.lang.Short -> org.hibernate.type.ShortType@4249ddf6
[DEBUG] 2023-02-11 13:43:39.173 [http-nio-8080-exec-10] BasicTypeRegistry - Adding type registration integer -> org.hibernate.type.IntegerType@2c6e386e
[DEBUG] 2023-02-11 13:43:39.173 [http-nio-8080-exec-10] BasicTypeRegistry - Adding type registration int -> org.hibernate.type.IntegerType@2c6e386e
[DEBUG] 2023-02-11 13:43:39.173 [http-nio-8080-exec-10] BasicTypeRegistry - Adding type registration java.lang.Integer -> org.hibernate.type.IntegerType@2c6e386e
[DEBUG] 2023-02-11 13:43:39.174 [http-nio-8080-exec-10] BasicTypeRegistry - Adding type registration long -> org.hibernate.type.LongType@2b174b9
[DEBUG] 2023-02-11 13:43:39.174 [http-nio-8080-exec-10] BasicTypeRegistry - Adding type registration long -> org.hibernate.type.LongType@2b174b9
[DEBUG] 2023-02-11 13:43:39.174 [http-nio-8080-exec-10] BasicTypeRegistry - Adding type registration java.lang.Long -> org.hibernate.type.LongType@2b174b9
[DEBUG] 2023-02-11 13:43:39.184 [http-nio-8080-exec-10] BasicTypeRegistry - Adding type registration float -> org.hibernate.type.FloatType@4d724a29
[DEBUG] 2023-02-11 13:43:39.184 [http-nio-8080-exec-10] BasicTypeRegistry - Adding type registration float -> org.hibernate.type.FloatType@4d724a29
[DEBUG] 2023-02-11 13:43:39.184 [http-nio-8080-exec-10] BasicTypeRegistry - Adding type registration java.lang.Float -> org.hibernate.type.FloatType@4d724a29
[DEBUG] 2023-02-11 13:43:39.185 [http-nio-8080-exec-10] BasicTypeRegistry - Adding type registration double -> org.hibernate.type.DoubleType@2db82e98
[DEBUG] 2023-02-11 13:43:39.185 [http-nio-8080-exec-10] BasicTypeRegistry - Adding type registration double -> org.hibernate.type.DoubleType@2db82e98
[DEBUG] 2023-02-11 13:43:39.185 [http-nio-8080-exec-10] BasicTypeRegistry - Adding type registration java.lang.Double -> org.hibernate.type.DoubleType@2db82e98
[DEBUG] 2023-02-11 13:43:39.196 [http-nio-8080-exec-10] BasicTypeRegistry - Adding type registration big_decimal -> org.hibernate.type.BigDecimalType@3146e981
[DEBUG] 2023-02-11 13:43:39.198 [http-nio-8080-exec-10] BasicTypeRegistry - Adding type registration java.math.BigDecimal -> org.hibernate.type.BigDecimalType@3146e981
[DEBUG] 2023-02-11 13:43:39.199 [http-nio-8080-exec-10] BasicTypeRegistry - Adding type registration big_integer -> org.hibernate.type.BigIntegerType@14cfcd81
[DEBUG] 2023-02-11 13:43:39.199 [http-nio-8080-exec-10] BasicTypeRegistry - Adding type registration java.math.BigInteger -> org.hibernate.type.BigIntegerType@14cfcd81
[DEBUG] 2023-02-11 13:43:39.200 [http-nio-8080-exec-10] BasicTypeRegistry - Adding type registration string -> org.hibernate.type.StringType@28873f8f
[DEBUG] 2023-02-11 13:43:39.200 [http-nio-8080-exec-10] BasicTypeRegistry - Adding type registration java.lang.String -> org.hibernate.type.StringType@28873f8f
[DEBUG] 2023-02-11 13:43:39.200 [http-nio-8080-exec-10] BasicTypeRegistry - Adding type registration nstring -> org.hibernate.type.StringNVarcharType@6ecf62e1
[DEBUG] 2023-02-11 13:43:39.201 [http-nio-8080-exec-10] BasicTypeRegistry - Adding type registration ncharacter -> org.hibernate.type.CharacterNCharType@66abc9c1
[DEBUG] 2023-02-11 13:43:39.201 [http-nio-8080-exec-10] BasicTypeRegistry - Adding type registration url -> org.hibernate.type.UrlType@36ecaae
[DEBUG] 2023-02-11 13:43:39.201 [http-nio-8080-exec-10] BasicTypeRegistry - Adding type registration java.net.URL -> org.hibernate.type.UrlType@36ecaae
[DEBUG] 2023-02-11 13:43:39.202 [http-nio-8080-exec-10] BasicTypeRegistry - Adding type registration Duration -> org.hibernate.type.DurationType@774846ac
[DEBUG] 2023-02-11 13:43:39.202 [http-nio-8080-exec-10] BasicTypeRegistry - Adding type registration java.time.Duration -> org.hibernate.type.DurationType@774846ac
[DEBUG] 2023-02-11 13:43:39.208 [http-nio-8080-exec-10] BasicTypeRegistry - Adding type registration Instant -> org.hibernate.type.InstantType@71f232ff
[DEBUG] 2023-02-11 13:43:39.209 [http-nio-8080-exec-10] BasicTypeRegistry - Adding type registration java.time.Instant -> org.hibernate.type.InstantType@71f232ff
[DEBUG] 2023-02-11 13:43:39.222 [http-nio-8080-exec-10] BasicTypeRegistry - Adding type registration LocalDateTime -> org.hibernate.type.LocalDateTimeType@45ff3b90
[DEBUG] 2023-02-11 13:43:39.222 [http-nio-8080-exec-10] BasicTypeRegistry - Adding type registration java.time.LocalDateTime -> org.hibernate.type.LocalDateTimeType@45ff3b90
[DEBUG] 2023-02-11 13:43:39.227 [http-nio-8080-exec-10] BasicTypeRegistry - Adding type registration LocalDate -> org.hibernate.type.LocalDateType@5ef2943d
[DEBUG] 2023-02-11 13:43:39.227 [http-nio-8080-exec-10] BasicTypeRegistry - Adding type registration java.time.LocalDate -> org.hibernate.type.LocalDateType@5ef2943d
[DEBUG] 2023-02-11 13:43:39.228 [http-nio-8080-exec-10] BasicTypeRegistry - Adding type registration LocalTime -> org.hibernate.type.LocalTimeType@7ffc2b0f
[DEBUG] 2023-02-11 13:43:39.228 [http-nio-8080-exec-10] BasicTypeRegistry - Adding type registration java.time.LocalTime -> org.hibernate.type.LocalTimeType@7ffc2b0f
[DEBUG] 2023-02-11 13:43:39.239 [http-nio-8080-exec-10] BasicTypeRegistry - Adding type registration OffsetDateTime -> org.hibernate.type.OffsetDateTimeType@3ea7369f
[DEBUG] 2023-02-11 13:43:39.239 [http-nio-8080-exec-10] BasicTypeRegistry - Adding type registration java.time.OffsetDateTime -> org.hibernate.type.OffsetDateTimeType@3ea7369f
[DEBUG] 2023-02-11 13:43:39.240 [http-nio-8080-exec-10] BasicTypeRegistry - Adding type registration OffsetTime -> org.hibernate.type.OffsetTimeType@64441a78
[DEBUG] 2023-02-11 13:43:39.242 [http-nio-8080-exec-10] BasicTypeRegistry - Adding type registration java.time.OffsetTime -> org.hibernate.type.OffsetTimeType@64441a78
[DEBUG] 2023-02-11 13:43:39.244 [http-nio-8080-exec-10] BasicTypeRegistry - Adding type registration ZonedDateTime -> org.hibernate.type.ZonedDateTimeType@58a85a71
[DEBUG] 2023-02-11 13:43:39.244 [http-nio-8080-exec-10] BasicTypeRegistry - Adding type registration java.time.ZonedDateTime -> org.hibernate.type.ZonedDateTimeType@58a85a71
[DEBUG] 2023-02-11 13:43:39.246 [http-nio-8080-exec-10] BasicTypeRegistry - Adding type registration date -> org.hibernate.type.DateType@47599b0b
[DEBUG] 2023-02-11 13:43:39.262 [http-nio-8080-exec-10] BasicTypeRegistry - Adding type registration java.sql.Date -> org.hibernate.type.DateType@47599b0b
[DEBUG] 2023-02-11 13:43:39.263 [http-nio-8080-exec-10] BasicTypeRegistry - Adding type registration time -> org.hibernate.type.TimeType@3027ee6a
[DEBUG] 2023-02-11 13:43:39.264 [http-nio-8080-exec-10] BasicTypeRegistry - Adding type registration java.sql.Time -> org.hibernate.type.TimeType@3027ee6a
[DEBUG] 2023-02-11 13:43:39.265 [http-nio-8080-exec-10] BasicTypeRegistry - Adding type registration timestamp -> org.hibernate.type.TimestampType@60d3249d
[DEBUG] 2023-02-11 13:43:39.265 [http-nio-8080-exec-10] BasicTypeRegistry - Adding type registration java.sql.Timestamp -> org.hibernate.type.TimestampType@60d3249d
[DEBUG] 2023-02-11 13:43:39.270 [http-nio-8080-exec-10] BasicTypeRegistry - Adding type registration java.util.Date -> org.hibernate.type.TimestampType@60d3249d
[DEBUG] 2023-02-11 13:43:39.277 [http-nio-8080-exec-10] BasicTypeRegistry - Adding type registration dbtimestamp -> org.hibernate.type.DbTimestampType@46affddb
[DEBUG] 2023-02-11 13:43:39.278 [http-nio-8080-exec-10] BasicTypeRegistry - Adding type registration calendar -> org.hibernate.type.CalendarType@7130ecc5
[DEBUG] 2023-02-11 13:43:39.278 [http-nio-8080-exec-10] BasicTypeRegistry - Adding type registration java.util.Calendar -> org.hibernate.type.CalendarType@7130ecc5
[DEBUG] 2023-02-11 13:43:39.278 [http-nio-8080-exec-10] BasicTypeRegistry - Adding type registration java.util.GregorianCalendar -> org.hibernate.type.CalendarType@7130ecc5
[DEBUG] 2023-02-11 13:43:39.279 [http-nio-8080-exec-10] BasicTypeRegistry - Adding type registration calendar_date -> org.hibernate.type.CalendarDateType@5de01a20
[DEBUG] 2023-02-11 13:43:39.279 [http-nio-8080-exec-10] BasicTypeRegistry - Adding type registration locale -> org.hibernate.type.LocaleType@2c93cb1f
[DEBUG] 2023-02-11 13:43:39.295 [http-nio-8080-exec-10] BasicTypeRegistry - Adding type registration java.util.Locale -> org.hibernate.type.LocaleType@2c93cb1f
[DEBUG] 2023-02-11 13:43:39.297 [http-nio-8080-exec-10] BasicTypeRegistry - Adding type registration currency -> org.hibernate.type.CurrencyType@51a36cc7
[DEBUG] 2023-02-11 13:43:39.297 [http-nio-8080-exec-10] BasicTypeRegistry - Adding type registration java.util.Currency -> org.hibernate.type.CurrencyType@51a36cc7
[DEBUG] 2023-02-11 13:43:39.298 [http-nio-8080-exec-10] BasicTypeRegistry - Adding type registration timezone -> org.hibernate.type.TimeZoneType@3f5c7bee
[DEBUG] 2023-02-11 13:43:39.298 [http-nio-8080-exec-10] BasicTypeRegistry - Adding type registration java.util.TimeZone -> org.hibernate.type.TimeZoneType@3f5c7bee
[DEBUG] 2023-02-11 13:43:39.299 [http-nio-8080-exec-10] BasicTypeRegistry - Adding type registration class -> org.hibernate.type.ClassType@14e2e45
[DEBUG] 2023-02-11 13:43:39.299 [http-nio-8080-exec-10] BasicTypeRegistry - Adding type registration java.lang.Class -> org.hibernate.type.ClassType@14e2e45
[DEBUG] 2023-02-11 13:43:39.299 [http-nio-8080-exec-10] BasicTypeRegistry - Adding type registration uuid-binary -> org.hibernate.type.UUIDBinaryType@53ff72b6
[DEBUG] 2023-02-11 13:43:39.299 [http-nio-8080-exec-10] BasicTypeRegistry - Adding type registration java.util.UUID -> org.hibernate.type.UUIDBinaryType@53ff72b6
[DEBUG] 2023-02-11 13:43:39.300 [http-nio-8080-exec-10] BasicTypeRegistry - Adding type registration uuid-char -> org.hibernate.type.UUIDCharType@33ea0374
[DEBUG] 2023-02-11 13:43:39.301 [http-nio-8080-exec-10] BasicTypeRegistry - Adding type registration binary -> org.hibernate.type.BinaryType@3bacf806
[DEBUG] 2023-02-11 13:43:39.301 [http-nio-8080-exec-10] BasicTypeRegistry - Adding type registration byte[] -> org.hibernate.type.BinaryType@3bacf806
[DEBUG] 2023-02-11 13:43:39.301 [http-nio-8080-exec-10] BasicTypeRegistry - Adding type registration [B -> org.hibernate.type.BinaryType@3bacf806
[DEBUG] 2023-02-11 13:43:39.301 [http-nio-8080-exec-10] BasicTypeRegistry - Adding type registration wrapper-binary -> org.hibernate.type.WrapperBinaryType@387ecad7
[DEBUG] 2023-02-11 13:43:39.302 [http-nio-8080-exec-10] BasicTypeRegistry - Adding type registration Byte[] -> org.hibernate.type.WrapperBinaryType@387ecad7
[DEBUG] 2023-02-11 13:43:39.302 [http-nio-8080-exec-10] BasicTypeRegistry - Adding type registration [Ljava.lang.Byte; -> org.hibernate.type.WrapperBinaryType@387ecad7
[DEBUG] 2023-02-11 13:43:39.302 [http-nio-8080-exec-10] BasicTypeRegistry - Adding type registration row_version -> org.hibernate.type.RowVersionType@5bbd58e
[DEBUG] 2023-02-11 13:43:39.303 [http-nio-8080-exec-10] BasicTypeRegistry - Adding type registration image -> org.hibernate.type.ImageType@301a1699
[DEBUG] 2023-02-11 13:43:39.308 [http-nio-8080-exec-10] BasicTypeRegistry - Adding type registration characters -> org.hibernate.type.CharArrayType@60107e60
[DEBUG] 2023-02-11 13:43:39.309 [http-nio-8080-exec-10] BasicTypeRegistry - Adding type registration char[] -> org.hibernate.type.CharArrayType@60107e60
[DEBUG] 2023-02-11 13:43:39.309 [http-nio-8080-exec-10] BasicTypeRegistry - Adding type registration [C -> org.hibernate.type.CharArrayType@60107e60
[DEBUG] 2023-02-11 13:43:39.321 [http-nio-8080-exec-10] BasicTypeRegistry - Adding type registration wrapper-characters -> org.hibernate.type.CharacterArrayType@3f248b70
[DEBUG] 2023-02-11 13:43:39.322 [http-nio-8080-exec-10] BasicTypeRegistry - Adding type registration [Ljava.lang.Character; -> org.hibernate.type.CharacterArrayType@3f248b70
[DEBUG] 2023-02-11 13:43:39.323 [http-nio-8080-exec-10] BasicTypeRegistry - Adding type registration Character[] -> org.hibernate.type.CharacterArrayType@3f248b70
[DEBUG] 2023-02-11 13:43:39.324 [http-nio-8080-exec-10] BasicTypeRegistry - Adding type registration text -> org.hibernate.type.TextType@e83ae33
[DEBUG] 2023-02-11 13:43:39.324 [http-nio-8080-exec-10] BasicTypeRegistry - Adding type registration ntext -> org.hibernate.type.NTextType@230ecd42
[DEBUG] 2023-02-11 13:43:39.325 [http-nio-8080-exec-10] BasicTypeRegistry - Adding type registration blob -> org.hibernate.type.BlobType@5b724e2d
[DEBUG] 2023-02-11 13:43:39.325 [http-nio-8080-exec-10] BasicTypeRegistry - Adding type registration java.sql.Blob -> org.hibernate.type.BlobType@5b724e2d
[DEBUG] 2023-02-11 13:43:39.326 [http-nio-8080-exec-10] BasicTypeRegistry - Adding type registration materialized_blob -> org.hibernate.type.MaterializedBlobType@42bad56c
[DEBUG] 2023-02-11 13:43:39.327 [http-nio-8080-exec-10] BasicTypeRegistry - Adding type registration clob -> org.hibernate.type.ClobType@42ad3d4f
[DEBUG] 2023-02-11 13:43:39.342 [http-nio-8080-exec-10] BasicTypeRegistry - Adding type registration java.sql.Clob -> org.hibernate.type.ClobType@42ad3d4f
[DEBUG] 2023-02-11 13:43:39.344 [http-nio-8080-exec-10] BasicTypeRegistry - Adding type registration nclob -> org.hibernate.type.NClobType@3f21cdfa
[DEBUG] 2023-02-11 13:43:39.344 [http-nio-8080-exec-10] BasicTypeRegistry - Adding type registration java.sql.NClob -> org.hibernate.type.NClobType@3f21cdfa
[DEBUG] 2023-02-11 13:43:39.344 [http-nio-8080-exec-10] BasicTypeRegistry - Adding type registration materialized_clob -> org.hibernate.type.MaterializedClobType@72c8d006
[DEBUG] 2023-02-11 13:43:39.345 [http-nio-8080-exec-10] BasicTypeRegistry - Adding type registration materialized_nclob -> org.hibernate.type.MaterializedNClobType@5b596afb
[DEBUG] 2023-02-11 13:43:39.346 [http-nio-8080-exec-10] BasicTypeRegistry - Adding type registration serializable -> org.hibernate.type.SerializableType@5559e68c
[DEBUG] 2023-02-11 13:43:39.349 [http-nio-8080-exec-10] BasicTypeRegistry - Adding type registration object -> org.hibernate.type.ObjectType@c43b475
[DEBUG] 2023-02-11 13:43:39.349 [http-nio-8080-exec-10] BasicTypeRegistry - Adding type registration java.lang.Object -> org.hibernate.type.ObjectType@c43b475
[DEBUG] 2023-02-11 13:43:39.350 [http-nio-8080-exec-10] BasicTypeRegistry - Adding type registration imm_date -> org.hibernate.type.AdaptedImmutableType@15127051
[DEBUG] 2023-02-11 13:43:39.350 [http-nio-8080-exec-10] BasicTypeRegistry - Adding type registration imm_time -> org.hibernate.type.AdaptedImmutableType@7eaf43a1
[DEBUG] 2023-02-11 13:43:39.350 [http-nio-8080-exec-10] BasicTypeRegistry - Adding type registration imm_timestamp -> org.hibernate.type.AdaptedImmutableType@557fdc20
[DEBUG] 2023-02-11 13:43:39.350 [http-nio-8080-exec-10] BasicTypeRegistry - Adding type registration imm_dbtimestamp -> org.hibernate.type.AdaptedImmutableType@4d61fc17
[DEBUG] 2023-02-11 13:43:39.350 [http-nio-8080-exec-10] BasicTypeRegistry - Adding type registration imm_calendar -> org.hibernate.type.AdaptedImmutableType@4bf79d12
[DEBUG] 2023-02-11 13:43:39.352 [http-nio-8080-exec-10] BasicTypeRegistry - Adding type registration imm_calendar_date -> org.hibernate.type.AdaptedImmutableType@4fc16d86
[DEBUG] 2023-02-11 13:43:39.353 [http-nio-8080-exec-10] BasicTypeRegistry - Adding type registration imm_binary -> org.hibernate.type.AdaptedImmutableType@64f43682
[DEBUG] 2023-02-11 13:43:39.353 [http-nio-8080-exec-10] BasicTypeRegistry - Adding type registration imm_serializable -> org.hibernate.type.AdaptedImmutableType@2637ff4f
[DEBUG] 2023-02-11 13:43:39.442 [http-nio-8080-exec-10] DefaultIdentifierGeneratorFactory - Registering IdentifierGenerator strategy [uuid2] -> [org.hibernate.id.UUIDGenerator]
[DEBUG] 2023-02-11 13:43:39.443 [http-nio-8080-exec-10] DefaultIdentifierGeneratorFactory - Registering IdentifierGenerator strategy [guid] -> [org.hibernate.id.GUIDGenerator]
[DEBUG] 2023-02-11 13:43:39.445 [http-nio-8080-exec-10] DefaultIdentifierGeneratorFactory - Registering IdentifierGenerator strategy [uuid] -> [org.hibernate.id.UUIDHexGenerator]
[DEBUG] 2023-02-11 13:43:39.446 [http-nio-8080-exec-10] DefaultIdentifierGeneratorFactory - Registering IdentifierGenerator strategy [uuid.hex] -> [org.hibernate.id.UUIDHexGenerator]
[DEBUG] 2023-02-11 13:43:39.447 [http-nio-8080-exec-10] DefaultIdentifierGeneratorFactory - Registering IdentifierGenerator strategy [assigned] -> [org.hibernate.id.Assigned]
[DEBUG] 2023-02-11 13:43:39.453 [http-nio-8080-exec-10] DefaultIdentifierGeneratorFactory - Registering IdentifierGenerator strategy [identity] -> [org.hibernate.id.IdentityGenerator]
[DEBUG] 2023-02-11 13:43:39.456 [http-nio-8080-exec-10] DefaultIdentifierGeneratorFactory - Registering IdentifierGenerator strategy [select] -> [org.hibernate.id.SelectGenerator]
[DEBUG] 2023-02-11 13:43:39.462 [http-nio-8080-exec-10] DefaultIdentifierGeneratorFactory - Registering IdentifierGenerator strategy [sequence] -> [org.hibernate.id.enhanced.SequenceStyleGenerator]
[DEBUG] 2023-02-11 13:43:39.463 [http-nio-8080-exec-10] DefaultIdentifierGeneratorFactory - Registering IdentifierGenerator strategy [seqhilo] -> [org.hibernate.id.SequenceHiLoGenerator]
[DEBUG] 2023-02-11 13:43:39.466 [http-nio-8080-exec-10] DefaultIdentifierGeneratorFactory - Registering IdentifierGenerator strategy [increment] -> [org.hibernate.id.IncrementGenerator]
[DEBUG] 2023-02-11 13:43:39.472 [http-nio-8080-exec-10] DefaultIdentifierGeneratorFactory - Registering IdentifierGenerator strategy [foreign] -> [org.hibernate.id.ForeignGenerator]
[DEBUG] 2023-02-11 13:43:39.477 [http-nio-8080-exec-10] DefaultIdentifierGeneratorFactory - Registering IdentifierGenerator strategy [sequence-identity] -> [org.hibernate.id.SequenceIdentityGenerator]
[DEBUG] 2023-02-11 13:43:39.477 [http-nio-8080-exec-10] DefaultIdentifierGeneratorFactory - Registering IdentifierGenerator strategy [enhanced-sequence] -> [org.hibernate.id.enhanced.SequenceStyleGenerator]
[DEBUG] 2023-02-11 13:43:39.479 [http-nio-8080-exec-10] DefaultIdentifierGeneratorFactory - Registering IdentifierGenerator strategy [enhanced-table] -> [org.hibernate.id.enhanced.TableGenerator]
[INFO ] 2023-02-11 13:43:39.495 [http-nio-8080-exec-10] C3P0ConnectionProvider - HHH010002: C3P0 using driver: com.mysql.cj.jdbc.Driver at URL: jdbc:mysql://localhost:3306/questie
[INFO ] 2023-02-11 13:43:39.495 [http-nio-8080-exec-10] C3P0ConnectionProvider - HHH10001001: Connection properties: {password=****, user=root}
[INFO ] 2023-02-11 13:43:39.497 [http-nio-8080-exec-10] C3P0ConnectionProvider - HHH10001003: Autocommit mode: false
[INFO ] 2023-02-11 13:43:39.850 [http-nio-8080-exec-10] C3P0ConnectionProvider - HHH10001007: JDBC isolation level: <unknown>
[DEBUG] 2023-02-11 13:43:41.132 [http-nio-8080-exec-10] JdbcEnvironmentInitiator - Database ->
       name : MySQL
    version : 8.0.22
      major : 8
      minor : 0
[DEBUG] 2023-02-11 13:43:41.133 [http-nio-8080-exec-10] JdbcEnvironmentInitiator - Driver ->
       name : MySQL Connector/J
    version : mysql-connector-java-8.0.16 (Revision: 34cbc6bc61f72836e26327537a432d6db7c77de6)
      major : 8
      minor : 0
[DEBUG] 2023-02-11 13:43:41.135 [http-nio-8080-exec-10] JdbcEnvironmentInitiator - JDBC version : 4.2
[INFO ] 2023-02-11 13:43:41.239 [http-nio-8080-exec-10] Dialect - HHH000400: Using dialect: org.hibernate.dialect.MySQL8Dialect
[DEBUG] 2023-02-11 13:43:41.307 [http-nio-8080-exec-10] IdentifierHelperBuilder - JDBC driver metadata reported database stores quoted identifiers in more than one case
[DEBUG] 2023-02-11 13:43:41.383 [http-nio-8080-exec-10] IdentifierHelperBuilder - IdentifierCaseStrategy for both quoted and unquoted identifiers was set to the same strategy [MIXED]; that will likely lead to problems in schema update and validation if using quoted identifiers
[DEBUG] 2023-02-11 13:43:41.507 [http-nio-8080-exec-10] Namespace - Created database namespace [logicalName=Name{catalog=null, schema=null}, physicalName=Name{catalog=null, schema=null}]
[DEBUG] 2023-02-11 13:43:41.531 [http-nio-8080-exec-10] TypeConfiguration$Scope - Scoping TypeConfiguration [org.hibernate.type.spi.TypeConfiguration@6ba6676c] to MetadataBuildingContext [org.hibernate.boot.internal.MetadataBuildingContextRootImpl@a8993ef]
[DEBUG] 2023-02-11 13:43:41.646 [http-nio-8080-exec-10] AnnotationBinder - Binding entity from annotated class: questie.entity.User
[DEBUG] 2023-02-11 13:43:41.775 [http-nio-8080-exec-10] Ejb3Column - Binding column: Ejb3DiscriminatorColumn{logicalColumnName'DTYPE', discriminatorTypeName='string'}
[DEBUG] 2023-02-11 13:43:41.791 [http-nio-8080-exec-10] EntityBinder - Import with entity name User
[DEBUG] 2023-02-11 13:43:41.805 [http-nio-8080-exec-10] EntityBinder - Bind entity questie.entity.User on table User
[DEBUG] 2023-02-11 13:43:41.907 [http-nio-8080-exec-10] Ejb3Column - Binding column: Ejb3Column{table=org.hibernate.mapping.Table(User), mappingColumn=id, insertable=true, updatable=true, unique=false}
[DEBUG] 2023-02-11 13:43:41.910 [http-nio-8080-exec-10] PropertyBinder - MetadataSourceProcessor property id with lazy=false
[DEBUG] 2023-02-11 13:43:41.918 [http-nio-8080-exec-10] AbstractPropertyHolder - Attempting to locate auto-apply AttributeConverter for property [questie.entity.User:id]
[DEBUG] 2023-02-11 13:43:41.922 [http-nio-8080-exec-10] SimpleValueBinder - building SimpleValue for id
[DEBUG] 2023-02-11 13:43:41.925 [http-nio-8080-exec-10] PropertyBinder - Building property id
[DEBUG] 2023-02-11 13:43:41.929 [http-nio-8080-exec-10] BinderHelper - #makeIdGenerator(org.hibernate.mapping.SimpleValue([org.hibernate.mapping.Column(id)]), id, org.hibernate.id.enhanced.SequenceStyleGenerator, native, ...)
[DEBUG] 2023-02-11 13:43:41.941 [http-nio-8080-exec-10] Ejb3Column - Binding column: Ejb3Column{table=org.hibernate.mapping.Table(User), mappingColumn=first_name, insertable=true, updatable=true, unique=false}
[DEBUG] 2023-02-11 13:43:41.941 [http-nio-8080-exec-10] PropertyBinder - MetadataSourceProcessor property firstName with lazy=false
[DEBUG] 2023-02-11 13:43:41.942 [http-nio-8080-exec-10] AbstractPropertyHolder - Attempting to locate auto-apply AttributeConverter for property [questie.entity.User:firstName]
[DEBUG] 2023-02-11 13:43:41.943 [http-nio-8080-exec-10] SimpleValueBinder - building SimpleValue for firstName
[DEBUG] 2023-02-11 13:43:41.943 [http-nio-8080-exec-10] PropertyBinder - Building property firstName
[DEBUG] 2023-02-11 13:43:41.943 [http-nio-8080-exec-10] Ejb3Column - Binding column: Ejb3Column{table=org.hibernate.mapping.Table(User), mappingColumn=gamertag, insertable=true, updatable=true, unique=false}
[DEBUG] 2023-02-11 13:43:41.943 [http-nio-8080-exec-10] PropertyBinder - MetadataSourceProcessor property gamertag with lazy=false
[DEBUG] 2023-02-11 13:43:41.943 [http-nio-8080-exec-10] AbstractPropertyHolder - Attempting to locate auto-apply AttributeConverter for property [questie.entity.User:gamertag]
[DEBUG] 2023-02-11 13:43:41.944 [http-nio-8080-exec-10] SimpleValueBinder - building SimpleValue for gamertag
[DEBUG] 2023-02-11 13:43:41.944 [http-nio-8080-exec-10] PropertyBinder - Building property gamertag
[DEBUG] 2023-02-11 13:43:41.945 [http-nio-8080-exec-10] Ejb3Column - Binding column: Ejb3Column{table=org.hibernate.mapping.Table(User), mappingColumn=last_name, insertable=true, updatable=true, unique=false}
[DEBUG] 2023-02-11 13:43:41.945 [http-nio-8080-exec-10] PropertyBinder - MetadataSourceProcessor property lastName with lazy=false
[DEBUG] 2023-02-11 13:43:41.945 [http-nio-8080-exec-10] AbstractPropertyHolder - Attempting to locate auto-apply AttributeConverter for property [questie.entity.User:lastName]
[DEBUG] 2023-02-11 13:43:41.949 [http-nio-8080-exec-10] SimpleValueBinder - building SimpleValue for lastName
[DEBUG] 2023-02-11 13:43:41.949 [http-nio-8080-exec-10] PropertyBinder - Building property lastName
[DEBUG] 2023-02-11 13:43:41.954 [http-nio-8080-exec-10] AnnotationBinder - Binding entity from annotated class: questie.entity.Quest
[DEBUG] 2023-02-11 13:43:41.955 [http-nio-8080-exec-10] Ejb3Column - Binding column: Ejb3DiscriminatorColumn{logicalColumnName'DTYPE', discriminatorTypeName='string'}
[DEBUG] 2023-02-11 13:43:41.955 [http-nio-8080-exec-10] EntityBinder - Import with entity name Quest
[DEBUG] 2023-02-11 13:43:41.955 [http-nio-8080-exec-10] EntityBinder - Bind entity questie.entity.Quest on table Quest
[DEBUG] 2023-02-11 13:43:41.956 [http-nio-8080-exec-10] Ejb3Column - Binding column: Ejb3Column{table=org.hibernate.mapping.Table(Quest), mappingColumn=quest_id, insertable=true, updatable=true, unique=false}
[DEBUG] 2023-02-11 13:43:41.956 [http-nio-8080-exec-10] PropertyBinder - MetadataSourceProcessor property quest_id with lazy=false
[DEBUG] 2023-02-11 13:43:41.956 [http-nio-8080-exec-10] AbstractPropertyHolder - Attempting to locate auto-apply AttributeConverter for property [questie.entity.Quest:quest_id]
[DEBUG] 2023-02-11 13:43:41.956 [http-nio-8080-exec-10] SimpleValueBinder - building SimpleValue for quest_id
[DEBUG] 2023-02-11 13:43:41.956 [http-nio-8080-exec-10] PropertyBinder - Building property quest_id
[DEBUG] 2023-02-11 13:43:41.957 [http-nio-8080-exec-10] BinderHelper - #makeIdGenerator(org.hibernate.mapping.SimpleValue([org.hibernate.mapping.Column(quest_id)]), quest_id, org.hibernate.id.enhanced.SequenceStyleGenerator, native, ...)
[DEBUG] 2023-02-11 13:43:41.957 [http-nio-8080-exec-10] Ejb3Column - Binding column: Ejb3Column{table=org.hibernate.mapping.Table(Quest), mappingColumn=quest_area, insertable=true, updatable=true, unique=false}
[DEBUG] 2023-02-11 13:43:41.957 [http-nio-8080-exec-10] PropertyBinder - MetadataSourceProcessor property quest_area with lazy=false
[DEBUG] 2023-02-11 13:43:41.957 [http-nio-8080-exec-10] AbstractPropertyHolder - Attempting to locate auto-apply AttributeConverter for property [questie.entity.Quest:quest_area]
[DEBUG] 2023-02-11 13:43:41.957 [http-nio-8080-exec-10] SimpleValueBinder - building SimpleValue for quest_area
[DEBUG] 2023-02-11 13:43:41.957 [http-nio-8080-exec-10] PropertyBinder - Building property quest_area
[DEBUG] 2023-02-11 13:43:41.957 [http-nio-8080-exec-10] Ejb3Column - Binding column: Ejb3Column{table=org.hibernate.mapping.Table(Quest), mappingColumn=quest_level_requirement, insertable=true, updatable=true, unique=false}
[DEBUG] 2023-02-11 13:43:41.957 [http-nio-8080-exec-10] PropertyBinder - MetadataSourceProcessor property quest_level_requirement with lazy=false
[DEBUG] 2023-02-11 13:43:41.957 [http-nio-8080-exec-10] AbstractPropertyHolder - Attempting to locate auto-apply AttributeConverter for property [questie.entity.Quest:quest_level_requirement]
[DEBUG] 2023-02-11 13:43:41.957 [http-nio-8080-exec-10] SimpleValueBinder - building SimpleValue for quest_level_requirement
[DEBUG] 2023-02-11 13:43:41.957 [http-nio-8080-exec-10] PropertyBinder - Building property quest_level_requirement
[DEBUG] 2023-02-11 13:43:41.957 [http-nio-8080-exec-10] Ejb3Column - Binding column: Ejb3Column{table=org.hibernate.mapping.Table(Quest), mappingColumn=quest_name, insertable=true, updatable=true, unique=false}
[DEBUG] 2023-02-11 13:43:41.958 [http-nio-8080-exec-10] PropertyBinder - MetadataSourceProcessor property quest_name with lazy=false
[DEBUG] 2023-02-11 13:43:41.958 [http-nio-8080-exec-10] AbstractPropertyHolder - Attempting to locate auto-apply AttributeConverter for property [questie.entity.Quest:quest_name]
[DEBUG] 2023-02-11 13:43:41.958 [http-nio-8080-exec-10] SimpleValueBinder - building SimpleValue for quest_name
[DEBUG] 2023-02-11 13:43:41.958 [http-nio-8080-exec-10] PropertyBinder - Building property quest_name
[DEBUG] 2023-02-11 13:43:41.958 [http-nio-8080-exec-10] Ejb3Column - Binding column: Ejb3Column{table=org.hibernate.mapping.Table(Quest), mappingColumn=quest_reward, insertable=true, updatable=true, unique=false}
[DEBUG] 2023-02-11 13:43:41.958 [http-nio-8080-exec-10] PropertyBinder - MetadataSourceProcessor property quest_reward with lazy=false
[DEBUG] 2023-02-11 13:43:41.958 [http-nio-8080-exec-10] AbstractPropertyHolder - Attempting to locate auto-apply AttributeConverter for property [questie.entity.Quest:quest_reward]
[DEBUG] 2023-02-11 13:43:41.960 [http-nio-8080-exec-10] SimpleValueBinder - building SimpleValue for quest_reward
[DEBUG] 2023-02-11 13:43:41.960 [http-nio-8080-exec-10] PropertyBinder - Building property quest_reward
[DEBUG] 2023-02-11 13:43:41.960 [http-nio-8080-exec-10] Ejb3Column - Binding column: Ejb3Column{table=org.hibernate.mapping.Table(Quest), mappingColumn=quest_xp, insertable=true, updatable=true, unique=false}
[DEBUG] 2023-02-11 13:43:41.960 [http-nio-8080-exec-10] PropertyBinder - MetadataSourceProcessor property quest_xp with lazy=false
[DEBUG] 2023-02-11 13:43:41.960 [http-nio-8080-exec-10] AbstractPropertyHolder - Attempting to locate auto-apply AttributeConverter for property [questie.entity.Quest:quest_xp]
[DEBUG] 2023-02-11 13:43:41.960 [http-nio-8080-exec-10] SimpleValueBinder - building SimpleValue for quest_xp
[DEBUG] 2023-02-11 13:43:41.961 [http-nio-8080-exec-10] PropertyBinder - Building property quest_xp
[DEBUG] 2023-02-11 13:43:41.962 [http-nio-8080-exec-10] SimpleValueBinder - Starting fillSimpleValue for id
[DEBUG] 2023-02-11 13:43:41.962 [http-nio-8080-exec-10] SimpleValueBinder - Starting fillSimpleValue for firstName
[DEBUG] 2023-02-11 13:43:41.964 [http-nio-8080-exec-10] SimpleValueBinder - Starting fillSimpleValue for gamertag
[DEBUG] 2023-02-11 13:43:41.966 [http-nio-8080-exec-10] SimpleValueBinder - Starting fillSimpleValue for lastName
[DEBUG] 2023-02-11 13:43:41.966 [http-nio-8080-exec-10] SimpleValueBinder - Starting fillSimpleValue for quest_id
[DEBUG] 2023-02-11 13:43:41.966 [http-nio-8080-exec-10] SimpleValueBinder - Starting fillSimpleValue for quest_area
[DEBUG] 2023-02-11 13:43:41.966 [http-nio-8080-exec-10] SimpleValueBinder - Starting fillSimpleValue for quest_level_requirement
[DEBUG] 2023-02-11 13:43:41.966 [http-nio-8080-exec-10] SimpleValueBinder - Starting fillSimpleValue for quest_name
[DEBUG] 2023-02-11 13:43:41.966 [http-nio-8080-exec-10] SimpleValueBinder - Starting fillSimpleValue for quest_reward
[DEBUG] 2023-02-11 13:43:41.967 [http-nio-8080-exec-10] SimpleValueBinder - Starting fillSimpleValue for quest_xp
[DEBUG] 2023-02-11 13:43:41.970 [http-nio-8080-exec-10] PrimaryKey - Forcing column [id] to be non-null as it is part of the primary key for table [user]
[DEBUG] 2023-02-11 13:43:41.970 [http-nio-8080-exec-10] PrimaryKey - Forcing column [quest_id] to be non-null as it is part of the primary key for table [quest]
[DEBUG] 2023-02-11 13:43:42.016 [http-nio-8080-exec-10] SessionFactoryImpl - Building session factory
[DEBUG] 2023-02-11 13:43:42.018 [http-nio-8080-exec-10] Settings - SessionFactory name : null
[DEBUG] 2023-02-11 13:43:42.018 [http-nio-8080-exec-10] Settings - Automatic flush during beforeCompletion(): enabled
[DEBUG] 2023-02-11 13:43:42.018 [http-nio-8080-exec-10] Settings - Automatic session close at end of transaction: disabled
[DEBUG] 2023-02-11 13:43:42.018 [http-nio-8080-exec-10] Settings - Statistics: disabled
[DEBUG] 2023-02-11 13:43:42.018 [http-nio-8080-exec-10] Settings - Deleted entity synthetic identifier rollback: disabled
[DEBUG] 2023-02-11 13:43:42.018 [http-nio-8080-exec-10] Settings - Default entity-mode: pojo
[DEBUG] 2023-02-11 13:43:42.019 [http-nio-8080-exec-10] Settings - Check Nullability in Core (should be disabled when Bean Validation is on): enabled
[DEBUG] 2023-02-11 13:43:42.019 [http-nio-8080-exec-10] Settings - Allow initialization of lazy state outside session : disabled
[DEBUG] 2023-02-11 13:43:42.019 [http-nio-8080-exec-10] Settings - Using BatchFetchStyle : LEGACY
[DEBUG] 2023-02-11 13:43:42.019 [http-nio-8080-exec-10] Settings - Default batch fetch size: -1
[DEBUG] 2023-02-11 13:43:42.019 [http-nio-8080-exec-10] Settings - Maximum outer join fetch depth: 2
[DEBUG] 2023-02-11 13:43:42.019 [http-nio-8080-exec-10] Settings - Default null ordering: NONE
[DEBUG] 2023-02-11 13:43:42.019 [http-nio-8080-exec-10] Settings - Order SQL updates by primary key: disabled
[DEBUG] 2023-02-11 13:43:42.019 [http-nio-8080-exec-10] Settings - Order SQL inserts for batching: disabled
[DEBUG] 2023-02-11 13:43:42.019 [http-nio-8080-exec-10] Settings - multi-tenancy strategy : NONE
[DEBUG] 2023-02-11 13:43:42.019 [http-nio-8080-exec-10] Settings - JTA Track by Thread: enabled
[DEBUG] 2023-02-11 13:43:42.019 [http-nio-8080-exec-10] Settings - Query language substitutions: {}
[DEBUG] 2023-02-11 13:43:42.019 [http-nio-8080-exec-10] Settings - Named query checking : enabled
[DEBUG] 2023-02-11 13:43:42.019 [http-nio-8080-exec-10] Settings - Second-level cache: disabled
[DEBUG] 2023-02-11 13:43:42.019 [http-nio-8080-exec-10] Settings - Second-level query cache: disabled
[DEBUG] 2023-02-11 13:43:42.019 [http-nio-8080-exec-10] Settings - Second-level query cache factory: null
[DEBUG] 2023-02-11 13:43:42.019 [http-nio-8080-exec-10] Settings - Second-level cache region prefix: null
[DEBUG] 2023-02-11 13:43:42.019 [http-nio-8080-exec-10] Settings - Optimize second-level cache for minimal puts: disabled
[DEBUG] 2023-02-11 13:43:42.020 [http-nio-8080-exec-10] Settings - Structured second-level cache entries: disabled
[DEBUG] 2023-02-11 13:43:42.020 [http-nio-8080-exec-10] Settings - Second-level cache direct-reference entries: disabled
[DEBUG] 2023-02-11 13:43:42.020 [http-nio-8080-exec-10] Settings - Automatic eviction of collection cache: disabled
[DEBUG] 2023-02-11 13:43:42.020 [http-nio-8080-exec-10] Settings - JDBC batch size: 15
[DEBUG] 2023-02-11 13:43:42.020 [http-nio-8080-exec-10] Settings - JDBC batch updates for versioned data: enabled
[DEBUG] 2023-02-11 13:43:42.020 [http-nio-8080-exec-10] Settings - Scrollable result sets: enabled
[DEBUG] 2023-02-11 13:43:42.020 [http-nio-8080-exec-10] Settings - Wrap result sets: disabled
[DEBUG] 2023-02-11 13:43:42.021 [http-nio-8080-exec-10] Settings - JDBC3 getGeneratedKeys(): enabled
[DEBUG] 2023-02-11 13:43:42.022 [http-nio-8080-exec-10] Settings - JDBC result set fetch size: null
[DEBUG] 2023-02-11 13:43:42.024 [http-nio-8080-exec-10] Settings - Connection release mode: AFTER_TRANSACTION
[DEBUG] 2023-02-11 13:43:42.025 [http-nio-8080-exec-10] Settings - Generate SQL with comments: disabled
[DEBUG] 2023-02-11 13:43:42.028 [http-nio-8080-exec-10] Settings - JPA compliance - query : 
[DEBUG] 2023-02-11 13:43:42.029 [http-nio-8080-exec-10] Settings - JPA compliance - closed-handling : 
[DEBUG] 2023-02-11 13:43:42.029 [http-nio-8080-exec-10] Settings - JPA compliance - lists : 
[DEBUG] 2023-02-11 13:43:42.029 [http-nio-8080-exec-10] Settings - JPA compliance - transactions : 
[INFO ] 2023-02-11 13:43:42.107 [http-nio-8080-exec-10] beans - HHH10005002: No explicit CDI BeanManager reference was passed to Hibernate, but CDI is available on the Hibernate ClassLoader.
[DEBUG] 2023-02-11 13:43:42.151 [http-nio-8080-exec-10] SessionFactoryImpl - Session factory constructed with filter configurations : {}
[DEBUG] 2023-02-11 13:43:42.152 [http-nio-8080-exec-10] SessionFactoryImpl - Instantiating session factory with properties: {awt.toolkit=sun.awt.X11.XToolkit, java.specification.version=11, sun.cpu.isalist=, hibernate.c3p0.idle_test_period=3000, sun.jnu.encoding=UTF-8, hibernate.c3p0.min_size=5, sun.arch.data.model=64, java.vendor.url=https://ubuntu.com/, catalina.useNaming=true, openejb.provider.default=org.apache.tomee, sun.boot.library.path=/usr/lib/jvm/java-11-openjdk-amd64/lib, com.sun.management.jmxremote.ssl=false, sun.java.command=org.apache.catalina.startup.Bootstrap start, jdk.debug=release, java.specification.vendor=Oracle Corporation, java.naming.factory.url.pkgs=org.apache.naming:org.apache.openejb.core.ivm.naming, openejb.embedder.source=ServerListener, java.version.date=2022-10-18, java.home=/usr/lib/jvm/java-11-openjdk-amd64, ignore.endorsed.dirs=, file.separator=/, java.vm.compressedOopsMode=32-bit, line.separator=
, hibernate.c3p0.timeout=300, java.specification.name=Java Platform API Specification, java.vm.specification.vendor=Oracle Corporation, openejb.scan.webapp.container=true, com.sun.management.jmxremote.password.file=/home/student/.cache/JetBrains/IntelliJIdea2022.3/tomcat/0598cdfc-dce2-42d8-92ba-2285e44cdc51/jmxremote.password, package.definition=sun.,java.,org.apache.catalina.,org.apache.coyote.,org.apache.jasper.,org.apache.naming.,org.apache.tomcat., openejb.deployments.classpath.filter.systemapps=false, jdk.tls.ephemeralDHKeySize=2048, java.util.logging.config.file=/home/student/.cache/JetBrains/IntelliJIdea2022.3/tomcat/0598cdfc-dce2-42d8-92ba-2285e44cdc51/conf/logging.properties, java.protocol.handler.pkgs=org.apache.catalina.webresources, connection.password=student, sun.management.compiler=HotSpot 64-Bit Tiered Compilers, openejb.scan.webapp.container.excludes=, java.runtime.version=11.0.17+8-post-Ubuntu-1ubuntu220.04, user.name=student, org.apache.johnzon.max-string-length=8192, file.encoding=UTF-8, derby.system.home=/home/student/tomcat/bin, org.apache.catalina.security.SecurityListener.UMASK=0027, hibernate.connection.driver_class=com.mysql.cj.jdbc.Driver, java.io.tmpdir=/home/student/tomcat/temp, tomcat.util.scan.StandardJarScanFilter.jarsToScan=log4j-taglib*.jar,log4j-web*.jar,log4javascript*.jar,slf4j-taglib*.jar, java.version=11.0.17, com.sun.management.jmxremote.port=1099, tomcat.util.scan.StandardJarScanFilter.jarsToSkip=annotations-api.jar,ant-junit*.jar,ant-launcher.jar,ant.jar,asm-*.jar,aspectj*.jar,bootstrap.jar,catalina-ant.jar,catalina-ha.jar,catalina-jmx-remote.jar,catalina-storeconfig.jar,catalina-tribes.jar,catalina-ws.jar,catalina.jar,cglib-*.jar,cobertura-*.jar,commons-beanutils*.jar,commons-codec*.jar,commons-collections*.jar,commons-daemon.jar,commons-dbcp*.jar,commons-digester*.jar,commons-fileupload*.jar,commons-httpclient*.jar,commons-io*.jar,commons-lang*.jar,commons-logging*.jar,commons-math*.jar,commons-pool*.jar,dom4j-*.jar,easymock-*.jar,ecj-*.jar,el-api.jar,geronimo-spec-jaxrpc*.jar,h2*.jar,hamcrest-*.jar,hibernate*.jar,httpclient*.jar,icu4j-*.jar,jasper-el.jar,jasper.jar,jaspic-api.jar,jaxb-*.jar,jaxen-*.jar,jdom-*.jar,jetty-*.jar,jmx-tools.jar,jmx.jar,jsp-api.jar,jstl.jar,jta*.jar,junit-*.jar,junit.jar,log4j*.jar,mail*.jar,objenesis-*.jar,oraclepki.jar,oro-*.jar,servlet-api-*.jar,servlet-api.jar,slf4j*.jar,taglibs-standard-spec-*.jar,tagsoup-*.jar,tomcat-api.jar,tomcat-coyote.jar,tomcat-dbcp.jar,tomcat-i18n-*.jar,tomcat-jdbc.jar,tomcat-jni.jar,tomcat-juli-adapters.jar,tomcat-juli.jar,tomcat-util-scan.jar,tomcat-util.jar,tomcat-websocket.jar,tools.jar,websocket-api.jar,wsdl4j*.jar,xercesImpl.jar,xml-apis.jar,xmlParserAPIs-*.jar,xmlParserAPIs.jar,xom-*.jar, connection.username=root, java.vm.specification.name=Java Virtual Machine Specification, java.awt.printerjob=sun.print.PSPrinterJob, sun.os.patch.level=unknown, connection.driver_class=com.mysql.cj.jdbc.Driver, tomcat.built=May 4 2019 09:17:16 UTC, java.library.path=/usr/java/packages/lib:/usr/lib/x86_64-linux-gnu/jni:/lib/x86_64-linux-gnu:/usr/lib/x86_64-linux-gnu:/usr/lib/jni:/lib:/usr/lib, java.vendor=Ubuntu, tomee.version=7.1.1, java.rmi.server.randomIDs=true, sun.io.unicode.encoding=UnicodeLittle, tomcat.util.buf.StringCache.byte.enabled=true, sun.desktop=gnome, java.class.path=/home/student/tomcat/bin/bootstrap.jar:/home/student/tomcat/bin/tomcat-juli.jar, tomcat.version=8.5.41.0, java.vm.vendor=Ubuntu, openejb.home=/home/student/tomcat, openejb.system.apps=true, user.timezone=America/Chicago, os.name=Linux, java.vm.specification.version=11, sun.java.launcher=SUN_STANDARD, user.country=US, openejb.base=/home/student/.cache/JetBrains/IntelliJIdea2022.3/tomcat/0598cdfc-dce2-42d8-92ba-2285e44cdc51, com.sun.management.jmxremote=, sun.cpu.endian=little, user.home=/home/student, hibernate.c3p0.max_statements=50, user.language=en, openejb.deployments.classpath=false, java.awt.graphicsenv=sun.awt.X11GraphicsEnvironment, package.access=sun.,org.apache.catalina.,org.apache.coyote.,org.apache.jasper.,org.apache.tomcat., openejb.loader=tomcat-system, server.loader=, com.sun.management.jmxremote.access.file=/home/student/.cache/JetBrains/IntelliJIdea2022.3/tomcat/0598cdfc-dce2-42d8-92ba-2285e44cdc51/jmxremote.access, hibernate.c3p0.max_size=20, java.naming.factory.initial=org.apache.naming.java.javaURLContextFactory, path.separator=:, org.apache.openejb.core.security.JaccProvider=org.apache.openejb.core.security.jacc.BasicJaccProvider, common.loader="/home/student/tomcat/lib","/home/student/tomcat/lib/*.jar","/home/student/tomcat/lib","/home/student/tomcat/lib/*.jar", hibernate.connection.username=****, os.version=5.4.0-137-generic, openejb.version=7.1.1, org.apache.security.jacc.EJBMethodPermission.methodInterfaces=BusinessLocalHome,BusinessRemoteHome,BusinessRemote,BusinessLocal, java.runtime.name=OpenJDK Runtime Environment, hibernate.connection.url=jdbc:mysql://localhost:3306/questie, java.vm.name=OpenJDK 64-Bit Server VM, openejb.scan.webapp.container.includes=.*(geronimo|mp-jwt|failsafe).*, tomee.remote.support=true, java.vendor.url.bug=https://bugs.launchpad.net/ubuntu/+source/openjdk-lts, catalina.home=/home/student/tomcat, user.dir=/home/student/tomcat/bin, bval.in-container=true, os.arch=amd64, openjpa.Log=org.apache.openejb.openjpa.JULOpenJPALogFactory, hibernate.connection.password=****, tomee.serialization.class.blacklist=-, tomee.serialization.class.whitelist=, shared.loader=, catalina.base=/home/student/.cache/JetBrains/IntelliJIdea2022.3/tomcat/0598cdfc-dce2-42d8-92ba-2285e44cdc51, hibernate.boot.CfgXmlAccessService.key=org.hibernate.boot.cfgxml.spi.LoadedConfig@7f62a0d7, noBanner=true, java.util.logging.manager=org.apache.juli.ClassLoaderLogManager, org.apache.webbeans.logger.WebBeansLoggerFacade=org.apache.openejb.cdi.logging.ContainerJULLoggerFactory, java.vm.info=mixed mode, sharing, java.vm.version=11.0.17+8-post-Ubuntu-1ubuntu220.04, hibernate.bytecode.use_reflection_optimizer=false, java.rmi.server.hostname=127.0.0.1, javax.security.jacc.PolicyConfigurationFactory.provider=org.apache.openejb.core.security.JaccProvider$Factory, connection.url=jdbc:mysql://localhost:3306/questie, java.class.version=55.0, authconfigprovider.factory=false}
[DEBUG] 2023-02-11 13:43:42.226 [http-nio-8080-exec-10] ClassLoaderAccessImpl - Not known whether passed class name [questie.entity.Quest] is safe
[DEBUG] 2023-02-11 13:43:42.226 [http-nio-8080-exec-10] ClassLoaderAccessImpl - No temp ClassLoader provided; using live ClassLoader for loading potentially unsafe class : questie.entity.Quest
[DEBUG] 2023-02-11 13:43:42.242 [http-nio-8080-exec-10] ClassLoaderAccessImpl - Not known whether passed class name [questie.entity.User] is safe
[DEBUG] 2023-02-11 13:43:42.242 [http-nio-8080-exec-10] ClassLoaderAccessImpl - No temp ClassLoader provided; using live ClassLoader for loading potentially unsafe class : questie.entity.User
[DEBUG] 2023-02-11 13:43:42.258 [http-nio-8080-exec-10] JaccIntegrator - Skipping JACC integration as it was not enabled
[DEBUG] 2023-02-11 13:43:42.260 [http-nio-8080-exec-10] SessionFactoryImpl - Instantiated session factory
[DEBUG] 2023-02-11 13:43:42.260 [http-nio-8080-exec-10] TypeConfiguration$Scope - Scoping TypeConfiguration [org.hibernate.type.spi.TypeConfiguration@6ba6676c] to SessionFactoryImpl [org.hibernate.internal.SessionFactoryImpl@2d233a73]
[DEBUG] 2023-02-11 13:43:42.391 [http-nio-8080-exec-10] ClassLoaderAccessImpl - Not known whether passed class name [questie.entity.Quest] is safe
[DEBUG] 2023-02-11 13:43:42.398 [http-nio-8080-exec-10] ClassLoaderAccessImpl - No temp ClassLoader provided; using live ClassLoader for loading potentially unsafe class : questie.entity.Quest
[DEBUG] 2023-02-11 13:43:42.425 [http-nio-8080-exec-10] ClassLoaderAccessImpl - Not known whether passed class name [questie.entity.Quest] is safe
[DEBUG] 2023-02-11 13:43:42.425 [http-nio-8080-exec-10] ClassLoaderAccessImpl - No temp ClassLoader provided; using live ClassLoader for loading potentially unsafe class : questie.entity.Quest
[DEBUG] 2023-02-11 13:43:43.054 [http-nio-8080-exec-10] ClassLoaderAccessImpl - Not known whether passed class name [questie.entity.User] is safe
[DEBUG] 2023-02-11 13:43:43.054 [http-nio-8080-exec-10] ClassLoaderAccessImpl - No temp ClassLoader provided; using live ClassLoader for loading potentially unsafe class : questie.entity.User
[DEBUG] 2023-02-11 13:43:43.055 [http-nio-8080-exec-10] ClassLoaderAccessImpl - Not known whether passed class name [questie.entity.User] is safe
[DEBUG] 2023-02-11 13:43:43.055 [http-nio-8080-exec-10] ClassLoaderAccessImpl - No temp ClassLoader provided; using live ClassLoader for loading potentially unsafe class : questie.entity.User
[DEBUG] 2023-02-11 13:43:43.188 [http-nio-8080-exec-10] AbstractEntityPersister - Static SQL for entity: questie.entity.Quest
[DEBUG] 2023-02-11 13:43:43.189 [http-nio-8080-exec-10] AbstractEntityPersister -  Version select: select quest_id from Quest where quest_id =?
[DEBUG] 2023-02-11 13:43:43.189 [http-nio-8080-exec-10] AbstractEntityPersister -  Snapshot select: select quest_.quest_id, quest_.quest_area as quest_ar2_0_, quest_.quest_level_requirement as quest_le3_0_, quest_.quest_name as quest_na4_0_, quest_.quest_reward as quest_re5_0_, quest_.quest_xp as quest_xp6_0_ from Quest quest_ where quest_.quest_id=?
[DEBUG] 2023-02-11 13:43:43.189 [http-nio-8080-exec-10] AbstractEntityPersister -  Insert 0: insert into Quest (quest_area, quest_level_requirement, quest_name, quest_reward, quest_xp, quest_id) values (?, ?, ?, ?, ?, ?)
[DEBUG] 2023-02-11 13:43:43.189 [http-nio-8080-exec-10] AbstractEntityPersister -  Update 0: update Quest set quest_area=?, quest_level_requirement=?, quest_name=?, quest_reward=?, quest_xp=? where quest_id=?
[DEBUG] 2023-02-11 13:43:43.189 [http-nio-8080-exec-10] AbstractEntityPersister -  Delete 0: delete from Quest where quest_id=?
[DEBUG] 2023-02-11 13:43:43.189 [http-nio-8080-exec-10] AbstractEntityPersister -  Identity insert: insert into Quest (quest_area, quest_level_requirement, quest_name, quest_reward, quest_xp) values (?, ?, ?, ?, ?)
[DEBUG] 2023-02-11 13:43:43.236 [http-nio-8080-exec-10] QuerySpacesImpl - Adding QuerySpace : uid = <gen:0> -> org.hibernate.loader.plan.build.internal.spaces.EntityQuerySpaceImpl@74ff9d4d]
[DEBUG] 2023-02-11 13:43:43.237 [http-nio-8080-exec-10] MetamodelGraphWalker - Visiting attribute path : quest_area
[DEBUG] 2023-02-11 13:43:43.237 [http-nio-8080-exec-10] MetamodelGraphWalker - Visiting attribute path : quest_level_requirement
[DEBUG] 2023-02-11 13:43:43.237 [http-nio-8080-exec-10] MetamodelGraphWalker - Visiting attribute path : quest_name
[DEBUG] 2023-02-11 13:43:43.237 [http-nio-8080-exec-10] MetamodelGraphWalker - Visiting attribute path : quest_reward
[DEBUG] 2023-02-11 13:43:43.237 [http-nio-8080-exec-10] MetamodelGraphWalker - Visiting attribute path : quest_xp
[DEBUG] 2023-02-11 13:43:43.237 [http-nio-8080-exec-10] FetchStyleLoadPlanBuildingAssociationVisitationStrategy - Building LoadPlan...
[DEBUG] 2023-02-11 13:43:43.265 [http-nio-8080-exec-10] LoadQueryJoinAndFetchProcessor - processing queryspace <gen:0>
[DEBUG] 2023-02-11 13:43:43.278 [http-nio-8080-exec-10] LoadPlanTreePrinter - LoadPlan(entity=questie.entity.Quest)
    - Returns
       - EntityReturnImpl(entity=questie.entity.Quest, querySpaceUid=<gen:0>, path=questie.entity.Quest)
    - QuerySpaces
       - EntityQuerySpaceImpl(uid=<gen:0>, entity=questie.entity.Quest)
          - SQL table alias mapping - quest0_
          - alias suffix - 0_
          - suffixed key columns - {quest_id1_0_0_}

[DEBUG] 2023-02-11 13:43:43.280 [http-nio-8080-exec-10] EntityLoader - Static select for entity questie.entity.Quest [NONE]: select quest0_.quest_id as quest_id1_0_0_, quest0_.quest_area as quest_ar2_0_0_, quest0_.quest_level_requirement as quest_le3_0_0_, quest0_.quest_name as quest_na4_0_0_, quest0_.quest_reward as quest_re5_0_0_, quest0_.quest_xp as quest_xp6_0_0_ from Quest quest0_ where quest0_.quest_id=?
[DEBUG] 2023-02-11 13:43:43.280 [http-nio-8080-exec-10] QuerySpacesImpl - Adding QuerySpace : uid = <gen:0> -> org.hibernate.loader.plan.build.internal.spaces.EntityQuerySpaceImpl@3b648a0e]
[DEBUG] 2023-02-11 13:43:43.281 [http-nio-8080-exec-10] MetamodelGraphWalker - Visiting attribute path : quest_area
[DEBUG] 2023-02-11 13:43:43.281 [http-nio-8080-exec-10] MetamodelGraphWalker - Visiting attribute path : quest_level_requirement
[DEBUG] 2023-02-11 13:43:43.281 [http-nio-8080-exec-10] MetamodelGraphWalker - Visiting attribute path : quest_name
[DEBUG] 2023-02-11 13:43:43.281 [http-nio-8080-exec-10] MetamodelGraphWalker - Visiting attribute path : quest_reward
[DEBUG] 2023-02-11 13:43:43.281 [http-nio-8080-exec-10] MetamodelGraphWalker - Visiting attribute path : quest_xp
[DEBUG] 2023-02-11 13:43:43.281 [http-nio-8080-exec-10] FetchStyleLoadPlanBuildingAssociationVisitationStrategy - Building LoadPlan...
[DEBUG] 2023-02-11 13:43:43.281 [http-nio-8080-exec-10] LoadQueryJoinAndFetchProcessor - processing queryspace <gen:0>
[DEBUG] 2023-02-11 13:43:43.281 [http-nio-8080-exec-10] LoadPlanTreePrinter - LoadPlan(entity=questie.entity.Quest)
    - Returns
       - EntityReturnImpl(entity=questie.entity.Quest, querySpaceUid=<gen:0>, path=questie.entity.Quest)
    - QuerySpaces
       - EntityQuerySpaceImpl(uid=<gen:0>, entity=questie.entity.Quest)
          - SQL table alias mapping - quest0_
          - alias suffix - 0_
          - suffixed key columns - {quest_id1_0_0_}

[DEBUG] 2023-02-11 13:43:43.281 [http-nio-8080-exec-10] EntityLoader - Static select for entity questie.entity.Quest [READ]: select quest0_.quest_id as quest_id1_0_0_, quest0_.quest_area as quest_ar2_0_0_, quest0_.quest_level_requirement as quest_le3_0_0_, quest0_.quest_name as quest_na4_0_0_, quest0_.quest_reward as quest_re5_0_0_, quest0_.quest_xp as quest_xp6_0_0_ from Quest quest0_ where quest0_.quest_id=?
[DEBUG] 2023-02-11 13:43:43.305 [http-nio-8080-exec-10] Loader - Static select for action ACTION_MERGE on entity questie.entity.Quest: select quest0_.quest_id as quest_id1_0_0_, quest0_.quest_area as quest_ar2_0_0_, quest0_.quest_level_requirement as quest_le3_0_0_, quest0_.quest_name as quest_na4_0_0_, quest0_.quest_reward as quest_re5_0_0_, quest0_.quest_xp as quest_xp6_0_0_ from Quest quest0_ where quest0_.quest_id=?
[DEBUG] 2023-02-11 13:43:43.305 [http-nio-8080-exec-10] Loader - Static select for action ACTION_REFRESH on entity questie.entity.Quest: select quest0_.quest_id as quest_id1_0_0_, quest0_.quest_area as quest_ar2_0_0_, quest0_.quest_level_requirement as quest_le3_0_0_, quest0_.quest_name as quest_na4_0_0_, quest0_.quest_reward as quest_re5_0_0_, quest0_.quest_xp as quest_xp6_0_0_ from Quest quest0_ where quest0_.quest_id=?
[DEBUG] 2023-02-11 13:43:43.306 [http-nio-8080-exec-10] AbstractEntityPersister - Static SQL for entity: questie.entity.User
[DEBUG] 2023-02-11 13:43:43.306 [http-nio-8080-exec-10] AbstractEntityPersister -  Version select: select id from User where id =?
[DEBUG] 2023-02-11 13:43:43.306 [http-nio-8080-exec-10] AbstractEntityPersister -  Snapshot select: select user_.id, user_.first_name as first_na2_1_, user_.gamertag as gamertag3_1_, user_.last_name as last_nam4_1_ from User user_ where user_.id=?
[DEBUG] 2023-02-11 13:43:43.306 [http-nio-8080-exec-10] AbstractEntityPersister -  Insert 0: insert into User (first_name, gamertag, last_name, id) values (?, ?, ?, ?)
[DEBUG] 2023-02-11 13:43:43.306 [http-nio-8080-exec-10] AbstractEntityPersister -  Update 0: update User set first_name=?, gamertag=?, last_name=? where id=?
[DEBUG] 2023-02-11 13:43:43.306 [http-nio-8080-exec-10] AbstractEntityPersister -  Delete 0: delete from User where id=?
[DEBUG] 2023-02-11 13:43:43.306 [http-nio-8080-exec-10] AbstractEntityPersister -  Identity insert: insert into User (first_name, gamertag, last_name) values (?, ?, ?)
[DEBUG] 2023-02-11 13:43:43.306 [http-nio-8080-exec-10] QuerySpacesImpl - Adding QuerySpace : uid = <gen:0> -> org.hibernate.loader.plan.build.internal.spaces.EntityQuerySpaceImpl@24f291d3]
[DEBUG] 2023-02-11 13:43:43.306 [http-nio-8080-exec-10] MetamodelGraphWalker - Visiting attribute path : firstName
[DEBUG] 2023-02-11 13:43:43.306 [http-nio-8080-exec-10] MetamodelGraphWalker - Visiting attribute path : gamertag
[DEBUG] 2023-02-11 13:43:43.306 [http-nio-8080-exec-10] MetamodelGraphWalker - Visiting attribute path : lastName
[DEBUG] 2023-02-11 13:43:43.306 [http-nio-8080-exec-10] FetchStyleLoadPlanBuildingAssociationVisitationStrategy - Building LoadPlan...
[DEBUG] 2023-02-11 13:43:43.306 [http-nio-8080-exec-10] LoadQueryJoinAndFetchProcessor - processing queryspace <gen:0>
[DEBUG] 2023-02-11 13:43:43.307 [http-nio-8080-exec-10] LoadPlanTreePrinter - LoadPlan(entity=questie.entity.User)
    - Returns
       - EntityReturnImpl(entity=questie.entity.User, querySpaceUid=<gen:0>, path=questie.entity.User)
    - QuerySpaces
       - EntityQuerySpaceImpl(uid=<gen:0>, entity=questie.entity.User)
          - SQL table alias mapping - user0_
          - alias suffix - 0_
          - suffixed key columns - {id1_1_0_}

[DEBUG] 2023-02-11 13:43:43.307 [http-nio-8080-exec-10] EntityLoader - Static select for entity questie.entity.User [NONE]: select user0_.id as id1_1_0_, user0_.first_name as first_na2_1_0_, user0_.gamertag as gamertag3_1_0_, user0_.last_name as last_nam4_1_0_ from User user0_ where user0_.id=?
[DEBUG] 2023-02-11 13:43:43.307 [http-nio-8080-exec-10] QuerySpacesImpl - Adding QuerySpace : uid = <gen:0> -> org.hibernate.loader.plan.build.internal.spaces.EntityQuerySpaceImpl@53fe15af]
[DEBUG] 2023-02-11 13:43:43.307 [http-nio-8080-exec-10] MetamodelGraphWalker - Visiting attribute path : firstName
[DEBUG] 2023-02-11 13:43:43.307 [http-nio-8080-exec-10] MetamodelGraphWalker - Visiting attribute path : gamertag
[DEBUG] 2023-02-11 13:43:43.307 [http-nio-8080-exec-10] MetamodelGraphWalker - Visiting attribute path : lastName
[DEBUG] 2023-02-11 13:43:43.308 [http-nio-8080-exec-10] FetchStyleLoadPlanBuildingAssociationVisitationStrategy - Building LoadPlan...
[DEBUG] 2023-02-11 13:43:43.308 [http-nio-8080-exec-10] LoadQueryJoinAndFetchProcessor - processing queryspace <gen:0>
[DEBUG] 2023-02-11 13:43:43.308 [http-nio-8080-exec-10] LoadPlanTreePrinter - LoadPlan(entity=questie.entity.User)
    - Returns
       - EntityReturnImpl(entity=questie.entity.User, querySpaceUid=<gen:0>, path=questie.entity.User)
    - QuerySpaces
       - EntityQuerySpaceImpl(uid=<gen:0>, entity=questie.entity.User)
          - SQL table alias mapping - user0_
          - alias suffix - 0_
          - suffixed key columns - {id1_1_0_}

[DEBUG] 2023-02-11 13:43:43.308 [http-nio-8080-exec-10] EntityLoader - Static select for entity questie.entity.User [READ]: select user0_.id as id1_1_0_, user0_.first_name as first_na2_1_0_, user0_.gamertag as gamertag3_1_0_, user0_.last_name as last_nam4_1_0_ from User user0_ where user0_.id=?
[DEBUG] 2023-02-11 13:43:43.308 [http-nio-8080-exec-10] Loader - Static select for action ACTION_MERGE on entity questie.entity.User: select user0_.id as id1_1_0_, user0_.first_name as first_na2_1_0_, user0_.gamertag as gamertag3_1_0_, user0_.last_name as last_nam4_1_0_ from User user0_ where user0_.id=?
[DEBUG] 2023-02-11 13:43:43.309 [http-nio-8080-exec-10] Loader - Static select for action ACTION_REFRESH on entity questie.entity.User: select user0_.id as id1_1_0_, user0_.first_name as first_na2_1_0_, user0_.gamertag as gamertag3_1_0_, user0_.last_name as last_nam4_1_0_ from User user0_ where user0_.id=?
[DEBUG] 2023-02-11 13:43:43.359 [http-nio-8080-exec-10] SchemaManagementToolCoordinator - No actions specified; doing nothing
[DEBUG] 2023-02-11 13:43:43.359 [http-nio-8080-exec-10] JtaPlatformInitiator - No JtaPlatform was specified, checking resolver
[DEBUG] 2023-02-11 13:43:43.360 [http-nio-8080-exec-10] JtaPlatformResolverInitiator - No JtaPlatformResolver was specified, using default [org.hibernate.engine.transaction.jta.platform.internal.StandardJtaPlatformResolver]
[DEBUG] 2023-02-11 13:43:43.377 [http-nio-8080-exec-10] StandardJtaPlatformResolver - Could not resolve JtaPlatform, using default [org.hibernate.engine.transaction.jta.platform.internal.NoJtaPlatform]
[INFO ] 2023-02-11 13:43:43.377 [http-nio-8080-exec-10] JtaPlatformInitiator - HHH000490: Using JtaPlatform implementation: [org.hibernate.engine.transaction.jta.platform.internal.NoJtaPlatform]
[DEBUG] 2023-02-11 13:43:43.383 [http-nio-8080-exec-10] NamedQueryRepository - Checking 0 named HQL queries
[DEBUG] 2023-02-11 13:43:43.384 [http-nio-8080-exec-10] NamedQueryRepository - Checking 0 named SQL queries
[DEBUG] 2023-02-11 13:43:43.385 [http-nio-8080-exec-10] SessionFactoryRegistry - Initializing SessionFactoryRegistry : org.hibernate.internal.SessionFactoryRegistry@30aaa282
[DEBUG] 2023-02-11 13:43:43.387 [http-nio-8080-exec-10] SessionFactoryRegistry - Registering SessionFactory: 6dbf2bcf-bbb6-4323-86b2-26219d1ba31a (<unnamed>)
[DEBUG] 2023-02-11 13:43:43.387 [http-nio-8080-exec-10] SessionFactoryRegistry - Not binding SessionFactory to JNDI, no JNDI name configured
[DEBUG] 2023-02-11 13:43:43.499 [http-nio-8080-exec-10] StatisticsInitiator - Statistics initialized [enabled=false]
[DEBUG] 2023-02-11 13:43:43.564 [http-nio-8080-exec-10] CriteriaQueryImpl - Rendered criteria query -> select generatedAlias0 from User as generatedAlias0
[DEBUG] 2023-02-11 13:43:43.605 [http-nio-8080-exec-10] QueryTranslatorFactoryInitiator - QueryTranslatorFactory: org.hibernate.hql.internal.ast.ASTQueryTranslatorFactory@4eaccee8
[DEBUG] 2023-02-11 13:43:43.653 [http-nio-8080-exec-10] QueryTranslatorImpl - parse() - HQL: select generatedAlias0 from questie.entity.User as generatedAlias0
[DEBUG] 2023-02-11 13:43:43.668 [http-nio-8080-exec-10] ErrorTracker - throwQueryException() : no errors
[DEBUG] 2023-02-11 13:43:43.697 [http-nio-8080-exec-10] QueryTranslatorImpl - --- HQL AST ---
 \-[QUERY] Node: 'query'
    \-[SELECT_FROM] Node: 'SELECT_FROM'
       +-[FROM] Node: 'from'
       |  \-[RANGE] Node: 'RANGE'
       |     +-[DOT] Node: '.'
       |     |  +-[DOT] Node: '.'
       |     |  |  +-[IDENT] Node: 'questie'
       |     |  |  \-[IDENT] Node: 'entity'
       |     |  \-[IDENT] Node: 'User'
       |     \-[ALIAS] Node: 'generatedAlias0'
       \-[SELECT] Node: 'select'
          \-[IDENT] Node: 'generatedAlias0'

[DEBUG] 2023-02-11 13:43:43.766 [http-nio-8080-exec-10] HqlSqlBaseWalker - select << begin [level=1, statement=select]
[DEBUG] 2023-02-11 13:43:43.810 [http-nio-8080-exec-10] FromElement - FromClause{level=1} : questie.entity.User (generatedAlias0) -> user0_
[DEBUG] 2023-02-11 13:43:43.810 [http-nio-8080-exec-10] FromReferenceNode - Resolved : generatedAlias0 -> user0_.id
[DEBUG] 2023-02-11 13:43:43.815 [http-nio-8080-exec-10] HqlSqlBaseWalker - select : finishing up [level=1, statement=select]
[DEBUG] 2023-02-11 13:43:43.815 [http-nio-8080-exec-10] HqlSqlWalker - processQuery() :  ( SELECT ( {select clause} user0_.id ) ( FromClause{level=1} User user0_ ) )
[DEBUG] 2023-02-11 13:43:43.841 [http-nio-8080-exec-10] JoinProcessor - Using FROM fragment [User user0_]
[DEBUG] 2023-02-11 13:43:43.841 [http-nio-8080-exec-10] HqlSqlBaseWalker - select >> end [level=1, statement=select]
[DEBUG] 2023-02-11 13:43:43.842 [http-nio-8080-exec-10] QueryTranslatorImpl - --- SQL AST ---
 \-[SELECT] QueryNode: 'SELECT'  querySpaces (User)
    +-[SELECT_CLAUSE] SelectClause: '{select clause}'
    |  +-[ALIAS_REF] IdentNode: 'user0_.id as id1_1_' {alias=generatedAlias0, className=questie.entity.User, tableAlias=user0_}
    |  \-[SQL_TOKEN] SqlFragment: 'user0_.first_name as first_na2_1_, user0_.gamertag as gamertag3_1_, user0_.last_name as last_nam4_1_'
    \-[FROM] FromClause: 'from' FromClause{level=1, fromElementCounter=1, fromElements=1, fromElementByClassAlias=[generatedAlias0], fromElementByTableAlias=[user0_], fromElementsByPath=[], collectionJoinFromElementsByPath=[], impliedElements=[]}
       \-[FROM_FRAGMENT] FromElement: 'User user0_' FromElement{explicit,not a collection join,not a fetch join,fetch non-lazy properties,classAlias=generatedAlias0,role=null,tableName=User,tableAlias=user0_,origin=null,columns={,className=questie.entity.User}}

[DEBUG] 2023-02-11 13:43:43.842 [http-nio-8080-exec-10] ErrorTracker - throwQueryException() : no errors
[DEBUG] 2023-02-11 13:43:43.852 [http-nio-8080-exec-10] QueryTranslatorImpl - HQL: select generatedAlias0 from questie.entity.User as generatedAlias0
[DEBUG] 2023-02-11 13:43:43.852 [http-nio-8080-exec-10] QueryTranslatorImpl - SQL: select user0_.id as id1_1_, user0_.first_name as first_na2_1_, user0_.gamertag as gamertag3_1_, user0_.last_name as last_nam4_1_ from User user0_
[DEBUG] 2023-02-11 13:43:43.852 [http-nio-8080-exec-10] ErrorTracker - throwQueryException() : no errors
[DEBUG] 2023-02-11 13:43:43.872 [http-nio-8080-exec-10] SQL - select user0_.id as id1_1_, user0_.first_name as first_na2_1_, user0_.gamertag as gamertag3_1_, user0_.last_name as last_nam4_1_ from User user0_
[DEBUG] 2023-02-11 13:43:43.898 [http-nio-8080-exec-10] Loader - Result set row: 0
[DEBUG] 2023-02-11 13:43:43.905 [http-nio-8080-exec-10] Loader - Result row: EntityKey[questie.entity.User#1]
[DEBUG] 2023-02-11 13:43:43.916 [http-nio-8080-exec-10] TwoPhaseLoad - Resolving attributes for [questie.entity.User#1]
[DEBUG] 2023-02-11 13:43:43.917 [http-nio-8080-exec-10] TwoPhaseLoad - Processing attribute `firstName` : value = Lana
[DEBUG] 2023-02-11 13:43:43.917 [http-nio-8080-exec-10] TwoPhaseLoad - Attribute (`firstName`)  - enhanced for lazy-loading? - false
[DEBUG] 2023-02-11 13:43:43.917 [http-nio-8080-exec-10] TwoPhaseLoad - Processing attribute `gamertag` : value = superlana
[DEBUG] 2023-02-11 13:43:43.917 [http-nio-8080-exec-10] TwoPhaseLoad - Attribute (`gamertag`)  - enhanced for lazy-loading? - false
[DEBUG] 2023-02-11 13:43:43.917 [http-nio-8080-exec-10] TwoPhaseLoad - Processing attribute `lastName` : value = Bryan
[DEBUG] 2023-02-11 13:43:43.917 [http-nio-8080-exec-10] TwoPhaseLoad - Attribute (`lastName`)  - enhanced for lazy-loading? - false
[DEBUG] 2023-02-11 13:43:43.918 [http-nio-8080-exec-10] TwoPhaseLoad - Done materializing entity [questie.entity.User#1]
[DEBUG] 2023-02-11 13:43:43.921 [http-nio-8080-exec-10] LogicalConnectionManagedImpl - Initiating JDBC connection release from afterTransaction
[DEBUG] 2023-02-11 13:43:48.996 [http-nio-8080-exec-5] CriteriaQueryImpl - Rendered criteria query -> select generatedAlias0 from Quest as generatedAlias0
[DEBUG] 2023-02-11 13:43:48.996 [http-nio-8080-exec-5] QueryTranslatorImpl - parse() - HQL: select generatedAlias0 from questie.entity.Quest as generatedAlias0
[DEBUG] 2023-02-11 13:43:49.006 [http-nio-8080-exec-5] ErrorTracker - throwQueryException() : no errors
[DEBUG] 2023-02-11 13:43:49.007 [http-nio-8080-exec-5] QueryTranslatorImpl - --- HQL AST ---
 \-[QUERY] Node: 'query'
    \-[SELECT_FROM] Node: 'SELECT_FROM'
       +-[FROM] Node: 'from'
       |  \-[RANGE] Node: 'RANGE'
       |     +-[DOT] Node: '.'
       |     |  +-[DOT] Node: '.'
       |     |  |  +-[IDENT] Node: 'questie'
       |     |  |  \-[IDENT] Node: 'entity'
       |     |  \-[IDENT] Node: 'Quest'
       |     \-[ALIAS] Node: 'generatedAlias0'
       \-[SELECT] Node: 'select'
          \-[IDENT] Node: 'generatedAlias0'

[DEBUG] 2023-02-11 13:43:49.007 [http-nio-8080-exec-5] HqlSqlBaseWalker - select << begin [level=1, statement=select]
[DEBUG] 2023-02-11 13:43:49.008 [http-nio-8080-exec-5] FromElement - FromClause{level=1} : questie.entity.Quest (generatedAlias0) -> quest0_
[DEBUG] 2023-02-11 13:43:49.008 [http-nio-8080-exec-5] FromReferenceNode - Resolved : generatedAlias0 -> quest0_.quest_id
[DEBUG] 2023-02-11 13:43:49.008 [http-nio-8080-exec-5] HqlSqlBaseWalker - select : finishing up [level=1, statement=select]
[DEBUG] 2023-02-11 13:43:49.009 [http-nio-8080-exec-5] HqlSqlWalker - processQuery() :  ( SELECT ( {select clause} quest0_.quest_id ) ( FromClause{level=1} Quest quest0_ ) )
[DEBUG] 2023-02-11 13:43:49.010 [http-nio-8080-exec-5] JoinProcessor - Using FROM fragment [Quest quest0_]
[DEBUG] 2023-02-11 13:43:49.012 [http-nio-8080-exec-5] HqlSqlBaseWalker - select >> end [level=1, statement=select]
[DEBUG] 2023-02-11 13:43:49.012 [http-nio-8080-exec-5] QueryTranslatorImpl - --- SQL AST ---
 \-[SELECT] QueryNode: 'SELECT'  querySpaces (Quest)
    +-[SELECT_CLAUSE] SelectClause: '{select clause}'
    |  +-[ALIAS_REF] IdentNode: 'quest0_.quest_id as quest_id1_0_' {alias=generatedAlias0, className=questie.entity.Quest, tableAlias=quest0_}
    |  \-[SQL_TOKEN] SqlFragment: 'quest0_.quest_area as quest_ar2_0_, quest0_.quest_level_requirement as quest_le3_0_, quest0_.quest_name as quest_na4_0_, quest0_.quest_reward as quest_re5_0_, quest0_.quest_xp as quest_xp6_0_'
    \-[FROM] FromClause: 'from' FromClause{level=1, fromElementCounter=1, fromElements=1, fromElementByClassAlias=[generatedAlias0], fromElementByTableAlias=[quest0_], fromElementsByPath=[], collectionJoinFromElementsByPath=[], impliedElements=[]}
       \-[FROM_FRAGMENT] FromElement: 'Quest quest0_' FromElement{explicit,not a collection join,not a fetch join,fetch non-lazy properties,classAlias=generatedAlias0,role=null,tableName=Quest,tableAlias=quest0_,origin=null,columns={,className=questie.entity.Quest}}

[DEBUG] 2023-02-11 13:43:49.012 [http-nio-8080-exec-5] ErrorTracker - throwQueryException() : no errors
[DEBUG] 2023-02-11 13:43:49.012 [http-nio-8080-exec-5] QueryTranslatorImpl - HQL: select generatedAlias0 from questie.entity.Quest as generatedAlias0
[DEBUG] 2023-02-11 13:43:49.012 [http-nio-8080-exec-5] QueryTranslatorImpl - SQL: select quest0_.quest_id as quest_id1_0_, quest0_.quest_area as quest_ar2_0_, quest0_.quest_level_requirement as quest_le3_0_, quest0_.quest_name as quest_na4_0_, quest0_.quest_reward as quest_re5_0_, quest0_.quest_xp as quest_xp6_0_ from Quest quest0_
[DEBUG] 2023-02-11 13:43:49.012 [http-nio-8080-exec-5] ErrorTracker - throwQueryException() : no errors
[DEBUG] 2023-02-11 13:43:49.013 [http-nio-8080-exec-5] SQL - select quest0_.quest_id as quest_id1_0_, quest0_.quest_area as quest_ar2_0_, quest0_.quest_level_requirement as quest_le3_0_, quest0_.quest_name as quest_na4_0_, quest0_.quest_reward as quest_re5_0_, quest0_.quest_xp as quest_xp6_0_ from Quest quest0_
[DEBUG] 2023-02-11 13:43:49.023 [http-nio-8080-exec-5] Loader - Result set row: 0
[DEBUG] 2023-02-11 13:43:49.024 [http-nio-8080-exec-5] Loader - Result row: EntityKey[questie.entity.Quest#1]
[DEBUG] 2023-02-11 13:43:49.024 [http-nio-8080-exec-5] TwoPhaseLoad - Resolving attributes for [questie.entity.Quest#1]
[DEBUG] 2023-02-11 13:43:49.024 [http-nio-8080-exec-5] TwoPhaseLoad - Processing attribute `quest_area` : value = Stranglethorn Vale
[DEBUG] 2023-02-11 13:43:49.024 [http-nio-8080-exec-5] TwoPhaseLoad - Attribute (`quest_area`)  - enhanced for lazy-loading? - false
[DEBUG] 2023-02-11 13:43:49.024 [http-nio-8080-exec-5] TwoPhaseLoad - Processing attribute `quest_level_requirement` : value = 37
[DEBUG] 2023-02-11 13:43:49.024 [http-nio-8080-exec-5] TwoPhaseLoad - Attribute (`quest_level_requirement`)  - enhanced for lazy-loading? - false
[DEBUG] 2023-02-11 13:43:49.024 [http-nio-8080-exec-5] TwoPhaseLoad - Processing attribute `quest_name` : value = Get Bananas
[DEBUG] 2023-02-11 13:43:49.024 [http-nio-8080-exec-5] TwoPhaseLoad - Attribute (`quest_name`)  - enhanced for lazy-loading? - false
[DEBUG] 2023-02-11 13:43:49.024 [http-nio-8080-exec-5] TwoPhaseLoad - Processing attribute `quest_reward` : value = Banana Bread Recipe
[DEBUG] 2023-02-11 13:43:49.024 [http-nio-8080-exec-5] TwoPhaseLoad - Attribute (`quest_reward`)  - enhanced for lazy-loading? - false
[DEBUG] 2023-02-11 13:43:49.024 [http-nio-8080-exec-5] TwoPhaseLoad - Processing attribute `quest_xp` : value = 6300
[DEBUG] 2023-02-11 13:43:49.024 [http-nio-8080-exec-5] TwoPhaseLoad - Attribute (`quest_xp`)  - enhanced for lazy-loading? - false
[DEBUG] 2023-02-11 13:43:49.026 [http-nio-8080-exec-5] TwoPhaseLoad - Done materializing entity [questie.entity.Quest#1]
[DEBUG] 2023-02-11 13:43:49.026 [http-nio-8080-exec-5] LogicalConnectionManagedImpl - Initiating JDBC connection release from afterTransaction
